[2.477s] Invoking command in '/home/vincent-pc/ros2_ws/src/build/examples_rclpy_minimal_client': PYTHONPATH=/home/vincent-pc/ros2_ws/src/build/examples_rclpy_minimal_client/prefix_override:/usr/lib/python3/dist-packages/colcon_core/task/python/colcon_distutils_commands:/home/vincent-pc/ros2_ws/src/install/examples_rclpy_minimal_client/lib/python3.8/site-packages:${PYTHONPATH} /usr/bin/python3 -W ignore:setup.py install is deprecated setup.py develop --editable --build-directory /home/vincent-pc/ros2_ws/src/build/examples_rclpy_minimal_client/build --no-deps symlink_data
[3.022s] running develop
[3.287s] running egg_info
[3.287s] creating examples_rclpy_minimal_client.egg-info
[3.288s] writing examples_rclpy_minimal_client.egg-info/PKG-INFO
[3.300s] writing dependency_links to examples_rclpy_minimal_client.egg-info/dependency_links.txt
[3.302s] writing entry points to examples_rclpy_minimal_client.egg-info/entry_points.txt
[3.302s] writing requirements to examples_rclpy_minimal_client.egg-info/requires.txt
[3.302s] writing top-level names to examples_rclpy_minimal_client.egg-info/top_level.txt
[3.302s] writing manifest file 'examples_rclpy_minimal_client.egg-info/SOURCES.txt'
[3.355s] reading manifest file 'examples_rclpy_minimal_client.egg-info/SOURCES.txt'
[3.357s] writing manifest file 'examples_rclpy_minimal_client.egg-info/SOURCES.txt'
[3.433s] running build_ext
[3.433s] Creating /home/vincent-pc/ros2_ws/src/install/examples_rclpy_minimal_client/lib/python3.8/site-packages/site.py
[3.437s] Creating /home/vincent-pc/ros2_ws/src/install/examples_rclpy_minimal_client/lib/python3.8/site-packages/examples-rclpy-minimal-client.egg-link (link to .)
[3.438s] Installing client script to /home/vincent-pc/ros2_ws/src/install/examples_rclpy_minimal_client/lib/examples_rclpy_minimal_client
[3.439s] Installing client_async script to /home/vincent-pc/ros2_ws/src/install/examples_rclpy_minimal_client/lib/examples_rclpy_minimal_client
[3.440s] Installing client_async_callback script to /home/vincent-pc/ros2_ws/src/install/examples_rclpy_minimal_client/lib/examples_rclpy_minimal_client
[3.440s] Installing client_async_member_function script to /home/vincent-pc/ros2_ws/src/install/examples_rclpy_minimal_client/lib/examples_rclpy_minimal_client
[3.440s] 
[3.440s] Installed /home/vincent-pc/ros2_ws/src/build/examples_rclpy_minimal_client
[3.440s] running symlink_data
[3.441s] creating /home/vincent-pc/ros2_ws/src/install/examples_rclpy_minimal_client/share/ament_index
[3.441s] creating /home/vincent-pc/ros2_ws/src/install/examples_rclpy_minimal_client/share/ament_index/resource_index
[3.441s] creating /home/vincent-pc/ros2_ws/src/install/examples_rclpy_minimal_client/share/ament_index/resource_index/packages
[3.441s] symbolically linking /home/vincent-pc/ros2_ws/src/build/examples_rclpy_minimal_client/resource/examples_rclpy_minimal_client -> /home/vincent-pc/ros2_ws/src/install/examples_rclpy_minimal_client/share/ament_index/resource_index/packages
[3.441s] symbolically linking /home/vincent-pc/ros2_ws/src/build/examples_rclpy_minimal_client/package.xml -> /home/vincent-pc/ros2_ws/src/install/examples_rclpy_minimal_client/share/examples_rclpy_minimal_client
[3.498s] Invoked command in '/home/vincent-pc/ros2_ws/src/build/examples_rclpy_minimal_client' returned '0': PYTHONPATH=/home/vincent-pc/ros2_ws/src/build/examples_rclpy_minimal_client/prefix_override:/usr/lib/python3/dist-packages/colcon_core/task/python/colcon_distutils_commands:/home/vincent-pc/ros2_ws/src/install/examples_rclpy_minimal_client/lib/python3.8/site-packages:${PYTHONPATH} /usr/bin/python3 -W ignore:setup.py install is deprecated setup.py develop --editable --build-directory /home/vincent-pc/ros2_ws/src/build/examples_rclpy_minimal_client/build --no-deps symlink_data
