[0.534s] Invoking command in '/home/vincent-pc/ros2_ws/src/my_package_Py': PYTHONPATH=/home/vincent-pc/ros2_ws/build/my_package_Py/prefix_override:/usr/lib/python3/dist-packages/colcon_core/task/python/colcon_distutils_commands:/home/vincent-pc/ros2_ws/install/my_package_Py/lib/python3.8/site-packages:${PYTHONPATH} /usr/bin/python3 -W ignore:setup.py install is deprecated setup.py egg_info --egg-base ../../build/my_package_Py build --build-base /home/vincent-pc/ros2_ws/build/my_package_Py/build install --record /home/vincent-pc/ros2_ws/build/my_package_Py/install.log --install-scripts $base/lib/my_package_Py --single-version-externally-managed install_data
[0.700s] running egg_info
[0.701s] writing ../../build/my_package_Py/my_package_Py.egg-info/PKG-INFO
[0.701s] writing dependency_links to ../../build/my_package_Py/my_package_Py.egg-info/dependency_links.txt
[0.701s] writing entry points to ../../build/my_package_Py/my_package_Py.egg-info/entry_points.txt
[0.702s] writing requirements to ../../build/my_package_Py/my_package_Py.egg-info/requires.txt
[0.702s] writing top-level names to ../../build/my_package_Py/my_package_Py.egg-info/top_level.txt
[0.729s] reading manifest file '../../build/my_package_Py/my_package_Py.egg-info/SOURCES.txt'
[0.730s] writing manifest file '../../build/my_package_Py/my_package_Py.egg-info/SOURCES.txt'
[0.730s] running build
[0.730s] running build_py
[0.731s] running install
[0.732s] running install_lib
[0.734s] running install_data
[0.734s] running install_egg_info
[0.735s] removing '/home/vincent-pc/ros2_ws/install/my_package_Py/lib/python3.8/site-packages/my_package_Py-0.0.0-py3.8.egg-info' (and everything under it)
[0.736s] Copying ../../build/my_package_Py/my_package_Py.egg-info to /home/vincent-pc/ros2_ws/install/my_package_Py/lib/python3.8/site-packages/my_package_Py-0.0.0-py3.8.egg-info
[0.736s] running install_scripts
[0.750s] Installing my_node script to /home/vincent-pc/ros2_ws/install/my_package_Py/lib/my_package_Py
[0.751s] writing list of installed files to '/home/vincent-pc/ros2_ws/build/my_package_Py/install.log'
[0.769s] Invoked command in '/home/vincent-pc/ros2_ws/src/my_package_Py' returned '0': PYTHONPATH=/home/vincent-pc/ros2_ws/build/my_package_Py/prefix_override:/usr/lib/python3/dist-packages/colcon_core/task/python/colcon_distutils_commands:/home/vincent-pc/ros2_ws/install/my_package_Py/lib/python3.8/site-packages:${PYTHONPATH} /usr/bin/python3 -W ignore:setup.py install is deprecated setup.py egg_info --egg-base ../../build/my_package_Py build --build-base /home/vincent-pc/ros2_ws/build/my_package_Py/build install --record /home/vincent-pc/ros2_ws/build/my_package_Py/install.log --install-scripts $base/lib/my_package_Py --single-version-externally-managed install_data
