[1.723s] Invoking command in '/home/vincent-pc/ros2_ws/src/build/examples_rclpy_minimal_action_server': PYTHONPATH=/home/vincent-pc/ros2_ws/src/build/examples_rclpy_minimal_action_server/prefix_override:/usr/lib/python3/dist-packages/colcon_core/task/python/colcon_distutils_commands:/home/vincent-pc/ros2_ws/src/install/examples_rclpy_minimal_action_server/lib/python3.8/site-packages:${PYTHONPATH} /usr/bin/python3 -W ignore:setup.py install is deprecated setup.py develop --editable --build-directory /home/vincent-pc/ros2_ws/src/build/examples_rclpy_minimal_action_server/build --no-deps symlink_data
[2.366s] running develop
[2.760s] running egg_info
[2.761s] creating examples_rclpy_minimal_action_server.egg-info
[2.761s] writing examples_rclpy_minimal_action_server.egg-info/PKG-INFO
[2.762s] writing dependency_links to examples_rclpy_minimal_action_server.egg-info/dependency_links.txt
[2.762s] writing entry points to examples_rclpy_minimal_action_server.egg-info/entry_points.txt
[2.762s] writing requirements to examples_rclpy_minimal_action_server.egg-info/requires.txt
[2.762s] writing top-level names to examples_rclpy_minimal_action_server.egg-info/top_level.txt
[2.766s] writing manifest file 'examples_rclpy_minimal_action_server.egg-info/SOURCES.txt'
[2.839s] reading manifest file 'examples_rclpy_minimal_action_server.egg-info/SOURCES.txt'
[2.840s] writing manifest file 'examples_rclpy_minimal_action_server.egg-info/SOURCES.txt'
[2.893s] running build_ext
[2.894s] Creating /home/vincent-pc/ros2_ws/src/install/examples_rclpy_minimal_action_server/lib/python3.8/site-packages/site.py
[2.896s] Creating /home/vincent-pc/ros2_ws/src/install/examples_rclpy_minimal_action_server/lib/python3.8/site-packages/examples-rclpy-minimal-action-server.egg-link (link to .)
[2.897s] Installing server script to /home/vincent-pc/ros2_ws/src/install/examples_rclpy_minimal_action_server/lib/examples_rclpy_minimal_action_server
[2.898s] Installing server_defer script to /home/vincent-pc/ros2_ws/src/install/examples_rclpy_minimal_action_server/lib/examples_rclpy_minimal_action_server
[2.898s] Installing server_not_composable script to /home/vincent-pc/ros2_ws/src/install/examples_rclpy_minimal_action_server/lib/examples_rclpy_minimal_action_server
[2.898s] Installing server_queue_goals script to /home/vincent-pc/ros2_ws/src/install/examples_rclpy_minimal_action_server/lib/examples_rclpy_minimal_action_server
[2.898s] Installing server_single_goal script to /home/vincent-pc/ros2_ws/src/install/examples_rclpy_minimal_action_server/lib/examples_rclpy_minimal_action_server
[2.898s] 
[2.899s] Installed /home/vincent-pc/ros2_ws/src/build/examples_rclpy_minimal_action_server
[2.899s] running symlink_data
[2.899s] creating /home/vincent-pc/ros2_ws/src/install/examples_rclpy_minimal_action_server/share/ament_index
[2.899s] creating /home/vincent-pc/ros2_ws/src/install/examples_rclpy_minimal_action_server/share/ament_index/resource_index
[2.899s] creating /home/vincent-pc/ros2_ws/src/install/examples_rclpy_minimal_action_server/share/ament_index/resource_index/packages
[2.899s] symbolically linking /home/vincent-pc/ros2_ws/src/build/examples_rclpy_minimal_action_server/resource/examples_rclpy_minimal_action_server -> /home/vincent-pc/ros2_ws/src/install/examples_rclpy_minimal_action_server/share/ament_index/resource_index/packages
[2.900s] symbolically linking /home/vincent-pc/ros2_ws/src/build/examples_rclpy_minimal_action_server/package.xml -> /home/vincent-pc/ros2_ws/src/install/examples_rclpy_minimal_action_server/share/examples_rclpy_minimal_action_server
[2.985s] Invoked command in '/home/vincent-pc/ros2_ws/src/build/examples_rclpy_minimal_action_server' returned '0': PYTHONPATH=/home/vincent-pc/ros2_ws/src/build/examples_rclpy_minimal_action_server/prefix_override:/usr/lib/python3/dist-packages/colcon_core/task/python/colcon_distutils_commands:/home/vincent-pc/ros2_ws/src/install/examples_rclpy_minimal_action_server/lib/python3.8/site-packages:${PYTHONPATH} /usr/bin/python3 -W ignore:setup.py install is deprecated setup.py develop --editable --build-directory /home/vincent-pc/ros2_ws/src/build/examples_rclpy_minimal_action_server/build --no-deps symlink_data
