[1.661s] Invoking command in '/home/vincent-pc/ros2_ws/build/examples_rclpy_minimal_action_server': PYTHONPATH=/home/vincent-pc/ros2_ws/build/examples_rclpy_minimal_action_server/prefix_override:/usr/lib/python3/dist-packages/colcon_core/task/python/colcon_distutils_commands:/home/vincent-pc/ros2_ws/install/examples_rclpy_minimal_action_server/lib/python3.8/site-packages:${PYTHONPATH} /usr/bin/python3 -W ignore:setup.py install is deprecated setup.py develop --uninstall --editable --build-directory /home/vincent-pc/ros2_ws/build/examples_rclpy_minimal_action_server/build
[2.062s] running develop
[2.296s] Removing /home/vincent-pc/ros2_ws/install/examples_rclpy_minimal_action_server/lib/python3.8/site-packages/examples-rclpy-minimal-action-server.egg-link (link to .)
[2.371s] Invoked command in '/home/vincent-pc/ros2_ws/build/examples_rclpy_minimal_action_server' returned '0': PYTHONPATH=/home/vincent-pc/ros2_ws/build/examples_rclpy_minimal_action_server/prefix_override:/usr/lib/python3/dist-packages/colcon_core/task/python/colcon_distutils_commands:/home/vincent-pc/ros2_ws/install/examples_rclpy_minimal_action_server/lib/python3.8/site-packages:${PYTHONPATH} /usr/bin/python3 -W ignore:setup.py install is deprecated setup.py develop --uninstall --editable --build-directory /home/vincent-pc/ros2_ws/build/examples_rclpy_minimal_action_server/build
[2.375s] Invoking command in '/home/vincent-pc/ros2_ws/src/src/examples/rclpy/actions/minimal_action_server': PYTHONPATH=/home/vincent-pc/ros2_ws/build/examples_rclpy_minimal_action_server/prefix_override:/usr/lib/python3/dist-packages/colcon_core/task/python/colcon_distutils_commands:/home/vincent-pc/ros2_ws/install/examples_rclpy_minimal_action_server/lib/python3.8/site-packages:${PYTHONPATH} /usr/bin/python3 -W ignore:setup.py install is deprecated setup.py egg_info --egg-base ../../../../../../build/examples_rclpy_minimal_action_server build --build-base /home/vincent-pc/ros2_ws/build/examples_rclpy_minimal_action_server/build install --record /home/vincent-pc/ros2_ws/build/examples_rclpy_minimal_action_server/install.log --install-scripts $base/lib/examples_rclpy_minimal_action_server --single-version-externally-managed install_data --force
[2.741s] running egg_info
[2.742s] writing ../../../../../../build/examples_rclpy_minimal_action_server/examples_rclpy_minimal_action_server.egg-info/PKG-INFO
[2.743s] writing dependency_links to ../../../../../../build/examples_rclpy_minimal_action_server/examples_rclpy_minimal_action_server.egg-info/dependency_links.txt
[2.743s] writing entry points to ../../../../../../build/examples_rclpy_minimal_action_server/examples_rclpy_minimal_action_server.egg-info/entry_points.txt
[2.743s] writing requirements to ../../../../../../build/examples_rclpy_minimal_action_server/examples_rclpy_minimal_action_server.egg-info/requires.txt
[2.743s] writing top-level names to ../../../../../../build/examples_rclpy_minimal_action_server/examples_rclpy_minimal_action_server.egg-info/top_level.txt
[2.801s] reading manifest file '../../../../../../build/examples_rclpy_minimal_action_server/examples_rclpy_minimal_action_server.egg-info/SOURCES.txt'
[2.803s] writing manifest file '../../../../../../build/examples_rclpy_minimal_action_server/examples_rclpy_minimal_action_server.egg-info/SOURCES.txt'
[2.803s] running build
[2.803s] running build_py
[2.804s] creating /home/vincent-pc/ros2_ws/build/examples_rclpy_minimal_action_server/build
[2.804s] creating /home/vincent-pc/ros2_ws/build/examples_rclpy_minimal_action_server/build/lib
[2.804s] creating /home/vincent-pc/ros2_ws/build/examples_rclpy_minimal_action_server/build/lib/examples_rclpy_minimal_action_server
[2.804s] copying examples_rclpy_minimal_action_server/server_defer.py -> /home/vincent-pc/ros2_ws/build/examples_rclpy_minimal_action_server/build/lib/examples_rclpy_minimal_action_server
[2.804s] copying examples_rclpy_minimal_action_server/server_not_composable.py -> /home/vincent-pc/ros2_ws/build/examples_rclpy_minimal_action_server/build/lib/examples_rclpy_minimal_action_server
[2.804s] copying examples_rclpy_minimal_action_server/__init__.py -> /home/vincent-pc/ros2_ws/build/examples_rclpy_minimal_action_server/build/lib/examples_rclpy_minimal_action_server
[2.804s] copying examples_rclpy_minimal_action_server/server_single_goal.py -> /home/vincent-pc/ros2_ws/build/examples_rclpy_minimal_action_server/build/lib/examples_rclpy_minimal_action_server
[2.805s] copying examples_rclpy_minimal_action_server/server_queue_goals.py -> /home/vincent-pc/ros2_ws/build/examples_rclpy_minimal_action_server/build/lib/examples_rclpy_minimal_action_server
[2.805s] copying examples_rclpy_minimal_action_server/server.py -> /home/vincent-pc/ros2_ws/build/examples_rclpy_minimal_action_server/build/lib/examples_rclpy_minimal_action_server
[2.805s] running install
[2.807s] running install_lib
[2.808s] creating /home/vincent-pc/ros2_ws/install/examples_rclpy_minimal_action_server/lib/python3.8/site-packages/examples_rclpy_minimal_action_server
[2.809s] copying /home/vincent-pc/ros2_ws/build/examples_rclpy_minimal_action_server/build/lib/examples_rclpy_minimal_action_server/server_defer.py -> /home/vincent-pc/ros2_ws/install/examples_rclpy_minimal_action_server/lib/python3.8/site-packages/examples_rclpy_minimal_action_server
[2.809s] copying /home/vincent-pc/ros2_ws/build/examples_rclpy_minimal_action_server/build/lib/examples_rclpy_minimal_action_server/server_not_composable.py -> /home/vincent-pc/ros2_ws/install/examples_rclpy_minimal_action_server/lib/python3.8/site-packages/examples_rclpy_minimal_action_server
[2.809s] copying /home/vincent-pc/ros2_ws/build/examples_rclpy_minimal_action_server/build/lib/examples_rclpy_minimal_action_server/__init__.py -> /home/vincent-pc/ros2_ws/install/examples_rclpy_minimal_action_server/lib/python3.8/site-packages/examples_rclpy_minimal_action_server
[2.809s] copying /home/vincent-pc/ros2_ws/build/examples_rclpy_minimal_action_server/build/lib/examples_rclpy_minimal_action_server/server_single_goal.py -> /home/vincent-pc/ros2_ws/install/examples_rclpy_minimal_action_server/lib/python3.8/site-packages/examples_rclpy_minimal_action_server
[2.809s] copying /home/vincent-pc/ros2_ws/build/examples_rclpy_minimal_action_server/build/lib/examples_rclpy_minimal_action_server/server_queue_goals.py -> /home/vincent-pc/ros2_ws/install/examples_rclpy_minimal_action_server/lib/python3.8/site-packages/examples_rclpy_minimal_action_server
[2.809s] copying /home/vincent-pc/ros2_ws/build/examples_rclpy_minimal_action_server/build/lib/examples_rclpy_minimal_action_server/server.py -> /home/vincent-pc/ros2_ws/install/examples_rclpy_minimal_action_server/lib/python3.8/site-packages/examples_rclpy_minimal_action_server
[2.810s] byte-compiling /home/vincent-pc/ros2_ws/install/examples_rclpy_minimal_action_server/lib/python3.8/site-packages/examples_rclpy_minimal_action_server/server_defer.py to server_defer.cpython-38.pyc
[2.813s] byte-compiling /home/vincent-pc/ros2_ws/install/examples_rclpy_minimal_action_server/lib/python3.8/site-packages/examples_rclpy_minimal_action_server/server_not_composable.py to server_not_composable.cpython-38.pyc
[2.814s] byte-compiling /home/vincent-pc/ros2_ws/install/examples_rclpy_minimal_action_server/lib/python3.8/site-packages/examples_rclpy_minimal_action_server/__init__.py to __init__.cpython-38.pyc
[2.814s] byte-compiling /home/vincent-pc/ros2_ws/install/examples_rclpy_minimal_action_server/lib/python3.8/site-packages/examples_rclpy_minimal_action_server/server_single_goal.py to server_single_goal.cpython-38.pyc
[2.816s] byte-compiling /home/vincent-pc/ros2_ws/install/examples_rclpy_minimal_action_server/lib/python3.8/site-packages/examples_rclpy_minimal_action_server/server_queue_goals.py to server_queue_goals.cpython-38.pyc
[2.817s] byte-compiling /home/vincent-pc/ros2_ws/install/examples_rclpy_minimal_action_server/lib/python3.8/site-packages/examples_rclpy_minimal_action_server/server.py to server.cpython-38.pyc
[2.818s] running install_data
[2.818s] copying resource/examples_rclpy_minimal_action_server -> /home/vincent-pc/ros2_ws/install/examples_rclpy_minimal_action_server/share/ament_index/resource_index/packages
[2.819s] copying package.xml -> /home/vincent-pc/ros2_ws/install/examples_rclpy_minimal_action_server/share/examples_rclpy_minimal_action_server
[2.820s] running install_egg_info
[2.823s] Copying ../../../../../../build/examples_rclpy_minimal_action_server/examples_rclpy_minimal_action_server.egg-info to /home/vincent-pc/ros2_ws/install/examples_rclpy_minimal_action_server/lib/python3.8/site-packages/examples_rclpy_minimal_action_server-0.9.4-py3.8.egg-info
[2.824s] running install_scripts
[2.856s] Installing server script to /home/vincent-pc/ros2_ws/install/examples_rclpy_minimal_action_server/lib/examples_rclpy_minimal_action_server
[2.857s] Installing server_defer script to /home/vincent-pc/ros2_ws/install/examples_rclpy_minimal_action_server/lib/examples_rclpy_minimal_action_server
[2.857s] Installing server_not_composable script to /home/vincent-pc/ros2_ws/install/examples_rclpy_minimal_action_server/lib/examples_rclpy_minimal_action_server
[2.858s] Installing server_queue_goals script to /home/vincent-pc/ros2_ws/install/examples_rclpy_minimal_action_server/lib/examples_rclpy_minimal_action_server
[2.858s] Installing server_single_goal script to /home/vincent-pc/ros2_ws/install/examples_rclpy_minimal_action_server/lib/examples_rclpy_minimal_action_server
[2.858s] writing list of installed files to '/home/vincent-pc/ros2_ws/build/examples_rclpy_minimal_action_server/install.log'
[2.905s] Invoked command in '/home/vincent-pc/ros2_ws/src/src/examples/rclpy/actions/minimal_action_server' returned '0': PYTHONPATH=/home/vincent-pc/ros2_ws/build/examples_rclpy_minimal_action_server/prefix_override:/usr/lib/python3/dist-packages/colcon_core/task/python/colcon_distutils_commands:/home/vincent-pc/ros2_ws/install/examples_rclpy_minimal_action_server/lib/python3.8/site-packages:${PYTHONPATH} /usr/bin/python3 -W ignore:setup.py install is deprecated setup.py egg_info --egg-base ../../../../../../build/examples_rclpy_minimal_action_server build --build-base /home/vincent-pc/ros2_ws/build/examples_rclpy_minimal_action_server/build install --record /home/vincent-pc/ros2_ws/build/examples_rclpy_minimal_action_server/install.log --install-scripts $base/lib/examples_rclpy_minimal_action_server --single-version-externally-managed install_data --force
