[0.691s] Invoking command in '/home/vincent-pc/ros2_ws/src/py_pubsub': PYTHONPATH=/home/vincent-pc/ros2_ws/build/py_pubsub/prefix_override:/usr/lib/python3/dist-packages/colcon_core/task/python/colcon_distutils_commands:/home/vincent-pc/ros2_ws/install/py_pubsub/lib/python3.8/site-packages:${PYTHONPATH} /usr/bin/python3 -W ignore:setup.py install is deprecated setup.py egg_info --egg-base ../../build/py_pubsub build --build-base /home/vincent-pc/ros2_ws/build/py_pubsub/build install --record /home/vincent-pc/ros2_ws/build/py_pubsub/install.log --install-scripts $base/lib/py_pubsub --single-version-externally-managed install_data
[0.892s] running egg_info
[0.892s] creating ../../build/py_pubsub/py_pubsub.egg-info
[0.892s] writing ../../build/py_pubsub/py_pubsub.egg-info/PKG-INFO
[0.892s] writing dependency_links to ../../build/py_pubsub/py_pubsub.egg-info/dependency_links.txt
[0.892s] writing entry points to ../../build/py_pubsub/py_pubsub.egg-info/entry_points.txt
[0.893s] writing requirements to ../../build/py_pubsub/py_pubsub.egg-info/requires.txt
[0.893s] writing top-level names to ../../build/py_pubsub/py_pubsub.egg-info/top_level.txt
[0.895s] writing manifest file '../../build/py_pubsub/py_pubsub.egg-info/SOURCES.txt'
[0.928s] reading manifest file '../../build/py_pubsub/py_pubsub.egg-info/SOURCES.txt'
[0.929s] writing manifest file '../../build/py_pubsub/py_pubsub.egg-info/SOURCES.txt'
[0.930s] running build
[0.930s] running build_py
[0.930s] creating /home/vincent-pc/ros2_ws/build/py_pubsub/build
[0.930s] creating /home/vincent-pc/ros2_ws/build/py_pubsub/build/lib
[0.930s] creating /home/vincent-pc/ros2_ws/build/py_pubsub/build/lib/py_pubsub
[0.930s] copying py_pubsub/publisher_member_function.py -> /home/vincent-pc/ros2_ws/build/py_pubsub/build/lib/py_pubsub
[0.930s] copying py_pubsub/__init__.py -> /home/vincent-pc/ros2_ws/build/py_pubsub/build/lib/py_pubsub
[0.930s] copying py_pubsub/subscriber_member_function.py -> /home/vincent-pc/ros2_ws/build/py_pubsub/build/lib/py_pubsub
[0.931s] running install
[0.932s] running install_lib
[0.933s] creating /home/vincent-pc/ros2_ws/install/py_pubsub/lib/python3.8/site-packages/py_pubsub
[0.933s] copying /home/vincent-pc/ros2_ws/build/py_pubsub/build/lib/py_pubsub/publisher_member_function.py -> /home/vincent-pc/ros2_ws/install/py_pubsub/lib/python3.8/site-packages/py_pubsub
[0.933s] copying /home/vincent-pc/ros2_ws/build/py_pubsub/build/lib/py_pubsub/__init__.py -> /home/vincent-pc/ros2_ws/install/py_pubsub/lib/python3.8/site-packages/py_pubsub
[0.933s] copying /home/vincent-pc/ros2_ws/build/py_pubsub/build/lib/py_pubsub/subscriber_member_function.py -> /home/vincent-pc/ros2_ws/install/py_pubsub/lib/python3.8/site-packages/py_pubsub
[0.933s] byte-compiling /home/vincent-pc/ros2_ws/install/py_pubsub/lib/python3.8/site-packages/py_pubsub/publisher_member_function.py to publisher_member_function.cpython-38.pyc
[0.935s] byte-compiling /home/vincent-pc/ros2_ws/install/py_pubsub/lib/python3.8/site-packages/py_pubsub/__init__.py to __init__.cpython-38.pyc
[0.935s] byte-compiling /home/vincent-pc/ros2_ws/install/py_pubsub/lib/python3.8/site-packages/py_pubsub/subscriber_member_function.py to subscriber_member_function.cpython-38.pyc
[0.935s] running install_data
[0.935s] creating /home/vincent-pc/ros2_ws/install/py_pubsub/share/ament_index
[0.935s] creating /home/vincent-pc/ros2_ws/install/py_pubsub/share/ament_index/resource_index
[0.935s] creating /home/vincent-pc/ros2_ws/install/py_pubsub/share/ament_index/resource_index/packages
[0.935s] copying resource/py_pubsub -> /home/vincent-pc/ros2_ws/install/py_pubsub/share/ament_index/resource_index/packages
[0.935s] copying package.xml -> /home/vincent-pc/ros2_ws/install/py_pubsub/share/py_pubsub
[0.936s] running install_egg_info
[0.937s] Copying ../../build/py_pubsub/py_pubsub.egg-info to /home/vincent-pc/ros2_ws/install/py_pubsub/lib/python3.8/site-packages/py_pubsub-0.0.0-py3.8.egg-info
[0.937s] running install_scripts
[0.953s] Installing listener script to /home/vincent-pc/ros2_ws/install/py_pubsub/lib/py_pubsub
[0.953s] Installing talker script to /home/vincent-pc/ros2_ws/install/py_pubsub/lib/py_pubsub
[0.954s] writing list of installed files to '/home/vincent-pc/ros2_ws/build/py_pubsub/install.log'
[0.974s] Invoked command in '/home/vincent-pc/ros2_ws/src/py_pubsub' returned '0': PYTHONPATH=/home/vincent-pc/ros2_ws/build/py_pubsub/prefix_override:/usr/lib/python3/dist-packages/colcon_core/task/python/colcon_distutils_commands:/home/vincent-pc/ros2_ws/install/py_pubsub/lib/python3.8/site-packages:${PYTHONPATH} /usr/bin/python3 -W ignore:setup.py install is deprecated setup.py egg_info --egg-base ../../build/py_pubsub build --build-base /home/vincent-pc/ros2_ws/build/py_pubsub/build install --record /home/vincent-pc/ros2_ws/build/py_pubsub/install.log --install-scripts $base/lib/py_pubsub --single-version-externally-managed install_data
