[0.081s] Invoking command in '/home/vincent-pc/ros2_ws/src/build/examples_rclcpp_multithreaded_executor': CMAKE_PREFIX_PATH=/opt/ros/foxy /usr/bin/cmake /home/vincent-pc/ros2_ws/src/src/examples/rclcpp/executors/multithreaded_executor -DAMENT_CMAKE_SYMLINK_INSTALL=1 -DCMAKE_INSTALL_PREFIX=/home/vincent-pc/ros2_ws/src/install/examples_rclcpp_multithreaded_executor
[0.631s] -- The C compiler identification is GNU 9.4.0
[0.848s] -- The CXX compiler identification is GNU 9.4.0
[0.886s] -- Check for working C compiler: /usr/bin/cc
[1.391s] -- Check for working C compiler: /usr/bin/cc -- works
[1.394s] -- Detecting C compiler ABI info
[1.877s] -- Detecting C compiler ABI info - done
[1.946s] -- Detecting C compile features
[1.947s] -- Detecting C compile features - done
[1.966s] -- Check for working CXX compiler: /usr/bin/c++
[2.378s] -- Check for working CXX compiler: /usr/bin/c++ -- works
[2.382s] -- Detecting CXX compiler ABI info
[2.646s] -- Detecting CXX compiler ABI info - done
[2.685s] -- Detecting CXX compile features
[2.687s] -- Detecting CXX compile features - done
[2.705s] -- Found ament_cmake: 0.9.12 (/opt/ros/foxy/share/ament_cmake/cmake)
[2.763s] -- Found PythonInterp: /usr/bin/python3 (found suitable version "3.8.10", minimum required is "3") 
[2.764s] -- Using PYTHON_EXECUTABLE: /usr/bin/python3
[3.097s] -- Override CMake install command with custom implementation using symlinks instead of copying resources
[3.182s] -- Found rclcpp: 2.4.3 (/opt/ros/foxy/share/rclcpp/cmake)
[3.339s] -- Using all available rosidl_typesupport_c: rosidl_typesupport_fastrtps_c;rosidl_typesupport_introspection_c
[3.357s] -- Found rosidl_adapter: 1.3.1 (/opt/ros/foxy/share/rosidl_adapter/cmake)
[3.707s] -- Found OpenSSL: /usr/lib/x86_64-linux-gnu/libcrypto.so (found version "1.1.1f")  
[3.762s] -- Found FastRTPS: /opt/ros/foxy/include  
[3.934s] -- Using all available rosidl_typesupport_cpp: rosidl_typesupport_fastrtps_cpp;rosidl_typesupport_introspection_cpp
[4.084s] -- Found rmw_implementation_cmake: 1.0.4 (/opt/ros/foxy/share/rmw_implementation_cmake/cmake)
[4.089s] -- Using RMW implementation 'rmw_fastrtps_cpp' as default
[4.090s] -- Looking for pthread.h
[4.248s] -- Looking for pthread.h - found
[4.249s] -- Performing Test CMAKE_HAVE_LIBC_PTHREAD
[4.385s] -- Performing Test CMAKE_HAVE_LIBC_PTHREAD - Failed
[4.385s] -- Looking for pthread_create in pthreads
[4.510s] -- Looking for pthread_create in pthreads - not found
[4.523s] -- Looking for pthread_create in pthread
[4.661s] -- Looking for pthread_create in pthread - found
[4.661s] -- Found Threads: TRUE  
[5.125s] -- Found ament_lint_auto: 0.9.8 (/opt/ros/foxy/share/ament_lint_auto/cmake)
[5.283s] -- Added test 'copyright' to check source files copyright and LICENSE
[5.286s] -- Added test 'cppcheck' to perform static code analysis on C / C++ code
[5.286s] -- Configured cppcheck include dirs: 
[5.286s] -- Configured cppcheck exclude dirs and/or files: 
[5.289s] -- Added test 'cpplint' to check C / C++ code against the Google style
[5.289s] -- Configured cpplint exclude dirs and/or files: 
[5.304s] -- Added test 'lint_cmake' to check CMake code style
[5.320s] -- Added test 'uncrustify' to check C / C++ code style
[5.320s] -- Configured uncrustify additional arguments: 
[5.322s] -- Added test 'xmllint' to check XML markup files
[5.330s] -- Configuring done
[5.358s] -- Generating done
[5.362s] -- Build files have been written to: /home/vincent-pc/ros2_ws/src/build/examples_rclcpp_multithreaded_executor
[5.572s] Invoked command in '/home/vincent-pc/ros2_ws/src/build/examples_rclcpp_multithreaded_executor' returned '0': CMAKE_PREFIX_PATH=/opt/ros/foxy /usr/bin/cmake /home/vincent-pc/ros2_ws/src/src/examples/rclcpp/executors/multithreaded_executor -DAMENT_CMAKE_SYMLINK_INSTALL=1 -DCMAKE_INSTALL_PREFIX=/home/vincent-pc/ros2_ws/src/install/examples_rclcpp_multithreaded_executor
[5.575s] Invoking command in '/home/vincent-pc/ros2_ws/src/build/examples_rclcpp_multithreaded_executor': CMAKE_PREFIX_PATH=/opt/ros/foxy /usr/bin/cmake --build /home/vincent-pc/ros2_ws/src/build/examples_rclcpp_multithreaded_executor -- -j8 -l8
[5.688s] [35m[1mScanning dependencies of target multithreaded_executor[0m
[5.787s] [ 50%] [32mBuilding CXX object CMakeFiles/multithreaded_executor.dir/multithreaded_executor.cpp.o[0m
[11.891s] [100%] [32m[1mLinking CXX executable multithreaded_executor[0m
[12.144s] [100%] Built target multithreaded_executor
[12.156s] Invoked command in '/home/vincent-pc/ros2_ws/src/build/examples_rclcpp_multithreaded_executor' returned '0': CMAKE_PREFIX_PATH=/opt/ros/foxy /usr/bin/cmake --build /home/vincent-pc/ros2_ws/src/build/examples_rclcpp_multithreaded_executor -- -j8 -l8
[12.179s] Invoking command in '/home/vincent-pc/ros2_ws/src/build/examples_rclcpp_multithreaded_executor': CMAKE_PREFIX_PATH=/opt/ros/foxy /usr/bin/cmake --install /home/vincent-pc/ros2_ws/src/build/examples_rclcpp_multithreaded_executor
[12.188s] -- Install configuration: ""
[12.188s] -- Execute custom install script
[12.189s] -- Symlinking: /home/vincent-pc/ros2_ws/src/install/examples_rclcpp_multithreaded_executor/lib/examples_rclcpp_multithreaded_executor/multithreaded_executor
[12.198s] -- Symlinking: /home/vincent-pc/ros2_ws/src/install/examples_rclcpp_multithreaded_executor/share/ament_index/resource_index/package_run_dependencies/examples_rclcpp_multithreaded_executor
[12.209s] -- Symlinking: /home/vincent-pc/ros2_ws/src/install/examples_rclcpp_multithreaded_executor/share/ament_index/resource_index/parent_prefix_path/examples_rclcpp_multithreaded_executor
[12.218s] -- Symlinking: /home/vincent-pc/ros2_ws/src/install/examples_rclcpp_multithreaded_executor/share/examples_rclcpp_multithreaded_executor/environment/ament_prefix_path.sh
[12.227s] -- Symlinking: /home/vincent-pc/ros2_ws/src/install/examples_rclcpp_multithreaded_executor/share/examples_rclcpp_multithreaded_executor/environment/ament_prefix_path.dsv
[12.235s] -- Symlinking: /home/vincent-pc/ros2_ws/src/install/examples_rclcpp_multithreaded_executor/share/examples_rclcpp_multithreaded_executor/environment/path.sh
[12.244s] -- Symlinking: /home/vincent-pc/ros2_ws/src/install/examples_rclcpp_multithreaded_executor/share/examples_rclcpp_multithreaded_executor/environment/path.dsv
[12.252s] -- Symlinking: /home/vincent-pc/ros2_ws/src/install/examples_rclcpp_multithreaded_executor/share/examples_rclcpp_multithreaded_executor/local_setup.bash
[12.260s] -- Symlinking: /home/vincent-pc/ros2_ws/src/install/examples_rclcpp_multithreaded_executor/share/examples_rclcpp_multithreaded_executor/local_setup.sh
[12.269s] -- Symlinking: /home/vincent-pc/ros2_ws/src/install/examples_rclcpp_multithreaded_executor/share/examples_rclcpp_multithreaded_executor/local_setup.zsh
[12.277s] -- Symlinking: /home/vincent-pc/ros2_ws/src/install/examples_rclcpp_multithreaded_executor/share/examples_rclcpp_multithreaded_executor/local_setup.dsv
[12.285s] -- Symlinking: /home/vincent-pc/ros2_ws/src/install/examples_rclcpp_multithreaded_executor/share/examples_rclcpp_multithreaded_executor/package.dsv
[12.292s] -- Symlinking: /home/vincent-pc/ros2_ws/src/install/examples_rclcpp_multithreaded_executor/share/ament_index/resource_index/packages/examples_rclcpp_multithreaded_executor
[12.301s] -- Symlinking: /home/vincent-pc/ros2_ws/src/install/examples_rclcpp_multithreaded_executor/share/examples_rclcpp_multithreaded_executor/cmake/examples_rclcpp_multithreaded_executorConfig.cmake
[12.310s] -- Symlinking: /home/vincent-pc/ros2_ws/src/install/examples_rclcpp_multithreaded_executor/share/examples_rclcpp_multithreaded_executor/cmake/examples_rclcpp_multithreaded_executorConfig-version.cmake
[12.318s] -- Symlinking: /home/vincent-pc/ros2_ws/src/install/examples_rclcpp_multithreaded_executor/share/examples_rclcpp_multithreaded_executor/package.xml
[12.328s] Invoked command in '/home/vincent-pc/ros2_ws/src/build/examples_rclcpp_multithreaded_executor' returned '0': CMAKE_PREFIX_PATH=/opt/ros/foxy /usr/bin/cmake --install /home/vincent-pc/ros2_ws/src/build/examples_rclcpp_multithreaded_executor
