[0.048s] Invoking command in '/home/vincent-pc/ros2_ws/build/examples_rclcpp_minimal_composition': CMAKE_PREFIX_PATH=/opt/ros/foxy /usr/bin/cmake /home/vincent-pc/ros2_ws/src/src/examples/rclcpp/composition/minimal_composition -DCMAKE_INSTALL_PREFIX=/home/vincent-pc/ros2_ws/install/examples_rclcpp_minimal_composition
[0.117s] -- Found ament_cmake: 0.9.12 (/opt/ros/foxy/share/ament_cmake/cmake)
[0.117s] -- Using PYTHON_EXECUTABLE: /usr/bin/python3
[0.425s] -- Override CMake install command with custom implementation using symlinks instead of copying resources
[0.438s] -- Found rclcpp: 2.4.3 (/opt/ros/foxy/share/rclcpp/cmake)
[0.488s] -- Using all available rosidl_typesupport_c: rosidl_typesupport_fastrtps_c;rosidl_typesupport_introspection_c
[0.503s] -- Found rosidl_adapter: 1.3.1 (/opt/ros/foxy/share/rosidl_adapter/cmake)
[0.660s] -- Using all available rosidl_typesupport_cpp: rosidl_typesupport_fastrtps_cpp;rosidl_typesupport_introspection_cpp
[0.742s] -- Found rmw_implementation_cmake: 1.0.4 (/opt/ros/foxy/share/rmw_implementation_cmake/cmake)
[0.745s] -- Using RMW implementation 'rmw_fastrtps_cpp' as default
[0.987s] -- Found rclcpp_components: 2.4.3 (/opt/ros/foxy/share/rclcpp_components/cmake)
[1.095s] -- Found ament_lint_auto: 0.9.8 (/opt/ros/foxy/share/ament_lint_auto/cmake)
[1.204s] -- Added test 'copyright' to check source files copyright and LICENSE
[1.206s] -- Added test 'cppcheck' to perform static code analysis on C / C++ code
[1.207s] -- Configured cppcheck include dirs: /home/vincent-pc/ros2_ws/src/src/examples/rclcpp/composition/minimal_composition/include
[1.207s] -- Configured cppcheck exclude dirs and/or files: 
[1.208s] -- Added test 'cpplint' to check C / C++ code against the Google style
[1.208s] -- Configured cpplint exclude dirs and/or files: 
[1.209s] -- Added test 'lint_cmake' to check CMake code style
[1.211s] -- Added test 'uncrustify' to check C / C++ code style
[1.211s] -- Configured uncrustify additional arguments: 
[1.211s] -- Added test 'xmllint' to check XML markup files
[1.217s] -- Configuring done
[1.255s] -- Generating done
[1.257s] -- Build files have been written to: /home/vincent-pc/ros2_ws/build/examples_rclcpp_minimal_composition
[1.271s] Invoked command in '/home/vincent-pc/ros2_ws/build/examples_rclcpp_minimal_composition' returned '0': CMAKE_PREFIX_PATH=/opt/ros/foxy /usr/bin/cmake /home/vincent-pc/ros2_ws/src/src/examples/rclcpp/composition/minimal_composition -DCMAKE_INSTALL_PREFIX=/home/vincent-pc/ros2_ws/install/examples_rclcpp_minimal_composition
[1.272s] Invoking command in '/home/vincent-pc/ros2_ws/build/examples_rclcpp_minimal_composition': CMAKE_PREFIX_PATH=/opt/ros/foxy /usr/bin/cmake --build /home/vincent-pc/ros2_ws/build/examples_rclcpp_minimal_composition -- -j8 -l8
[1.401s] [ 33%] Built target composition_nodes
[1.455s] [ 55%] Built target composition_publisher
[1.456s] [ 77%] Built target composition_subscriber
[1.458s] [100%] Built target composition_composed
[1.505s] Invoked command in '/home/vincent-pc/ros2_ws/build/examples_rclcpp_minimal_composition' returned '0': CMAKE_PREFIX_PATH=/opt/ros/foxy /usr/bin/cmake --build /home/vincent-pc/ros2_ws/build/examples_rclcpp_minimal_composition -- -j8 -l8
[1.607s] Invoking command in '/home/vincent-pc/ros2_ws/build/examples_rclcpp_minimal_composition': CMAKE_PREFIX_PATH=/opt/ros/foxy /usr/bin/cmake --install /home/vincent-pc/ros2_ws/build/examples_rclcpp_minimal_composition
[1.619s] -- Install configuration: ""
[1.620s] -- Execute custom install script
[1.620s] -- Up-to-date symlink: /home/vincent-pc/ros2_ws/install/examples_rclcpp_minimal_composition/share/examples_rclcpp_minimal_composition/environment/library_path.sh
[1.621s] -- Up-to-date symlink: /home/vincent-pc/ros2_ws/install/examples_rclcpp_minimal_composition/share/examples_rclcpp_minimal_composition/environment/library_path.dsv
[1.621s] -- Up-to-date symlink: /home/vincent-pc/ros2_ws/install/examples_rclcpp_minimal_composition/lib/libcomposition_nodes.so
[1.621s] -- Up-to-date symlink: /home/vincent-pc/ros2_ws/install/examples_rclcpp_minimal_composition/lib/examples_rclcpp_minimal_composition/composition_publisher
[1.622s] -- Up-to-date symlink: /home/vincent-pc/ros2_ws/install/examples_rclcpp_minimal_composition/lib/examples_rclcpp_minimal_composition/composition_subscriber
[1.622s] -- Up-to-date symlink: /home/vincent-pc/ros2_ws/install/examples_rclcpp_minimal_composition/lib/examples_rclcpp_minimal_composition/composition_composed
[1.622s] -- Up-to-date symlink: /home/vincent-pc/ros2_ws/install/examples_rclcpp_minimal_composition/share/ament_index/resource_index/package_run_dependencies/examples_rclcpp_minimal_composition
[1.622s] -- Up-to-date symlink: /home/vincent-pc/ros2_ws/install/examples_rclcpp_minimal_composition/share/ament_index/resource_index/parent_prefix_path/examples_rclcpp_minimal_composition
[1.622s] -- Up-to-date symlink: /home/vincent-pc/ros2_ws/install/examples_rclcpp_minimal_composition/share/examples_rclcpp_minimal_composition/environment/ament_prefix_path.sh
[1.622s] -- Up-to-date symlink: /home/vincent-pc/ros2_ws/install/examples_rclcpp_minimal_composition/share/examples_rclcpp_minimal_composition/environment/ament_prefix_path.dsv
[1.622s] -- Up-to-date symlink: /home/vincent-pc/ros2_ws/install/examples_rclcpp_minimal_composition/share/examples_rclcpp_minimal_composition/environment/path.sh
[1.623s] -- Up-to-date symlink: /home/vincent-pc/ros2_ws/install/examples_rclcpp_minimal_composition/share/examples_rclcpp_minimal_composition/environment/path.dsv
[1.623s] -- Up-to-date symlink: /home/vincent-pc/ros2_ws/install/examples_rclcpp_minimal_composition/share/examples_rclcpp_minimal_composition/local_setup.bash
[1.623s] -- Up-to-date symlink: /home/vincent-pc/ros2_ws/install/examples_rclcpp_minimal_composition/share/examples_rclcpp_minimal_composition/local_setup.sh
[1.623s] -- Up-to-date symlink: /home/vincent-pc/ros2_ws/install/examples_rclcpp_minimal_composition/share/examples_rclcpp_minimal_composition/local_setup.zsh
[1.623s] -- Up-to-date symlink: /home/vincent-pc/ros2_ws/install/examples_rclcpp_minimal_composition/share/examples_rclcpp_minimal_composition/local_setup.dsv
[1.623s] -- Symlinking: /home/vincent-pc/ros2_ws/install/examples_rclcpp_minimal_composition/share/examples_rclcpp_minimal_composition/package.dsv
[1.635s] -- Up-to-date symlink: /home/vincent-pc/ros2_ws/install/examples_rclcpp_minimal_composition/share/ament_index/resource_index/packages/examples_rclcpp_minimal_composition
[1.635s] -- Up-to-date symlink: /home/vincent-pc/ros2_ws/install/examples_rclcpp_minimal_composition/share/examples_rclcpp_minimal_composition/cmake/examples_rclcpp_minimal_compositionConfig.cmake
[1.635s] -- Up-to-date symlink: /home/vincent-pc/ros2_ws/install/examples_rclcpp_minimal_composition/share/examples_rclcpp_minimal_composition/cmake/examples_rclcpp_minimal_compositionConfig-version.cmake
[1.636s] -- Up-to-date symlink: /home/vincent-pc/ros2_ws/install/examples_rclcpp_minimal_composition/share/examples_rclcpp_minimal_composition/package.xml
[1.690s] Invoked command in '/home/vincent-pc/ros2_ws/build/examples_rclcpp_minimal_composition' returned '0': CMAKE_PREFIX_PATH=/opt/ros/foxy /usr/bin/cmake --install /home/vincent-pc/ros2_ws/build/examples_rclcpp_minimal_composition
