[0.061s] Invoking command in '/home/vincent-pc/ros2_ws/build/examples_rclcpp_minimal_service': CMAKE_PREFIX_PATH=${CMAKE_PREFIX_PATH}:/home/vincent-pc/ros2_ws/install/examples_rclpy_minimal_subscriber:/home/vincent-pc/ros2_ws/install/examples_rclpy_minimal_service:/home/vincent-pc/ros2_ws/install/examples_rclpy_minimal_publisher:/home/vincent-pc/ros2_ws/install/examples_rclpy_minimal_client:/home/vincent-pc/ros2_ws/install/examples_rclpy_minimal_action_server:/home/vincent-pc/ros2_ws/install/examples_rclpy_minimal_action_client:/home/vincent-pc/ros2_ws/install/examples_rclpy_executors:/opt/ros/foxy /usr/bin/cmake --build /home/vincent-pc/ros2_ws/build/examples_rclcpp_minimal_service -- -j8 -l8
[0.210s] [100%] Built target service_main
[0.245s] Invoked command in '/home/vincent-pc/ros2_ws/build/examples_rclcpp_minimal_service' returned '0': CMAKE_PREFIX_PATH=${CMAKE_PREFIX_PATH}:/home/vincent-pc/ros2_ws/install/examples_rclpy_minimal_subscriber:/home/vincent-pc/ros2_ws/install/examples_rclpy_minimal_service:/home/vincent-pc/ros2_ws/install/examples_rclpy_minimal_publisher:/home/vincent-pc/ros2_ws/install/examples_rclpy_minimal_client:/home/vincent-pc/ros2_ws/install/examples_rclpy_minimal_action_server:/home/vincent-pc/ros2_ws/install/examples_rclpy_minimal_action_client:/home/vincent-pc/ros2_ws/install/examples_rclpy_executors:/opt/ros/foxy /usr/bin/cmake --build /home/vincent-pc/ros2_ws/build/examples_rclcpp_minimal_service -- -j8 -l8
[0.310s] Invoking command in '/home/vincent-pc/ros2_ws/build/examples_rclcpp_minimal_service': CMAKE_PREFIX_PATH=${CMAKE_PREFIX_PATH}:/home/vincent-pc/ros2_ws/install/examples_rclpy_minimal_subscriber:/home/vincent-pc/ros2_ws/install/examples_rclpy_minimal_service:/home/vincent-pc/ros2_ws/install/examples_rclpy_minimal_publisher:/home/vincent-pc/ros2_ws/install/examples_rclpy_minimal_client:/home/vincent-pc/ros2_ws/install/examples_rclpy_minimal_action_server:/home/vincent-pc/ros2_ws/install/examples_rclpy_minimal_action_client:/home/vincent-pc/ros2_ws/install/examples_rclpy_executors:/opt/ros/foxy /usr/bin/cmake --install /home/vincent-pc/ros2_ws/build/examples_rclcpp_minimal_service
[0.332s] -- Install configuration: ""
[0.332s] -- Execute custom install script
[0.332s] -- Up-to-date symlink: /home/vincent-pc/ros2_ws/install/examples_rclcpp_minimal_service/lib/examples_rclcpp_minimal_service/service_main
[0.332s] -- Up-to-date symlink: /home/vincent-pc/ros2_ws/install/examples_rclcpp_minimal_service/share/ament_index/resource_index/package_run_dependencies/examples_rclcpp_minimal_service
[0.333s] -- Up-to-date symlink: /home/vincent-pc/ros2_ws/install/examples_rclcpp_minimal_service/share/ament_index/resource_index/parent_prefix_path/examples_rclcpp_minimal_service
[0.333s] -- Up-to-date symlink: /home/vincent-pc/ros2_ws/install/examples_rclcpp_minimal_service/share/examples_rclcpp_minimal_service/environment/ament_prefix_path.sh
[0.333s] -- Up-to-date symlink: /home/vincent-pc/ros2_ws/install/examples_rclcpp_minimal_service/share/examples_rclcpp_minimal_service/environment/ament_prefix_path.dsv
[0.333s] -- Up-to-date symlink: /home/vincent-pc/ros2_ws/install/examples_rclcpp_minimal_service/share/examples_rclcpp_minimal_service/environment/path.sh
[0.334s] -- Up-to-date symlink: /home/vincent-pc/ros2_ws/install/examples_rclcpp_minimal_service/share/examples_rclcpp_minimal_service/environment/path.dsv
[0.334s] -- Up-to-date symlink: /home/vincent-pc/ros2_ws/install/examples_rclcpp_minimal_service/share/examples_rclcpp_minimal_service/local_setup.bash
[0.334s] -- Up-to-date symlink: /home/vincent-pc/ros2_ws/install/examples_rclcpp_minimal_service/share/examples_rclcpp_minimal_service/local_setup.sh
[0.335s] -- Up-to-date symlink: /home/vincent-pc/ros2_ws/install/examples_rclcpp_minimal_service/share/examples_rclcpp_minimal_service/local_setup.zsh
[0.335s] -- Up-to-date symlink: /home/vincent-pc/ros2_ws/install/examples_rclcpp_minimal_service/share/examples_rclcpp_minimal_service/local_setup.dsv
[0.335s] -- Symlinking: /home/vincent-pc/ros2_ws/install/examples_rclcpp_minimal_service/share/examples_rclcpp_minimal_service/package.dsv
[0.357s] -- Up-to-date symlink: /home/vincent-pc/ros2_ws/install/examples_rclcpp_minimal_service/share/ament_index/resource_index/packages/examples_rclcpp_minimal_service
[0.358s] -- Up-to-date symlink: /home/vincent-pc/ros2_ws/install/examples_rclcpp_minimal_service/share/examples_rclcpp_minimal_service/cmake/examples_rclcpp_minimal_serviceConfig.cmake
[0.358s] -- Up-to-date symlink: /home/vincent-pc/ros2_ws/install/examples_rclcpp_minimal_service/share/examples_rclcpp_minimal_service/cmake/examples_rclcpp_minimal_serviceConfig-version.cmake
[0.359s] -- Up-to-date symlink: /home/vincent-pc/ros2_ws/install/examples_rclcpp_minimal_service/share/examples_rclcpp_minimal_service/package.xml
[0.406s] Invoked command in '/home/vincent-pc/ros2_ws/build/examples_rclcpp_minimal_service' returned '0': CMAKE_PREFIX_PATH=${CMAKE_PREFIX_PATH}:/home/vincent-pc/ros2_ws/install/examples_rclpy_minimal_subscriber:/home/vincent-pc/ros2_ws/install/examples_rclpy_minimal_service:/home/vincent-pc/ros2_ws/install/examples_rclpy_minimal_publisher:/home/vincent-pc/ros2_ws/install/examples_rclpy_minimal_client:/home/vincent-pc/ros2_ws/install/examples_rclpy_minimal_action_server:/home/vincent-pc/ros2_ws/install/examples_rclpy_minimal_action_client:/home/vincent-pc/ros2_ws/install/examples_rclpy_executors:/opt/ros/foxy /usr/bin/cmake --install /home/vincent-pc/ros2_ws/build/examples_rclcpp_minimal_service
