[0.011s] Invoking command in '/home/vincent-pc/ros2_ws/build/my_package': CMAKE_PREFIX_PATH=/opt/ros/foxy /usr/bin/cmake --build /home/vincent-pc/ros2_ws/build/my_package -- -j8 -l8
[0.059s] [100%] Built target my_node
[0.069s] Invoked command in '/home/vincent-pc/ros2_ws/build/my_package' returned '0': CMAKE_PREFIX_PATH=/opt/ros/foxy /usr/bin/cmake --build /home/vincent-pc/ros2_ws/build/my_package -- -j8 -l8
[0.116s] Invoking command in '/home/vincent-pc/ros2_ws/build/my_package': CMAKE_PREFIX_PATH=/opt/ros/foxy /usr/bin/cmake --install /home/vincent-pc/ros2_ws/build/my_package
[0.123s] -- Install configuration: ""
[0.124s] -- Up-to-date: /home/vincent-pc/ros2_ws/install/my_package/lib/my_package/my_node
[0.124s] -- Up-to-date: /home/vincent-pc/ros2_ws/install/my_package/share/ament_index/resource_index/package_run_dependencies/my_package
[0.124s] -- Up-to-date: /home/vincent-pc/ros2_ws/install/my_package/share/ament_index/resource_index/parent_prefix_path/my_package
[0.124s] -- Up-to-date: /home/vincent-pc/ros2_ws/install/my_package/share/my_package/environment/ament_prefix_path.sh
[0.125s] -- Up-to-date: /home/vincent-pc/ros2_ws/install/my_package/share/my_package/environment/ament_prefix_path.dsv
[0.125s] -- Up-to-date: /home/vincent-pc/ros2_ws/install/my_package/share/my_package/environment/path.sh
[0.125s] -- Up-to-date: /home/vincent-pc/ros2_ws/install/my_package/share/my_package/environment/path.dsv
[0.125s] -- Up-to-date: /home/vincent-pc/ros2_ws/install/my_package/share/my_package/local_setup.bash
[0.125s] -- Up-to-date: /home/vincent-pc/ros2_ws/install/my_package/share/my_package/local_setup.sh
[0.125s] -- Up-to-date: /home/vincent-pc/ros2_ws/install/my_package/share/my_package/local_setup.zsh
[0.125s] -- Up-to-date: /home/vincent-pc/ros2_ws/install/my_package/share/my_package/local_setup.dsv
[0.125s] -- Up-to-date: /home/vincent-pc/ros2_ws/install/my_package/share/my_package/package.dsv
[0.125s] -- Up-to-date: /home/vincent-pc/ros2_ws/install/my_package/share/ament_index/resource_index/packages/my_package
[0.125s] -- Up-to-date: /home/vincent-pc/ros2_ws/install/my_package/share/my_package/cmake/my_packageConfig.cmake
[0.126s] -- Up-to-date: /home/vincent-pc/ros2_ws/install/my_package/share/my_package/cmake/my_packageConfig-version.cmake
[0.126s] -- Up-to-date: /home/vincent-pc/ros2_ws/install/my_package/share/my_package/package.xml
[0.127s] Invoked command in '/home/vincent-pc/ros2_ws/build/my_package' returned '0': CMAKE_PREFIX_PATH=/opt/ros/foxy /usr/bin/cmake --install /home/vincent-pc/ros2_ws/build/my_package
