[0.037s] Invoking command in '/home/vincent-pc/ros2_ws/src/build/examples_rclcpp_minimal_composition': CMAKE_PREFIX_PATH=/opt/ros/foxy /usr/bin/cmake /home/vincent-pc/ros2_ws/src/src/examples/rclcpp/composition/minimal_composition -DAMENT_CMAKE_SYMLINK_INSTALL=1 -DCMAKE_INSTALL_PREFIX=/home/vincent-pc/ros2_ws/src/install/examples_rclcpp_minimal_composition
[0.199s] -- The C compiler identification is GNU 9.4.0
[0.332s] -- The CXX compiler identification is GNU 9.4.0
[0.343s] -- Check for working C compiler: /usr/bin/cc
[0.456s] -- Check for working C compiler: /usr/bin/cc -- works
[0.458s] -- Detecting C compiler ABI info
[0.559s] -- Detecting C compiler ABI info - done
[0.581s] -- Detecting C compile features
[0.581s] -- Detecting C compile features - done
[0.585s] -- Check for working CXX compiler: /usr/bin/c++
[0.709s] -- Check for working CXX compiler: /usr/bin/c++ -- works
[0.712s] -- Detecting CXX compiler ABI info
[0.859s] -- Detecting CXX compiler ABI info - done
[0.879s] -- Detecting CXX compile features
[0.879s] -- Detecting CXX compile features - done
[0.882s] -- Found ament_cmake: 0.9.12 (/opt/ros/foxy/share/ament_cmake/cmake)
[0.922s] -- Found PythonInterp: /usr/bin/python3 (found suitable version "3.8.10", minimum required is "3") 
[0.923s] -- Using PYTHON_EXECUTABLE: /usr/bin/python3
[1.247s] -- Override CMake install command with custom implementation using symlinks instead of copying resources
[1.289s] -- Found rclcpp: 2.4.3 (/opt/ros/foxy/share/rclcpp/cmake)
[1.355s] -- Using all available rosidl_typesupport_c: rosidl_typesupport_fastrtps_c;rosidl_typesupport_introspection_c
[1.364s] -- Found rosidl_adapter: 1.3.1 (/opt/ros/foxy/share/rosidl_adapter/cmake)
[1.478s] -- Found OpenSSL: /usr/lib/x86_64-linux-gnu/libcrypto.so (found version "1.1.1f")  
[1.516s] -- Found FastRTPS: /opt/ros/foxy/include  
[1.625s] -- Using all available rosidl_typesupport_cpp: rosidl_typesupport_fastrtps_cpp;rosidl_typesupport_introspection_cpp
[1.727s] -- Found rmw_implementation_cmake: 1.0.4 (/opt/ros/foxy/share/rmw_implementation_cmake/cmake)
[1.729s] -- Using RMW implementation 'rmw_fastrtps_cpp' as default
[1.730s] -- Looking for pthread.h
[1.840s] -- Looking for pthread.h - found
[1.840s] -- Performing Test CMAKE_HAVE_LIBC_PTHREAD
[1.941s] -- Performing Test CMAKE_HAVE_LIBC_PTHREAD - Failed
[1.941s] -- Looking for pthread_create in pthreads
[2.031s] -- Looking for pthread_create in pthreads - not found
[2.031s] -- Looking for pthread_create in pthread
[2.131s] -- Looking for pthread_create in pthread - found
[2.131s] -- Found Threads: TRUE  
[2.409s] -- Found rclcpp_components: 2.4.3 (/opt/ros/foxy/share/rclcpp_components/cmake)
[2.524s] -- Found ament_lint_auto: 0.9.8 (/opt/ros/foxy/share/ament_lint_auto/cmake)
[2.640s] -- Added test 'copyright' to check source files copyright and LICENSE
[2.642s] -- Added test 'cppcheck' to perform static code analysis on C / C++ code
[2.643s] -- Configured cppcheck include dirs: /home/vincent-pc/ros2_ws/src/src/examples/rclcpp/composition/minimal_composition/include
[2.643s] -- Configured cppcheck exclude dirs and/or files: 
[2.645s] -- Added test 'cpplint' to check C / C++ code against the Google style
[2.645s] -- Configured cpplint exclude dirs and/or files: 
[2.646s] -- Added test 'lint_cmake' to check CMake code style
[2.648s] -- Added test 'uncrustify' to check C / C++ code style
[2.648s] -- Configured uncrustify additional arguments: 
[2.649s] -- Added test 'xmllint' to check XML markup files
[2.656s] -- Configuring done
[2.687s] -- Generating done
[2.690s] -- Build files have been written to: /home/vincent-pc/ros2_ws/src/build/examples_rclcpp_minimal_composition
[2.709s] Invoked command in '/home/vincent-pc/ros2_ws/src/build/examples_rclcpp_minimal_composition' returned '0': CMAKE_PREFIX_PATH=/opt/ros/foxy /usr/bin/cmake /home/vincent-pc/ros2_ws/src/src/examples/rclcpp/composition/minimal_composition -DAMENT_CMAKE_SYMLINK_INSTALL=1 -DCMAKE_INSTALL_PREFIX=/home/vincent-pc/ros2_ws/src/install/examples_rclcpp_minimal_composition
[2.714s] Invoking command in '/home/vincent-pc/ros2_ws/src/build/examples_rclcpp_minimal_composition': CMAKE_PREFIX_PATH=/opt/ros/foxy /usr/bin/cmake --build /home/vincent-pc/ros2_ws/src/build/examples_rclcpp_minimal_composition -- -j8 -l8
[2.868s] [35m[1mScanning dependencies of target composition_nodes[0m
[3.019s] [ 11%] [32mBuilding CXX object CMakeFiles/composition_nodes.dir/src/publisher_node.cpp.o[0m
[3.038s] [ 22%] [32mBuilding CXX object CMakeFiles/composition_nodes.dir/src/subscriber_node.cpp.o[0m
[20.092s] [ 33%] [32m[1mLinking CXX shared library libcomposition_nodes.so[0m
[20.626s] [ 33%] Built target composition_nodes
[20.647s] [35m[1mScanning dependencies of target composition_composed[0m
[20.648s] [35m[1mScanning dependencies of target composition_publisher[0m
[20.648s] [35m[1mScanning dependencies of target composition_subscriber[0m
[20.757s] [ 44%] [32mBuilding CXX object CMakeFiles/composition_publisher.dir/src/standalone_publisher.cpp.o[0m
[20.766s] [ 55%] [32mBuilding CXX object CMakeFiles/composition_subscriber.dir/src/standalone_subscriber.cpp.o[0m
[20.767s] [ 66%] [32mBuilding CXX object CMakeFiles/composition_composed.dir/src/composed.cpp.o[0m
[24.047s] [ 77%] [32m[1mLinking CXX executable composition_subscriber[0m
[24.107s] [ 88%] [32m[1mLinking CXX executable composition_composed[0m
[24.283s] [ 88%] Built target composition_subscriber
[24.325s] [ 88%] Built target composition_composed
[24.357s] [100%] [32m[1mLinking CXX executable composition_publisher[0m
[24.514s] [100%] Built target composition_publisher
[24.525s] Invoked command in '/home/vincent-pc/ros2_ws/src/build/examples_rclcpp_minimal_composition' returned '0': CMAKE_PREFIX_PATH=/opt/ros/foxy /usr/bin/cmake --build /home/vincent-pc/ros2_ws/src/build/examples_rclcpp_minimal_composition -- -j8 -l8
[24.559s] Invoking command in '/home/vincent-pc/ros2_ws/src/build/examples_rclcpp_minimal_composition': CMAKE_PREFIX_PATH=/opt/ros/foxy /usr/bin/cmake --install /home/vincent-pc/ros2_ws/src/build/examples_rclcpp_minimal_composition
[24.567s] -- Install configuration: ""
[24.568s] -- Execute custom install script
[24.568s] -- Symlinking: /home/vincent-pc/ros2_ws/src/install/examples_rclcpp_minimal_composition/share/examples_rclcpp_minimal_composition/environment/library_path.sh
[24.577s] -- Symlinking: /home/vincent-pc/ros2_ws/src/install/examples_rclcpp_minimal_composition/share/examples_rclcpp_minimal_composition/environment/library_path.dsv
[24.586s] -- Symlinking: /home/vincent-pc/ros2_ws/src/install/examples_rclcpp_minimal_composition/lib/libcomposition_nodes.so
[24.595s] -- Symlinking: /home/vincent-pc/ros2_ws/src/install/examples_rclcpp_minimal_composition/lib/examples_rclcpp_minimal_composition/composition_publisher
[24.603s] -- Symlinking: /home/vincent-pc/ros2_ws/src/install/examples_rclcpp_minimal_composition/lib/examples_rclcpp_minimal_composition/composition_subscriber
[24.611s] -- Symlinking: /home/vincent-pc/ros2_ws/src/install/examples_rclcpp_minimal_composition/lib/examples_rclcpp_minimal_composition/composition_composed
[24.620s] -- Symlinking: /home/vincent-pc/ros2_ws/src/install/examples_rclcpp_minimal_composition/share/ament_index/resource_index/package_run_dependencies/examples_rclcpp_minimal_composition
[24.628s] -- Symlinking: /home/vincent-pc/ros2_ws/src/install/examples_rclcpp_minimal_composition/share/ament_index/resource_index/parent_prefix_path/examples_rclcpp_minimal_composition
[24.636s] -- Symlinking: /home/vincent-pc/ros2_ws/src/install/examples_rclcpp_minimal_composition/share/examples_rclcpp_minimal_composition/environment/ament_prefix_path.sh
[24.644s] -- Symlinking: /home/vincent-pc/ros2_ws/src/install/examples_rclcpp_minimal_composition/share/examples_rclcpp_minimal_composition/environment/ament_prefix_path.dsv
[24.652s] -- Symlinking: /home/vincent-pc/ros2_ws/src/install/examples_rclcpp_minimal_composition/share/examples_rclcpp_minimal_composition/environment/path.sh
[24.661s] -- Symlinking: /home/vincent-pc/ros2_ws/src/install/examples_rclcpp_minimal_composition/share/examples_rclcpp_minimal_composition/environment/path.dsv
[24.669s] -- Symlinking: /home/vincent-pc/ros2_ws/src/install/examples_rclcpp_minimal_composition/share/examples_rclcpp_minimal_composition/local_setup.bash
[24.677s] -- Symlinking: /home/vincent-pc/ros2_ws/src/install/examples_rclcpp_minimal_composition/share/examples_rclcpp_minimal_composition/local_setup.sh
[24.686s] -- Symlinking: /home/vincent-pc/ros2_ws/src/install/examples_rclcpp_minimal_composition/share/examples_rclcpp_minimal_composition/local_setup.zsh
[24.694s] -- Symlinking: /home/vincent-pc/ros2_ws/src/install/examples_rclcpp_minimal_composition/share/examples_rclcpp_minimal_composition/local_setup.dsv
[24.706s] -- Symlinking: /home/vincent-pc/ros2_ws/src/install/examples_rclcpp_minimal_composition/share/examples_rclcpp_minimal_composition/package.dsv
[24.718s] -- Symlinking: /home/vincent-pc/ros2_ws/src/install/examples_rclcpp_minimal_composition/share/ament_index/resource_index/packages/examples_rclcpp_minimal_composition
[24.729s] -- Symlinking: /home/vincent-pc/ros2_ws/src/install/examples_rclcpp_minimal_composition/share/examples_rclcpp_minimal_composition/cmake/examples_rclcpp_minimal_compositionConfig.cmake
[24.740s] -- Symlinking: /home/vincent-pc/ros2_ws/src/install/examples_rclcpp_minimal_composition/share/examples_rclcpp_minimal_composition/cmake/examples_rclcpp_minimal_compositionConfig-version.cmake
[24.749s] -- Symlinking: /home/vincent-pc/ros2_ws/src/install/examples_rclcpp_minimal_composition/share/examples_rclcpp_minimal_composition/package.xml
[24.760s] Invoked command in '/home/vincent-pc/ros2_ws/src/build/examples_rclcpp_minimal_composition' returned '0': CMAKE_PREFIX_PATH=/opt/ros/foxy /usr/bin/cmake --install /home/vincent-pc/ros2_ws/src/build/examples_rclcpp_minimal_composition
