[2.476s] Invoking command in '/home/vincent-pc/ros2_ws/build/examples_rclpy_minimal_action_server': PYTHONPATH=/home/vincent-pc/ros2_ws/build/examples_rclpy_minimal_action_server/prefix_override:/usr/lib/python3/dist-packages/colcon_core/task/python/colcon_distutils_commands:/home/vincent-pc/ros2_ws/install/examples_rclpy_minimal_action_server/lib/python3.8/site-packages:${PYTHONPATH} /usr/bin/python3 -W ignore:setup.py install is deprecated setup.py develop --editable --build-directory /home/vincent-pc/ros2_ws/build/examples_rclpy_minimal_action_server/build --no-deps symlink_data
[3.228s] running develop
[3.598s] running egg_info
[3.599s] creating examples_rclpy_minimal_action_server.egg-info
[3.600s] writing examples_rclpy_minimal_action_server.egg-info/PKG-INFO
[3.601s] writing dependency_links to examples_rclpy_minimal_action_server.egg-info/dependency_links.txt
[3.602s] writing entry points to examples_rclpy_minimal_action_server.egg-info/entry_points.txt
[3.602s] writing requirements to examples_rclpy_minimal_action_server.egg-info/requires.txt
[3.603s] writing top-level names to examples_rclpy_minimal_action_server.egg-info/top_level.txt
[3.606s] writing manifest file 'examples_rclpy_minimal_action_server.egg-info/SOURCES.txt'
[3.732s] reading manifest file 'examples_rclpy_minimal_action_server.egg-info/SOURCES.txt'
[3.732s] writing manifest file 'examples_rclpy_minimal_action_server.egg-info/SOURCES.txt'
[3.853s] running build_ext
[3.854s] Creating /home/vincent-pc/ros2_ws/install/examples_rclpy_minimal_action_server/lib/python3.8/site-packages/site.py
[3.859s] Creating /home/vincent-pc/ros2_ws/install/examples_rclpy_minimal_action_server/lib/python3.8/site-packages/examples-rclpy-minimal-action-server.egg-link (link to .)
[3.861s] Installing server script to /home/vincent-pc/ros2_ws/install/examples_rclpy_minimal_action_server/lib/examples_rclpy_minimal_action_server
[3.864s] Installing server_defer script to /home/vincent-pc/ros2_ws/install/examples_rclpy_minimal_action_server/lib/examples_rclpy_minimal_action_server
[3.864s] Installing server_not_composable script to /home/vincent-pc/ros2_ws/install/examples_rclpy_minimal_action_server/lib/examples_rclpy_minimal_action_server
[3.865s] Installing server_queue_goals script to /home/vincent-pc/ros2_ws/install/examples_rclpy_minimal_action_server/lib/examples_rclpy_minimal_action_server
[3.865s] Installing server_single_goal script to /home/vincent-pc/ros2_ws/install/examples_rclpy_minimal_action_server/lib/examples_rclpy_minimal_action_server
[3.865s] 
[3.866s] Installed /home/vincent-pc/ros2_ws/build/examples_rclpy_minimal_action_server
[3.866s] running symlink_data
[3.867s] creating /home/vincent-pc/ros2_ws/install/examples_rclpy_minimal_action_server/share/ament_index
[3.867s] creating /home/vincent-pc/ros2_ws/install/examples_rclpy_minimal_action_server/share/ament_index/resource_index
[3.868s] creating /home/vincent-pc/ros2_ws/install/examples_rclpy_minimal_action_server/share/ament_index/resource_index/packages
[3.868s] symbolically linking /home/vincent-pc/ros2_ws/build/examples_rclpy_minimal_action_server/resource/examples_rclpy_minimal_action_server -> /home/vincent-pc/ros2_ws/install/examples_rclpy_minimal_action_server/share/ament_index/resource_index/packages
[3.868s] symbolically linking /home/vincent-pc/ros2_ws/build/examples_rclpy_minimal_action_server/package.xml -> /home/vincent-pc/ros2_ws/install/examples_rclpy_minimal_action_server/share/examples_rclpy_minimal_action_server
[3.948s] Invoked command in '/home/vincent-pc/ros2_ws/build/examples_rclpy_minimal_action_server' returned '0': PYTHONPATH=/home/vincent-pc/ros2_ws/build/examples_rclpy_minimal_action_server/prefix_override:/usr/lib/python3/dist-packages/colcon_core/task/python/colcon_distutils_commands:/home/vincent-pc/ros2_ws/install/examples_rclpy_minimal_action_server/lib/python3.8/site-packages:${PYTHONPATH} /usr/bin/python3 -W ignore:setup.py install is deprecated setup.py develop --editable --build-directory /home/vincent-pc/ros2_ws/build/examples_rclpy_minimal_action_server/build --no-deps symlink_data
