[2.428s] Invoking command in '/home/vincent-pc/ros2_ws/src/build/examples_rclpy_minimal_publisher': PYTHONPATH=/home/vincent-pc/ros2_ws/src/build/examples_rclpy_minimal_publisher/prefix_override:/usr/lib/python3/dist-packages/colcon_core/task/python/colcon_distutils_commands:/home/vincent-pc/ros2_ws/src/install/examples_rclpy_minimal_publisher/lib/python3.8/site-packages:${PYTHONPATH} /usr/bin/python3 -W ignore:setup.py install is deprecated setup.py develop --editable --build-directory /home/vincent-pc/ros2_ws/src/build/examples_rclpy_minimal_publisher/build --no-deps symlink_data
[2.867s] running develop
[3.135s] running egg_info
[3.136s] creating examples_rclpy_minimal_publisher.egg-info
[3.136s] writing examples_rclpy_minimal_publisher.egg-info/PKG-INFO
[3.137s] writing dependency_links to examples_rclpy_minimal_publisher.egg-info/dependency_links.txt
[3.137s] writing entry points to examples_rclpy_minimal_publisher.egg-info/entry_points.txt
[3.137s] writing requirements to examples_rclpy_minimal_publisher.egg-info/requires.txt
[3.137s] writing top-level names to examples_rclpy_minimal_publisher.egg-info/top_level.txt
[3.140s] writing manifest file 'examples_rclpy_minimal_publisher.egg-info/SOURCES.txt'
[3.203s] reading manifest file 'examples_rclpy_minimal_publisher.egg-info/SOURCES.txt'
[3.204s] writing manifest file 'examples_rclpy_minimal_publisher.egg-info/SOURCES.txt'
[3.278s] running build_ext
[3.278s] Creating /home/vincent-pc/ros2_ws/src/install/examples_rclpy_minimal_publisher/lib/python3.8/site-packages/site.py
[3.282s] Creating /home/vincent-pc/ros2_ws/src/install/examples_rclpy_minimal_publisher/lib/python3.8/site-packages/examples-rclpy-minimal-publisher.egg-link (link to .)
[3.283s] Installing publisher_local_function script to /home/vincent-pc/ros2_ws/src/install/examples_rclpy_minimal_publisher/lib/examples_rclpy_minimal_publisher
[3.284s] Installing publisher_member_function script to /home/vincent-pc/ros2_ws/src/install/examples_rclpy_minimal_publisher/lib/examples_rclpy_minimal_publisher
[3.284s] Installing publisher_old_school script to /home/vincent-pc/ros2_ws/src/install/examples_rclpy_minimal_publisher/lib/examples_rclpy_minimal_publisher
[3.284s] 
[3.285s] Installed /home/vincent-pc/ros2_ws/src/build/examples_rclpy_minimal_publisher
[3.285s] running symlink_data
[3.285s] creating /home/vincent-pc/ros2_ws/src/install/examples_rclpy_minimal_publisher/share/ament_index
[3.285s] creating /home/vincent-pc/ros2_ws/src/install/examples_rclpy_minimal_publisher/share/ament_index/resource_index
[3.285s] creating /home/vincent-pc/ros2_ws/src/install/examples_rclpy_minimal_publisher/share/ament_index/resource_index/packages
[3.285s] symbolically linking /home/vincent-pc/ros2_ws/src/build/examples_rclpy_minimal_publisher/resource/examples_rclpy_minimal_publisher -> /home/vincent-pc/ros2_ws/src/install/examples_rclpy_minimal_publisher/share/ament_index/resource_index/packages
[3.285s] symbolically linking /home/vincent-pc/ros2_ws/src/build/examples_rclpy_minimal_publisher/package.xml -> /home/vincent-pc/ros2_ws/src/install/examples_rclpy_minimal_publisher/share/examples_rclpy_minimal_publisher
[3.343s] Invoked command in '/home/vincent-pc/ros2_ws/src/build/examples_rclpy_minimal_publisher' returned '0': PYTHONPATH=/home/vincent-pc/ros2_ws/src/build/examples_rclpy_minimal_publisher/prefix_override:/usr/lib/python3/dist-packages/colcon_core/task/python/colcon_distutils_commands:/home/vincent-pc/ros2_ws/src/install/examples_rclpy_minimal_publisher/lib/python3.8/site-packages:${PYTHONPATH} /usr/bin/python3 -W ignore:setup.py install is deprecated setup.py develop --editable --build-directory /home/vincent-pc/ros2_ws/src/build/examples_rclpy_minimal_publisher/build --no-deps symlink_data
