[2.392s] Invoking command in '/home/vincent-pc/ros2_ws/build/examples_rclpy_minimal_service': PYTHONPATH=/home/vincent-pc/ros2_ws/build/examples_rclpy_minimal_service/prefix_override:/usr/lib/python3/dist-packages/colcon_core/task/python/colcon_distutils_commands:/home/vincent-pc/ros2_ws/install/examples_rclpy_minimal_service/lib/python3.8/site-packages:${PYTHONPATH} /usr/bin/python3 -W ignore:setup.py install is deprecated setup.py develop --editable --build-directory /home/vincent-pc/ros2_ws/build/examples_rclpy_minimal_service/build --no-deps symlink_data
[3.171s] running develop
[3.533s] running egg_info
[3.534s] creating examples_rclpy_minimal_service.egg-info
[3.534s] writing examples_rclpy_minimal_service.egg-info/PKG-INFO
[3.534s] writing dependency_links to examples_rclpy_minimal_service.egg-info/dependency_links.txt
[3.534s] writing entry points to examples_rclpy_minimal_service.egg-info/entry_points.txt
[3.535s] writing requirements to examples_rclpy_minimal_service.egg-info/requires.txt
[3.535s] writing top-level names to examples_rclpy_minimal_service.egg-info/top_level.txt
[3.537s] writing manifest file 'examples_rclpy_minimal_service.egg-info/SOURCES.txt'
[3.620s] reading manifest file 'examples_rclpy_minimal_service.egg-info/SOURCES.txt'
[3.623s] writing manifest file 'examples_rclpy_minimal_service.egg-info/SOURCES.txt'
[3.719s] running build_ext
[3.719s] Creating /home/vincent-pc/ros2_ws/install/examples_rclpy_minimal_service/lib/python3.8/site-packages/site.py
[3.724s] Creating /home/vincent-pc/ros2_ws/install/examples_rclpy_minimal_service/lib/python3.8/site-packages/examples-rclpy-minimal-service.egg-link (link to .)
[3.728s] Installing service script to /home/vincent-pc/ros2_ws/install/examples_rclpy_minimal_service/lib/examples_rclpy_minimal_service
[3.728s] Installing service_member_function script to /home/vincent-pc/ros2_ws/install/examples_rclpy_minimal_service/lib/examples_rclpy_minimal_service
[3.728s] 
[3.729s] Installed /home/vincent-pc/ros2_ws/build/examples_rclpy_minimal_service
[3.729s] running symlink_data
[3.729s] creating /home/vincent-pc/ros2_ws/install/examples_rclpy_minimal_service/share/ament_index
[3.729s] creating /home/vincent-pc/ros2_ws/install/examples_rclpy_minimal_service/share/ament_index/resource_index
[3.729s] creating /home/vincent-pc/ros2_ws/install/examples_rclpy_minimal_service/share/ament_index/resource_index/packages
[3.729s] symbolically linking /home/vincent-pc/ros2_ws/build/examples_rclpy_minimal_service/resource/examples_rclpy_minimal_service -> /home/vincent-pc/ros2_ws/install/examples_rclpy_minimal_service/share/ament_index/resource_index/packages
[3.730s] symbolically linking /home/vincent-pc/ros2_ws/build/examples_rclpy_minimal_service/package.xml -> /home/vincent-pc/ros2_ws/install/examples_rclpy_minimal_service/share/examples_rclpy_minimal_service
[3.823s] Invoked command in '/home/vincent-pc/ros2_ws/build/examples_rclpy_minimal_service' returned '0': PYTHONPATH=/home/vincent-pc/ros2_ws/build/examples_rclpy_minimal_service/prefix_override:/usr/lib/python3/dist-packages/colcon_core/task/python/colcon_distutils_commands:/home/vincent-pc/ros2_ws/install/examples_rclpy_minimal_service/lib/python3.8/site-packages:${PYTHONPATH} /usr/bin/python3 -W ignore:setup.py install is deprecated setup.py develop --editable --build-directory /home/vincent-pc/ros2_ws/build/examples_rclpy_minimal_service/build --no-deps symlink_data
