[0.052s] Invoking command in '/home/vincent-pc/ros2_ws/build/turtlesim': CMAKE_PREFIX_PATH=${CMAKE_PREFIX_PATH}:/home/vincent-pc/ros2_ws/install/examples_rclpy_minimal_subscriber:/home/vincent-pc/ros2_ws/install/examples_rclpy_minimal_service:/home/vincent-pc/ros2_ws/install/examples_rclpy_minimal_publisher:/home/vincent-pc/ros2_ws/install/examples_rclpy_minimal_client:/home/vincent-pc/ros2_ws/install/examples_rclpy_minimal_action_server:/home/vincent-pc/ros2_ws/install/examples_rclpy_minimal_action_client:/home/vincent-pc/ros2_ws/install/examples_rclpy_executors:/opt/ros/foxy /usr/bin/cmake /home/vincent-pc/ros2_ws/src/ros_tutorials/turtlesim -DCMAKE_INSTALL_PREFIX=/home/vincent-pc/ros2_ws/install/turtlesim
[0.142s] -- The C compiler identification is GNU 9.4.0
[0.230s] -- The CXX compiler identification is GNU 9.4.0
[0.239s] -- Check for working C compiler: /usr/bin/cc
[0.351s] -- Check for working C compiler: /usr/bin/cc -- works
[0.351s] -- Detecting C compiler ABI info
[0.494s] -- Detecting C compiler ABI info - done
[0.511s] -- Detecting C compile features
[0.516s] -- Detecting C compile features - done
[0.516s] -- Check for working CXX compiler: /usr/bin/c++
[0.626s] -- Check for working CXX compiler: /usr/bin/c++ -- works
[0.628s] -- Detecting CXX compiler ABI info
[0.734s] -- Detecting CXX compiler ABI info - done
[0.756s] -- Detecting CXX compile features
[0.756s] -- Detecting CXX compile features - done
[0.761s] -- Found ament_cmake: 0.9.12 (/opt/ros/foxy/share/ament_cmake/cmake)
[0.806s] -- Found PythonInterp: /usr/bin/python3 (found suitable version "3.8.10", minimum required is "3") 
[0.806s] -- Using PYTHON_EXECUTABLE: /usr/bin/python3
[1.038s] -- Found ament_index_cpp: 1.1.0 (/opt/ros/foxy/share/ament_index_cpp/cmake)
[1.042s] -- Found geometry_msgs: 2.0.5 (/opt/ros/foxy/share/geometry_msgs/cmake)
[1.074s] -- Using all available rosidl_typesupport_c: rosidl_typesupport_fastrtps_c;rosidl_typesupport_introspection_c
[1.081s] -- Found rosidl_adapter: 1.3.1 (/opt/ros/foxy/share/rosidl_adapter/cmake)
[1.142s] -- Found OpenSSL: /usr/lib/x86_64-linux-gnu/libcrypto.so (found version "1.1.1f")  
[1.160s] -- Found FastRTPS: /opt/ros/foxy/include  
[1.219s] -- Using all available rosidl_typesupport_cpp: rosidl_typesupport_fastrtps_cpp;rosidl_typesupport_introspection_cpp
[1.298s] -- Found rclcpp: 2.4.3 (/opt/ros/foxy/share/rclcpp/cmake)
[1.336s] -- Found rmw_implementation_cmake: 1.0.4 (/opt/ros/foxy/share/rmw_implementation_cmake/cmake)
[1.338s] -- Using RMW implementation 'rmw_fastrtps_cpp' as default
[1.339s] -- Looking for pthread.h
[1.404s] -- Looking for pthread.h - found
[1.405s] -- Performing Test CMAKE_HAVE_LIBC_PTHREAD
[1.503s] -- Performing Test CMAKE_HAVE_LIBC_PTHREAD - Failed
[1.503s] -- Looking for pthread_create in pthreads
[1.550s] -- Looking for pthread_create in pthreads - not found
[1.550s] -- Looking for pthread_create in pthread
[1.625s] -- Looking for pthread_create in pthread - found
[1.626s] -- Found Threads: TRUE  
[1.741s] -- Found rclcpp_action: 2.4.3 (/opt/ros/foxy/share/rclcpp_action/cmake)
[1.807s] -- Found rosidl_default_generators: 1.0.1 (/opt/ros/foxy/share/rosidl_default_generators/cmake)
[1.818s] -- Found std_srvs: 2.0.5 (/opt/ros/foxy/share/std_srvs/cmake)
[1.848s] -- Found PythonInterp: /usr/bin/python3 (found version "3.8.10") 
[2.008s] -- Found ament_cmake_ros: 0.9.2 (/opt/ros/foxy/share/ament_cmake_ros/cmake)
[2.107s] -- Using all available rosidl_typesupport_c: rosidl_typesupport_fastrtps_c;rosidl_typesupport_introspection_c
[2.130s] -- Using all available rosidl_typesupport_cpp: rosidl_typesupport_fastrtps_cpp;rosidl_typesupport_introspection_cpp
[2.158s] -- Found PythonInterp: /usr/bin/python3 (found suitable version "3.8.10", minimum required is "3.5") 
[2.160s] -- Found python_cmake_module: 0.8.1 (/opt/ros/foxy/share/python_cmake_module/cmake)
[2.192s] -- Found PythonLibs: /usr/lib/x86_64-linux-gnu/libpython3.8.so (found suitable version "3.8.10", minimum required is "3.5") 
[2.192s] -- Using PYTHON_EXECUTABLE: /usr/bin/python3
[2.193s] -- Using PYTHON_INCLUDE_DIRS: /usr/include/python3.8
[2.193s] -- Using PYTHON_LIBRARIES: /usr/lib/x86_64-linux-gnu/libpython3.8.so
[2.216s] -- Found PythonExtra: .so  
[2.282s] -- Configuring done
[2.343s] -- Generating done
[2.345s] -- Build files have been written to: /home/vincent-pc/ros2_ws/build/turtlesim
[2.354s] Invoked command in '/home/vincent-pc/ros2_ws/build/turtlesim' returned '0': CMAKE_PREFIX_PATH=${CMAKE_PREFIX_PATH}:/home/vincent-pc/ros2_ws/install/examples_rclpy_minimal_subscriber:/home/vincent-pc/ros2_ws/install/examples_rclpy_minimal_service:/home/vincent-pc/ros2_ws/install/examples_rclpy_minimal_publisher:/home/vincent-pc/ros2_ws/install/examples_rclpy_minimal_client:/home/vincent-pc/ros2_ws/install/examples_rclpy_minimal_action_server:/home/vincent-pc/ros2_ws/install/examples_rclpy_minimal_action_client:/home/vincent-pc/ros2_ws/install/examples_rclpy_executors:/opt/ros/foxy /usr/bin/cmake /home/vincent-pc/ros2_ws/src/ros_tutorials/turtlesim -DCMAKE_INSTALL_PREFIX=/home/vincent-pc/ros2_ws/install/turtlesim
[2.356s] Invoking command in '/home/vincent-pc/ros2_ws/build/turtlesim': CMAKE_PREFIX_PATH=${CMAKE_PREFIX_PATH}:/home/vincent-pc/ros2_ws/install/examples_rclpy_minimal_subscriber:/home/vincent-pc/ros2_ws/install/examples_rclpy_minimal_service:/home/vincent-pc/ros2_ws/install/examples_rclpy_minimal_publisher:/home/vincent-pc/ros2_ws/install/examples_rclpy_minimal_client:/home/vincent-pc/ros2_ws/install/examples_rclpy_minimal_action_server:/home/vincent-pc/ros2_ws/install/examples_rclpy_minimal_action_client:/home/vincent-pc/ros2_ws/install/examples_rclpy_executors:/opt/ros/foxy /usr/bin/cmake --build /home/vincent-pc/ros2_ws/build/turtlesim -- -j8 -l8
[2.392s] [  1%] [34m[1mGenerating C code for ROS interfaces[0m
[2.392s] [35m[1mScanning dependencies of target turtlesim__cpp[0m
[2.403s] [  2%] [34m[1mGenerating C++ code for ROS interfaces[0m
[3.137s] [  2%] Built target turtlesim__cpp
[3.147s] [  3%] [34m[1mGenerating C++ type support dispatch for ROS interfaces[0m
[3.148s] [  4%] [34m[1mGenerating C++ type support for eProsima Fast-RTPS[0m
[3.151s] [  5%] [34m[1mGenerating C++ introspection for ROS interfaces[0m
[3.266s] [35m[1mScanning dependencies of target turtlesim__rosidl_generator_c[0m
[3.285s] [  6%] [32mBuilding C object CMakeFiles/turtlesim__rosidl_generator_c.dir/rosidl_generator_c/turtlesim/action/detail/rotate_absolute__functions.c.o[0m
[3.287s] [  8%] [32mBuilding C object CMakeFiles/turtlesim__rosidl_generator_c.dir/rosidl_generator_c/turtlesim/msg/detail/color__functions.c.o[0m
[3.287s] [  8%] [32mBuilding C object CMakeFiles/turtlesim__rosidl_generator_c.dir/rosidl_generator_c/turtlesim/msg/detail/pose__functions.c.o[0m
[3.291s] [  9%] [32mBuilding C object CMakeFiles/turtlesim__rosidl_generator_c.dir/rosidl_generator_c/turtlesim/srv/detail/set_pen__functions.c.o[0m
[3.292s] [ 10%] [32mBuilding C object CMakeFiles/turtlesim__rosidl_generator_c.dir/rosidl_generator_c/turtlesim/srv/detail/kill__functions.c.o[0m
[3.366s] [ 11%] [32mBuilding C object CMakeFiles/turtlesim__rosidl_generator_c.dir/rosidl_generator_c/turtlesim/srv/detail/spawn__functions.c.o[0m
[3.375s] [ 12%] [32mBuilding C object CMakeFiles/turtlesim__rosidl_generator_c.dir/rosidl_generator_c/turtlesim/srv/detail/teleport_absolute__functions.c.o[0m
[3.383s] [ 13%] [32mBuilding C object CMakeFiles/turtlesim__rosidl_generator_c.dir/rosidl_generator_c/turtlesim/srv/detail/teleport_relative__functions.c.o[0m
[3.475s] [ 14%] [32m[1mLinking C shared library libturtlesim__rosidl_generator_c.so[0m
[3.525s] [ 14%] Built target turtlesim__rosidl_generator_c
[3.535s] [ 15%] [34m[1mGenerating C type support dispatch for ROS interfaces[0m
[3.539s] [ 16%] [34m[1mGenerating C introspection for ROS interfaces[0m
[3.757s] [35m[1mScanning dependencies of target turtlesim__rosidl_typesupport_cpp[0m
[3.779s] [ 17%] [32mBuilding CXX object CMakeFiles/turtlesim__rosidl_typesupport_cpp.dir/rosidl_typesupport_cpp/turtlesim/action/rotate_absolute__type_support.cpp.o[0m
[3.781s] [ 19%] [32mBuilding CXX object CMakeFiles/turtlesim__rosidl_typesupport_cpp.dir/rosidl_typesupport_cpp/turtlesim/msg/color__type_support.cpp.o[0m
[3.781s] [ 19%] [32mBuilding CXX object CMakeFiles/turtlesim__rosidl_typesupport_cpp.dir/rosidl_typesupport_cpp/turtlesim/msg/pose__type_support.cpp.o[0m
[3.787s] [ 20%] [32mBuilding CXX object CMakeFiles/turtlesim__rosidl_typesupport_cpp.dir/rosidl_typesupport_cpp/turtlesim/srv/kill__type_support.cpp.o[0m
[4.270s] [ 21%] [32mBuilding CXX object CMakeFiles/turtlesim__rosidl_typesupport_cpp.dir/rosidl_typesupport_cpp/turtlesim/srv/set_pen__type_support.cpp.o[0m
[4.282s] [ 22%] [32mBuilding CXX object CMakeFiles/turtlesim__rosidl_typesupport_cpp.dir/rosidl_typesupport_cpp/turtlesim/srv/spawn__type_support.cpp.o[0m
[4.328s] [35m[1mScanning dependencies of target turtlesim__rosidl_typesupport_introspection_cpp[0m
[4.349s] [ 23%] [32mBuilding CXX object CMakeFiles/turtlesim__rosidl_typesupport_cpp.dir/rosidl_typesupport_cpp/turtlesim/srv/teleport_absolute__type_support.cpp.o[0m
[4.363s] [ 24%] [32mBuilding CXX object CMakeFiles/turtlesim__rosidl_typesupport_introspection_cpp.dir/rosidl_typesupport_introspection_cpp/turtlesim/action/detail/rotate_absolute__type_support.cpp.o[0m
[4.371s] [ 25%] [32mBuilding CXX object CMakeFiles/turtlesim__rosidl_typesupport_introspection_cpp.dir/rosidl_typesupport_introspection_cpp/turtlesim/msg/detail/color__type_support.cpp.o[0m
[4.436s] [35m[1mScanning dependencies of target turtlesim__rosidl_typesupport_fastrtps_cpp[0m
[4.488s] [35m[1mScanning dependencies of target turtlesim__rosidl_typesupport_c[0m
[4.493s] [ 26%] [32mBuilding CXX object CMakeFiles/turtlesim__rosidl_typesupport_fastrtps_cpp.dir/rosidl_typesupport_fastrtps_cpp/turtlesim/action/detail/dds_fastrtps/rotate_absolute__type_support.cpp.o[0m
[4.519s] [ 27%] [32mBuilding CXX object CMakeFiles/turtlesim__rosidl_typesupport_c.dir/rosidl_typesupport_c/turtlesim/action/rotate_absolute__type_support.cpp.o[0m
[4.604s] [ 28%] [32mBuilding CXX object CMakeFiles/turtlesim__rosidl_typesupport_c.dir/rosidl_typesupport_c/turtlesim/msg/color__type_support.cpp.o[0m
[4.649s] [ 29%] [32mBuilding CXX object CMakeFiles/turtlesim__rosidl_typesupport_c.dir/rosidl_typesupport_c/turtlesim/msg/pose__type_support.cpp.o[0m
[4.704s] [ 30%] [32mBuilding CXX object CMakeFiles/turtlesim__rosidl_typesupport_c.dir/rosidl_typesupport_c/turtlesim/srv/kill__type_support.cpp.o[0m
[4.714s] [ 31%] [32mBuilding CXX object CMakeFiles/turtlesim__rosidl_typesupport_fastrtps_cpp.dir/rosidl_typesupport_fastrtps_cpp/turtlesim/msg/detail/dds_fastrtps/color__type_support.cpp.o[0m
[4.745s] [35m[1mScanning dependencies of target turtlesim__rosidl_typesupport_introspection_c[0m
[4.747s] [ 32%] [32mBuilding CXX object CMakeFiles/turtlesim__rosidl_typesupport_cpp.dir/rosidl_typesupport_cpp/turtlesim/srv/teleport_relative__type_support.cpp.o[0m
[4.755s] [ 33%] [32mBuilding CXX object CMakeFiles/turtlesim__rosidl_typesupport_c.dir/rosidl_typesupport_c/turtlesim/srv/set_pen__type_support.cpp.o[0m
[4.777s] [ 34%] [32mBuilding C object CMakeFiles/turtlesim__rosidl_typesupport_introspection_c.dir/rosidl_typesupport_introspection_c/turtlesim/action/detail/rotate_absolute__type_support.c.o[0m
[4.813s] [ 35%] [32mBuilding CXX object CMakeFiles/turtlesim__rosidl_typesupport_c.dir/rosidl_typesupport_c/turtlesim/srv/spawn__type_support.cpp.o[0m
[4.825s] [ 36%] [32mBuilding CXX object CMakeFiles/turtlesim__rosidl_typesupport_c.dir/rosidl_typesupport_c/turtlesim/srv/teleport_absolute__type_support.cpp.o[0m
[4.843s] [ 37%] [32mBuilding CXX object CMakeFiles/turtlesim__rosidl_typesupport_introspection_cpp.dir/rosidl_typesupport_introspection_cpp/turtlesim/msg/detail/pose__type_support.cpp.o[0m
[4.855s] [ 38%] [32mBuilding C object CMakeFiles/turtlesim__rosidl_typesupport_introspection_c.dir/rosidl_typesupport_introspection_c/turtlesim/msg/detail/color__type_support.c.o[0m
[4.868s] [ 39%] [32mBuilding CXX object CMakeFiles/turtlesim__rosidl_typesupport_fastrtps_cpp.dir/rosidl_typesupport_fastrtps_cpp/turtlesim/msg/detail/dds_fastrtps/pose__type_support.cpp.o[0m
[4.884s] [ 40%] [32mBuilding CXX object CMakeFiles/turtlesim__rosidl_typesupport_c.dir/rosidl_typesupport_c/turtlesim/srv/teleport_relative__type_support.cpp.o[0m
[4.906s] [ 41%] [32mBuilding C object CMakeFiles/turtlesim__rosidl_typesupport_introspection_c.dir/rosidl_typesupport_introspection_c/turtlesim/msg/detail/pose__type_support.c.o[0m
[4.924s] [ 42%] [32mBuilding CXX object CMakeFiles/turtlesim__rosidl_typesupport_introspection_cpp.dir/rosidl_typesupport_introspection_cpp/turtlesim/srv/detail/kill__type_support.cpp.o[0m
[4.933s] [ 43%] [32m[1mLinking CXX shared library libturtlesim__rosidl_typesupport_c.so[0m
[4.956s] [ 44%] [32mBuilding C object CMakeFiles/turtlesim__rosidl_typesupport_introspection_c.dir/rosidl_typesupport_introspection_c/turtlesim/srv/detail/kill__type_support.c.o[0m
[5.010s] [ 45%] [32mBuilding C object CMakeFiles/turtlesim__rosidl_typesupport_introspection_c.dir/rosidl_typesupport_introspection_c/turtlesim/srv/detail/set_pen__type_support.c.o[0m
[5.010s] [ 45%] Built target turtlesim__rosidl_typesupport_c
[5.021s] [ 46%] [32mBuilding CXX object CMakeFiles/turtlesim__rosidl_typesupport_introspection_cpp.dir/rosidl_typesupport_introspection_cpp/turtlesim/srv/detail/set_pen__type_support.cpp.o[0m
[5.069s] [ 47%] [32mBuilding C object CMakeFiles/turtlesim__rosidl_typesupport_introspection_c.dir/rosidl_typesupport_introspection_c/turtlesim/srv/detail/spawn__type_support.c.o[0m
[5.121s] [ 48%] [32mBuilding C object CMakeFiles/turtlesim__rosidl_typesupport_introspection_c.dir/rosidl_typesupport_introspection_c/turtlesim/srv/detail/teleport_absolute__type_support.c.o[0m
[5.178s] [ 49%] [32mBuilding C object CMakeFiles/turtlesim__rosidl_typesupport_introspection_c.dir/rosidl_typesupport_introspection_c/turtlesim/srv/detail/teleport_relative__type_support.c.o[0m
[5.213s] [ 50%] [32m[1mLinking CXX shared library libturtlesim__rosidl_typesupport_cpp.so[0m
[5.239s] [ 51%] [32m[1mLinking C shared library libturtlesim__rosidl_typesupport_introspection_c.so[0m
[5.291s] [ 51%] Built target turtlesim__rosidl_typesupport_cpp
[5.302s] [ 51%] Built target turtlesim__rosidl_typesupport_introspection_c
[5.302s] [ 52%] [32mBuilding CXX object CMakeFiles/turtlesim__rosidl_typesupport_fastrtps_cpp.dir/rosidl_typesupport_fastrtps_cpp/turtlesim/srv/detail/dds_fastrtps/kill__type_support.cpp.o[0m
[5.310s] [ 53%] [32mBuilding CXX object CMakeFiles/turtlesim__rosidl_typesupport_fastrtps_cpp.dir/rosidl_typesupport_fastrtps_cpp/turtlesim/srv/detail/dds_fastrtps/set_pen__type_support.cpp.o[0m
[5.315s] [ 54%] [32mBuilding CXX object CMakeFiles/turtlesim__rosidl_typesupport_fastrtps_cpp.dir/rosidl_typesupport_fastrtps_cpp/turtlesim/srv/detail/dds_fastrtps/spawn__type_support.cpp.o[0m
[5.333s] [ 55%] [32mBuilding CXX object CMakeFiles/turtlesim__rosidl_typesupport_introspection_cpp.dir/rosidl_typesupport_introspection_cpp/turtlesim/srv/detail/spawn__type_support.cpp.o[0m
[5.387s] [ 56%] [32mBuilding CXX object CMakeFiles/turtlesim__rosidl_typesupport_fastrtps_cpp.dir/rosidl_typesupport_fastrtps_cpp/turtlesim/srv/detail/dds_fastrtps/teleport_absolute__type_support.cpp.o[0m
[5.388s] [ 57%] [32mBuilding CXX object CMakeFiles/turtlesim__rosidl_typesupport_introspection_cpp.dir/rosidl_typesupport_introspection_cpp/turtlesim/srv/detail/teleport_absolute__type_support.cpp.o[0m
[5.490s] [ 58%] [32mBuilding CXX object CMakeFiles/turtlesim__rosidl_typesupport_introspection_cpp.dir/rosidl_typesupport_introspection_cpp/turtlesim/srv/detail/teleport_relative__type_support.cpp.o[0m
[5.559s] [ 59%] [32mBuilding CXX object CMakeFiles/turtlesim__rosidl_typesupport_fastrtps_cpp.dir/rosidl_typesupport_fastrtps_cpp/turtlesim/srv/detail/dds_fastrtps/teleport_relative__type_support.cpp.o[0m
[5.963s] [ 60%] [32m[1mLinking CXX shared library libturtlesim__rosidl_typesupport_introspection_cpp.so[0m
[6.041s] [ 60%] Built target turtlesim__rosidl_typesupport_introspection_cpp
[6.132s] [ 61%] [32m[1mLinking CXX shared library libturtlesim__rosidl_typesupport_fastrtps_cpp.so[0m
[6.208s] [ 61%] Built target turtlesim__rosidl_typesupport_fastrtps_cpp
[6.216s] [ 62%] [34m[1mGenerating C type support for eProsima Fast-RTPS[0m
[6.777s] [35m[1mScanning dependencies of target turtlesim__rosidl_typesupport_fastrtps_c[0m
[6.805s] [ 63%] [32mBuilding CXX object CMakeFiles/turtlesim__rosidl_typesupport_fastrtps_c.dir/rosidl_typesupport_fastrtps_c/turtlesim/action/detail/rotate_absolute__type_support_c.cpp.o[0m
[6.805s] [ 64%] [32mBuilding CXX object CMakeFiles/turtlesim__rosidl_typesupport_fastrtps_c.dir/rosidl_typesupport_fastrtps_c/turtlesim/msg/detail/color__type_support_c.cpp.o[0m
[6.806s] [ 65%] [32mBuilding CXX object CMakeFiles/turtlesim__rosidl_typesupport_fastrtps_c.dir/rosidl_typesupport_fastrtps_c/turtlesim/srv/detail/kill__type_support_c.cpp.o[0m
[6.806s] [ 66%] [32mBuilding CXX object CMakeFiles/turtlesim__rosidl_typesupport_fastrtps_c.dir/rosidl_typesupport_fastrtps_c/turtlesim/msg/detail/pose__type_support_c.cpp.o[0m
[6.806s] [ 67%] [32mBuilding CXX object CMakeFiles/turtlesim__rosidl_typesupport_fastrtps_c.dir/rosidl_typesupport_fastrtps_c/turtlesim/srv/detail/set_pen__type_support_c.cpp.o[0m
[6.806s] [ 68%] [32mBuilding CXX object CMakeFiles/turtlesim__rosidl_typesupport_fastrtps_c.dir/rosidl_typesupport_fastrtps_c/turtlesim/srv/detail/spawn__type_support_c.cpp.o[0m
[6.809s] [ 69%] [32mBuilding CXX object CMakeFiles/turtlesim__rosidl_typesupport_fastrtps_c.dir/rosidl_typesupport_fastrtps_c/turtlesim/srv/detail/teleport_relative__type_support_c.cpp.o[0m
[6.815s] [ 70%] [32mBuilding CXX object CMakeFiles/turtlesim__rosidl_typesupport_fastrtps_c.dir/rosidl_typesupport_fastrtps_c/turtlesim/srv/detail/teleport_absolute__type_support_c.cpp.o[0m
[7.422s] [ 71%] [32m[1mLinking CXX shared library libturtlesim__rosidl_typesupport_fastrtps_c.so[0m
[7.517s] [ 71%] Built target turtlesim__rosidl_typesupport_fastrtps_c
[7.525s] [35m[1mScanning dependencies of target turtlesim[0m
[7.533s] [ 71%] Built target turtlesim
[7.543s] [ 72%] [34m[1mGenerating include/turtlesim/moc_turtle_frame.cpp[0m
[7.543s] [35m[1mScanning dependencies of target turtle_teleop_key[0m
[7.543s] [35m[1mScanning dependencies of target draw_square[0m
[7.545s] [35m[1mScanning dependencies of target mimic[0m
[7.545s] [35m[1mScanning dependencies of target turtlesim__py[0m
[7.557s] [ 73%] [34m[1mGenerating Python code for ROS interfaces[0m
[7.611s] [ 74%] [32mBuilding CXX object CMakeFiles/mimic.dir/tutorials/mimic.cpp.o[0m
[7.615s] [ 75%] [32mBuilding CXX object CMakeFiles/draw_square.dir/tutorials/draw_square.cpp.o[0m
[7.621s] [ 76%] [32mBuilding CXX object CMakeFiles/turtle_teleop_key.dir/tutorials/teleop_turtle_key.cpp.o[0m
[7.636s] [35m[1mScanning dependencies of target turtlesim_node[0m
[7.753s] [ 77%] [32mBuilding CXX object CMakeFiles/turtlesim_node.dir/src/turtlesim.cpp.o[0m
[7.754s] [ 78%] [32mBuilding CXX object CMakeFiles/turtlesim_node.dir/src/turtle.cpp.o[0m
[7.757s] [ 79%] [32mBuilding CXX object CMakeFiles/turtlesim_node.dir/src/turtle_frame.cpp.o[0m
[7.766s] [ 80%] [32mBuilding CXX object CMakeFiles/turtlesim_node.dir/include/turtlesim/moc_turtle_frame.cpp.o[0m
[11.400s] [ 80%] Built target turtlesim__py
[11.420s] [35m[1mScanning dependencies of target turtlesim__python[0m
[11.507s] [ 81%] [32mBuilding C object CMakeFiles/turtlesim__python.dir/rosidl_generator_py/turtlesim/action/_rotate_absolute_s.c.o[0m
[11.826s] [ 82%] [32mBuilding C object CMakeFiles/turtlesim__python.dir/rosidl_generator_py/turtlesim/msg/_color_s.c.o[0m
[11.991s] [ 83%] [32mBuilding C object CMakeFiles/turtlesim__python.dir/rosidl_generator_py/turtlesim/msg/_pose_s.c.o[0m
[12.182s] [ 84%] [32mBuilding C object CMakeFiles/turtlesim__python.dir/rosidl_generator_py/turtlesim/srv/_kill_s.c.o[0m
[12.374s] [ 85%] [32mBuilding C object CMakeFiles/turtlesim__python.dir/rosidl_generator_py/turtlesim/srv/_set_pen_s.c.o[0m
[12.539s] [ 86%] [32mBuilding C object CMakeFiles/turtlesim__python.dir/rosidl_generator_py/turtlesim/srv/_spawn_s.c.o[0m
[12.554s] [ 87%] [32mBuilding C object CMakeFiles/turtlesim__python.dir/rosidl_generator_py/turtlesim/srv/_teleport_absolute_s.c.o[0m
[12.671s] [ 88%] [32mBuilding C object CMakeFiles/turtlesim__python.dir/rosidl_generator_py/turtlesim/srv/_teleport_relative_s.c.o[0m
[12.837s] [ 89%] [32m[1mLinking C shared library rosidl_generator_py/turtlesim/libturtlesim__python.so[0m
[12.930s] [ 89%] Built target turtlesim__python
[12.947s] [35m[1mScanning dependencies of target turtlesim__rosidl_typesupport_introspection_c__pyext[0m
[12.953s] [35m[1mScanning dependencies of target turtlesim__rosidl_typesupport_fastrtps_c__pyext[0m
[12.973s] [35m[1mScanning dependencies of target turtlesim__rosidl_typesupport_c__pyext[0m
[13.030s] [ 90%] [32mBuilding C object CMakeFiles/turtlesim__rosidl_typesupport_introspection_c__pyext.dir/rosidl_generator_py/turtlesim/_turtlesim_s.ep.rosidl_typesupport_introspection_c.c.o[0m
[13.079s] [ 91%] [32mBuilding C object CMakeFiles/turtlesim__rosidl_typesupport_fastrtps_c__pyext.dir/rosidl_generator_py/turtlesim/_turtlesim_s.ep.rosidl_typesupport_fastrtps_c.c.o[0m
[13.100s] [ 92%] [32mBuilding C object CMakeFiles/turtlesim__rosidl_typesupport_c__pyext.dir/rosidl_generator_py/turtlesim/_turtlesim_s.ep.rosidl_typesupport_c.c.o[0m
[13.368s] [ 93%] [32m[1mLinking C shared library rosidl_generator_py/turtlesim/turtlesim_s__rosidl_typesupport_introspection_c.cpython-38-x86_64-linux-gnu.so[0m
[13.387s] [ 94%] [32m[1mLinking CXX shared library rosidl_generator_py/turtlesim/turtlesim_s__rosidl_typesupport_fastrtps_c.cpython-38-x86_64-linux-gnu.so[0m
[13.404s] [ 95%] [32m[1mLinking C shared library rosidl_generator_py/turtlesim/turtlesim_s__rosidl_typesupport_c.cpython-38-x86_64-linux-gnu.so[0m
[13.459s] [ 95%] Built target turtlesim__rosidl_typesupport_introspection_c__pyext
[13.471s] [ 95%] Built target turtlesim__rosidl_typesupport_c__pyext
[13.534s] [ 95%] Built target turtlesim__rosidl_typesupport_fastrtps_c__pyext
[14.930s] [ 96%] [32m[1mLinking CXX executable turtle_teleop_key[0m
[15.333s] [ 96%] Built target turtle_teleop_key
[15.424s] [ 97%] [32m[1mLinking CXX executable mimic[0m
[15.736s] [ 97%] Built target mimic
[16.424s] [ 98%] [32m[1mLinking CXX executable draw_square[0m
[16.727s] [ 98%] Built target draw_square
[18.310s] [100%] [32m[1mLinking CXX executable turtlesim_node[0m
[19.628s] [100%] Built target turtlesim_node
[19.638s] Invoked command in '/home/vincent-pc/ros2_ws/build/turtlesim' returned '0': CMAKE_PREFIX_PATH=${CMAKE_PREFIX_PATH}:/home/vincent-pc/ros2_ws/install/examples_rclpy_minimal_subscriber:/home/vincent-pc/ros2_ws/install/examples_rclpy_minimal_service:/home/vincent-pc/ros2_ws/install/examples_rclpy_minimal_publisher:/home/vincent-pc/ros2_ws/install/examples_rclpy_minimal_client:/home/vincent-pc/ros2_ws/install/examples_rclpy_minimal_action_server:/home/vincent-pc/ros2_ws/install/examples_rclpy_minimal_action_client:/home/vincent-pc/ros2_ws/install/examples_rclpy_executors:/opt/ros/foxy /usr/bin/cmake --build /home/vincent-pc/ros2_ws/build/turtlesim -- -j8 -l8
[19.926s] Invoking command in '/home/vincent-pc/ros2_ws/build/turtlesim': CMAKE_PREFIX_PATH=${CMAKE_PREFIX_PATH}:/home/vincent-pc/ros2_ws/install/examples_rclpy_minimal_subscriber:/home/vincent-pc/ros2_ws/install/examples_rclpy_minimal_service:/home/vincent-pc/ros2_ws/install/examples_rclpy_minimal_publisher:/home/vincent-pc/ros2_ws/install/examples_rclpy_minimal_client:/home/vincent-pc/ros2_ws/install/examples_rclpy_minimal_action_server:/home/vincent-pc/ros2_ws/install/examples_rclpy_minimal_action_client:/home/vincent-pc/ros2_ws/install/examples_rclpy_executors:/opt/ros/foxy /usr/bin/cmake --install /home/vincent-pc/ros2_ws/build/turtlesim
[19.939s] -- Install configuration: ""
[19.939s] -- Installing: /home/vincent-pc/ros2_ws/install/turtlesim/share/ament_index/resource_index/rosidl_interfaces/turtlesim
[19.940s] -- Installing: /home/vincent-pc/ros2_ws/install/turtlesim/include/turtlesim
[19.940s] -- Installing: /home/vincent-pc/ros2_ws/install/turtlesim/include/turtlesim/action
[19.940s] -- Installing: /home/vincent-pc/ros2_ws/install/turtlesim/include/turtlesim/action/detail
[19.940s] -- Installing: /home/vincent-pc/ros2_ws/install/turtlesim/include/turtlesim/action/detail/rotate_absolute__functions.c
[19.940s] -- Installing: /home/vincent-pc/ros2_ws/install/turtlesim/include/turtlesim/action/detail/rotate_absolute__type_support.h
[19.940s] -- Installing: /home/vincent-pc/ros2_ws/install/turtlesim/include/turtlesim/action/detail/rotate_absolute__struct.h
[19.940s] -- Installing: /home/vincent-pc/ros2_ws/install/turtlesim/include/turtlesim/action/detail/rotate_absolute__functions.h
[19.940s] -- Installing: /home/vincent-pc/ros2_ws/install/turtlesim/include/turtlesim/action/rotate_absolute.h
[19.941s] -- Installing: /home/vincent-pc/ros2_ws/install/turtlesim/include/turtlesim/msg
[19.941s] -- Installing: /home/vincent-pc/ros2_ws/install/turtlesim/include/turtlesim/msg/detail
[19.941s] -- Installing: /home/vincent-pc/ros2_ws/install/turtlesim/include/turtlesim/msg/detail/color__struct.h
[19.941s] -- Installing: /home/vincent-pc/ros2_ws/install/turtlesim/include/turtlesim/msg/detail/pose__type_support.h
[19.941s] -- Installing: /home/vincent-pc/ros2_ws/install/turtlesim/include/turtlesim/msg/detail/color__functions.c
[19.941s] -- Installing: /home/vincent-pc/ros2_ws/install/turtlesim/include/turtlesim/msg/detail/pose__functions.h
[19.941s] -- Installing: /home/vincent-pc/ros2_ws/install/turtlesim/include/turtlesim/msg/detail/pose__struct.h
[19.941s] -- Installing: /home/vincent-pc/ros2_ws/install/turtlesim/include/turtlesim/msg/detail/pose__functions.c
[19.941s] -- Installing: /home/vincent-pc/ros2_ws/install/turtlesim/include/turtlesim/msg/detail/color__functions.h
[19.941s] -- Installing: /home/vincent-pc/ros2_ws/install/turtlesim/include/turtlesim/msg/detail/color__type_support.h
[19.941s] -- Installing: /home/vincent-pc/ros2_ws/install/turtlesim/include/turtlesim/msg/pose.h
[19.941s] -- Installing: /home/vincent-pc/ros2_ws/install/turtlesim/include/turtlesim/msg/color.h
[19.941s] -- Installing: /home/vincent-pc/ros2_ws/install/turtlesim/include/turtlesim/msg/rosidl_generator_c__visibility_control.h
[19.941s] -- Installing: /home/vincent-pc/ros2_ws/install/turtlesim/include/turtlesim/srv
[19.941s] -- Installing: /home/vincent-pc/ros2_ws/install/turtlesim/include/turtlesim/srv/detail
[19.941s] -- Installing: /home/vincent-pc/ros2_ws/install/turtlesim/include/turtlesim/srv/detail/set_pen__type_support.h
[19.942s] -- Installing: /home/vincent-pc/ros2_ws/install/turtlesim/include/turtlesim/srv/detail/spawn__struct.h
[19.942s] -- Installing: /home/vincent-pc/ros2_ws/install/turtlesim/include/turtlesim/srv/detail/kill__functions.c
[19.942s] -- Installing: /home/vincent-pc/ros2_ws/install/turtlesim/include/turtlesim/srv/detail/teleport_absolute__functions.h
[19.942s] -- Installing: /home/vincent-pc/ros2_ws/install/turtlesim/include/turtlesim/srv/detail/kill__type_support.h
[19.942s] -- Installing: /home/vincent-pc/ros2_ws/install/turtlesim/include/turtlesim/srv/detail/kill__struct.h
[19.942s] -- Installing: /home/vincent-pc/ros2_ws/install/turtlesim/include/turtlesim/srv/detail/kill__functions.h
[19.942s] -- Installing: /home/vincent-pc/ros2_ws/install/turtlesim/include/turtlesim/srv/detail/spawn__functions.c
[19.942s] -- Installing: /home/vincent-pc/ros2_ws/install/turtlesim/include/turtlesim/srv/detail/teleport_relative__functions.c
[19.942s] -- Installing: /home/vincent-pc/ros2_ws/install/turtlesim/include/turtlesim/srv/detail/teleport_relative__struct.h
[19.942s] -- Installing: /home/vincent-pc/ros2_ws/install/turtlesim/include/turtlesim/srv/detail/set_pen__functions.h
[19.942s] -- Installing: /home/vincent-pc/ros2_ws/install/turtlesim/include/turtlesim/srv/detail/teleport_absolute__type_support.h
[19.942s] -- Installing: /home/vincent-pc/ros2_ws/install/turtlesim/include/turtlesim/srv/detail/teleport_absolute__functions.c
[19.942s] -- Installing: /home/vincent-pc/ros2_ws/install/turtlesim/include/turtlesim/srv/detail/set_pen__struct.h
[19.942s] -- Installing: /home/vincent-pc/ros2_ws/install/turtlesim/include/turtlesim/srv/detail/spawn__type_support.h
[19.943s] -- Installing: /home/vincent-pc/ros2_ws/install/turtlesim/include/turtlesim/srv/detail/set_pen__functions.c
[19.943s] -- Installing: /home/vincent-pc/ros2_ws/install/turtlesim/include/turtlesim/srv/detail/spawn__functions.h
[19.943s] -- Installing: /home/vincent-pc/ros2_ws/install/turtlesim/include/turtlesim/srv/detail/teleport_relative__type_support.h
[19.943s] -- Installing: /home/vincent-pc/ros2_ws/install/turtlesim/include/turtlesim/srv/detail/teleport_relative__functions.h
[19.943s] -- Installing: /home/vincent-pc/ros2_ws/install/turtlesim/include/turtlesim/srv/detail/teleport_absolute__struct.h
[19.943s] -- Installing: /home/vincent-pc/ros2_ws/install/turtlesim/include/turtlesim/srv/teleport_absolute.h
[19.943s] -- Installing: /home/vincent-pc/ros2_ws/install/turtlesim/include/turtlesim/srv/teleport_relative.h
[19.943s] -- Installing: /home/vincent-pc/ros2_ws/install/turtlesim/include/turtlesim/srv/kill.h
[19.943s] -- Installing: /home/vincent-pc/ros2_ws/install/turtlesim/include/turtlesim/srv/set_pen.h
[19.943s] -- Installing: /home/vincent-pc/ros2_ws/install/turtlesim/include/turtlesim/srv/spawn.h
[19.944s] -- Installing: /home/vincent-pc/ros2_ws/install/turtlesim/share/turtlesim/environment/library_path.sh
[19.944s] -- Installing: /home/vincent-pc/ros2_ws/install/turtlesim/share/turtlesim/environment/library_path.dsv
[19.944s] -- Installing: /home/vincent-pc/ros2_ws/install/turtlesim/lib/libturtlesim__rosidl_generator_c.so
[19.945s] -- Set runtime path of "/home/vincent-pc/ros2_ws/install/turtlesim/lib/libturtlesim__rosidl_generator_c.so" to ""
[19.945s] -- Up-to-date: /home/vincent-pc/ros2_ws/install/turtlesim/include/turtlesim
[19.945s] -- Up-to-date: /home/vincent-pc/ros2_ws/install/turtlesim/include/turtlesim/action
[19.945s] -- Up-to-date: /home/vincent-pc/ros2_ws/install/turtlesim/include/turtlesim/action/detail
[19.945s] -- Installing: /home/vincent-pc/ros2_ws/install/turtlesim/include/turtlesim/action/detail/rotate_absolute__rosidl_typesupport_fastrtps_c.h
[19.945s] -- Up-to-date: /home/vincent-pc/ros2_ws/install/turtlesim/include/turtlesim/msg
[19.945s] -- Up-to-date: /home/vincent-pc/ros2_ws/install/turtlesim/include/turtlesim/msg/detail
[19.945s] -- Installing: /home/vincent-pc/ros2_ws/install/turtlesim/include/turtlesim/msg/detail/pose__rosidl_typesupport_fastrtps_c.h
[19.945s] -- Installing: /home/vincent-pc/ros2_ws/install/turtlesim/include/turtlesim/msg/detail/color__rosidl_typesupport_fastrtps_c.h
[19.945s] -- Installing: /home/vincent-pc/ros2_ws/install/turtlesim/include/turtlesim/msg/rosidl_typesupport_fastrtps_c__visibility_control.h
[19.945s] -- Up-to-date: /home/vincent-pc/ros2_ws/install/turtlesim/include/turtlesim/srv
[19.945s] -- Up-to-date: /home/vincent-pc/ros2_ws/install/turtlesim/include/turtlesim/srv/detail
[19.945s] -- Installing: /home/vincent-pc/ros2_ws/install/turtlesim/include/turtlesim/srv/detail/spawn__rosidl_typesupport_fastrtps_c.h
[19.945s] -- Installing: /home/vincent-pc/ros2_ws/install/turtlesim/include/turtlesim/srv/detail/set_pen__rosidl_typesupport_fastrtps_c.h
[19.946s] -- Installing: /home/vincent-pc/ros2_ws/install/turtlesim/include/turtlesim/srv/detail/kill__rosidl_typesupport_fastrtps_c.h
[19.946s] -- Installing: /home/vincent-pc/ros2_ws/install/turtlesim/include/turtlesim/srv/detail/teleport_absolute__rosidl_typesupport_fastrtps_c.h
[19.946s] -- Installing: /home/vincent-pc/ros2_ws/install/turtlesim/include/turtlesim/srv/detail/teleport_relative__rosidl_typesupport_fastrtps_c.h
[19.946s] -- Installing: /home/vincent-pc/ros2_ws/install/turtlesim/lib/libturtlesim__rosidl_typesupport_fastrtps_c.so
[19.946s] -- Set runtime path of "/home/vincent-pc/ros2_ws/install/turtlesim/lib/libturtlesim__rosidl_typesupport_fastrtps_c.so" to ""
[19.946s] -- Up-to-date: /home/vincent-pc/ros2_ws/install/turtlesim/include/turtlesim
[19.946s] -- Up-to-date: /home/vincent-pc/ros2_ws/install/turtlesim/include/turtlesim/action
[19.946s] -- Up-to-date: /home/vincent-pc/ros2_ws/install/turtlesim/include/turtlesim/action/detail
[19.946s] -- Installing: /home/vincent-pc/ros2_ws/install/turtlesim/include/turtlesim/action/detail/rotate_absolute__rosidl_typesupport_fastrtps_cpp.hpp
[19.946s] -- Installing: /home/vincent-pc/ros2_ws/install/turtlesim/include/turtlesim/action/detail/dds_fastrtps
[19.946s] -- Up-to-date: /home/vincent-pc/ros2_ws/install/turtlesim/include/turtlesim/msg
[19.946s] -- Up-to-date: /home/vincent-pc/ros2_ws/install/turtlesim/include/turtlesim/msg/detail
[19.946s] -- Installing: /home/vincent-pc/ros2_ws/install/turtlesim/include/turtlesim/msg/detail/color__rosidl_typesupport_fastrtps_cpp.hpp
[19.946s] -- Installing: /home/vincent-pc/ros2_ws/install/turtlesim/include/turtlesim/msg/detail/pose__rosidl_typesupport_fastrtps_cpp.hpp
[19.946s] -- Installing: /home/vincent-pc/ros2_ws/install/turtlesim/include/turtlesim/msg/detail/dds_fastrtps
[19.947s] -- Installing: /home/vincent-pc/ros2_ws/install/turtlesim/include/turtlesim/msg/rosidl_typesupport_fastrtps_cpp__visibility_control.h
[19.947s] -- Up-to-date: /home/vincent-pc/ros2_ws/install/turtlesim/include/turtlesim/srv
[19.947s] -- Up-to-date: /home/vincent-pc/ros2_ws/install/turtlesim/include/turtlesim/srv/detail
[19.947s] -- Installing: /home/vincent-pc/ros2_ws/install/turtlesim/include/turtlesim/srv/detail/teleport_relative__rosidl_typesupport_fastrtps_cpp.hpp
[19.947s] -- Installing: /home/vincent-pc/ros2_ws/install/turtlesim/include/turtlesim/srv/detail/kill__rosidl_typesupport_fastrtps_cpp.hpp
[19.947s] -- Installing: /home/vincent-pc/ros2_ws/install/turtlesim/include/turtlesim/srv/detail/spawn__rosidl_typesupport_fastrtps_cpp.hpp
[19.947s] -- Installing: /home/vincent-pc/ros2_ws/install/turtlesim/include/turtlesim/srv/detail/set_pen__rosidl_typesupport_fastrtps_cpp.hpp
[19.947s] -- Installing: /home/vincent-pc/ros2_ws/install/turtlesim/include/turtlesim/srv/detail/dds_fastrtps
[19.947s] -- Installing: /home/vincent-pc/ros2_ws/install/turtlesim/include/turtlesim/srv/detail/teleport_absolute__rosidl_typesupport_fastrtps_cpp.hpp
[19.947s] -- Installing: /home/vincent-pc/ros2_ws/install/turtlesim/lib/libturtlesim__rosidl_typesupport_fastrtps_cpp.so
[19.948s] -- Set runtime path of "/home/vincent-pc/ros2_ws/install/turtlesim/lib/libturtlesim__rosidl_typesupport_fastrtps_cpp.so" to ""
[19.948s] -- Up-to-date: /home/vincent-pc/ros2_ws/install/turtlesim/include/turtlesim
[19.948s] -- Up-to-date: /home/vincent-pc/ros2_ws/install/turtlesim/include/turtlesim/action
[19.948s] -- Up-to-date: /home/vincent-pc/ros2_ws/install/turtlesim/include/turtlesim/action/detail
[19.948s] -- Installing: /home/vincent-pc/ros2_ws/install/turtlesim/include/turtlesim/action/detail/rotate_absolute__type_support.c
[19.948s] -- Installing: /home/vincent-pc/ros2_ws/install/turtlesim/include/turtlesim/action/detail/rotate_absolute__rosidl_typesupport_introspection_c.h
[19.948s] -- Up-to-date: /home/vincent-pc/ros2_ws/install/turtlesim/include/turtlesim/msg
[19.948s] -- Up-to-date: /home/vincent-pc/ros2_ws/install/turtlesim/include/turtlesim/msg/detail
[19.948s] -- Installing: /home/vincent-pc/ros2_ws/install/turtlesim/include/turtlesim/msg/detail/pose__type_support.c
[19.948s] -- Installing: /home/vincent-pc/ros2_ws/install/turtlesim/include/turtlesim/msg/detail/color__rosidl_typesupport_introspection_c.h
[19.948s] -- Installing: /home/vincent-pc/ros2_ws/install/turtlesim/include/turtlesim/msg/detail/pose__rosidl_typesupport_introspection_c.h
[19.948s] -- Installing: /home/vincent-pc/ros2_ws/install/turtlesim/include/turtlesim/msg/detail/color__type_support.c
[19.948s] -- Installing: /home/vincent-pc/ros2_ws/install/turtlesim/include/turtlesim/msg/rosidl_typesupport_introspection_c__visibility_control.h
[19.949s] -- Up-to-date: /home/vincent-pc/ros2_ws/install/turtlesim/include/turtlesim/srv
[19.949s] -- Up-to-date: /home/vincent-pc/ros2_ws/install/turtlesim/include/turtlesim/srv/detail
[19.949s] -- Installing: /home/vincent-pc/ros2_ws/install/turtlesim/include/turtlesim/srv/detail/spawn__rosidl_typesupport_introspection_c.h
[19.949s] -- Installing: /home/vincent-pc/ros2_ws/install/turtlesim/include/turtlesim/srv/detail/teleport_absolute__rosidl_typesupport_introspection_c.h
[19.949s] -- Installing: /home/vincent-pc/ros2_ws/install/turtlesim/include/turtlesim/srv/detail/kill__type_support.c
[19.949s] -- Installing: /home/vincent-pc/ros2_ws/install/turtlesim/include/turtlesim/srv/detail/set_pen__rosidl_typesupport_introspection_c.h
[19.949s] -- Installing: /home/vincent-pc/ros2_ws/install/turtlesim/include/turtlesim/srv/detail/set_pen__type_support.c
[19.949s] -- Installing: /home/vincent-pc/ros2_ws/install/turtlesim/include/turtlesim/srv/detail/teleport_relative__rosidl_typesupport_introspection_c.h
[19.949s] -- Installing: /home/vincent-pc/ros2_ws/install/turtlesim/include/turtlesim/srv/detail/kill__rosidl_typesupport_introspection_c.h
[19.949s] -- Installing: /home/vincent-pc/ros2_ws/install/turtlesim/include/turtlesim/srv/detail/spawn__type_support.c
[19.949s] -- Installing: /home/vincent-pc/ros2_ws/install/turtlesim/include/turtlesim/srv/detail/teleport_absolute__type_support.c
[19.949s] -- Installing: /home/vincent-pc/ros2_ws/install/turtlesim/include/turtlesim/srv/detail/teleport_relative__type_support.c
[19.949s] -- Installing: /home/vincent-pc/ros2_ws/install/turtlesim/lib/libturtlesim__rosidl_typesupport_introspection_c.so
[19.950s] -- Set runtime path of "/home/vincent-pc/ros2_ws/install/turtlesim/lib/libturtlesim__rosidl_typesupport_introspection_c.so" to ""
[19.950s] -- Installing: /home/vincent-pc/ros2_ws/install/turtlesim/lib/libturtlesim__rosidl_typesupport_c.so
[19.950s] -- Set runtime path of "/home/vincent-pc/ros2_ws/install/turtlesim/lib/libturtlesim__rosidl_typesupport_c.so" to ""
[19.950s] -- Up-to-date: /home/vincent-pc/ros2_ws/install/turtlesim/include/turtlesim
[19.950s] -- Up-to-date: /home/vincent-pc/ros2_ws/install/turtlesim/include/turtlesim/action
[19.950s] -- Up-to-date: /home/vincent-pc/ros2_ws/install/turtlesim/include/turtlesim/action/detail
[19.950s] -- Installing: /home/vincent-pc/ros2_ws/install/turtlesim/include/turtlesim/action/detail/rotate_absolute__struct.hpp
[19.950s] -- Installing: /home/vincent-pc/ros2_ws/install/turtlesim/include/turtlesim/action/detail/rotate_absolute__traits.hpp
[19.950s] -- Installing: /home/vincent-pc/ros2_ws/install/turtlesim/include/turtlesim/action/detail/rotate_absolute__type_support.hpp
[19.951s] -- Installing: /home/vincent-pc/ros2_ws/install/turtlesim/include/turtlesim/action/detail/rotate_absolute__builder.hpp
[19.951s] -- Installing: /home/vincent-pc/ros2_ws/install/turtlesim/include/turtlesim/action/rotate_absolute.hpp
[19.951s] -- Up-to-date: /home/vincent-pc/ros2_ws/install/turtlesim/include/turtlesim/msg
[19.951s] -- Up-to-date: /home/vincent-pc/ros2_ws/install/turtlesim/include/turtlesim/msg/detail
[19.951s] -- Installing: /home/vincent-pc/ros2_ws/install/turtlesim/include/turtlesim/msg/detail/color__struct.hpp
[19.951s] -- Installing: /home/vincent-pc/ros2_ws/install/turtlesim/include/turtlesim/msg/detail/pose__builder.hpp
[19.951s] -- Installing: /home/vincent-pc/ros2_ws/install/turtlesim/include/turtlesim/msg/detail/color__traits.hpp
[19.951s] -- Installing: /home/vincent-pc/ros2_ws/install/turtlesim/include/turtlesim/msg/detail/color__type_support.hpp
[19.951s] -- Installing: /home/vincent-pc/ros2_ws/install/turtlesim/include/turtlesim/msg/detail/pose__type_support.hpp
[19.952s] -- Installing: /home/vincent-pc/ros2_ws/install/turtlesim/include/turtlesim/msg/detail/pose__struct.hpp
[19.952s] -- Installing: /home/vincent-pc/ros2_ws/install/turtlesim/include/turtlesim/msg/detail/color__builder.hpp
[19.952s] -- Installing: /home/vincent-pc/ros2_ws/install/turtlesim/include/turtlesim/msg/detail/pose__traits.hpp
[19.952s] -- Installing: /home/vincent-pc/ros2_ws/install/turtlesim/include/turtlesim/msg/rosidl_generator_cpp__visibility_control.hpp
[19.952s] -- Installing: /home/vincent-pc/ros2_ws/install/turtlesim/include/turtlesim/msg/color.hpp
[19.952s] -- Installing: /home/vincent-pc/ros2_ws/install/turtlesim/include/turtlesim/msg/pose.hpp
[19.952s] -- Up-to-date: /home/vincent-pc/ros2_ws/install/turtlesim/include/turtlesim/srv
[19.952s] -- Installing: /home/vincent-pc/ros2_ws/install/turtlesim/include/turtlesim/srv/spawn.hpp
[19.952s] -- Up-to-date: /home/vincent-pc/ros2_ws/install/turtlesim/include/turtlesim/srv/detail
[19.952s] -- Installing: /home/vincent-pc/ros2_ws/install/turtlesim/include/turtlesim/srv/detail/kill__struct.hpp
[19.953s] -- Installing: /home/vincent-pc/ros2_ws/install/turtlesim/include/turtlesim/srv/detail/spawn__builder.hpp
[19.953s] -- Installing: /home/vincent-pc/ros2_ws/install/turtlesim/include/turtlesim/srv/detail/kill__traits.hpp
[19.953s] -- Installing: /home/vincent-pc/ros2_ws/install/turtlesim/include/turtlesim/srv/detail/set_pen__type_support.hpp
[19.953s] -- Installing: /home/vincent-pc/ros2_ws/install/turtlesim/include/turtlesim/srv/detail/set_pen__builder.hpp
[19.953s] -- Installing: /home/vincent-pc/ros2_ws/install/turtlesim/include/turtlesim/srv/detail/kill__builder.hpp
[19.953s] -- Installing: /home/vincent-pc/ros2_ws/install/turtlesim/include/turtlesim/srv/detail/spawn__traits.hpp
[19.953s] -- Installing: /home/vincent-pc/ros2_ws/install/turtlesim/include/turtlesim/srv/detail/spawn__struct.hpp
[19.953s] -- Installing: /home/vincent-pc/ros2_ws/install/turtlesim/include/turtlesim/srv/detail/kill__type_support.hpp
[19.954s] -- Installing: /home/vincent-pc/ros2_ws/install/turtlesim/include/turtlesim/srv/detail/teleport_absolute__type_support.hpp
[19.954s] -- Installing: /home/vincent-pc/ros2_ws/install/turtlesim/include/turtlesim/srv/detail/set_pen__struct.hpp
[19.954s] -- Installing: /home/vincent-pc/ros2_ws/install/turtlesim/include/turtlesim/srv/detail/teleport_absolute__builder.hpp
[19.954s] -- Installing: /home/vincent-pc/ros2_ws/install/turtlesim/include/turtlesim/srv/detail/teleport_absolute__traits.hpp
[19.954s] -- Installing: /home/vincent-pc/ros2_ws/install/turtlesim/include/turtlesim/srv/detail/teleport_relative__builder.hpp
[19.954s] -- Installing: /home/vincent-pc/ros2_ws/install/turtlesim/include/turtlesim/srv/detail/teleport_absolute__struct.hpp
[19.954s] -- Installing: /home/vincent-pc/ros2_ws/install/turtlesim/include/turtlesim/srv/detail/teleport_relative__type_support.hpp
[19.955s] -- Installing: /home/vincent-pc/ros2_ws/install/turtlesim/include/turtlesim/srv/detail/teleport_relative__traits.hpp
[19.955s] -- Installing: /home/vincent-pc/ros2_ws/install/turtlesim/include/turtlesim/srv/detail/teleport_relative__struct.hpp
[19.955s] -- Installing: /home/vincent-pc/ros2_ws/install/turtlesim/include/turtlesim/srv/detail/spawn__type_support.hpp
[19.955s] -- Installing: /home/vincent-pc/ros2_ws/install/turtlesim/include/turtlesim/srv/detail/set_pen__traits.hpp
[19.955s] -- Installing: /home/vincent-pc/ros2_ws/install/turtlesim/include/turtlesim/srv/teleport_relative.hpp
[19.955s] -- Installing: /home/vincent-pc/ros2_ws/install/turtlesim/include/turtlesim/srv/kill.hpp
[19.955s] -- Installing: /home/vincent-pc/ros2_ws/install/turtlesim/include/turtlesim/srv/set_pen.hpp
[19.955s] -- Installing: /home/vincent-pc/ros2_ws/install/turtlesim/include/turtlesim/srv/teleport_absolute.hpp
[19.956s] -- Up-to-date: /home/vincent-pc/ros2_ws/install/turtlesim/include/turtlesim
[19.956s] -- Up-to-date: /home/vincent-pc/ros2_ws/install/turtlesim/include/turtlesim/action
[19.956s] -- Up-to-date: /home/vincent-pc/ros2_ws/install/turtlesim/include/turtlesim/action/detail
[19.956s] -- Installing: /home/vincent-pc/ros2_ws/install/turtlesim/include/turtlesim/action/detail/rotate_absolute__rosidl_typesupport_introspection_cpp.hpp
[19.956s] -- Installing: /home/vincent-pc/ros2_ws/install/turtlesim/include/turtlesim/action/detail/rotate_absolute__type_support.cpp
[19.956s] -- Up-to-date: /home/vincent-pc/ros2_ws/install/turtlesim/include/turtlesim/msg
[19.956s] -- Up-to-date: /home/vincent-pc/ros2_ws/install/turtlesim/include/turtlesim/msg/detail
[19.956s] -- Installing: /home/vincent-pc/ros2_ws/install/turtlesim/include/turtlesim/msg/detail/color__type_support.cpp
[19.956s] -- Installing: /home/vincent-pc/ros2_ws/install/turtlesim/include/turtlesim/msg/detail/color__rosidl_typesupport_introspection_cpp.hpp
[19.956s] -- Installing: /home/vincent-pc/ros2_ws/install/turtlesim/include/turtlesim/msg/detail/pose__type_support.cpp
[19.957s] -- Installing: /home/vincent-pc/ros2_ws/install/turtlesim/include/turtlesim/msg/detail/pose__rosidl_typesupport_introspection_cpp.hpp
[19.957s] -- Up-to-date: /home/vincent-pc/ros2_ws/install/turtlesim/include/turtlesim/srv
[19.957s] -- Up-to-date: /home/vincent-pc/ros2_ws/install/turtlesim/include/turtlesim/srv/detail
[19.957s] -- Installing: /home/vincent-pc/ros2_ws/install/turtlesim/include/turtlesim/srv/detail/teleport_absolute__type_support.cpp
[19.957s] -- Installing: /home/vincent-pc/ros2_ws/install/turtlesim/include/turtlesim/srv/detail/set_pen__rosidl_typesupport_introspection_cpp.hpp
[19.957s] -- Installing: /home/vincent-pc/ros2_ws/install/turtlesim/include/turtlesim/srv/detail/set_pen__type_support.cpp
[19.957s] -- Installing: /home/vincent-pc/ros2_ws/install/turtlesim/include/turtlesim/srv/detail/teleport_relative__type_support.cpp
[19.957s] -- Installing: /home/vincent-pc/ros2_ws/install/turtlesim/include/turtlesim/srv/detail/kill__type_support.cpp
[19.957s] -- Installing: /home/vincent-pc/ros2_ws/install/turtlesim/include/turtlesim/srv/detail/teleport_relative__rosidl_typesupport_introspection_cpp.hpp
[19.957s] -- Installing: /home/vincent-pc/ros2_ws/install/turtlesim/include/turtlesim/srv/detail/kill__rosidl_typesupport_introspection_cpp.hpp
[19.957s] -- Installing: /home/vincent-pc/ros2_ws/install/turtlesim/include/turtlesim/srv/detail/spawn__type_support.cpp
[19.958s] -- Installing: /home/vincent-pc/ros2_ws/install/turtlesim/include/turtlesim/srv/detail/spawn__rosidl_typesupport_introspection_cpp.hpp
[19.958s] -- Installing: /home/vincent-pc/ros2_ws/install/turtlesim/include/turtlesim/srv/detail/teleport_absolute__rosidl_typesupport_introspection_cpp.hpp
[19.958s] -- Installing: /home/vincent-pc/ros2_ws/install/turtlesim/lib/libturtlesim__rosidl_typesupport_introspection_cpp.so
[19.959s] -- Set runtime path of "/home/vincent-pc/ros2_ws/install/turtlesim/lib/libturtlesim__rosidl_typesupport_introspection_cpp.so" to ""
[19.959s] -- Installing: /home/vincent-pc/ros2_ws/install/turtlesim/lib/libturtlesim__rosidl_typesupport_cpp.so
[19.959s] -- Set runtime path of "/home/vincent-pc/ros2_ws/install/turtlesim/lib/libturtlesim__rosidl_typesupport_cpp.so" to ""
[19.959s] -- Installing: /home/vincent-pc/ros2_ws/install/turtlesim/share/turtlesim/environment/pythonpath.sh
[19.959s] -- Installing: /home/vincent-pc/ros2_ws/install/turtlesim/share/turtlesim/environment/pythonpath.dsv
[19.959s] -- Installing: /home/vincent-pc/ros2_ws/install/turtlesim/lib/python3.8/site-packages/turtlesim/__init__.py
[19.994s] Compiling '/home/vincent-pc/ros2_ws/install/turtlesim/lib/python3.8/site-packages/turtlesim/__init__.py'...
[19.998s] -- Installing: /home/vincent-pc/ros2_ws/install/turtlesim/lib/python3.8/site-packages/turtlesim/action
[19.998s] -- Installing: /home/vincent-pc/ros2_ws/install/turtlesim/lib/python3.8/site-packages/turtlesim/action/__init__.py
[19.998s] -- Installing: /home/vincent-pc/ros2_ws/install/turtlesim/lib/python3.8/site-packages/turtlesim/action/_rotate_absolute.py
[19.998s] -- Installing: /home/vincent-pc/ros2_ws/install/turtlesim/lib/python3.8/site-packages/turtlesim/action/_rotate_absolute_s.c
[19.998s] -- Installing: /home/vincent-pc/ros2_ws/install/turtlesim/lib/python3.8/site-packages/turtlesim/msg
[19.998s] -- Installing: /home/vincent-pc/ros2_ws/install/turtlesim/lib/python3.8/site-packages/turtlesim/msg/__init__.py
[19.999s] -- Installing: /home/vincent-pc/ros2_ws/install/turtlesim/lib/python3.8/site-packages/turtlesim/msg/_pose_s.c
[19.999s] -- Installing: /home/vincent-pc/ros2_ws/install/turtlesim/lib/python3.8/site-packages/turtlesim/msg/_pose.py
[19.999s] -- Installing: /home/vincent-pc/ros2_ws/install/turtlesim/lib/python3.8/site-packages/turtlesim/msg/_color.py
[19.999s] -- Installing: /home/vincent-pc/ros2_ws/install/turtlesim/lib/python3.8/site-packages/turtlesim/msg/_color_s.c
[19.999s] -- Installing: /home/vincent-pc/ros2_ws/install/turtlesim/lib/python3.8/site-packages/turtlesim/srv
[19.999s] -- Installing: /home/vincent-pc/ros2_ws/install/turtlesim/lib/python3.8/site-packages/turtlesim/srv/_spawn_s.c
[19.999s] -- Installing: /home/vincent-pc/ros2_ws/install/turtlesim/lib/python3.8/site-packages/turtlesim/srv/_teleport_absolute.py
[19.999s] -- Installing: /home/vincent-pc/ros2_ws/install/turtlesim/lib/python3.8/site-packages/turtlesim/srv/_set_pen.py
[19.999s] -- Installing: /home/vincent-pc/ros2_ws/install/turtlesim/lib/python3.8/site-packages/turtlesim/srv/__init__.py
[19.999s] -- Installing: /home/vincent-pc/ros2_ws/install/turtlesim/lib/python3.8/site-packages/turtlesim/srv/_kill_s.c
[19.999s] -- Installing: /home/vincent-pc/ros2_ws/install/turtlesim/lib/python3.8/site-packages/turtlesim/srv/_set_pen_s.c
[19.999s] -- Installing: /home/vincent-pc/ros2_ws/install/turtlesim/lib/python3.8/site-packages/turtlesim/srv/_teleport_relative.py
[20.000s] -- Installing: /home/vincent-pc/ros2_ws/install/turtlesim/lib/python3.8/site-packages/turtlesim/srv/_spawn.py
[20.000s] -- Installing: /home/vincent-pc/ros2_ws/install/turtlesim/lib/python3.8/site-packages/turtlesim/srv/_teleport_absolute_s.c
[20.000s] -- Installing: /home/vincent-pc/ros2_ws/install/turtlesim/lib/python3.8/site-packages/turtlesim/srv/_kill.py
[20.000s] -- Installing: /home/vincent-pc/ros2_ws/install/turtlesim/lib/python3.8/site-packages/turtlesim/srv/_teleport_relative_s.c
[20.000s] -- Installing: /home/vincent-pc/ros2_ws/install/turtlesim/lib/python3.8/site-packages/turtlesim/turtlesim_s__rosidl_typesupport_fastrtps_c.cpython-38-x86_64-linux-gnu.so
[20.000s] -- Set runtime path of "/home/vincent-pc/ros2_ws/install/turtlesim/lib/python3.8/site-packages/turtlesim/turtlesim_s__rosidl_typesupport_fastrtps_c.cpython-38-x86_64-linux-gnu.so" to ""
[20.000s] -- Installing: /home/vincent-pc/ros2_ws/install/turtlesim/lib/python3.8/site-packages/turtlesim/turtlesim_s__rosidl_typesupport_introspection_c.cpython-38-x86_64-linux-gnu.so
[20.001s] -- Set runtime path of "/home/vincent-pc/ros2_ws/install/turtlesim/lib/python3.8/site-packages/turtlesim/turtlesim_s__rosidl_typesupport_introspection_c.cpython-38-x86_64-linux-gnu.so" to ""
[20.001s] -- Installing: /home/vincent-pc/ros2_ws/install/turtlesim/lib/python3.8/site-packages/turtlesim/turtlesim_s__rosidl_typesupport_c.cpython-38-x86_64-linux-gnu.so
[20.001s] -- Set runtime path of "/home/vincent-pc/ros2_ws/install/turtlesim/lib/python3.8/site-packages/turtlesim/turtlesim_s__rosidl_typesupport_c.cpython-38-x86_64-linux-gnu.so" to ""
[20.001s] -- Installing: /home/vincent-pc/ros2_ws/install/turtlesim/lib/libturtlesim__python.so
[20.002s] -- Set runtime path of "/home/vincent-pc/ros2_ws/install/turtlesim/lib/libturtlesim__python.so" to ""
[20.002s] -- Installing: /home/vincent-pc/ros2_ws/install/turtlesim/share/turtlesim/action/RotateAbsolute.idl
[20.002s] -- Installing: /home/vincent-pc/ros2_ws/install/turtlesim/share/turtlesim/msg/Color.idl
[20.002s] -- Installing: /home/vincent-pc/ros2_ws/install/turtlesim/share/turtlesim/msg/Pose.idl
[20.002s] -- Installing: /home/vincent-pc/ros2_ws/install/turtlesim/share/turtlesim/srv/Kill.idl
[20.002s] -- Installing: /home/vincent-pc/ros2_ws/install/turtlesim/share/turtlesim/srv/SetPen.idl
[20.002s] -- Installing: /home/vincent-pc/ros2_ws/install/turtlesim/share/turtlesim/srv/Spawn.idl
[20.002s] -- Installing: /home/vincent-pc/ros2_ws/install/turtlesim/share/turtlesim/srv/TeleportAbsolute.idl
[20.002s] -- Installing: /home/vincent-pc/ros2_ws/install/turtlesim/share/turtlesim/srv/TeleportRelative.idl
[20.002s] -- Installing: /home/vincent-pc/ros2_ws/install/turtlesim/share/turtlesim/action/RotateAbsolute.action
[20.002s] -- Installing: /home/vincent-pc/ros2_ws/install/turtlesim/share/turtlesim/msg/Color.msg
[20.003s] -- Installing: /home/vincent-pc/ros2_ws/install/turtlesim/share/turtlesim/msg/Pose.msg
[20.003s] -- Installing: /home/vincent-pc/ros2_ws/install/turtlesim/share/turtlesim/srv/Kill.srv
[20.003s] -- Installing: /home/vincent-pc/ros2_ws/install/turtlesim/share/turtlesim/srv/Kill_Request.msg
[20.003s] -- Installing: /home/vincent-pc/ros2_ws/install/turtlesim/share/turtlesim/srv/Kill_Response.msg
[20.003s] -- Installing: /home/vincent-pc/ros2_ws/install/turtlesim/share/turtlesim/srv/SetPen.srv
[20.003s] -- Installing: /home/vincent-pc/ros2_ws/install/turtlesim/share/turtlesim/srv/SetPen_Request.msg
[20.003s] -- Installing: /home/vincent-pc/ros2_ws/install/turtlesim/share/turtlesim/srv/SetPen_Response.msg
[20.004s] -- Installing: /home/vincent-pc/ros2_ws/install/turtlesim/share/turtlesim/srv/Spawn.srv
[20.004s] -- Installing: /home/vincent-pc/ros2_ws/install/turtlesim/share/turtlesim/srv/Spawn_Request.msg
[20.004s] -- Installing: /home/vincent-pc/ros2_ws/install/turtlesim/share/turtlesim/srv/Spawn_Response.msg
[20.004s] -- Installing: /home/vincent-pc/ros2_ws/install/turtlesim/share/turtlesim/srv/TeleportAbsolute.srv
[20.004s] -- Installing: /home/vincent-pc/ros2_ws/install/turtlesim/share/turtlesim/srv/TeleportAbsolute_Request.msg
[20.004s] -- Installing: /home/vincent-pc/ros2_ws/install/turtlesim/share/turtlesim/srv/TeleportAbsolute_Response.msg
[20.005s] -- Installing: /home/vincent-pc/ros2_ws/install/turtlesim/share/turtlesim/srv/TeleportRelative.srv
[20.005s] -- Installing: /home/vincent-pc/ros2_ws/install/turtlesim/share/turtlesim/srv/TeleportRelative_Request.msg
[20.005s] -- Installing: /home/vincent-pc/ros2_ws/install/turtlesim/share/turtlesim/srv/TeleportRelative_Response.msg
[20.005s] -- Installing: /home/vincent-pc/ros2_ws/install/turtlesim/lib/turtlesim/turtlesim_node
[20.008s] -- Set runtime path of "/home/vincent-pc/ros2_ws/install/turtlesim/lib/turtlesim/turtlesim_node" to ""
[20.008s] -- Installing: /home/vincent-pc/ros2_ws/install/turtlesim/lib/turtlesim/turtle_teleop_key
[20.009s] -- Set runtime path of "/home/vincent-pc/ros2_ws/install/turtlesim/lib/turtlesim/turtle_teleop_key" to ""
[20.010s] -- Installing: /home/vincent-pc/ros2_ws/install/turtlesim/lib/turtlesim/draw_square
[20.011s] -- Set runtime path of "/home/vincent-pc/ros2_ws/install/turtlesim/lib/turtlesim/draw_square" to ""
[20.011s] -- Installing: /home/vincent-pc/ros2_ws/install/turtlesim/lib/turtlesim/mimic
[20.013s] -- Set runtime path of "/home/vincent-pc/ros2_ws/install/turtlesim/lib/turtlesim/mimic" to ""
[20.013s] -- Installing: /home/vincent-pc/ros2_ws/install/turtlesim/share/turtlesim/images
[20.013s] -- Installing: /home/vincent-pc/ros2_ws/install/turtlesim/share/turtlesim/images/dashing.png
[20.013s] -- Installing: /home/vincent-pc/ros2_ws/install/turtlesim/share/turtlesim/images/eloquent.png
[20.013s] -- Installing: /home/vincent-pc/ros2_ws/install/turtlesim/share/turtlesim/images/crystal.png
[20.013s] -- Installing: /home/vincent-pc/ros2_ws/install/turtlesim/share/turtlesim/images/foxy.png
[20.014s] -- Installing: /home/vincent-pc/ros2_ws/install/turtlesim/share/turtlesim/images/ardent.png
[20.014s] -- Installing: /home/vincent-pc/ros2_ws/install/turtlesim/share/turtlesim/images/bouncy.png
[20.014s] -- Installing: /home/vincent-pc/ros2_ws/install/turtlesim/share/turtlesim/launch
[20.014s] -- Installing: /home/vincent-pc/ros2_ws/install/turtlesim/share/turtlesim/launch/multisim.launch.py
[20.014s] -- Installing: /home/vincent-pc/ros2_ws/install/turtlesim/share/ament_index/resource_index/package_run_dependencies/turtlesim
[20.014s] -- Installing: /home/vincent-pc/ros2_ws/install/turtlesim/share/ament_index/resource_index/parent_prefix_path/turtlesim
[20.015s] -- Installing: /home/vincent-pc/ros2_ws/install/turtlesim/share/turtlesim/environment/ament_prefix_path.sh
[20.015s] -- Installing: /home/vincent-pc/ros2_ws/install/turtlesim/share/turtlesim/environment/ament_prefix_path.dsv
[20.015s] -- Installing: /home/vincent-pc/ros2_ws/install/turtlesim/share/turtlesim/environment/path.sh
[20.015s] -- Installing: /home/vincent-pc/ros2_ws/install/turtlesim/share/turtlesim/environment/path.dsv
[20.016s] -- Installing: /home/vincent-pc/ros2_ws/install/turtlesim/share/turtlesim/local_setup.bash
[20.016s] -- Installing: /home/vincent-pc/ros2_ws/install/turtlesim/share/turtlesim/local_setup.sh
[20.016s] -- Installing: /home/vincent-pc/ros2_ws/install/turtlesim/share/turtlesim/local_setup.zsh
[20.016s] -- Installing: /home/vincent-pc/ros2_ws/install/turtlesim/share/turtlesim/local_setup.dsv
[20.016s] -- Installing: /home/vincent-pc/ros2_ws/install/turtlesim/share/turtlesim/package.dsv
[20.016s] -- Installing: /home/vincent-pc/ros2_ws/install/turtlesim/share/ament_index/resource_index/packages/turtlesim
[20.016s] -- Installing: /home/vincent-pc/ros2_ws/install/turtlesim/share/turtlesim/cmake/turtlesim__rosidl_generator_cExport.cmake
[20.017s] -- Installing: /home/vincent-pc/ros2_ws/install/turtlesim/share/turtlesim/cmake/turtlesim__rosidl_generator_cExport-noconfig.cmake
[20.017s] -- Installing: /home/vincent-pc/ros2_ws/install/turtlesim/share/turtlesim/cmake/turtlesim__rosidl_typesupport_introspection_cExport.cmake
[20.017s] -- Installing: /home/vincent-pc/ros2_ws/install/turtlesim/share/turtlesim/cmake/turtlesim__rosidl_typesupport_introspection_cExport-noconfig.cmake
[20.017s] -- Installing: /home/vincent-pc/ros2_ws/install/turtlesim/share/turtlesim/cmake/turtlesim__rosidl_typesupport_cExport.cmake
[20.017s] -- Installing: /home/vincent-pc/ros2_ws/install/turtlesim/share/turtlesim/cmake/turtlesim__rosidl_typesupport_cExport-noconfig.cmake
[20.017s] -- Installing: /home/vincent-pc/ros2_ws/install/turtlesim/share/turtlesim/cmake/turtlesim__rosidl_generator_cppExport.cmake
[20.018s] -- Installing: /home/vincent-pc/ros2_ws/install/turtlesim/share/turtlesim/cmake/turtlesim__rosidl_typesupport_introspection_cppExport.cmake
[20.018s] -- Installing: /home/vincent-pc/ros2_ws/install/turtlesim/share/turtlesim/cmake/turtlesim__rosidl_typesupport_introspection_cppExport-noconfig.cmake
[20.018s] -- Installing: /home/vincent-pc/ros2_ws/install/turtlesim/share/turtlesim/cmake/turtlesim__rosidl_typesupport_cppExport.cmake
[20.018s] -- Installing: /home/vincent-pc/ros2_ws/install/turtlesim/share/turtlesim/cmake/turtlesim__rosidl_typesupport_cppExport-noconfig.cmake
[20.018s] -- Installing: /home/vincent-pc/ros2_ws/install/turtlesim/share/turtlesim/cmake/rosidl_cmake-extras.cmake
[20.019s] -- Installing: /home/vincent-pc/ros2_ws/install/turtlesim/share/turtlesim/cmake/ament_cmake_export_dependencies-extras.cmake
[20.019s] -- Installing: /home/vincent-pc/ros2_ws/install/turtlesim/share/turtlesim/cmake/ament_cmake_export_libraries-extras.cmake
[20.019s] -- Installing: /home/vincent-pc/ros2_ws/install/turtlesim/share/turtlesim/cmake/ament_cmake_export_targets-extras.cmake
[20.019s] -- Installing: /home/vincent-pc/ros2_ws/install/turtlesim/share/turtlesim/cmake/ament_cmake_export_include_directories-extras.cmake
[20.019s] -- Installing: /home/vincent-pc/ros2_ws/install/turtlesim/share/turtlesim/cmake/rosidl_cmake_export_typesupport_libraries-extras.cmake
[20.019s] -- Installing: /home/vincent-pc/ros2_ws/install/turtlesim/share/turtlesim/cmake/rosidl_cmake_export_typesupport_targets-extras.cmake
[20.019s] -- Installing: /home/vincent-pc/ros2_ws/install/turtlesim/share/turtlesim/cmake/turtlesimConfig.cmake
[20.019s] -- Installing: /home/vincent-pc/ros2_ws/install/turtlesim/share/turtlesim/cmake/turtlesimConfig-version.cmake
[20.020s] -- Installing: /home/vincent-pc/ros2_ws/install/turtlesim/share/turtlesim/package.xml
[20.022s] Invoked command in '/home/vincent-pc/ros2_ws/build/turtlesim' returned '0': CMAKE_PREFIX_PATH=${CMAKE_PREFIX_PATH}:/home/vincent-pc/ros2_ws/install/examples_rclpy_minimal_subscriber:/home/vincent-pc/ros2_ws/install/examples_rclpy_minimal_service:/home/vincent-pc/ros2_ws/install/examples_rclpy_minimal_publisher:/home/vincent-pc/ros2_ws/install/examples_rclpy_minimal_client:/home/vincent-pc/ros2_ws/install/examples_rclpy_minimal_action_server:/home/vincent-pc/ros2_ws/install/examples_rclpy_minimal_action_client:/home/vincent-pc/ros2_ws/install/examples_rclpy_executors:/opt/ros/foxy /usr/bin/cmake --install /home/vincent-pc/ros2_ws/build/turtlesim
