[0.042s] Invoking command in '/home/vincent-pc/ros2_ws/src/build/examples_rclcpp_minimal_action_client': CMAKE_PREFIX_PATH=/opt/ros/foxy /usr/bin/cmake /home/vincent-pc/ros2_ws/src/src/examples/rclcpp/actions/minimal_action_client -DAMENT_CMAKE_SYMLINK_INSTALL=1 -DCMAKE_INSTALL_PREFIX=/home/vincent-pc/ros2_ws/src/install/examples_rclcpp_minimal_action_client
[0.219s] -- The C compiler identification is GNU 9.4.0
[0.352s] -- The CXX compiler identification is GNU 9.4.0
[0.363s] -- Check for working C compiler: /usr/bin/cc
[0.468s] -- Check for working C compiler: /usr/bin/cc -- works
[0.469s] -- Detecting C compiler ABI info
[0.595s] -- Detecting C compiler ABI info - done
[0.617s] -- Detecting C compile features
[0.618s] -- Detecting C compile features - done
[0.621s] -- Check for working CXX compiler: /usr/bin/c++
[0.762s] -- Check for working CXX compiler: /usr/bin/c++ -- works
[0.763s] -- Detecting CXX compiler ABI info
[0.902s] -- Detecting CXX compiler ABI info - done
[0.924s] -- Detecting CXX compile features
[0.926s] -- Detecting CXX compile features - done
[0.930s] -- Found ament_cmake: 0.9.12 (/opt/ros/foxy/share/ament_cmake/cmake)
[0.971s] -- Found PythonInterp: /usr/bin/python3 (found suitable version "3.8.10", minimum required is "3") 
[0.971s] -- Using PYTHON_EXECUTABLE: /usr/bin/python3
[1.294s] -- Override CMake install command with custom implementation using symlinks instead of copying resources
[1.329s] -- Found example_interfaces: 0.9.1 (/opt/ros/foxy/share/example_interfaces/cmake)
[1.367s] -- Using all available rosidl_typesupport_c: rosidl_typesupport_fastrtps_c;rosidl_typesupport_introspection_c
[1.376s] -- Found rosidl_adapter: 1.3.1 (/opt/ros/foxy/share/rosidl_adapter/cmake)
[1.483s] -- Found OpenSSL: /usr/lib/x86_64-linux-gnu/libcrypto.so (found version "1.1.1f")  
[1.513s] -- Found FastRTPS: /opt/ros/foxy/include  
[1.630s] -- Using all available rosidl_typesupport_cpp: rosidl_typesupport_fastrtps_cpp;rosidl_typesupport_introspection_cpp
[1.875s] -- Found rclcpp: 2.4.3 (/opt/ros/foxy/share/rclcpp/cmake)
[1.947s] -- Found rmw_implementation_cmake: 1.0.4 (/opt/ros/foxy/share/rmw_implementation_cmake/cmake)
[1.950s] -- Using RMW implementation 'rmw_fastrtps_cpp' as default
[1.952s] -- Looking for pthread.h
[2.072s] -- Looking for pthread.h - found
[2.072s] -- Performing Test CMAKE_HAVE_LIBC_PTHREAD
[2.188s] -- Performing Test CMAKE_HAVE_LIBC_PTHREAD - Failed
[2.189s] -- Looking for pthread_create in pthreads
[2.279s] -- Looking for pthread_create in pthreads - not found
[2.281s] -- Looking for pthread_create in pthread
[2.386s] -- Looking for pthread_create in pthread - found
[2.387s] -- Found Threads: TRUE  
[2.661s] -- Found rclcpp_action: 2.4.3 (/opt/ros/foxy/share/rclcpp_action/cmake)
[2.730s] -- Found ament_lint_auto: 0.9.8 (/opt/ros/foxy/share/ament_lint_auto/cmake)
[2.878s] -- Added test 'copyright' to check source files copyright and LICENSE
[2.881s] -- Added test 'cppcheck' to perform static code analysis on C / C++ code
[2.881s] -- Configured cppcheck include dirs: 
[2.882s] -- Configured cppcheck exclude dirs and/or files: 
[2.882s] -- Added test 'cpplint' to check C / C++ code against the Google style
[2.882s] -- Configured cpplint exclude dirs and/or files: 
[2.882s] -- Added test 'lint_cmake' to check CMake code style
[2.884s] -- Added test 'uncrustify' to check C / C++ code style
[2.884s] -- Configured uncrustify additional arguments: 
[2.885s] -- Added test 'xmllint' to check XML markup files
[2.890s] -- Configuring done
[2.925s] -- Generating done
[2.928s] -- Build files have been written to: /home/vincent-pc/ros2_ws/src/build/examples_rclcpp_minimal_action_client
[2.941s] Invoked command in '/home/vincent-pc/ros2_ws/src/build/examples_rclcpp_minimal_action_client' returned '0': CMAKE_PREFIX_PATH=/opt/ros/foxy /usr/bin/cmake /home/vincent-pc/ros2_ws/src/src/examples/rclcpp/actions/minimal_action_client -DAMENT_CMAKE_SYMLINK_INSTALL=1 -DCMAKE_INSTALL_PREFIX=/home/vincent-pc/ros2_ws/src/install/examples_rclcpp_minimal_action_client
[2.944s] Invoking command in '/home/vincent-pc/ros2_ws/src/build/examples_rclcpp_minimal_action_client': CMAKE_PREFIX_PATH=/opt/ros/foxy /usr/bin/cmake --build /home/vincent-pc/ros2_ws/src/build/examples_rclcpp_minimal_action_client -- -j8 -l8
[14.132s] [35m[1mScanning dependencies of target action_client_not_composable[0m
[14.135s] [35m[1mScanning dependencies of target action_client_not_composable_with_feedback[0m
[14.135s] [35m[1mScanning dependencies of target action_client_not_composable_with_cancel[0m
[14.135s] [35m[1mScanning dependencies of target action_client_member_functions[0m
[14.135s] [ 12%] [32mBuilding CXX object CMakeFiles/action_client_member_functions.dir/member_functions.cpp.o[0m
[14.135s] [ 25%] [32mBuilding CXX object CMakeFiles/action_client_not_composable_with_feedback.dir/not_composable_with_feedback.cpp.o[0m
[14.136s] [ 37%] [32mBuilding CXX object CMakeFiles/action_client_not_composable_with_cancel.dir/not_composable_with_cancel.cpp.o[0m
[14.136s] [ 50%] [32mBuilding CXX object CMakeFiles/action_client_not_composable.dir/not_composable.cpp.o[0m
[17.051s] [ 62%] [32m[1mLinking CXX executable action_client_not_composable_with_cancel[0m
[17.197s] [ 75%] [32m[1mLinking CXX executable action_client_not_composable[0m
[17.503s] [ 87%] [32m[1mLinking CXX executable action_client_member_functions[0m
[17.755s] [ 87%] Built target action_client_not_composable
[17.770s] [100%] [32m[1mLinking CXX executable action_client_not_composable_with_feedback[0m
[17.781s] [100%] Built target action_client_not_composable_with_cancel
[18.146s] [100%] Built target action_client_member_functions
[18.233s] [100%] Built target action_client_not_composable_with_feedback
[18.618s] Invoked command in '/home/vincent-pc/ros2_ws/src/build/examples_rclcpp_minimal_action_client' returned '0': CMAKE_PREFIX_PATH=/opt/ros/foxy /usr/bin/cmake --build /home/vincent-pc/ros2_ws/src/build/examples_rclcpp_minimal_action_client -- -j8 -l8
[19.160s] Invoking command in '/home/vincent-pc/ros2_ws/src/build/examples_rclcpp_minimal_action_client': CMAKE_PREFIX_PATH=/opt/ros/foxy /usr/bin/cmake --install /home/vincent-pc/ros2_ws/src/build/examples_rclcpp_minimal_action_client
[19.181s] -- Install configuration: ""
[19.183s] -- Execute custom install script
[19.184s] -- Symlinking: /home/vincent-pc/ros2_ws/src/install/examples_rclcpp_minimal_action_client/lib/examples_rclcpp_minimal_action_client/action_client_member_functions
[19.211s] -- Symlinking: /home/vincent-pc/ros2_ws/src/install/examples_rclcpp_minimal_action_client/lib/examples_rclcpp_minimal_action_client/action_client_not_composable
[19.227s] -- Symlinking: /home/vincent-pc/ros2_ws/src/install/examples_rclcpp_minimal_action_client/lib/examples_rclcpp_minimal_action_client/action_client_not_composable_with_cancel
[19.242s] -- Symlinking: /home/vincent-pc/ros2_ws/src/install/examples_rclcpp_minimal_action_client/lib/examples_rclcpp_minimal_action_client/action_client_not_composable_with_feedback
[19.261s] -- Symlinking: /home/vincent-pc/ros2_ws/src/install/examples_rclcpp_minimal_action_client/share/ament_index/resource_index/package_run_dependencies/examples_rclcpp_minimal_action_client
[19.297s] -- Symlinking: /home/vincent-pc/ros2_ws/src/install/examples_rclcpp_minimal_action_client/share/ament_index/resource_index/parent_prefix_path/examples_rclcpp_minimal_action_client
[19.314s] -- Symlinking: /home/vincent-pc/ros2_ws/src/install/examples_rclcpp_minimal_action_client/share/examples_rclcpp_minimal_action_client/environment/ament_prefix_path.sh
[19.329s] -- Symlinking: /home/vincent-pc/ros2_ws/src/install/examples_rclcpp_minimal_action_client/share/examples_rclcpp_minimal_action_client/environment/ament_prefix_path.dsv
[19.348s] -- Symlinking: /home/vincent-pc/ros2_ws/src/install/examples_rclcpp_minimal_action_client/share/examples_rclcpp_minimal_action_client/environment/path.sh
[19.390s] -- Symlinking: /home/vincent-pc/ros2_ws/src/install/examples_rclcpp_minimal_action_client/share/examples_rclcpp_minimal_action_client/environment/path.dsv
[19.411s] -- Symlinking: /home/vincent-pc/ros2_ws/src/install/examples_rclcpp_minimal_action_client/share/examples_rclcpp_minimal_action_client/local_setup.bash
[19.427s] -- Symlinking: /home/vincent-pc/ros2_ws/src/install/examples_rclcpp_minimal_action_client/share/examples_rclcpp_minimal_action_client/local_setup.sh
[19.443s] -- Symlinking: /home/vincent-pc/ros2_ws/src/install/examples_rclcpp_minimal_action_client/share/examples_rclcpp_minimal_action_client/local_setup.zsh
[19.456s] -- Symlinking: /home/vincent-pc/ros2_ws/src/install/examples_rclcpp_minimal_action_client/share/examples_rclcpp_minimal_action_client/local_setup.dsv
[19.490s] -- Symlinking: /home/vincent-pc/ros2_ws/src/install/examples_rclcpp_minimal_action_client/share/examples_rclcpp_minimal_action_client/package.dsv
[19.520s] -- Symlinking: /home/vincent-pc/ros2_ws/src/install/examples_rclcpp_minimal_action_client/share/ament_index/resource_index/packages/examples_rclcpp_minimal_action_client
[19.545s] -- Symlinking: /home/vincent-pc/ros2_ws/src/install/examples_rclcpp_minimal_action_client/share/examples_rclcpp_minimal_action_client/cmake/examples_rclcpp_minimal_action_clientConfig.cmake
[19.572s] -- Symlinking: /home/vincent-pc/ros2_ws/src/install/examples_rclcpp_minimal_action_client/share/examples_rclcpp_minimal_action_client/cmake/examples_rclcpp_minimal_action_clientConfig-version.cmake
[19.587s] -- Symlinking: /home/vincent-pc/ros2_ws/src/install/examples_rclcpp_minimal_action_client/share/examples_rclcpp_minimal_action_client/package.xml
[19.934s] Invoked command in '/home/vincent-pc/ros2_ws/src/build/examples_rclcpp_minimal_action_client' returned '0': CMAKE_PREFIX_PATH=/opt/ros/foxy /usr/bin/cmake --install /home/vincent-pc/ros2_ws/src/build/examples_rclcpp_minimal_action_client
