[1.695s] Invoking command in '/home/vincent-pc/ros2_ws/src/src/examples/rclpy/executors': PYTHONPATH=/home/vincent-pc/ros2_ws/build/examples_rclpy_executors/prefix_override:/usr/lib/python3/dist-packages/colcon_core/task/python/colcon_distutils_commands:/home/vincent-pc/ros2_ws/install/examples_rclpy_executors/lib/python3.8/site-packages:${PYTHONPATH} /usr/bin/python3 -W ignore:setup.py install is deprecated setup.py egg_info --egg-base ../../../../../build/examples_rclpy_executors build --build-base /home/vincent-pc/ros2_ws/build/examples_rclpy_executors/build install --record /home/vincent-pc/ros2_ws/build/examples_rclpy_executors/install.log --install-scripts $base/lib/examples_rclpy_executors --single-version-externally-managed install_data
[2.122s] running egg_info
[2.124s] writing ../../../../../build/examples_rclpy_executors/examples_rclpy_executors.egg-info/PKG-INFO
[2.124s] writing dependency_links to ../../../../../build/examples_rclpy_executors/examples_rclpy_executors.egg-info/dependency_links.txt
[2.125s] writing entry points to ../../../../../build/examples_rclpy_executors/examples_rclpy_executors.egg-info/entry_points.txt
[2.125s] writing requirements to ../../../../../build/examples_rclpy_executors/examples_rclpy_executors.egg-info/requires.txt
[2.125s] writing top-level names to ../../../../../build/examples_rclpy_executors/examples_rclpy_executors.egg-info/top_level.txt
[2.194s] reading manifest file '../../../../../build/examples_rclpy_executors/examples_rclpy_executors.egg-info/SOURCES.txt'
[2.201s] writing manifest file '../../../../../build/examples_rclpy_executors/examples_rclpy_executors.egg-info/SOURCES.txt'
[2.201s] running build
[2.202s] running build_py
[2.202s] running install
[2.204s] running install_lib
[2.206s] running install_data
[2.207s] running install_egg_info
[2.212s] removing '/home/vincent-pc/ros2_ws/install/examples_rclpy_executors/lib/python3.8/site-packages/examples_rclpy_executors-0.9.4-py3.8.egg-info' (and everything under it)
[2.214s] Copying ../../../../../build/examples_rclpy_executors/examples_rclpy_executors.egg-info to /home/vincent-pc/ros2_ws/install/examples_rclpy_executors/lib/python3.8/site-packages/examples_rclpy_executors-0.9.4-py3.8.egg-info
[2.221s] running install_scripts
[2.263s] Installing callback_group script to /home/vincent-pc/ros2_ws/install/examples_rclpy_executors/lib/examples_rclpy_executors
[2.263s] Installing composed script to /home/vincent-pc/ros2_ws/install/examples_rclpy_executors/lib/examples_rclpy_executors
[2.263s] Installing custom_callback_group script to /home/vincent-pc/ros2_ws/install/examples_rclpy_executors/lib/examples_rclpy_executors
[2.263s] Installing custom_executor script to /home/vincent-pc/ros2_ws/install/examples_rclpy_executors/lib/examples_rclpy_executors
[2.263s] Installing listener script to /home/vincent-pc/ros2_ws/install/examples_rclpy_executors/lib/examples_rclpy_executors
[2.264s] Installing talker script to /home/vincent-pc/ros2_ws/install/examples_rclpy_executors/lib/examples_rclpy_executors
[2.264s] writing list of installed files to '/home/vincent-pc/ros2_ws/build/examples_rclpy_executors/install.log'
[2.311s] Invoked command in '/home/vincent-pc/ros2_ws/src/src/examples/rclpy/executors' returned '0': PYTHONPATH=/home/vincent-pc/ros2_ws/build/examples_rclpy_executors/prefix_override:/usr/lib/python3/dist-packages/colcon_core/task/python/colcon_distutils_commands:/home/vincent-pc/ros2_ws/install/examples_rclpy_executors/lib/python3.8/site-packages:${PYTHONPATH} /usr/bin/python3 -W ignore:setup.py install is deprecated setup.py egg_info --egg-base ../../../../../build/examples_rclpy_executors build --build-base /home/vincent-pc/ros2_ws/build/examples_rclpy_executors/build install --record /home/vincent-pc/ros2_ws/build/examples_rclpy_executors/install.log --install-scripts $base/lib/examples_rclpy_executors --single-version-externally-managed install_data
