[1.336s] Invoking command in '/home/vincent-pc/ros2_ws/src/build/examples_rclpy_minimal_action_client': PYTHONPATH=/home/vincent-pc/ros2_ws/src/build/examples_rclpy_minimal_action_client/prefix_override:/usr/lib/python3/dist-packages/colcon_core/task/python/colcon_distutils_commands:/home/vincent-pc/ros2_ws/src/install/examples_rclpy_minimal_action_client/lib/python3.8/site-packages:${PYTHONPATH} /usr/bin/python3 -W ignore:setup.py install is deprecated setup.py develop --editable --build-directory /home/vincent-pc/ros2_ws/src/build/examples_rclpy_minimal_action_client/build --no-deps symlink_data
[1.825s] running develop
[2.097s] running egg_info
[2.097s] creating examples_rclpy_minimal_action_client.egg-info
[2.098s] writing examples_rclpy_minimal_action_client.egg-info/PKG-INFO
[2.098s] writing dependency_links to examples_rclpy_minimal_action_client.egg-info/dependency_links.txt
[2.099s] writing entry points to examples_rclpy_minimal_action_client.egg-info/entry_points.txt
[2.099s] writing requirements to examples_rclpy_minimal_action_client.egg-info/requires.txt
[2.099s] writing top-level names to examples_rclpy_minimal_action_client.egg-info/top_level.txt
[2.101s] writing manifest file 'examples_rclpy_minimal_action_client.egg-info/SOURCES.txt'
[2.172s] reading manifest file 'examples_rclpy_minimal_action_client.egg-info/SOURCES.txt'
[2.174s] writing manifest file 'examples_rclpy_minimal_action_client.egg-info/SOURCES.txt'
[2.282s] running build_ext
[2.283s] Creating /home/vincent-pc/ros2_ws/src/install/examples_rclpy_minimal_action_client/lib/python3.8/site-packages/site.py
[2.289s] Creating /home/vincent-pc/ros2_ws/src/install/examples_rclpy_minimal_action_client/lib/python3.8/site-packages/examples-rclpy-minimal-action-client.egg-link (link to .)
[2.291s] Installing client script to /home/vincent-pc/ros2_ws/src/install/examples_rclpy_minimal_action_client/lib/examples_rclpy_minimal_action_client
[2.292s] Installing client_cancel script to /home/vincent-pc/ros2_ws/src/install/examples_rclpy_minimal_action_client/lib/examples_rclpy_minimal_action_client
[2.292s] Installing client_not_composable script to /home/vincent-pc/ros2_ws/src/install/examples_rclpy_minimal_action_client/lib/examples_rclpy_minimal_action_client
[2.292s] 
[2.293s] Installed /home/vincent-pc/ros2_ws/src/build/examples_rclpy_minimal_action_client
[2.293s] running symlink_data
[2.293s] creating /home/vincent-pc/ros2_ws/src/install/examples_rclpy_minimal_action_client/share/ament_index
[2.293s] creating /home/vincent-pc/ros2_ws/src/install/examples_rclpy_minimal_action_client/share/ament_index/resource_index
[2.293s] creating /home/vincent-pc/ros2_ws/src/install/examples_rclpy_minimal_action_client/share/ament_index/resource_index/packages
[2.294s] symbolically linking /home/vincent-pc/ros2_ws/src/build/examples_rclpy_minimal_action_client/resource/examples_rclpy_minimal_action_client -> /home/vincent-pc/ros2_ws/src/install/examples_rclpy_minimal_action_client/share/ament_index/resource_index/packages
[2.294s] symbolically linking /home/vincent-pc/ros2_ws/src/build/examples_rclpy_minimal_action_client/package.xml -> /home/vincent-pc/ros2_ws/src/install/examples_rclpy_minimal_action_client/share/examples_rclpy_minimal_action_client
[2.901s] Invoked command in '/home/vincent-pc/ros2_ws/src/build/examples_rclpy_minimal_action_client' returned '0': PYTHONPATH=/home/vincent-pc/ros2_ws/src/build/examples_rclpy_minimal_action_client/prefix_override:/usr/lib/python3/dist-packages/colcon_core/task/python/colcon_distutils_commands:/home/vincent-pc/ros2_ws/src/install/examples_rclpy_minimal_action_client/lib/python3.8/site-packages:${PYTHONPATH} /usr/bin/python3 -W ignore:setup.py install is deprecated setup.py develop --editable --build-directory /home/vincent-pc/ros2_ws/src/build/examples_rclpy_minimal_action_client/build --no-deps symlink_data
