[2.913s] Invoking command in '/home/vincent-pc/ros2_ws/build/examples_rclpy_executors': PYTHONPATH=/home/vincent-pc/ros2_ws/build/examples_rclpy_executors/prefix_override:/usr/lib/python3/dist-packages/colcon_core/task/python/colcon_distutils_commands:/home/vincent-pc/ros2_ws/install/examples_rclpy_executors/lib/python3.8/site-packages:${PYTHONPATH} /usr/bin/python3 -W ignore:setup.py install is deprecated setup.py develop --editable --build-directory /home/vincent-pc/ros2_ws/build/examples_rclpy_executors/build --no-deps symlink_data
[3.607s] running develop
[3.932s] running egg_info
[3.932s] creating examples_rclpy_executors.egg-info
[3.933s] writing examples_rclpy_executors.egg-info/PKG-INFO
[3.933s] writing dependency_links to examples_rclpy_executors.egg-info/dependency_links.txt
[3.933s] writing entry points to examples_rclpy_executors.egg-info/entry_points.txt
[3.933s] writing requirements to examples_rclpy_executors.egg-info/requires.txt
[3.933s] writing top-level names to examples_rclpy_executors.egg-info/top_level.txt
[3.937s] writing manifest file 'examples_rclpy_executors.egg-info/SOURCES.txt'
[4.001s] reading manifest file 'examples_rclpy_executors.egg-info/SOURCES.txt'
[4.002s] writing manifest file 'examples_rclpy_executors.egg-info/SOURCES.txt'
[4.078s] running build_ext
[4.079s] Creating /home/vincent-pc/ros2_ws/install/examples_rclpy_executors/lib/python3.8/site-packages/site.py
[4.082s] Creating /home/vincent-pc/ros2_ws/install/examples_rclpy_executors/lib/python3.8/site-packages/examples-rclpy-executors.egg-link (link to .)
[4.084s] Installing callback_group script to /home/vincent-pc/ros2_ws/install/examples_rclpy_executors/lib/examples_rclpy_executors
[4.084s] Installing composed script to /home/vincent-pc/ros2_ws/install/examples_rclpy_executors/lib/examples_rclpy_executors
[4.084s] Installing custom_callback_group script to /home/vincent-pc/ros2_ws/install/examples_rclpy_executors/lib/examples_rclpy_executors
[4.085s] Installing custom_executor script to /home/vincent-pc/ros2_ws/install/examples_rclpy_executors/lib/examples_rclpy_executors
[4.085s] Installing listener script to /home/vincent-pc/ros2_ws/install/examples_rclpy_executors/lib/examples_rclpy_executors
[4.085s] Installing talker script to /home/vincent-pc/ros2_ws/install/examples_rclpy_executors/lib/examples_rclpy_executors
[4.085s] 
[4.086s] Installed /home/vincent-pc/ros2_ws/build/examples_rclpy_executors
[4.086s] running symlink_data
[4.086s] creating /home/vincent-pc/ros2_ws/install/examples_rclpy_executors/share/ament_index
[4.086s] creating /home/vincent-pc/ros2_ws/install/examples_rclpy_executors/share/ament_index/resource_index
[4.087s] creating /home/vincent-pc/ros2_ws/install/examples_rclpy_executors/share/ament_index/resource_index/packages
[4.087s] symbolically linking /home/vincent-pc/ros2_ws/build/examples_rclpy_executors/resource/examples_rclpy_executors -> /home/vincent-pc/ros2_ws/install/examples_rclpy_executors/share/ament_index/resource_index/packages
[4.087s] symbolically linking /home/vincent-pc/ros2_ws/build/examples_rclpy_executors/package.xml -> /home/vincent-pc/ros2_ws/install/examples_rclpy_executors/share/examples_rclpy_executors
[4.533s] Invoked command in '/home/vincent-pc/ros2_ws/build/examples_rclpy_executors' returned '0': PYTHONPATH=/home/vincent-pc/ros2_ws/build/examples_rclpy_executors/prefix_override:/usr/lib/python3/dist-packages/colcon_core/task/python/colcon_distutils_commands:/home/vincent-pc/ros2_ws/install/examples_rclpy_executors/lib/python3.8/site-packages:${PYTHONPATH} /usr/bin/python3 -W ignore:setup.py install is deprecated setup.py develop --editable --build-directory /home/vincent-pc/ros2_ws/build/examples_rclpy_executors/build --no-deps symlink_data
