[0.038s] Invoking command in '/home/vincent-pc/ros2_ws/build/turtlesim': CMAKE_PREFIX_PATH=${CMAKE_PREFIX_PATH}:/home/vincent-pc/ros2_ws/install/examples_rclpy_minimal_subscriber:/home/vincent-pc/ros2_ws/install/examples_rclpy_minimal_service:/home/vincent-pc/ros2_ws/install/examples_rclpy_minimal_publisher:/home/vincent-pc/ros2_ws/install/examples_rclpy_minimal_client:/home/vincent-pc/ros2_ws/install/examples_rclpy_minimal_action_server:/home/vincent-pc/ros2_ws/install/examples_rclpy_minimal_action_client:/home/vincent-pc/ros2_ws/install/examples_rclpy_executors:/opt/ros/foxy /usr/bin/cmake --build /home/vincent-pc/ros2_ws/build/turtlesim -- -j8 -l8
[0.161s] [  1%] Built target turtlesim__cpp
[0.183s] [ 11%] Built target turtlesim__rosidl_generator_c
[0.276s] [ 21%] Built target turtlesim__rosidl_typesupport_introspection_c
[0.290s] [ 31%] Built target turtlesim__rosidl_typesupport_cpp
[0.302s] [ 41%] Built target turtlesim__rosidl_typesupport_introspection_cpp
[0.309s] [ 51%] Built target turtlesim__rosidl_typesupport_fastrtps_cpp
[0.376s] [ 61%] Built target turtlesim__rosidl_typesupport_c
[0.388s] [ 71%] Built target turtlesim__rosidl_typesupport_fastrtps_c
[0.436s] [ 71%] Built target turtlesim
[0.510s] [35m[1mScanning dependencies of target turtlesim_node[0m
[0.555s] [ 72%] Built target turtlesim__py
[0.582s] [ 74%] Built target mimic
[0.596s] [ 76%] Built target draw_square
[0.620s] [ 77%] [32mBuilding CXX object CMakeFiles/turtlesim_node.dir/src/turtle_frame.cpp.o[0m
[0.621s] [ 79%] Built target turtle_teleop_key
[0.660s] [ 88%] Built target turtlesim__python
[0.726s] [ 90%] Built target turtlesim__rosidl_typesupport_introspection_c__pyext
[0.741s] [ 92%] Built target turtlesim__rosidl_typesupport_c__pyext
[0.746s] [ 94%] Built target turtlesim__rosidl_typesupport_fastrtps_c__pyext
[6.313s] [ 95%] [32m[1mLinking CXX executable turtlesim_node[0m
[7.630s] [100%] Built target turtlesim_node
[7.644s] Invoked command in '/home/vincent-pc/ros2_ws/build/turtlesim' returned '0': CMAKE_PREFIX_PATH=${CMAKE_PREFIX_PATH}:/home/vincent-pc/ros2_ws/install/examples_rclpy_minimal_subscriber:/home/vincent-pc/ros2_ws/install/examples_rclpy_minimal_service:/home/vincent-pc/ros2_ws/install/examples_rclpy_minimal_publisher:/home/vincent-pc/ros2_ws/install/examples_rclpy_minimal_client:/home/vincent-pc/ros2_ws/install/examples_rclpy_minimal_action_server:/home/vincent-pc/ros2_ws/install/examples_rclpy_minimal_action_client:/home/vincent-pc/ros2_ws/install/examples_rclpy_executors:/opt/ros/foxy /usr/bin/cmake --build /home/vincent-pc/ros2_ws/build/turtlesim -- -j8 -l8
[7.945s] Invoking command in '/home/vincent-pc/ros2_ws/build/turtlesim': CMAKE_PREFIX_PATH=${CMAKE_PREFIX_PATH}:/home/vincent-pc/ros2_ws/install/examples_rclpy_minimal_subscriber:/home/vincent-pc/ros2_ws/install/examples_rclpy_minimal_service:/home/vincent-pc/ros2_ws/install/examples_rclpy_minimal_publisher:/home/vincent-pc/ros2_ws/install/examples_rclpy_minimal_client:/home/vincent-pc/ros2_ws/install/examples_rclpy_minimal_action_server:/home/vincent-pc/ros2_ws/install/examples_rclpy_minimal_action_client:/home/vincent-pc/ros2_ws/install/examples_rclpy_executors:/opt/ros/foxy /usr/bin/cmake --install /home/vincent-pc/ros2_ws/build/turtlesim
[7.960s] -- Install configuration: ""
[7.960s] -- Up-to-date: /home/vincent-pc/ros2_ws/install/turtlesim/share/ament_index/resource_index/rosidl_interfaces/turtlesim
[7.960s] -- Up-to-date: /home/vincent-pc/ros2_ws/install/turtlesim/include/turtlesim
[7.960s] -- Up-to-date: /home/vincent-pc/ros2_ws/install/turtlesim/include/turtlesim/action
[7.960s] -- Up-to-date: /home/vincent-pc/ros2_ws/install/turtlesim/include/turtlesim/action/detail
[7.960s] -- Up-to-date: /home/vincent-pc/ros2_ws/install/turtlesim/include/turtlesim/action/detail/rotate_absolute__functions.c
[7.961s] -- Up-to-date: /home/vincent-pc/ros2_ws/install/turtlesim/include/turtlesim/action/detail/rotate_absolute__type_support.h
[7.961s] -- Up-to-date: /home/vincent-pc/ros2_ws/install/turtlesim/include/turtlesim/action/detail/rotate_absolute__struct.h
[7.961s] -- Up-to-date: /home/vincent-pc/ros2_ws/install/turtlesim/include/turtlesim/action/detail/rotate_absolute__functions.h
[7.961s] -- Up-to-date: /home/vincent-pc/ros2_ws/install/turtlesim/include/turtlesim/action/rotate_absolute.h
[7.961s] -- Up-to-date: /home/vincent-pc/ros2_ws/install/turtlesim/include/turtlesim/msg
[7.961s] -- Up-to-date: /home/vincent-pc/ros2_ws/install/turtlesim/include/turtlesim/msg/detail
[7.961s] -- Up-to-date: /home/vincent-pc/ros2_ws/install/turtlesim/include/turtlesim/msg/detail/color__struct.h
[7.961s] -- Up-to-date: /home/vincent-pc/ros2_ws/install/turtlesim/include/turtlesim/msg/detail/pose__type_support.h
[7.961s] -- Up-to-date: /home/vincent-pc/ros2_ws/install/turtlesim/include/turtlesim/msg/detail/color__functions.c
[7.961s] -- Up-to-date: /home/vincent-pc/ros2_ws/install/turtlesim/include/turtlesim/msg/detail/pose__functions.h
[7.961s] -- Up-to-date: /home/vincent-pc/ros2_ws/install/turtlesim/include/turtlesim/msg/detail/pose__struct.h
[7.962s] -- Up-to-date: /home/vincent-pc/ros2_ws/install/turtlesim/include/turtlesim/msg/detail/pose__functions.c
[7.962s] -- Up-to-date: /home/vincent-pc/ros2_ws/install/turtlesim/include/turtlesim/msg/detail/color__functions.h
[7.962s] -- Up-to-date: /home/vincent-pc/ros2_ws/install/turtlesim/include/turtlesim/msg/detail/color__type_support.h
[7.962s] -- Up-to-date: /home/vincent-pc/ros2_ws/install/turtlesim/include/turtlesim/msg/pose.h
[7.962s] -- Up-to-date: /home/vincent-pc/ros2_ws/install/turtlesim/include/turtlesim/msg/color.h
[7.962s] -- Up-to-date: /home/vincent-pc/ros2_ws/install/turtlesim/include/turtlesim/msg/rosidl_generator_c__visibility_control.h
[7.962s] -- Up-to-date: /home/vincent-pc/ros2_ws/install/turtlesim/include/turtlesim/srv
[7.962s] -- Up-to-date: /home/vincent-pc/ros2_ws/install/turtlesim/include/turtlesim/srv/detail
[7.962s] -- Up-to-date: /home/vincent-pc/ros2_ws/install/turtlesim/include/turtlesim/srv/detail/set_pen__type_support.h
[7.962s] -- Up-to-date: /home/vincent-pc/ros2_ws/install/turtlesim/include/turtlesim/srv/detail/spawn__struct.h
[7.963s] -- Up-to-date: /home/vincent-pc/ros2_ws/install/turtlesim/include/turtlesim/srv/detail/kill__functions.c
[7.963s] -- Up-to-date: /home/vincent-pc/ros2_ws/install/turtlesim/include/turtlesim/srv/detail/teleport_absolute__functions.h
[7.963s] -- Up-to-date: /home/vincent-pc/ros2_ws/install/turtlesim/include/turtlesim/srv/detail/kill__type_support.h
[7.963s] -- Up-to-date: /home/vincent-pc/ros2_ws/install/turtlesim/include/turtlesim/srv/detail/kill__struct.h
[7.963s] -- Up-to-date: /home/vincent-pc/ros2_ws/install/turtlesim/include/turtlesim/srv/detail/kill__functions.h
[7.963s] -- Up-to-date: /home/vincent-pc/ros2_ws/install/turtlesim/include/turtlesim/srv/detail/spawn__functions.c
[7.963s] -- Up-to-date: /home/vincent-pc/ros2_ws/install/turtlesim/include/turtlesim/srv/detail/teleport_relative__functions.c
[7.963s] -- Up-to-date: /home/vincent-pc/ros2_ws/install/turtlesim/include/turtlesim/srv/detail/teleport_relative__struct.h
[7.963s] -- Up-to-date: /home/vincent-pc/ros2_ws/install/turtlesim/include/turtlesim/srv/detail/set_pen__functions.h
[7.963s] -- Up-to-date: /home/vincent-pc/ros2_ws/install/turtlesim/include/turtlesim/srv/detail/teleport_absolute__type_support.h
[7.963s] -- Up-to-date: /home/vincent-pc/ros2_ws/install/turtlesim/include/turtlesim/srv/detail/teleport_absolute__functions.c
[7.964s] -- Up-to-date: /home/vincent-pc/ros2_ws/install/turtlesim/include/turtlesim/srv/detail/set_pen__struct.h
[7.964s] -- Up-to-date: /home/vincent-pc/ros2_ws/install/turtlesim/include/turtlesim/srv/detail/spawn__type_support.h
[7.964s] -- Up-to-date: /home/vincent-pc/ros2_ws/install/turtlesim/include/turtlesim/srv/detail/set_pen__functions.c
[7.964s] -- Up-to-date: /home/vincent-pc/ros2_ws/install/turtlesim/include/turtlesim/srv/detail/spawn__functions.h
[7.964s] -- Up-to-date: /home/vincent-pc/ros2_ws/install/turtlesim/include/turtlesim/srv/detail/teleport_relative__type_support.h
[7.964s] -- Up-to-date: /home/vincent-pc/ros2_ws/install/turtlesim/include/turtlesim/srv/detail/teleport_relative__functions.h
[7.964s] -- Up-to-date: /home/vincent-pc/ros2_ws/install/turtlesim/include/turtlesim/srv/detail/teleport_absolute__struct.h
[7.964s] -- Up-to-date: /home/vincent-pc/ros2_ws/install/turtlesim/include/turtlesim/srv/teleport_absolute.h
[7.965s] -- Up-to-date: /home/vincent-pc/ros2_ws/install/turtlesim/include/turtlesim/srv/teleport_relative.h
[7.965s] -- Up-to-date: /home/vincent-pc/ros2_ws/install/turtlesim/include/turtlesim/srv/kill.h
[7.965s] -- Up-to-date: /home/vincent-pc/ros2_ws/install/turtlesim/include/turtlesim/srv/set_pen.h
[7.965s] -- Up-to-date: /home/vincent-pc/ros2_ws/install/turtlesim/include/turtlesim/srv/spawn.h
[7.965s] -- Up-to-date: /home/vincent-pc/ros2_ws/install/turtlesim/share/turtlesim/environment/library_path.sh
[7.965s] -- Up-to-date: /home/vincent-pc/ros2_ws/install/turtlesim/share/turtlesim/environment/library_path.dsv
[7.965s] -- Up-to-date: /home/vincent-pc/ros2_ws/install/turtlesim/lib/libturtlesim__rosidl_generator_c.so
[7.965s] -- Up-to-date: /home/vincent-pc/ros2_ws/install/turtlesim/include/turtlesim
[7.965s] -- Up-to-date: /home/vincent-pc/ros2_ws/install/turtlesim/include/turtlesim/action
[7.965s] -- Up-to-date: /home/vincent-pc/ros2_ws/install/turtlesim/include/turtlesim/action/detail
[7.965s] -- Up-to-date: /home/vincent-pc/ros2_ws/install/turtlesim/include/turtlesim/action/detail/rotate_absolute__rosidl_typesupport_fastrtps_c.h
[7.965s] -- Up-to-date: /home/vincent-pc/ros2_ws/install/turtlesim/include/turtlesim/msg
[7.965s] -- Up-to-date: /home/vincent-pc/ros2_ws/install/turtlesim/include/turtlesim/msg/detail
[7.965s] -- Up-to-date: /home/vincent-pc/ros2_ws/install/turtlesim/include/turtlesim/msg/detail/pose__rosidl_typesupport_fastrtps_c.h
[7.965s] -- Up-to-date: /home/vincent-pc/ros2_ws/install/turtlesim/include/turtlesim/msg/detail/color__rosidl_typesupport_fastrtps_c.h
[7.965s] -- Up-to-date: /home/vincent-pc/ros2_ws/install/turtlesim/include/turtlesim/msg/rosidl_typesupport_fastrtps_c__visibility_control.h
[7.966s] -- Up-to-date: /home/vincent-pc/ros2_ws/install/turtlesim/include/turtlesim/srv
[7.966s] -- Up-to-date: /home/vincent-pc/ros2_ws/install/turtlesim/include/turtlesim/srv/detail
[7.966s] -- Up-to-date: /home/vincent-pc/ros2_ws/install/turtlesim/include/turtlesim/srv/detail/spawn__rosidl_typesupport_fastrtps_c.h
[7.966s] -- Up-to-date: /home/vincent-pc/ros2_ws/install/turtlesim/include/turtlesim/srv/detail/set_pen__rosidl_typesupport_fastrtps_c.h
[7.966s] -- Up-to-date: /home/vincent-pc/ros2_ws/install/turtlesim/include/turtlesim/srv/detail/kill__rosidl_typesupport_fastrtps_c.h
[7.966s] -- Up-to-date: /home/vincent-pc/ros2_ws/install/turtlesim/include/turtlesim/srv/detail/teleport_absolute__rosidl_typesupport_fastrtps_c.h
[7.966s] -- Up-to-date: /home/vincent-pc/ros2_ws/install/turtlesim/include/turtlesim/srv/detail/teleport_relative__rosidl_typesupport_fastrtps_c.h
[7.966s] -- Up-to-date: /home/vincent-pc/ros2_ws/install/turtlesim/lib/libturtlesim__rosidl_typesupport_fastrtps_c.so
[7.966s] -- Up-to-date: /home/vincent-pc/ros2_ws/install/turtlesim/include/turtlesim
[7.966s] -- Up-to-date: /home/vincent-pc/ros2_ws/install/turtlesim/include/turtlesim/action
[7.966s] -- Up-to-date: /home/vincent-pc/ros2_ws/install/turtlesim/include/turtlesim/action/detail
[7.966s] -- Up-to-date: /home/vincent-pc/ros2_ws/install/turtlesim/include/turtlesim/action/detail/rotate_absolute__rosidl_typesupport_fastrtps_cpp.hpp
[7.966s] -- Up-to-date: /home/vincent-pc/ros2_ws/install/turtlesim/include/turtlesim/action/detail/dds_fastrtps
[7.966s] -- Up-to-date: /home/vincent-pc/ros2_ws/install/turtlesim/include/turtlesim/msg
[7.966s] -- Up-to-date: /home/vincent-pc/ros2_ws/install/turtlesim/include/turtlesim/msg/detail
[7.966s] -- Up-to-date: /home/vincent-pc/ros2_ws/install/turtlesim/include/turtlesim/msg/detail/color__rosidl_typesupport_fastrtps_cpp.hpp
[7.967s] -- Up-to-date: /home/vincent-pc/ros2_ws/install/turtlesim/include/turtlesim/msg/detail/pose__rosidl_typesupport_fastrtps_cpp.hpp
[7.967s] -- Up-to-date: /home/vincent-pc/ros2_ws/install/turtlesim/include/turtlesim/msg/detail/dds_fastrtps
[7.967s] -- Up-to-date: /home/vincent-pc/ros2_ws/install/turtlesim/include/turtlesim/msg/rosidl_typesupport_fastrtps_cpp__visibility_control.h
[7.967s] -- Up-to-date: /home/vincent-pc/ros2_ws/install/turtlesim/include/turtlesim/srv
[7.967s] -- Up-to-date: /home/vincent-pc/ros2_ws/install/turtlesim/include/turtlesim/srv/detail
[7.967s] -- Up-to-date: /home/vincent-pc/ros2_ws/install/turtlesim/include/turtlesim/srv/detail/teleport_relative__rosidl_typesupport_fastrtps_cpp.hpp
[7.967s] -- Up-to-date: /home/vincent-pc/ros2_ws/install/turtlesim/include/turtlesim/srv/detail/kill__rosidl_typesupport_fastrtps_cpp.hpp
[7.968s] -- Up-to-date: /home/vincent-pc/ros2_ws/install/turtlesim/include/turtlesim/srv/detail/spawn__rosidl_typesupport_fastrtps_cpp.hpp
[7.968s] -- Up-to-date: /home/vincent-pc/ros2_ws/install/turtlesim/include/turtlesim/srv/detail/set_pen__rosidl_typesupport_fastrtps_cpp.hpp
[7.968s] -- Up-to-date: /home/vincent-pc/ros2_ws/install/turtlesim/include/turtlesim/srv/detail/dds_fastrtps
[7.968s] -- Up-to-date: /home/vincent-pc/ros2_ws/install/turtlesim/include/turtlesim/srv/detail/teleport_absolute__rosidl_typesupport_fastrtps_cpp.hpp
[7.968s] -- Up-to-date: /home/vincent-pc/ros2_ws/install/turtlesim/lib/libturtlesim__rosidl_typesupport_fastrtps_cpp.so
[7.968s] -- Up-to-date: /home/vincent-pc/ros2_ws/install/turtlesim/include/turtlesim
[7.968s] -- Up-to-date: /home/vincent-pc/ros2_ws/install/turtlesim/include/turtlesim/action
[7.968s] -- Up-to-date: /home/vincent-pc/ros2_ws/install/turtlesim/include/turtlesim/action/detail
[7.968s] -- Up-to-date: /home/vincent-pc/ros2_ws/install/turtlesim/include/turtlesim/action/detail/rotate_absolute__type_support.c
[7.968s] -- Up-to-date: /home/vincent-pc/ros2_ws/install/turtlesim/include/turtlesim/action/detail/rotate_absolute__rosidl_typesupport_introspection_c.h
[7.968s] -- Up-to-date: /home/vincent-pc/ros2_ws/install/turtlesim/include/turtlesim/msg
[7.969s] -- Up-to-date: /home/vincent-pc/ros2_ws/install/turtlesim/include/turtlesim/msg/detail
[7.969s] -- Up-to-date: /home/vincent-pc/ros2_ws/install/turtlesim/include/turtlesim/msg/detail/pose__type_support.c
[7.969s] -- Up-to-date: /home/vincent-pc/ros2_ws/install/turtlesim/include/turtlesim/msg/detail/color__rosidl_typesupport_introspection_c.h
[7.969s] -- Up-to-date: /home/vincent-pc/ros2_ws/install/turtlesim/include/turtlesim/msg/detail/pose__rosidl_typesupport_introspection_c.h
[7.969s] -- Up-to-date: /home/vincent-pc/ros2_ws/install/turtlesim/include/turtlesim/msg/detail/color__type_support.c
[7.969s] -- Up-to-date: /home/vincent-pc/ros2_ws/install/turtlesim/include/turtlesim/msg/rosidl_typesupport_introspection_c__visibility_control.h
[7.969s] -- Up-to-date: /home/vincent-pc/ros2_ws/install/turtlesim/include/turtlesim/srv
[7.969s] -- Up-to-date: /home/vincent-pc/ros2_ws/install/turtlesim/include/turtlesim/srv/detail
[7.969s] -- Up-to-date: /home/vincent-pc/ros2_ws/install/turtlesim/include/turtlesim/srv/detail/spawn__rosidl_typesupport_introspection_c.h
[7.969s] -- Up-to-date: /home/vincent-pc/ros2_ws/install/turtlesim/include/turtlesim/srv/detail/teleport_absolute__rosidl_typesupport_introspection_c.h
[7.969s] -- Up-to-date: /home/vincent-pc/ros2_ws/install/turtlesim/include/turtlesim/srv/detail/kill__type_support.c
[7.969s] -- Up-to-date: /home/vincent-pc/ros2_ws/install/turtlesim/include/turtlesim/srv/detail/set_pen__rosidl_typesupport_introspection_c.h
[7.969s] -- Up-to-date: /home/vincent-pc/ros2_ws/install/turtlesim/include/turtlesim/srv/detail/set_pen__type_support.c
[7.969s] -- Up-to-date: /home/vincent-pc/ros2_ws/install/turtlesim/include/turtlesim/srv/detail/teleport_relative__rosidl_typesupport_introspection_c.h
[7.969s] -- Up-to-date: /home/vincent-pc/ros2_ws/install/turtlesim/include/turtlesim/srv/detail/kill__rosidl_typesupport_introspection_c.h
[7.970s] -- Up-to-date: /home/vincent-pc/ros2_ws/install/turtlesim/include/turtlesim/srv/detail/spawn__type_support.c
[7.970s] -- Up-to-date: /home/vincent-pc/ros2_ws/install/turtlesim/include/turtlesim/srv/detail/teleport_absolute__type_support.c
[7.970s] -- Up-to-date: /home/vincent-pc/ros2_ws/install/turtlesim/include/turtlesim/srv/detail/teleport_relative__type_support.c
[7.970s] -- Up-to-date: /home/vincent-pc/ros2_ws/install/turtlesim/lib/libturtlesim__rosidl_typesupport_introspection_c.so
[7.970s] -- Up-to-date: /home/vincent-pc/ros2_ws/install/turtlesim/lib/libturtlesim__rosidl_typesupport_c.so
[7.970s] -- Up-to-date: /home/vincent-pc/ros2_ws/install/turtlesim/include/turtlesim
[7.970s] -- Up-to-date: /home/vincent-pc/ros2_ws/install/turtlesim/include/turtlesim/action
[7.970s] -- Up-to-date: /home/vincent-pc/ros2_ws/install/turtlesim/include/turtlesim/action/detail
[7.970s] -- Up-to-date: /home/vincent-pc/ros2_ws/install/turtlesim/include/turtlesim/action/detail/rotate_absolute__struct.hpp
[7.970s] -- Up-to-date: /home/vincent-pc/ros2_ws/install/turtlesim/include/turtlesim/action/detail/rotate_absolute__traits.hpp
[7.970s] -- Up-to-date: /home/vincent-pc/ros2_ws/install/turtlesim/include/turtlesim/action/detail/rotate_absolute__type_support.hpp
[7.970s] -- Up-to-date: /home/vincent-pc/ros2_ws/install/turtlesim/include/turtlesim/action/detail/rotate_absolute__builder.hpp
[7.970s] -- Up-to-date: /home/vincent-pc/ros2_ws/install/turtlesim/include/turtlesim/action/rotate_absolute.hpp
[7.970s] -- Up-to-date: /home/vincent-pc/ros2_ws/install/turtlesim/include/turtlesim/msg
[7.970s] -- Up-to-date: /home/vincent-pc/ros2_ws/install/turtlesim/include/turtlesim/msg/detail
[7.970s] -- Up-to-date: /home/vincent-pc/ros2_ws/install/turtlesim/include/turtlesim/msg/detail/color__struct.hpp
[7.970s] -- Up-to-date: /home/vincent-pc/ros2_ws/install/turtlesim/include/turtlesim/msg/detail/pose__builder.hpp
[7.970s] -- Up-to-date: /home/vincent-pc/ros2_ws/install/turtlesim/include/turtlesim/msg/detail/color__traits.hpp
[7.971s] -- Up-to-date: /home/vincent-pc/ros2_ws/install/turtlesim/include/turtlesim/msg/detail/color__type_support.hpp
[7.971s] -- Up-to-date: /home/vincent-pc/ros2_ws/install/turtlesim/include/turtlesim/msg/detail/pose__type_support.hpp
[7.971s] -- Up-to-date: /home/vincent-pc/ros2_ws/install/turtlesim/include/turtlesim/msg/detail/pose__struct.hpp
[7.971s] -- Up-to-date: /home/vincent-pc/ros2_ws/install/turtlesim/include/turtlesim/msg/detail/color__builder.hpp
[7.971s] -- Up-to-date: /home/vincent-pc/ros2_ws/install/turtlesim/include/turtlesim/msg/detail/pose__traits.hpp
[7.971s] -- Up-to-date: /home/vincent-pc/ros2_ws/install/turtlesim/include/turtlesim/msg/rosidl_generator_cpp__visibility_control.hpp
[7.971s] -- Up-to-date: /home/vincent-pc/ros2_ws/install/turtlesim/include/turtlesim/msg/color.hpp
[7.971s] -- Up-to-date: /home/vincent-pc/ros2_ws/install/turtlesim/include/turtlesim/msg/pose.hpp
[7.971s] -- Up-to-date: /home/vincent-pc/ros2_ws/install/turtlesim/include/turtlesim/srv
[7.971s] -- Up-to-date: /home/vincent-pc/ros2_ws/install/turtlesim/include/turtlesim/srv/spawn.hpp
[7.971s] -- Up-to-date: /home/vincent-pc/ros2_ws/install/turtlesim/include/turtlesim/srv/detail
[7.971s] -- Up-to-date: /home/vincent-pc/ros2_ws/install/turtlesim/include/turtlesim/srv/detail/kill__struct.hpp
[7.971s] -- Up-to-date: /home/vincent-pc/ros2_ws/install/turtlesim/include/turtlesim/srv/detail/spawn__builder.hpp
[7.971s] -- Up-to-date: /home/vincent-pc/ros2_ws/install/turtlesim/include/turtlesim/srv/detail/kill__traits.hpp
[7.971s] -- Up-to-date: /home/vincent-pc/ros2_ws/install/turtlesim/include/turtlesim/srv/detail/set_pen__type_support.hpp
[7.971s] -- Up-to-date: /home/vincent-pc/ros2_ws/install/turtlesim/include/turtlesim/srv/detail/set_pen__builder.hpp
[7.971s] -- Up-to-date: /home/vincent-pc/ros2_ws/install/turtlesim/include/turtlesim/srv/detail/kill__builder.hpp
[7.971s] -- Up-to-date: /home/vincent-pc/ros2_ws/install/turtlesim/include/turtlesim/srv/detail/spawn__traits.hpp
[7.971s] -- Up-to-date: /home/vincent-pc/ros2_ws/install/turtlesim/include/turtlesim/srv/detail/spawn__struct.hpp
[7.971s] -- Up-to-date: /home/vincent-pc/ros2_ws/install/turtlesim/include/turtlesim/srv/detail/kill__type_support.hpp
[7.972s] -- Up-to-date: /home/vincent-pc/ros2_ws/install/turtlesim/include/turtlesim/srv/detail/teleport_absolute__type_support.hpp
[7.972s] -- Up-to-date: /home/vincent-pc/ros2_ws/install/turtlesim/include/turtlesim/srv/detail/set_pen__struct.hpp
[7.972s] -- Up-to-date: /home/vincent-pc/ros2_ws/install/turtlesim/include/turtlesim/srv/detail/teleport_absolute__builder.hpp
[7.972s] -- Up-to-date: /home/vincent-pc/ros2_ws/install/turtlesim/include/turtlesim/srv/detail/teleport_absolute__traits.hpp
[7.972s] -- Up-to-date: /home/vincent-pc/ros2_ws/install/turtlesim/include/turtlesim/srv/detail/teleport_relative__builder.hpp
[7.972s] -- Up-to-date: /home/vincent-pc/ros2_ws/install/turtlesim/include/turtlesim/srv/detail/teleport_absolute__struct.hpp
[7.972s] -- Up-to-date: /home/vincent-pc/ros2_ws/install/turtlesim/include/turtlesim/srv/detail/teleport_relative__type_support.hpp
[7.972s] -- Up-to-date: /home/vincent-pc/ros2_ws/install/turtlesim/include/turtlesim/srv/detail/teleport_relative__traits.hpp
[7.972s] -- Up-to-date: /home/vincent-pc/ros2_ws/install/turtlesim/include/turtlesim/srv/detail/teleport_relative__struct.hpp
[7.972s] -- Up-to-date: /home/vincent-pc/ros2_ws/install/turtlesim/include/turtlesim/srv/detail/spawn__type_support.hpp
[7.972s] -- Up-to-date: /home/vincent-pc/ros2_ws/install/turtlesim/include/turtlesim/srv/detail/set_pen__traits.hpp
[7.972s] -- Up-to-date: /home/vincent-pc/ros2_ws/install/turtlesim/include/turtlesim/srv/teleport_relative.hpp
[7.972s] -- Up-to-date: /home/vincent-pc/ros2_ws/install/turtlesim/include/turtlesim/srv/kill.hpp
[7.972s] -- Up-to-date: /home/vincent-pc/ros2_ws/install/turtlesim/include/turtlesim/srv/set_pen.hpp
[7.972s] -- Up-to-date: /home/vincent-pc/ros2_ws/install/turtlesim/include/turtlesim/srv/teleport_absolute.hpp
[7.972s] -- Up-to-date: /home/vincent-pc/ros2_ws/install/turtlesim/include/turtlesim
[7.972s] -- Up-to-date: /home/vincent-pc/ros2_ws/install/turtlesim/include/turtlesim/action
[7.972s] -- Up-to-date: /home/vincent-pc/ros2_ws/install/turtlesim/include/turtlesim/action/detail
[7.972s] -- Up-to-date: /home/vincent-pc/ros2_ws/install/turtlesim/include/turtlesim/action/detail/rotate_absolute__rosidl_typesupport_introspection_cpp.hpp
[7.972s] -- Up-to-date: /home/vincent-pc/ros2_ws/install/turtlesim/include/turtlesim/action/detail/rotate_absolute__type_support.cpp
[7.972s] -- Up-to-date: /home/vincent-pc/ros2_ws/install/turtlesim/include/turtlesim/msg
[7.973s] -- Up-to-date: /home/vincent-pc/ros2_ws/install/turtlesim/include/turtlesim/msg/detail
[7.973s] -- Up-to-date: /home/vincent-pc/ros2_ws/install/turtlesim/include/turtlesim/msg/detail/color__type_support.cpp
[7.973s] -- Up-to-date: /home/vincent-pc/ros2_ws/install/turtlesim/include/turtlesim/msg/detail/color__rosidl_typesupport_introspection_cpp.hpp
[7.973s] -- Up-to-date: /home/vincent-pc/ros2_ws/install/turtlesim/include/turtlesim/msg/detail/pose__type_support.cpp
[7.973s] -- Up-to-date: /home/vincent-pc/ros2_ws/install/turtlesim/include/turtlesim/msg/detail/pose__rosidl_typesupport_introspection_cpp.hpp
[7.973s] -- Up-to-date: /home/vincent-pc/ros2_ws/install/turtlesim/include/turtlesim/srv
[7.973s] -- Up-to-date: /home/vincent-pc/ros2_ws/install/turtlesim/include/turtlesim/srv/detail
[7.973s] -- Up-to-date: /home/vincent-pc/ros2_ws/install/turtlesim/include/turtlesim/srv/detail/teleport_absolute__type_support.cpp
[7.973s] -- Up-to-date: /home/vincent-pc/ros2_ws/install/turtlesim/include/turtlesim/srv/detail/set_pen__rosidl_typesupport_introspection_cpp.hpp
[7.973s] -- Up-to-date: /home/vincent-pc/ros2_ws/install/turtlesim/include/turtlesim/srv/detail/set_pen__type_support.cpp
[7.973s] -- Up-to-date: /home/vincent-pc/ros2_ws/install/turtlesim/include/turtlesim/srv/detail/teleport_relative__type_support.cpp
[7.973s] -- Up-to-date: /home/vincent-pc/ros2_ws/install/turtlesim/include/turtlesim/srv/detail/kill__type_support.cpp
[7.973s] -- Up-to-date: /home/vincent-pc/ros2_ws/install/turtlesim/include/turtlesim/srv/detail/teleport_relative__rosidl_typesupport_introspection_cpp.hpp
[7.973s] -- Up-to-date: /home/vincent-pc/ros2_ws/install/turtlesim/include/turtlesim/srv/detail/kill__rosidl_typesupport_introspection_cpp.hpp
[7.973s] -- Up-to-date: /home/vincent-pc/ros2_ws/install/turtlesim/include/turtlesim/srv/detail/spawn__type_support.cpp
[7.973s] -- Up-to-date: /home/vincent-pc/ros2_ws/install/turtlesim/include/turtlesim/srv/detail/spawn__rosidl_typesupport_introspection_cpp.hpp
[7.973s] -- Up-to-date: /home/vincent-pc/ros2_ws/install/turtlesim/include/turtlesim/srv/detail/teleport_absolute__rosidl_typesupport_introspection_cpp.hpp
[7.973s] -- Up-to-date: /home/vincent-pc/ros2_ws/install/turtlesim/lib/libturtlesim__rosidl_typesupport_introspection_cpp.so
[7.973s] -- Up-to-date: /home/vincent-pc/ros2_ws/install/turtlesim/lib/libturtlesim__rosidl_typesupport_cpp.so
[7.973s] -- Up-to-date: /home/vincent-pc/ros2_ws/install/turtlesim/share/turtlesim/environment/pythonpath.sh
[7.973s] -- Up-to-date: /home/vincent-pc/ros2_ws/install/turtlesim/share/turtlesim/environment/pythonpath.dsv
[7.974s] -- Up-to-date: /home/vincent-pc/ros2_ws/install/turtlesim/lib/python3.8/site-packages/turtlesim/__init__.py
[7.998s] -- Up-to-date: /home/vincent-pc/ros2_ws/install/turtlesim/lib/python3.8/site-packages/turtlesim/action
[7.998s] -- Up-to-date: /home/vincent-pc/ros2_ws/install/turtlesim/lib/python3.8/site-packages/turtlesim/action/__init__.py
[7.999s] -- Up-to-date: /home/vincent-pc/ros2_ws/install/turtlesim/lib/python3.8/site-packages/turtlesim/action/_rotate_absolute.py
[7.999s] -- Up-to-date: /home/vincent-pc/ros2_ws/install/turtlesim/lib/python3.8/site-packages/turtlesim/action/_rotate_absolute_s.c
[7.999s] -- Up-to-date: /home/vincent-pc/ros2_ws/install/turtlesim/lib/python3.8/site-packages/turtlesim/msg
[7.999s] -- Up-to-date: /home/vincent-pc/ros2_ws/install/turtlesim/lib/python3.8/site-packages/turtlesim/msg/__init__.py
[7.999s] -- Up-to-date: /home/vincent-pc/ros2_ws/install/turtlesim/lib/python3.8/site-packages/turtlesim/msg/_pose_s.c
[7.999s] -- Up-to-date: /home/vincent-pc/ros2_ws/install/turtlesim/lib/python3.8/site-packages/turtlesim/msg/_pose.py
[7.999s] -- Up-to-date: /home/vincent-pc/ros2_ws/install/turtlesim/lib/python3.8/site-packages/turtlesim/msg/_color.py
[7.999s] -- Up-to-date: /home/vincent-pc/ros2_ws/install/turtlesim/lib/python3.8/site-packages/turtlesim/msg/_color_s.c
[7.999s] -- Up-to-date: /home/vincent-pc/ros2_ws/install/turtlesim/lib/python3.8/site-packages/turtlesim/srv
[7.999s] -- Up-to-date: /home/vincent-pc/ros2_ws/install/turtlesim/lib/python3.8/site-packages/turtlesim/srv/_spawn_s.c
[7.999s] -- Up-to-date: /home/vincent-pc/ros2_ws/install/turtlesim/lib/python3.8/site-packages/turtlesim/srv/_teleport_absolute.py
[7.999s] -- Up-to-date: /home/vincent-pc/ros2_ws/install/turtlesim/lib/python3.8/site-packages/turtlesim/srv/_set_pen.py
[7.999s] -- Up-to-date: /home/vincent-pc/ros2_ws/install/turtlesim/lib/python3.8/site-packages/turtlesim/srv/__init__.py
[7.999s] -- Up-to-date: /home/vincent-pc/ros2_ws/install/turtlesim/lib/python3.8/site-packages/turtlesim/srv/_kill_s.c
[7.999s] -- Up-to-date: /home/vincent-pc/ros2_ws/install/turtlesim/lib/python3.8/site-packages/turtlesim/srv/_set_pen_s.c
[7.999s] -- Up-to-date: /home/vincent-pc/ros2_ws/install/turtlesim/lib/python3.8/site-packages/turtlesim/srv/_teleport_relative.py
[8.000s] -- Up-to-date: /home/vincent-pc/ros2_ws/install/turtlesim/lib/python3.8/site-packages/turtlesim/srv/_spawn.py
[8.000s] -- Up-to-date: /home/vincent-pc/ros2_ws/install/turtlesim/lib/python3.8/site-packages/turtlesim/srv/_teleport_absolute_s.c
[8.000s] -- Up-to-date: /home/vincent-pc/ros2_ws/install/turtlesim/lib/python3.8/site-packages/turtlesim/srv/_kill.py
[8.000s] -- Up-to-date: /home/vincent-pc/ros2_ws/install/turtlesim/lib/python3.8/site-packages/turtlesim/srv/_teleport_relative_s.c
[8.000s] -- Up-to-date: /home/vincent-pc/ros2_ws/install/turtlesim/lib/python3.8/site-packages/turtlesim/turtlesim_s__rosidl_typesupport_fastrtps_c.cpython-38-x86_64-linux-gnu.so
[8.000s] -- Up-to-date: /home/vincent-pc/ros2_ws/install/turtlesim/lib/python3.8/site-packages/turtlesim/turtlesim_s__rosidl_typesupport_introspection_c.cpython-38-x86_64-linux-gnu.so
[8.000s] -- Up-to-date: /home/vincent-pc/ros2_ws/install/turtlesim/lib/python3.8/site-packages/turtlesim/turtlesim_s__rosidl_typesupport_c.cpython-38-x86_64-linux-gnu.so
[8.000s] -- Up-to-date: /home/vincent-pc/ros2_ws/install/turtlesim/lib/libturtlesim__python.so
[8.000s] -- Up-to-date: /home/vincent-pc/ros2_ws/install/turtlesim/share/turtlesim/action/RotateAbsolute.idl
[8.000s] -- Up-to-date: /home/vincent-pc/ros2_ws/install/turtlesim/share/turtlesim/msg/Color.idl
[8.001s] -- Up-to-date: /home/vincent-pc/ros2_ws/install/turtlesim/share/turtlesim/msg/Pose.idl
[8.001s] -- Up-to-date: /home/vincent-pc/ros2_ws/install/turtlesim/share/turtlesim/srv/Kill.idl
[8.001s] -- Up-to-date: /home/vincent-pc/ros2_ws/install/turtlesim/share/turtlesim/srv/SetPen.idl
[8.001s] -- Up-to-date: /home/vincent-pc/ros2_ws/install/turtlesim/share/turtlesim/srv/Spawn.idl
[8.001s] -- Up-to-date: /home/vincent-pc/ros2_ws/install/turtlesim/share/turtlesim/srv/TeleportAbsolute.idl
[8.001s] -- Up-to-date: /home/vincent-pc/ros2_ws/install/turtlesim/share/turtlesim/srv/TeleportRelative.idl
[8.001s] -- Up-to-date: /home/vincent-pc/ros2_ws/install/turtlesim/share/turtlesim/action/RotateAbsolute.action
[8.001s] -- Up-to-date: /home/vincent-pc/ros2_ws/install/turtlesim/share/turtlesim/msg/Color.msg
[8.001s] -- Up-to-date: /home/vincent-pc/ros2_ws/install/turtlesim/share/turtlesim/msg/Pose.msg
[8.001s] -- Up-to-date: /home/vincent-pc/ros2_ws/install/turtlesim/share/turtlesim/srv/Kill.srv
[8.001s] -- Up-to-date: /home/vincent-pc/ros2_ws/install/turtlesim/share/turtlesim/srv/Kill_Request.msg
[8.001s] -- Up-to-date: /home/vincent-pc/ros2_ws/install/turtlesim/share/turtlesim/srv/Kill_Response.msg
[8.001s] -- Up-to-date: /home/vincent-pc/ros2_ws/install/turtlesim/share/turtlesim/srv/SetPen.srv
[8.002s] -- Up-to-date: /home/vincent-pc/ros2_ws/install/turtlesim/share/turtlesim/srv/SetPen_Request.msg
[8.002s] -- Up-to-date: /home/vincent-pc/ros2_ws/install/turtlesim/share/turtlesim/srv/SetPen_Response.msg
[8.002s] -- Up-to-date: /home/vincent-pc/ros2_ws/install/turtlesim/share/turtlesim/srv/Spawn.srv
[8.002s] -- Up-to-date: /home/vincent-pc/ros2_ws/install/turtlesim/share/turtlesim/srv/Spawn_Request.msg
[8.002s] -- Up-to-date: /home/vincent-pc/ros2_ws/install/turtlesim/share/turtlesim/srv/Spawn_Response.msg
[8.002s] -- Up-to-date: /home/vincent-pc/ros2_ws/install/turtlesim/share/turtlesim/srv/TeleportAbsolute.srv
[8.002s] -- Up-to-date: /home/vincent-pc/ros2_ws/install/turtlesim/share/turtlesim/srv/TeleportAbsolute_Request.msg
[8.002s] -- Up-to-date: /home/vincent-pc/ros2_ws/install/turtlesim/share/turtlesim/srv/TeleportAbsolute_Response.msg
[8.002s] -- Up-to-date: /home/vincent-pc/ros2_ws/install/turtlesim/share/turtlesim/srv/TeleportRelative.srv
[8.002s] -- Up-to-date: /home/vincent-pc/ros2_ws/install/turtlesim/share/turtlesim/srv/TeleportRelative_Request.msg
[8.002s] -- Up-to-date: /home/vincent-pc/ros2_ws/install/turtlesim/share/turtlesim/srv/TeleportRelative_Response.msg
[8.002s] -- Installing: /home/vincent-pc/ros2_ws/install/turtlesim/lib/turtlesim/turtlesim_node
[8.005s] -- Set runtime path of "/home/vincent-pc/ros2_ws/install/turtlesim/lib/turtlesim/turtlesim_node" to ""
[8.005s] -- Up-to-date: /home/vincent-pc/ros2_ws/install/turtlesim/lib/turtlesim/turtle_teleop_key
[8.005s] -- Up-to-date: /home/vincent-pc/ros2_ws/install/turtlesim/lib/turtlesim/draw_square
[8.005s] -- Up-to-date: /home/vincent-pc/ros2_ws/install/turtlesim/lib/turtlesim/mimic
[8.006s] -- Up-to-date: /home/vincent-pc/ros2_ws/install/turtlesim/share/turtlesim/images
[8.006s] -- Up-to-date: /home/vincent-pc/ros2_ws/install/turtlesim/share/turtlesim/images/dashing.png
[8.006s] -- Up-to-date: /home/vincent-pc/ros2_ws/install/turtlesim/share/turtlesim/images/eloquent.png
[8.006s] -- Up-to-date: /home/vincent-pc/ros2_ws/install/turtlesim/share/turtlesim/images/crystal.png
[8.006s] -- Up-to-date: /home/vincent-pc/ros2_ws/install/turtlesim/share/turtlesim/images/foxy.png
[8.006s] -- Up-to-date: /home/vincent-pc/ros2_ws/install/turtlesim/share/turtlesim/images/ardent.png
[8.006s] -- Up-to-date: /home/vincent-pc/ros2_ws/install/turtlesim/share/turtlesim/images/bouncy.png
[8.006s] -- Up-to-date: /home/vincent-pc/ros2_ws/install/turtlesim/share/turtlesim/launch
[8.006s] -- Up-to-date: /home/vincent-pc/ros2_ws/install/turtlesim/share/turtlesim/launch/multisim.launch.py
[8.006s] -- Up-to-date: /home/vincent-pc/ros2_ws/install/turtlesim/share/ament_index/resource_index/package_run_dependencies/turtlesim
[8.007s] -- Up-to-date: /home/vincent-pc/ros2_ws/install/turtlesim/share/ament_index/resource_index/parent_prefix_path/turtlesim
[8.007s] -- Up-to-date: /home/vincent-pc/ros2_ws/install/turtlesim/share/turtlesim/environment/ament_prefix_path.sh
[8.007s] -- Up-to-date: /home/vincent-pc/ros2_ws/install/turtlesim/share/turtlesim/environment/ament_prefix_path.dsv
[8.007s] -- Up-to-date: /home/vincent-pc/ros2_ws/install/turtlesim/share/turtlesim/environment/path.sh
[8.007s] -- Up-to-date: /home/vincent-pc/ros2_ws/install/turtlesim/share/turtlesim/environment/path.dsv
[8.007s] -- Up-to-date: /home/vincent-pc/ros2_ws/install/turtlesim/share/turtlesim/local_setup.bash
[8.007s] -- Up-to-date: /home/vincent-pc/ros2_ws/install/turtlesim/share/turtlesim/local_setup.sh
[8.007s] -- Up-to-date: /home/vincent-pc/ros2_ws/install/turtlesim/share/turtlesim/local_setup.zsh
[8.007s] -- Up-to-date: /home/vincent-pc/ros2_ws/install/turtlesim/share/turtlesim/local_setup.dsv
[8.007s] -- Installing: /home/vincent-pc/ros2_ws/install/turtlesim/share/turtlesim/package.dsv
[8.007s] -- Up-to-date: /home/vincent-pc/ros2_ws/install/turtlesim/share/ament_index/resource_index/packages/turtlesim
[8.008s] -- Up-to-date: /home/vincent-pc/ros2_ws/install/turtlesim/share/turtlesim/cmake/turtlesim__rosidl_generator_cExport.cmake
[8.008s] -- Up-to-date: /home/vincent-pc/ros2_ws/install/turtlesim/share/turtlesim/cmake/turtlesim__rosidl_generator_cExport-noconfig.cmake
[8.008s] -- Up-to-date: /home/vincent-pc/ros2_ws/install/turtlesim/share/turtlesim/cmake/turtlesim__rosidl_typesupport_introspection_cExport.cmake
[8.008s] -- Up-to-date: /home/vincent-pc/ros2_ws/install/turtlesim/share/turtlesim/cmake/turtlesim__rosidl_typesupport_introspection_cExport-noconfig.cmake
[8.008s] -- Up-to-date: /home/vincent-pc/ros2_ws/install/turtlesim/share/turtlesim/cmake/turtlesim__rosidl_typesupport_cExport.cmake
[8.008s] -- Up-to-date: /home/vincent-pc/ros2_ws/install/turtlesim/share/turtlesim/cmake/turtlesim__rosidl_typesupport_cExport-noconfig.cmake
[8.008s] -- Up-to-date: /home/vincent-pc/ros2_ws/install/turtlesim/share/turtlesim/cmake/turtlesim__rosidl_generator_cppExport.cmake
[8.008s] -- Up-to-date: /home/vincent-pc/ros2_ws/install/turtlesim/share/turtlesim/cmake/turtlesim__rosidl_typesupport_introspection_cppExport.cmake
[8.008s] -- Up-to-date: /home/vincent-pc/ros2_ws/install/turtlesim/share/turtlesim/cmake/turtlesim__rosidl_typesupport_introspection_cppExport-noconfig.cmake
[8.008s] -- Up-to-date: /home/vincent-pc/ros2_ws/install/turtlesim/share/turtlesim/cmake/turtlesim__rosidl_typesupport_cppExport.cmake
[8.008s] -- Up-to-date: /home/vincent-pc/ros2_ws/install/turtlesim/share/turtlesim/cmake/turtlesim__rosidl_typesupport_cppExport-noconfig.cmake
[8.008s] -- Up-to-date: /home/vincent-pc/ros2_ws/install/turtlesim/share/turtlesim/cmake/rosidl_cmake-extras.cmake
[8.008s] -- Up-to-date: /home/vincent-pc/ros2_ws/install/turtlesim/share/turtlesim/cmake/ament_cmake_export_dependencies-extras.cmake
[8.008s] -- Up-to-date: /home/vincent-pc/ros2_ws/install/turtlesim/share/turtlesim/cmake/ament_cmake_export_libraries-extras.cmake
[8.008s] -- Up-to-date: /home/vincent-pc/ros2_ws/install/turtlesim/share/turtlesim/cmake/ament_cmake_export_targets-extras.cmake
[8.008s] -- Up-to-date: /home/vincent-pc/ros2_ws/install/turtlesim/share/turtlesim/cmake/ament_cmake_export_include_directories-extras.cmake
[8.008s] -- Up-to-date: /home/vincent-pc/ros2_ws/install/turtlesim/share/turtlesim/cmake/rosidl_cmake_export_typesupport_libraries-extras.cmake
[8.008s] -- Up-to-date: /home/vincent-pc/ros2_ws/install/turtlesim/share/turtlesim/cmake/rosidl_cmake_export_typesupport_targets-extras.cmake
[8.008s] -- Up-to-date: /home/vincent-pc/ros2_ws/install/turtlesim/share/turtlesim/cmake/turtlesimConfig.cmake
[8.009s] -- Up-to-date: /home/vincent-pc/ros2_ws/install/turtlesim/share/turtlesim/cmake/turtlesimConfig-version.cmake
[8.009s] -- Up-to-date: /home/vincent-pc/ros2_ws/install/turtlesim/share/turtlesim/package.xml
[8.011s] Invoked command in '/home/vincent-pc/ros2_ws/build/turtlesim' returned '0': CMAKE_PREFIX_PATH=${CMAKE_PREFIX_PATH}:/home/vincent-pc/ros2_ws/install/examples_rclpy_minimal_subscriber:/home/vincent-pc/ros2_ws/install/examples_rclpy_minimal_service:/home/vincent-pc/ros2_ws/install/examples_rclpy_minimal_publisher:/home/vincent-pc/ros2_ws/install/examples_rclpy_minimal_client:/home/vincent-pc/ros2_ws/install/examples_rclpy_minimal_action_server:/home/vincent-pc/ros2_ws/install/examples_rclpy_minimal_action_client:/home/vincent-pc/ros2_ws/install/examples_rclpy_executors:/opt/ros/foxy /usr/bin/cmake --install /home/vincent-pc/ros2_ws/build/turtlesim
