[1.527s] Invoking command in '/home/vincent-pc/ros2_ws/build/examples_rclpy_minimal_service': PYTHONPATH=/home/vincent-pc/ros2_ws/build/examples_rclpy_minimal_service/prefix_override:/usr/lib/python3/dist-packages/colcon_core/task/python/colcon_distutils_commands:/home/vincent-pc/ros2_ws/install/examples_rclpy_minimal_service/lib/python3.8/site-packages:${PYTHONPATH} /usr/bin/python3 -W ignore:setup.py install is deprecated setup.py develop --uninstall --editable --build-directory /home/vincent-pc/ros2_ws/build/examples_rclpy_minimal_service/build
[1.921s] running develop
[2.110s] Removing /home/vincent-pc/ros2_ws/install/examples_rclpy_minimal_service/lib/python3.8/site-packages/examples-rclpy-minimal-service.egg-link (link to .)
[2.136s] Invoked command in '/home/vincent-pc/ros2_ws/build/examples_rclpy_minimal_service' returned '0': PYTHONPATH=/home/vincent-pc/ros2_ws/build/examples_rclpy_minimal_service/prefix_override:/usr/lib/python3/dist-packages/colcon_core/task/python/colcon_distutils_commands:/home/vincent-pc/ros2_ws/install/examples_rclpy_minimal_service/lib/python3.8/site-packages:${PYTHONPATH} /usr/bin/python3 -W ignore:setup.py install is deprecated setup.py develop --uninstall --editable --build-directory /home/vincent-pc/ros2_ws/build/examples_rclpy_minimal_service/build
[2.138s] Invoking command in '/home/vincent-pc/ros2_ws/src/src/examples/rclpy/services/minimal_service': PYTHONPATH=/home/vincent-pc/ros2_ws/build/examples_rclpy_minimal_service/prefix_override:/usr/lib/python3/dist-packages/colcon_core/task/python/colcon_distutils_commands:/home/vincent-pc/ros2_ws/install/examples_rclpy_minimal_service/lib/python3.8/site-packages:${PYTHONPATH} /usr/bin/python3 -W ignore:setup.py install is deprecated setup.py egg_info --egg-base ../../../../../../build/examples_rclpy_minimal_service build --build-base /home/vincent-pc/ros2_ws/build/examples_rclpy_minimal_service/build install --record /home/vincent-pc/ros2_ws/build/examples_rclpy_minimal_service/install.log --install-scripts $base/lib/examples_rclpy_minimal_service --single-version-externally-managed install_data --force
[2.339s] running egg_info
[2.339s] writing ../../../../../../build/examples_rclpy_minimal_service/examples_rclpy_minimal_service.egg-info/PKG-INFO
[2.339s] writing dependency_links to ../../../../../../build/examples_rclpy_minimal_service/examples_rclpy_minimal_service.egg-info/dependency_links.txt
[2.340s] writing entry points to ../../../../../../build/examples_rclpy_minimal_service/examples_rclpy_minimal_service.egg-info/entry_points.txt
[2.340s] writing requirements to ../../../../../../build/examples_rclpy_minimal_service/examples_rclpy_minimal_service.egg-info/requires.txt
[2.340s] writing top-level names to ../../../../../../build/examples_rclpy_minimal_service/examples_rclpy_minimal_service.egg-info/top_level.txt
[2.374s] reading manifest file '../../../../../../build/examples_rclpy_minimal_service/examples_rclpy_minimal_service.egg-info/SOURCES.txt'
[2.375s] writing manifest file '../../../../../../build/examples_rclpy_minimal_service/examples_rclpy_minimal_service.egg-info/SOURCES.txt'
[2.375s] running build
[2.375s] running build_py
[2.375s] creating /home/vincent-pc/ros2_ws/build/examples_rclpy_minimal_service/build
[2.375s] creating /home/vincent-pc/ros2_ws/build/examples_rclpy_minimal_service/build/lib
[2.375s] creating /home/vincent-pc/ros2_ws/build/examples_rclpy_minimal_service/build/lib/examples_rclpy_minimal_service
[2.375s] copying examples_rclpy_minimal_service/__init__.py -> /home/vincent-pc/ros2_ws/build/examples_rclpy_minimal_service/build/lib/examples_rclpy_minimal_service
[2.375s] copying examples_rclpy_minimal_service/service_member_function.py -> /home/vincent-pc/ros2_ws/build/examples_rclpy_minimal_service/build/lib/examples_rclpy_minimal_service
[2.375s] copying examples_rclpy_minimal_service/service.py -> /home/vincent-pc/ros2_ws/build/examples_rclpy_minimal_service/build/lib/examples_rclpy_minimal_service
[2.376s] running install
[2.376s] running install_lib
[2.377s] creating /home/vincent-pc/ros2_ws/install/examples_rclpy_minimal_service/lib/python3.8/site-packages/examples_rclpy_minimal_service
[2.377s] copying /home/vincent-pc/ros2_ws/build/examples_rclpy_minimal_service/build/lib/examples_rclpy_minimal_service/__init__.py -> /home/vincent-pc/ros2_ws/install/examples_rclpy_minimal_service/lib/python3.8/site-packages/examples_rclpy_minimal_service
[2.377s] copying /home/vincent-pc/ros2_ws/build/examples_rclpy_minimal_service/build/lib/examples_rclpy_minimal_service/service_member_function.py -> /home/vincent-pc/ros2_ws/install/examples_rclpy_minimal_service/lib/python3.8/site-packages/examples_rclpy_minimal_service
[2.377s] copying /home/vincent-pc/ros2_ws/build/examples_rclpy_minimal_service/build/lib/examples_rclpy_minimal_service/service.py -> /home/vincent-pc/ros2_ws/install/examples_rclpy_minimal_service/lib/python3.8/site-packages/examples_rclpy_minimal_service
[2.378s] byte-compiling /home/vincent-pc/ros2_ws/install/examples_rclpy_minimal_service/lib/python3.8/site-packages/examples_rclpy_minimal_service/__init__.py to __init__.cpython-38.pyc
[2.379s] byte-compiling /home/vincent-pc/ros2_ws/install/examples_rclpy_minimal_service/lib/python3.8/site-packages/examples_rclpy_minimal_service/service_member_function.py to service_member_function.cpython-38.pyc
[2.379s] byte-compiling /home/vincent-pc/ros2_ws/install/examples_rclpy_minimal_service/lib/python3.8/site-packages/examples_rclpy_minimal_service/service.py to service.cpython-38.pyc
[2.379s] running install_data
[2.379s] copying resource/examples_rclpy_minimal_service -> /home/vincent-pc/ros2_ws/install/examples_rclpy_minimal_service/share/ament_index/resource_index/packages
[2.380s] copying package.xml -> /home/vincent-pc/ros2_ws/install/examples_rclpy_minimal_service/share/examples_rclpy_minimal_service
[2.380s] running install_egg_info
[2.382s] Copying ../../../../../../build/examples_rclpy_minimal_service/examples_rclpy_minimal_service.egg-info to /home/vincent-pc/ros2_ws/install/examples_rclpy_minimal_service/lib/python3.8/site-packages/examples_rclpy_minimal_service-0.9.4-py3.8.egg-info
[2.383s] running install_scripts
[2.399s] Installing service script to /home/vincent-pc/ros2_ws/install/examples_rclpy_minimal_service/lib/examples_rclpy_minimal_service
[2.399s] Installing service_member_function script to /home/vincent-pc/ros2_ws/install/examples_rclpy_minimal_service/lib/examples_rclpy_minimal_service
[2.399s] writing list of installed files to '/home/vincent-pc/ros2_ws/build/examples_rclpy_minimal_service/install.log'
[2.417s] Invoked command in '/home/vincent-pc/ros2_ws/src/src/examples/rclpy/services/minimal_service' returned '0': PYTHONPATH=/home/vincent-pc/ros2_ws/build/examples_rclpy_minimal_service/prefix_override:/usr/lib/python3/dist-packages/colcon_core/task/python/colcon_distutils_commands:/home/vincent-pc/ros2_ws/install/examples_rclpy_minimal_service/lib/python3.8/site-packages:${PYTHONPATH} /usr/bin/python3 -W ignore:setup.py install is deprecated setup.py egg_info --egg-base ../../../../../../build/examples_rclpy_minimal_service build --build-base /home/vincent-pc/ros2_ws/build/examples_rclpy_minimal_service/build install --record /home/vincent-pc/ros2_ws/build/examples_rclpy_minimal_service/install.log --install-scripts $base/lib/examples_rclpy_minimal_service --single-version-externally-managed install_data --force
