[0.042s] Invoking command in '/home/vincent-pc/ros2_ws/build/examples_rclcpp_minimal_timer': CMAKE_PREFIX_PATH=/opt/ros/foxy /usr/bin/cmake /home/vincent-pc/ros2_ws/src/src/examples/rclcpp/timers/minimal_timer -DAMENT_CMAKE_SYMLINK_INSTALL=1 -DCMAKE_INSTALL_PREFIX=/home/vincent-pc/ros2_ws/install/examples_rclcpp_minimal_timer
[2.589s] -- The C compiler identification is GNU 9.4.0
[2.590s] -- The CXX compiler identification is GNU 9.4.0
[2.590s] -- Check for working C compiler: /usr/bin/cc
[2.590s] -- Check for working C compiler: /usr/bin/cc -- works
[2.590s] -- Detecting C compiler ABI info
[2.590s] -- Detecting C compiler ABI info - done
[2.590s] -- Detecting C compile features
[2.591s] -- Detecting C compile features - done
[2.591s] -- Check for working CXX compiler: /usr/bin/c++
[2.591s] -- Check for working CXX compiler: /usr/bin/c++ -- works
[2.591s] -- Detecting CXX compiler ABI info
[2.591s] -- Detecting CXX compiler ABI info - done
[2.592s] -- Detecting CXX compile features
[2.592s] -- Detecting CXX compile features - done
[2.592s] -- Found ament_cmake: 0.9.12 (/opt/ros/foxy/share/ament_cmake/cmake)
[2.592s] -- Found PythonInterp: /usr/bin/python3 (found suitable version "3.8.10", minimum required is "3") 
[2.592s] -- Using PYTHON_EXECUTABLE: /usr/bin/python3
[2.592s] -- Override CMake install command with custom implementation using symlinks instead of copying resources
[2.593s] -- Found rclcpp: 2.4.3 (/opt/ros/foxy/share/rclcpp/cmake)
[2.593s] -- Using all available rosidl_typesupport_c: rosidl_typesupport_fastrtps_c;rosidl_typesupport_introspection_c
[2.593s] -- Found rosidl_adapter: 1.3.1 (/opt/ros/foxy/share/rosidl_adapter/cmake)
[2.593s] -- Found OpenSSL: /usr/lib/x86_64-linux-gnu/libcrypto.so (found version "1.1.1f")  
[2.593s] -- Found FastRTPS: /opt/ros/foxy/include  
[2.593s] -- Using all available rosidl_typesupport_cpp: rosidl_typesupport_fastrtps_cpp;rosidl_typesupport_introspection_cpp
[2.593s] -- Found rmw_implementation_cmake: 1.0.4 (/opt/ros/foxy/share/rmw_implementation_cmake/cmake)
[2.593s] -- Using RMW implementation 'rmw_fastrtps_cpp' as default
[2.594s] -- Looking for pthread.h
[2.594s] -- Looking for pthread.h - found
[2.594s] -- Performing Test CMAKE_HAVE_LIBC_PTHREAD
[2.594s] -- Performing Test CMAKE_HAVE_LIBC_PTHREAD - Failed
[2.594s] -- Looking for pthread_create in pthreads
[2.594s] -- Looking for pthread_create in pthreads - not found
[2.594s] -- Looking for pthread_create in pthread
[2.594s] -- Looking for pthread_create in pthread - found
[2.595s] -- Found Threads: TRUE  
[2.595s] -- Found ament_lint_auto: 0.9.8 (/opt/ros/foxy/share/ament_lint_auto/cmake)
[2.595s] -- Added test 'copyright' to check source files copyright and LICENSE
[2.595s] -- Added test 'cppcheck' to perform static code analysis on C / C++ code
[2.595s] -- Configured cppcheck include dirs: 
[2.596s] -- Configured cppcheck exclude dirs and/or files: 
[2.596s] -- Added test 'cpplint' to check C / C++ code against the Google style
[2.596s] -- Configured cpplint exclude dirs and/or files: 
[2.596s] -- Added test 'lint_cmake' to check CMake code style
[2.596s] -- Added test 'uncrustify' to check C / C++ code style
[2.596s] -- Configured uncrustify additional arguments: 
[2.596s] -- Added test 'xmllint' to check XML markup files
[2.596s] -- Configuring done
[2.597s] -- Generating done
[2.597s] -- Build files have been written to: /home/vincent-pc/ros2_ws/build/examples_rclcpp_minimal_timer
[2.600s] Invoked command in '/home/vincent-pc/ros2_ws/build/examples_rclcpp_minimal_timer' returned '0': CMAKE_PREFIX_PATH=/opt/ros/foxy /usr/bin/cmake /home/vincent-pc/ros2_ws/src/src/examples/rclcpp/timers/minimal_timer -DAMENT_CMAKE_SYMLINK_INSTALL=1 -DCMAKE_INSTALL_PREFIX=/home/vincent-pc/ros2_ws/install/examples_rclcpp_minimal_timer
[2.601s] Invoking command in '/home/vincent-pc/ros2_ws/build/examples_rclcpp_minimal_timer': CMAKE_PREFIX_PATH=/opt/ros/foxy /usr/bin/cmake --build /home/vincent-pc/ros2_ws/build/examples_rclcpp_minimal_timer -- -j8 -l8
[2.836s] [35m[1mScanning dependencies of target timer_member_function[0m
[2.836s] [35m[1mScanning dependencies of target timer_lambda[0m
[2.836s] [ 25%] [32mBuilding CXX object CMakeFiles/timer_member_function.dir/member_function.cpp.o[0m
[2.881s] [ 50%] [32mBuilding CXX object CMakeFiles/timer_lambda.dir/lambda.cpp.o[0m
[10.587s] [ 75%] [32m[1mLinking CXX executable timer_member_function[0m
[10.651s] [100%] [32m[1mLinking CXX executable timer_lambda[0m
[11.328s] [100%] Built target timer_member_function
[11.363s] [100%] Built target timer_lambda
[11.425s] Invoked command in '/home/vincent-pc/ros2_ws/build/examples_rclcpp_minimal_timer' returned '0': CMAKE_PREFIX_PATH=/opt/ros/foxy /usr/bin/cmake --build /home/vincent-pc/ros2_ws/build/examples_rclcpp_minimal_timer -- -j8 -l8
[12.057s] Invoking command in '/home/vincent-pc/ros2_ws/build/examples_rclcpp_minimal_timer': CMAKE_PREFIX_PATH=/opt/ros/foxy /usr/bin/cmake --install /home/vincent-pc/ros2_ws/build/examples_rclcpp_minimal_timer
[13.683s] -- Install configuration: ""
[13.683s] -- Execute custom install script
[13.683s] -- Symlinking: /home/vincent-pc/ros2_ws/install/examples_rclcpp_minimal_timer/lib/examples_rclcpp_minimal_timer/timer_lambda
[13.683s] -- Symlinking: /home/vincent-pc/ros2_ws/install/examples_rclcpp_minimal_timer/lib/examples_rclcpp_minimal_timer/timer_member_function
[13.683s] -- Symlinking: /home/vincent-pc/ros2_ws/install/examples_rclcpp_minimal_timer/share/ament_index/resource_index/package_run_dependencies/examples_rclcpp_minimal_timer
[13.684s] -- Symlinking: /home/vincent-pc/ros2_ws/install/examples_rclcpp_minimal_timer/share/ament_index/resource_index/parent_prefix_path/examples_rclcpp_minimal_timer
[13.684s] -- Symlinking: /home/vincent-pc/ros2_ws/install/examples_rclcpp_minimal_timer/share/examples_rclcpp_minimal_timer/environment/ament_prefix_path.sh
[13.684s] -- Symlinking: /home/vincent-pc/ros2_ws/install/examples_rclcpp_minimal_timer/share/examples_rclcpp_minimal_timer/environment/ament_prefix_path.dsv
[13.684s] -- Symlinking: /home/vincent-pc/ros2_ws/install/examples_rclcpp_minimal_timer/share/examples_rclcpp_minimal_timer/environment/path.sh
[13.684s] -- Symlinking: /home/vincent-pc/ros2_ws/install/examples_rclcpp_minimal_timer/share/examples_rclcpp_minimal_timer/environment/path.dsv
[13.684s] -- Symlinking: /home/vincent-pc/ros2_ws/install/examples_rclcpp_minimal_timer/share/examples_rclcpp_minimal_timer/local_setup.bash
[13.685s] -- Symlinking: /home/vincent-pc/ros2_ws/install/examples_rclcpp_minimal_timer/share/examples_rclcpp_minimal_timer/local_setup.sh
[13.685s] -- Symlinking: /home/vincent-pc/ros2_ws/install/examples_rclcpp_minimal_timer/share/examples_rclcpp_minimal_timer/local_setup.zsh
[13.685s] -- Symlinking: /home/vincent-pc/ros2_ws/install/examples_rclcpp_minimal_timer/share/examples_rclcpp_minimal_timer/local_setup.dsv
[13.685s] -- Symlinking: /home/vincent-pc/ros2_ws/install/examples_rclcpp_minimal_timer/share/examples_rclcpp_minimal_timer/package.dsv
[13.685s] -- Symlinking: /home/vincent-pc/ros2_ws/install/examples_rclcpp_minimal_timer/share/ament_index/resource_index/packages/examples_rclcpp_minimal_timer
[13.685s] -- Symlinking: /home/vincent-pc/ros2_ws/install/examples_rclcpp_minimal_timer/share/examples_rclcpp_minimal_timer/cmake/examples_rclcpp_minimal_timerConfig.cmake
[13.685s] -- Symlinking: /home/vincent-pc/ros2_ws/install/examples_rclcpp_minimal_timer/share/examples_rclcpp_minimal_timer/cmake/examples_rclcpp_minimal_timerConfig-version.cmake
[13.685s] -- Symlinking: /home/vincent-pc/ros2_ws/install/examples_rclcpp_minimal_timer/share/examples_rclcpp_minimal_timer/package.xml
[13.748s] Invoked command in '/home/vincent-pc/ros2_ws/build/examples_rclcpp_minimal_timer' returned '0': CMAKE_PREFIX_PATH=/opt/ros/foxy /usr/bin/cmake --install /home/vincent-pc/ros2_ws/build/examples_rclcpp_minimal_timer
