[0.054s] Invoking command in '/home/vincent-pc/ros2_ws/build/my_package': CMAKE_PREFIX_PATH=/opt/ros/foxy /usr/bin/cmake /home/vincent-pc/ros2_ws/src/my_package -DCMAKE_INSTALL_PREFIX=/home/vincent-pc/ros2_ws/install/my_package
[0.275s] -- The C compiler identification is GNU 9.4.0
[0.371s] -- The CXX compiler identification is GNU 9.4.0
[0.383s] -- Check for working C compiler: /usr/bin/cc
[0.522s] -- Check for working C compiler: /usr/bin/cc -- works
[0.525s] -- Detecting C compiler ABI info
[0.706s] -- Detecting C compiler ABI info - done
[0.716s] -- Detecting C compile features
[0.716s] -- Detecting C compile features - done
[0.720s] -- Check for working CXX compiler: /usr/bin/c++
[0.804s] -- Check for working CXX compiler: /usr/bin/c++ -- works
[0.806s] -- Detecting CXX compiler ABI info
[0.920s] -- Detecting CXX compiler ABI info - done
[0.931s] -- Detecting CXX compile features
[0.932s] -- Detecting CXX compile features - done
[0.934s] -- Found ament_cmake: 0.9.12 (/opt/ros/foxy/share/ament_cmake/cmake)
[0.958s] -- Found PythonInterp: /usr/bin/python3 (found suitable version "3.8.10", minimum required is "3") 
[0.959s] -- Using PYTHON_EXECUTABLE: /usr/bin/python3
[1.213s] -- Found ament_lint_auto: 0.9.8 (/opt/ros/foxy/share/ament_lint_auto/cmake)
[1.308s] -- Added test 'copyright' to check source files copyright and LICENSE
[1.309s] -- Added test 'cppcheck' to perform static code analysis on C / C++ code
[1.309s] -- Configured cppcheck include dirs: $<BUILD_INTERFACE:/home/vincent-pc/ros2_ws/src/my_package/include>
[1.309s] -- Configured cppcheck exclude dirs and/or files: 
[1.310s] -- Added test 'cpplint' to check C / C++ code against the Google style
[1.310s] -- Configured cpplint exclude dirs and/or files: 
[1.311s] -- Added test 'lint_cmake' to check CMake code style
[1.312s] -- Added test 'uncrustify' to check C / C++ code style
[1.312s] -- Configured uncrustify additional arguments: 
[1.313s] -- Added test 'xmllint' to check XML markup files
[1.314s] -- Configuring done
[1.317s] -- Generating done
[1.317s] -- Build files have been written to: /home/vincent-pc/ros2_ws/build/my_package
[1.320s] Invoked command in '/home/vincent-pc/ros2_ws/build/my_package' returned '0': CMAKE_PREFIX_PATH=/opt/ros/foxy /usr/bin/cmake /home/vincent-pc/ros2_ws/src/my_package -DCMAKE_INSTALL_PREFIX=/home/vincent-pc/ros2_ws/install/my_package
[1.323s] Invoking command in '/home/vincent-pc/ros2_ws/build/my_package': CMAKE_PREFIX_PATH=/opt/ros/foxy /usr/bin/cmake --build /home/vincent-pc/ros2_ws/build/my_package -- -j8 -l8
[1.366s] [35m[1mScanning dependencies of target my_node[0m
[1.378s] [ 50%] [32mBuilding CXX object CMakeFiles/my_node.dir/src/my_node.cpp.o[0m
[1.413s] [100%] [32m[1mLinking CXX executable my_node[0m
[1.465s] [100%] Built target my_node
[1.477s] Invoked command in '/home/vincent-pc/ros2_ws/build/my_package' returned '0': CMAKE_PREFIX_PATH=/opt/ros/foxy /usr/bin/cmake --build /home/vincent-pc/ros2_ws/build/my_package -- -j8 -l8
[1.503s] Invoking command in '/home/vincent-pc/ros2_ws/build/my_package': CMAKE_PREFIX_PATH=/opt/ros/foxy /usr/bin/cmake --install /home/vincent-pc/ros2_ws/build/my_package
[1.512s] -- Install configuration: ""
[1.512s] -- Installing: /home/vincent-pc/ros2_ws/install/my_package/lib/my_package/my_node
[1.512s] -- Installing: /home/vincent-pc/ros2_ws/install/my_package/share/ament_index/resource_index/package_run_dependencies/my_package
[1.512s] -- Installing: /home/vincent-pc/ros2_ws/install/my_package/share/ament_index/resource_index/parent_prefix_path/my_package
[1.512s] -- Installing: /home/vincent-pc/ros2_ws/install/my_package/share/my_package/environment/ament_prefix_path.sh
[1.512s] -- Installing: /home/vincent-pc/ros2_ws/install/my_package/share/my_package/environment/ament_prefix_path.dsv
[1.513s] -- Installing: /home/vincent-pc/ros2_ws/install/my_package/share/my_package/environment/path.sh
[1.513s] -- Installing: /home/vincent-pc/ros2_ws/install/my_package/share/my_package/environment/path.dsv
[1.513s] -- Installing: /home/vincent-pc/ros2_ws/install/my_package/share/my_package/local_setup.bash
[1.513s] -- Installing: /home/vincent-pc/ros2_ws/install/my_package/share/my_package/local_setup.sh
[1.513s] -- Installing: /home/vincent-pc/ros2_ws/install/my_package/share/my_package/local_setup.zsh
[1.513s] -- Installing: /home/vincent-pc/ros2_ws/install/my_package/share/my_package/local_setup.dsv
[1.513s] -- Installing: /home/vincent-pc/ros2_ws/install/my_package/share/my_package/package.dsv
[1.514s] -- Installing: /home/vincent-pc/ros2_ws/install/my_package/share/ament_index/resource_index/packages/my_package
[1.514s] -- Installing: /home/vincent-pc/ros2_ws/install/my_package/share/my_package/cmake/my_packageConfig.cmake
[1.514s] -- Installing: /home/vincent-pc/ros2_ws/install/my_package/share/my_package/cmake/my_packageConfig-version.cmake
[1.514s] -- Installing: /home/vincent-pc/ros2_ws/install/my_package/share/my_package/package.xml
[1.516s] Invoked command in '/home/vincent-pc/ros2_ws/build/my_package' returned '0': CMAKE_PREFIX_PATH=/opt/ros/foxy /usr/bin/cmake --install /home/vincent-pc/ros2_ws/build/my_package
