[0.059s] Invoking command in '/home/vincent-pc/ros2_ws/build/examples_rclcpp_multithreaded_executor': CMAKE_PREFIX_PATH=/opt/ros/foxy /usr/bin/cmake /home/vincent-pc/ros2_ws/src/src/examples/rclcpp/executors/multithreaded_executor -DAMENT_CMAKE_SYMLINK_INSTALL=1 -DCMAKE_INSTALL_PREFIX=/home/vincent-pc/ros2_ws/install/examples_rclcpp_multithreaded_executor
[0.819s] -- The C compiler identification is GNU 9.4.0
[0.971s] -- The CXX compiler identification is GNU 9.4.0
[0.992s] -- Check for working C compiler: /usr/bin/cc
[1.407s] -- Check for working C compiler: /usr/bin/cc -- works
[1.410s] -- Detecting C compiler ABI info
[1.787s] -- Detecting C compiler ABI info - done
[1.821s] -- Detecting C compile features
[1.825s] -- Detecting C compile features - done
[1.835s] -- Check for working CXX compiler: /usr/bin/c++
[2.256s] -- Check for working CXX compiler: /usr/bin/c++ -- works
[2.259s] -- Detecting CXX compiler ABI info
[2.688s] -- Detecting CXX compiler ABI info - done
[2.726s] -- Detecting CXX compile features
[2.727s] -- Detecting CXX compile features - done
[2.757s] -- Found ament_cmake: 0.9.12 (/opt/ros/foxy/share/ament_cmake/cmake)
[2.851s] -- Found PythonInterp: /usr/bin/python3 (found suitable version "3.8.10", minimum required is "3") 
[2.851s] -- Using PYTHON_EXECUTABLE: /usr/bin/python3
[3.322s] -- Override CMake install command with custom implementation using symlinks instead of copying resources
[3.387s] -- Found rclcpp: 2.4.3 (/opt/ros/foxy/share/rclcpp/cmake)
[3.546s] -- Using all available rosidl_typesupport_c: rosidl_typesupport_fastrtps_c;rosidl_typesupport_introspection_c
[3.576s] -- Found rosidl_adapter: 1.3.1 (/opt/ros/foxy/share/rosidl_adapter/cmake)
[4.153s] -- Found OpenSSL: /usr/lib/x86_64-linux-gnu/libcrypto.so (found version "1.1.1f")  
[4.267s] -- Found FastRTPS: /opt/ros/foxy/include  
[4.518s] -- Using all available rosidl_typesupport_cpp: rosidl_typesupport_fastrtps_cpp;rosidl_typesupport_introspection_cpp
[4.719s] -- Found rmw_implementation_cmake: 1.0.4 (/opt/ros/foxy/share/rmw_implementation_cmake/cmake)
[4.724s] -- Using RMW implementation 'rmw_fastrtps_cpp' as default
[4.727s] -- Looking for pthread.h
[4.895s] -- Looking for pthread.h - found
[4.896s] -- Performing Test CMAKE_HAVE_LIBC_PTHREAD
[5.053s] -- Performing Test CMAKE_HAVE_LIBC_PTHREAD - Failed
[5.057s] -- Looking for pthread_create in pthreads
[5.180s] -- Looking for pthread_create in pthreads - not found
[5.182s] -- Looking for pthread_create in pthread
[5.328s] -- Looking for pthread_create in pthread - found
[5.331s] -- Found Threads: TRUE  
[5.652s] -- Found ament_lint_auto: 0.9.8 (/opt/ros/foxy/share/ament_lint_auto/cmake)
[5.856s] -- Added test 'copyright' to check source files copyright and LICENSE
[5.858s] -- Added test 'cppcheck' to perform static code analysis on C / C++ code
[5.858s] -- Configured cppcheck include dirs: 
[5.859s] -- Configured cppcheck exclude dirs and/or files: 
[5.860s] -- Added test 'cpplint' to check C / C++ code against the Google style
[5.861s] -- Configured cpplint exclude dirs and/or files: 
[5.862s] -- Added test 'lint_cmake' to check CMake code style
[5.864s] -- Added test 'uncrustify' to check C / C++ code style
[5.864s] -- Configured uncrustify additional arguments: 
[5.865s] -- Added test 'xmllint' to check XML markup files
[5.873s] -- Configuring done
[5.890s] -- Generating done
[5.893s] -- Build files have been written to: /home/vincent-pc/ros2_ws/build/examples_rclcpp_multithreaded_executor
[6.831s] Invoked command in '/home/vincent-pc/ros2_ws/build/examples_rclcpp_multithreaded_executor' returned '0': CMAKE_PREFIX_PATH=/opt/ros/foxy /usr/bin/cmake /home/vincent-pc/ros2_ws/src/src/examples/rclcpp/executors/multithreaded_executor -DAMENT_CMAKE_SYMLINK_INSTALL=1 -DCMAKE_INSTALL_PREFIX=/home/vincent-pc/ros2_ws/install/examples_rclcpp_multithreaded_executor
[6.836s] Invoking command in '/home/vincent-pc/ros2_ws/build/examples_rclcpp_multithreaded_executor': CMAKE_PREFIX_PATH=/opt/ros/foxy /usr/bin/cmake --build /home/vincent-pc/ros2_ws/build/examples_rclcpp_multithreaded_executor -- -j8 -l8
[7.008s] [35m[1mScanning dependencies of target multithreaded_executor[0m
[7.212s] [ 50%] [32mBuilding CXX object CMakeFiles/multithreaded_executor.dir/multithreaded_executor.cpp.o[0m
[13.504s] [100%] [32m[1mLinking CXX executable multithreaded_executor[0m
[13.692s] [100%] Built target multithreaded_executor
[13.702s] Invoked command in '/home/vincent-pc/ros2_ws/build/examples_rclcpp_multithreaded_executor' returned '0': CMAKE_PREFIX_PATH=/opt/ros/foxy /usr/bin/cmake --build /home/vincent-pc/ros2_ws/build/examples_rclcpp_multithreaded_executor -- -j8 -l8
[13.722s] Invoking command in '/home/vincent-pc/ros2_ws/build/examples_rclcpp_multithreaded_executor': CMAKE_PREFIX_PATH=/opt/ros/foxy /usr/bin/cmake --install /home/vincent-pc/ros2_ws/build/examples_rclcpp_multithreaded_executor
[13.731s] -- Install configuration: ""
[13.732s] -- Execute custom install script
[13.732s] -- Symlinking: /home/vincent-pc/ros2_ws/install/examples_rclcpp_multithreaded_executor/lib/examples_rclcpp_multithreaded_executor/multithreaded_executor
[13.742s] -- Symlinking: /home/vincent-pc/ros2_ws/install/examples_rclcpp_multithreaded_executor/share/ament_index/resource_index/package_run_dependencies/examples_rclcpp_multithreaded_executor
[13.751s] -- Symlinking: /home/vincent-pc/ros2_ws/install/examples_rclcpp_multithreaded_executor/share/ament_index/resource_index/parent_prefix_path/examples_rclcpp_multithreaded_executor
[13.759s] -- Symlinking: /home/vincent-pc/ros2_ws/install/examples_rclcpp_multithreaded_executor/share/examples_rclcpp_multithreaded_executor/environment/ament_prefix_path.sh
[13.767s] -- Symlinking: /home/vincent-pc/ros2_ws/install/examples_rclcpp_multithreaded_executor/share/examples_rclcpp_multithreaded_executor/environment/ament_prefix_path.dsv
[13.776s] -- Symlinking: /home/vincent-pc/ros2_ws/install/examples_rclcpp_multithreaded_executor/share/examples_rclcpp_multithreaded_executor/environment/path.sh
[13.783s] -- Symlinking: /home/vincent-pc/ros2_ws/install/examples_rclcpp_multithreaded_executor/share/examples_rclcpp_multithreaded_executor/environment/path.dsv
[13.791s] -- Symlinking: /home/vincent-pc/ros2_ws/install/examples_rclcpp_multithreaded_executor/share/examples_rclcpp_multithreaded_executor/local_setup.bash
[13.799s] -- Symlinking: /home/vincent-pc/ros2_ws/install/examples_rclcpp_multithreaded_executor/share/examples_rclcpp_multithreaded_executor/local_setup.sh
[13.808s] -- Symlinking: /home/vincent-pc/ros2_ws/install/examples_rclcpp_multithreaded_executor/share/examples_rclcpp_multithreaded_executor/local_setup.zsh
[13.816s] -- Symlinking: /home/vincent-pc/ros2_ws/install/examples_rclcpp_multithreaded_executor/share/examples_rclcpp_multithreaded_executor/local_setup.dsv
[13.825s] -- Symlinking: /home/vincent-pc/ros2_ws/install/examples_rclcpp_multithreaded_executor/share/examples_rclcpp_multithreaded_executor/package.dsv
[13.832s] -- Symlinking: /home/vincent-pc/ros2_ws/install/examples_rclcpp_multithreaded_executor/share/ament_index/resource_index/packages/examples_rclcpp_multithreaded_executor
[13.839s] -- Symlinking: /home/vincent-pc/ros2_ws/install/examples_rclcpp_multithreaded_executor/share/examples_rclcpp_multithreaded_executor/cmake/examples_rclcpp_multithreaded_executorConfig.cmake
[13.845s] -- Symlinking: /home/vincent-pc/ros2_ws/install/examples_rclcpp_multithreaded_executor/share/examples_rclcpp_multithreaded_executor/cmake/examples_rclcpp_multithreaded_executorConfig-version.cmake
[13.852s] -- Symlinking: /home/vincent-pc/ros2_ws/install/examples_rclcpp_multithreaded_executor/share/examples_rclcpp_multithreaded_executor/package.xml
[13.861s] Invoked command in '/home/vincent-pc/ros2_ws/build/examples_rclcpp_multithreaded_executor' returned '0': CMAKE_PREFIX_PATH=/opt/ros/foxy /usr/bin/cmake --install /home/vincent-pc/ros2_ws/build/examples_rclcpp_multithreaded_executor
