[0.040s] Invoking command in '/home/vincent-pc/ros2_ws/src/build/examples_rclcpp_minimal_client': CMAKE_PREFIX_PATH=/opt/ros/foxy /usr/bin/cmake /home/vincent-pc/ros2_ws/src/src/examples/rclcpp/services/minimal_client -DAMENT_CMAKE_SYMLINK_INSTALL=1 -DCMAKE_INSTALL_PREFIX=/home/vincent-pc/ros2_ws/src/install/examples_rclcpp_minimal_client
[0.206s] -- The C compiler identification is GNU 9.4.0
[0.339s] -- The CXX compiler identification is GNU 9.4.0
[0.350s] -- Check for working C compiler: /usr/bin/cc
[0.465s] -- Check for working C compiler: /usr/bin/cc -- works
[0.467s] -- Detecting C compiler ABI info
[0.578s] -- Detecting C compiler ABI info - done
[0.601s] -- Detecting C compile features
[0.601s] -- Detecting C compile features - done
[0.604s] -- Check for working CXX compiler: /usr/bin/c++
[0.736s] -- Check for working CXX compiler: /usr/bin/c++ -- works
[0.738s] -- Detecting CXX compiler ABI info
[0.861s] -- Detecting CXX compiler ABI info - done
[0.882s] -- Detecting CXX compile features
[0.883s] -- Detecting CXX compile features - done
[0.886s] -- Found ament_cmake: 0.9.12 (/opt/ros/foxy/share/ament_cmake/cmake)
[0.931s] -- Found PythonInterp: /usr/bin/python3 (found suitable version "3.8.10", minimum required is "3") 
[0.934s] -- Using PYTHON_EXECUTABLE: /usr/bin/python3
[1.265s] -- Override CMake install command with custom implementation using symlinks instead of copying resources
[1.295s] -- Found example_interfaces: 0.9.1 (/opt/ros/foxy/share/example_interfaces/cmake)
[1.340s] -- Using all available rosidl_typesupport_c: rosidl_typesupport_fastrtps_c;rosidl_typesupport_introspection_c
[1.351s] -- Found rosidl_adapter: 1.3.1 (/opt/ros/foxy/share/rosidl_adapter/cmake)
[1.473s] -- Found OpenSSL: /usr/lib/x86_64-linux-gnu/libcrypto.so (found version "1.1.1f")  
[1.506s] -- Found FastRTPS: /opt/ros/foxy/include  
[1.611s] -- Using all available rosidl_typesupport_cpp: rosidl_typesupport_fastrtps_cpp;rosidl_typesupport_introspection_cpp
[1.844s] -- Found rclcpp: 2.4.3 (/opt/ros/foxy/share/rclcpp/cmake)
[1.901s] -- Found rmw_implementation_cmake: 1.0.4 (/opt/ros/foxy/share/rmw_implementation_cmake/cmake)
[1.903s] -- Using RMW implementation 'rmw_fastrtps_cpp' as default
[1.905s] -- Looking for pthread.h
[2.030s] -- Looking for pthread.h - found
[2.030s] -- Performing Test CMAKE_HAVE_LIBC_PTHREAD
[2.163s] -- Performing Test CMAKE_HAVE_LIBC_PTHREAD - Failed
[2.163s] -- Looking for pthread_create in pthreads
[2.268s] -- Looking for pthread_create in pthreads - not found
[2.269s] -- Looking for pthread_create in pthread
[2.375s] -- Looking for pthread_create in pthread - found
[2.377s] -- Found Threads: TRUE  
[2.660s] -- Found ament_lint_auto: 0.9.8 (/opt/ros/foxy/share/ament_lint_auto/cmake)
[2.788s] -- Added test 'copyright' to check source files copyright and LICENSE
[2.791s] -- Added test 'cppcheck' to perform static code analysis on C / C++ code
[2.791s] -- Configured cppcheck include dirs: 
[2.791s] -- Configured cppcheck exclude dirs and/or files: 
[2.792s] -- Added test 'cpplint' to check C / C++ code against the Google style
[2.793s] -- Configured cpplint exclude dirs and/or files: 
[2.794s] -- Added test 'lint_cmake' to check CMake code style
[2.796s] -- Added test 'uncrustify' to check C / C++ code style
[2.796s] -- Configured uncrustify additional arguments: 
[2.798s] -- Added test 'xmllint' to check XML markup files
[2.800s] -- Configuring done
[2.815s] -- Generating done
[2.818s] -- Build files have been written to: /home/vincent-pc/ros2_ws/src/build/examples_rclcpp_minimal_client
[2.831s] Invoked command in '/home/vincent-pc/ros2_ws/src/build/examples_rclcpp_minimal_client' returned '0': CMAKE_PREFIX_PATH=/opt/ros/foxy /usr/bin/cmake /home/vincent-pc/ros2_ws/src/src/examples/rclcpp/services/minimal_client -DAMENT_CMAKE_SYMLINK_INSTALL=1 -DCMAKE_INSTALL_PREFIX=/home/vincent-pc/ros2_ws/src/install/examples_rclcpp_minimal_client
[2.837s] Invoking command in '/home/vincent-pc/ros2_ws/src/build/examples_rclcpp_minimal_client': CMAKE_PREFIX_PATH=/opt/ros/foxy /usr/bin/cmake --build /home/vincent-pc/ros2_ws/src/build/examples_rclcpp_minimal_client -- -j8 -l8
[2.927s] [35m[1mScanning dependencies of target client_main[0m
[3.049s] [ 50%] [32mBuilding CXX object CMakeFiles/client_main.dir/main.cpp.o[0m
[14.034s] [100%] [32m[1mLinking CXX executable client_main[0m
[14.799s] [100%] Built target client_main
[14.855s] Invoked command in '/home/vincent-pc/ros2_ws/src/build/examples_rclcpp_minimal_client' returned '0': CMAKE_PREFIX_PATH=/opt/ros/foxy /usr/bin/cmake --build /home/vincent-pc/ros2_ws/src/build/examples_rclcpp_minimal_client -- -j8 -l8
[15.329s] Invoking command in '/home/vincent-pc/ros2_ws/src/build/examples_rclcpp_minimal_client': CMAKE_PREFIX_PATH=/opt/ros/foxy /usr/bin/cmake --install /home/vincent-pc/ros2_ws/src/build/examples_rclcpp_minimal_client
[15.642s] -- Install configuration: ""
[15.642s] -- Execute custom install script
[15.643s] -- Symlinking: /home/vincent-pc/ros2_ws/src/install/examples_rclcpp_minimal_client/lib/examples_rclcpp_minimal_client/client_main
[15.643s] -- Symlinking: /home/vincent-pc/ros2_ws/src/install/examples_rclcpp_minimal_client/share/ament_index/resource_index/package_run_dependencies/examples_rclcpp_minimal_client
[15.643s] -- Symlinking: /home/vincent-pc/ros2_ws/src/install/examples_rclcpp_minimal_client/share/ament_index/resource_index/parent_prefix_path/examples_rclcpp_minimal_client
[15.643s] -- Symlinking: /home/vincent-pc/ros2_ws/src/install/examples_rclcpp_minimal_client/share/examples_rclcpp_minimal_client/environment/ament_prefix_path.sh
[15.643s] -- Symlinking: /home/vincent-pc/ros2_ws/src/install/examples_rclcpp_minimal_client/share/examples_rclcpp_minimal_client/environment/ament_prefix_path.dsv
[15.643s] -- Symlinking: /home/vincent-pc/ros2_ws/src/install/examples_rclcpp_minimal_client/share/examples_rclcpp_minimal_client/environment/path.sh
[15.649s] -- Symlinking: /home/vincent-pc/ros2_ws/src/install/examples_rclcpp_minimal_client/share/examples_rclcpp_minimal_client/environment/path.dsv
[15.685s] -- Symlinking: /home/vincent-pc/ros2_ws/src/install/examples_rclcpp_minimal_client/share/examples_rclcpp_minimal_client/local_setup.bash
[15.699s] -- Symlinking: /home/vincent-pc/ros2_ws/src/install/examples_rclcpp_minimal_client/share/examples_rclcpp_minimal_client/local_setup.sh
[15.747s] -- Symlinking: /home/vincent-pc/ros2_ws/src/install/examples_rclcpp_minimal_client/share/examples_rclcpp_minimal_client/local_setup.zsh
[15.808s] -- Symlinking: /home/vincent-pc/ros2_ws/src/install/examples_rclcpp_minimal_client/share/examples_rclcpp_minimal_client/local_setup.dsv
[15.866s] -- Symlinking: /home/vincent-pc/ros2_ws/src/install/examples_rclcpp_minimal_client/share/examples_rclcpp_minimal_client/package.dsv
[15.916s] -- Symlinking: /home/vincent-pc/ros2_ws/src/install/examples_rclcpp_minimal_client/share/ament_index/resource_index/packages/examples_rclcpp_minimal_client
[15.984s] -- Symlinking: /home/vincent-pc/ros2_ws/src/install/examples_rclcpp_minimal_client/share/examples_rclcpp_minimal_client/cmake/examples_rclcpp_minimal_clientConfig.cmake
[16.037s] -- Symlinking: /home/vincent-pc/ros2_ws/src/install/examples_rclcpp_minimal_client/share/examples_rclcpp_minimal_client/cmake/examples_rclcpp_minimal_clientConfig-version.cmake
[16.078s] -- Symlinking: /home/vincent-pc/ros2_ws/src/install/examples_rclcpp_minimal_client/share/examples_rclcpp_minimal_client/package.xml
[16.183s] Invoked command in '/home/vincent-pc/ros2_ws/src/build/examples_rclcpp_minimal_client' returned '0': CMAKE_PREFIX_PATH=/opt/ros/foxy /usr/bin/cmake --install /home/vincent-pc/ros2_ws/src/build/examples_rclcpp_minimal_client
