[0.038s] Invoking command in '/home/vincent-pc/ros2_ws/src/build/examples_rclcpp_minimal_service': CMAKE_PREFIX_PATH=/opt/ros/foxy /usr/bin/cmake /home/vincent-pc/ros2_ws/src/src/examples/rclcpp/services/minimal_service -DAMENT_CMAKE_SYMLINK_INSTALL=1 -DCMAKE_INSTALL_PREFIX=/home/vincent-pc/ros2_ws/src/install/examples_rclcpp_minimal_service
[0.204s] -- The C compiler identification is GNU 9.4.0
[0.324s] -- The CXX compiler identification is GNU 9.4.0
[0.335s] -- Check for working C compiler: /usr/bin/cc
[0.423s] -- Check for working C compiler: /usr/bin/cc -- works
[0.426s] -- Detecting C compiler ABI info
[0.540s] -- Detecting C compiler ABI info - done
[0.562s] -- Detecting C compile features
[0.564s] -- Detecting C compile features - done
[0.569s] -- Check for working CXX compiler: /usr/bin/c++
[0.716s] -- Check for working CXX compiler: /usr/bin/c++ -- works
[0.718s] -- Detecting CXX compiler ABI info
[0.834s] -- Detecting CXX compiler ABI info - done
[0.855s] -- Detecting CXX compile features
[0.856s] -- Detecting CXX compile features - done
[0.863s] -- Found ament_cmake: 0.9.12 (/opt/ros/foxy/share/ament_cmake/cmake)
[0.903s] -- Found PythonInterp: /usr/bin/python3 (found suitable version "3.8.10", minimum required is "3") 
[0.903s] -- Using PYTHON_EXECUTABLE: /usr/bin/python3
[1.253s] -- Override CMake install command with custom implementation using symlinks instead of copying resources
[1.285s] -- Found example_interfaces: 0.9.1 (/opt/ros/foxy/share/example_interfaces/cmake)
[1.326s] -- Using all available rosidl_typesupport_c: rosidl_typesupport_fastrtps_c;rosidl_typesupport_introspection_c
[1.337s] -- Found rosidl_adapter: 1.3.1 (/opt/ros/foxy/share/rosidl_adapter/cmake)
[1.454s] -- Found OpenSSL: /usr/lib/x86_64-linux-gnu/libcrypto.so (found version "1.1.1f")  
[1.485s] -- Found FastRTPS: /opt/ros/foxy/include  
[1.596s] -- Using all available rosidl_typesupport_cpp: rosidl_typesupport_fastrtps_cpp;rosidl_typesupport_introspection_cpp
[1.829s] -- Found rclcpp: 2.4.3 (/opt/ros/foxy/share/rclcpp/cmake)
[1.895s] -- Found rmw_implementation_cmake: 1.0.4 (/opt/ros/foxy/share/rmw_implementation_cmake/cmake)
[1.897s] -- Using RMW implementation 'rmw_fastrtps_cpp' as default
[1.899s] -- Looking for pthread.h
[2.019s] -- Looking for pthread.h - found
[2.019s] -- Performing Test CMAKE_HAVE_LIBC_PTHREAD
[2.137s] -- Performing Test CMAKE_HAVE_LIBC_PTHREAD - Failed
[2.138s] -- Looking for pthread_create in pthreads
[2.225s] -- Looking for pthread_create in pthreads - not found
[2.235s] -- Looking for pthread_create in pthread
[2.339s] -- Looking for pthread_create in pthread - found
[2.341s] -- Found Threads: TRUE  
[2.615s] -- Found ament_lint_auto: 0.9.8 (/opt/ros/foxy/share/ament_lint_auto/cmake)
[2.738s] -- Added test 'copyright' to check source files copyright and LICENSE
[2.739s] -- Added test 'cppcheck' to perform static code analysis on C / C++ code
[2.739s] -- Configured cppcheck include dirs: 
[2.740s] -- Configured cppcheck exclude dirs and/or files: 
[2.741s] -- Added test 'cpplint' to check C / C++ code against the Google style
[2.741s] -- Configured cpplint exclude dirs and/or files: 
[2.742s] -- Added test 'lint_cmake' to check CMake code style
[2.743s] -- Added test 'uncrustify' to check C / C++ code style
[2.743s] -- Configured uncrustify additional arguments: 
[2.744s] -- Added test 'xmllint' to check XML markup files
[2.749s] -- Configuring done
[2.762s] -- Generating done
[2.765s] -- Build files have been written to: /home/vincent-pc/ros2_ws/src/build/examples_rclcpp_minimal_service
[2.780s] Invoked command in '/home/vincent-pc/ros2_ws/src/build/examples_rclcpp_minimal_service' returned '0': CMAKE_PREFIX_PATH=/opt/ros/foxy /usr/bin/cmake /home/vincent-pc/ros2_ws/src/src/examples/rclcpp/services/minimal_service -DAMENT_CMAKE_SYMLINK_INSTALL=1 -DCMAKE_INSTALL_PREFIX=/home/vincent-pc/ros2_ws/src/install/examples_rclcpp_minimal_service
[2.781s] Invoking command in '/home/vincent-pc/ros2_ws/src/build/examples_rclcpp_minimal_service': CMAKE_PREFIX_PATH=/opt/ros/foxy /usr/bin/cmake --build /home/vincent-pc/ros2_ws/src/build/examples_rclcpp_minimal_service -- -j8 -l8
[2.934s] [35m[1mScanning dependencies of target service_main[0m
[3.045s] [ 50%] [32mBuilding CXX object CMakeFiles/service_main.dir/main.cpp.o[0m
[13.216s] [100%] [32m[1mLinking CXX executable service_main[0m
[14.035s] [100%] Built target service_main
[14.109s] Invoked command in '/home/vincent-pc/ros2_ws/src/build/examples_rclcpp_minimal_service' returned '0': CMAKE_PREFIX_PATH=/opt/ros/foxy /usr/bin/cmake --build /home/vincent-pc/ros2_ws/src/build/examples_rclcpp_minimal_service -- -j8 -l8
[14.568s] Invoking command in '/home/vincent-pc/ros2_ws/src/build/examples_rclcpp_minimal_service': CMAKE_PREFIX_PATH=/opt/ros/foxy /usr/bin/cmake --install /home/vincent-pc/ros2_ws/src/build/examples_rclcpp_minimal_service
[14.839s] -- Install configuration: ""
[14.840s] -- Execute custom install script
[14.840s] -- Symlinking: /home/vincent-pc/ros2_ws/src/install/examples_rclcpp_minimal_service/lib/examples_rclcpp_minimal_service/service_main
[14.840s] -- Symlinking: /home/vincent-pc/ros2_ws/src/install/examples_rclcpp_minimal_service/share/ament_index/resource_index/package_run_dependencies/examples_rclcpp_minimal_service
[14.840s] -- Symlinking: /home/vincent-pc/ros2_ws/src/install/examples_rclcpp_minimal_service/share/ament_index/resource_index/parent_prefix_path/examples_rclcpp_minimal_service
[14.842s] -- Symlinking: /home/vincent-pc/ros2_ws/src/install/examples_rclcpp_minimal_service/share/examples_rclcpp_minimal_service/environment/ament_prefix_path.sh
[14.880s] -- Symlinking: /home/vincent-pc/ros2_ws/src/install/examples_rclcpp_minimal_service/share/examples_rclcpp_minimal_service/environment/ament_prefix_path.dsv
[14.959s] -- Symlinking: /home/vincent-pc/ros2_ws/src/install/examples_rclcpp_minimal_service/share/examples_rclcpp_minimal_service/environment/path.sh
[15.015s] -- Symlinking: /home/vincent-pc/ros2_ws/src/install/examples_rclcpp_minimal_service/share/examples_rclcpp_minimal_service/environment/path.dsv
[15.056s] -- Symlinking: /home/vincent-pc/ros2_ws/src/install/examples_rclcpp_minimal_service/share/examples_rclcpp_minimal_service/local_setup.bash
[15.106s] -- Symlinking: /home/vincent-pc/ros2_ws/src/install/examples_rclcpp_minimal_service/share/examples_rclcpp_minimal_service/local_setup.sh
[15.179s] -- Symlinking: /home/vincent-pc/ros2_ws/src/install/examples_rclcpp_minimal_service/share/examples_rclcpp_minimal_service/local_setup.zsh
[15.227s] -- Symlinking: /home/vincent-pc/ros2_ws/src/install/examples_rclcpp_minimal_service/share/examples_rclcpp_minimal_service/local_setup.dsv
[15.300s] -- Symlinking: /home/vincent-pc/ros2_ws/src/install/examples_rclcpp_minimal_service/share/examples_rclcpp_minimal_service/package.dsv
[15.368s] -- Symlinking: /home/vincent-pc/ros2_ws/src/install/examples_rclcpp_minimal_service/share/ament_index/resource_index/packages/examples_rclcpp_minimal_service
[15.404s] -- Symlinking: /home/vincent-pc/ros2_ws/src/install/examples_rclcpp_minimal_service/share/examples_rclcpp_minimal_service/cmake/examples_rclcpp_minimal_serviceConfig.cmake
[15.467s] -- Symlinking: /home/vincent-pc/ros2_ws/src/install/examples_rclcpp_minimal_service/share/examples_rclcpp_minimal_service/cmake/examples_rclcpp_minimal_serviceConfig-version.cmake
[15.509s] -- Symlinking: /home/vincent-pc/ros2_ws/src/install/examples_rclcpp_minimal_service/share/examples_rclcpp_minimal_service/package.xml
[15.630s] Invoked command in '/home/vincent-pc/ros2_ws/src/build/examples_rclcpp_minimal_service' returned '0': CMAKE_PREFIX_PATH=/opt/ros/foxy /usr/bin/cmake --install /home/vincent-pc/ros2_ws/src/build/examples_rclcpp_minimal_service
