[2.428s] Invoking command in '/home/vincent-pc/ros2_ws/build/examples_rclpy_minimal_client': PYTHONPATH=/home/vincent-pc/ros2_ws/build/examples_rclpy_minimal_client/prefix_override:/usr/lib/python3/dist-packages/colcon_core/task/python/colcon_distutils_commands:/home/vincent-pc/ros2_ws/install/examples_rclpy_minimal_client/lib/python3.8/site-packages:${PYTHONPATH} /usr/bin/python3 -W ignore:setup.py install is deprecated setup.py develop --editable --build-directory /home/vincent-pc/ros2_ws/build/examples_rclpy_minimal_client/build --no-deps symlink_data
[3.183s] running develop
[3.564s] running egg_info
[3.564s] creating examples_rclpy_minimal_client.egg-info
[3.565s] writing examples_rclpy_minimal_client.egg-info/PKG-INFO
[3.565s] writing dependency_links to examples_rclpy_minimal_client.egg-info/dependency_links.txt
[3.566s] writing entry points to examples_rclpy_minimal_client.egg-info/entry_points.txt
[3.566s] writing requirements to examples_rclpy_minimal_client.egg-info/requires.txt
[3.567s] writing top-level names to examples_rclpy_minimal_client.egg-info/top_level.txt
[3.574s] writing manifest file 'examples_rclpy_minimal_client.egg-info/SOURCES.txt'
[3.665s] reading manifest file 'examples_rclpy_minimal_client.egg-info/SOURCES.txt'
[3.666s] writing manifest file 'examples_rclpy_minimal_client.egg-info/SOURCES.txt'
[3.760s] running build_ext
[3.761s] Creating /home/vincent-pc/ros2_ws/install/examples_rclpy_minimal_client/lib/python3.8/site-packages/site.py
[3.766s] Creating /home/vincent-pc/ros2_ws/install/examples_rclpy_minimal_client/lib/python3.8/site-packages/examples-rclpy-minimal-client.egg-link (link to .)
[3.768s] Installing client script to /home/vincent-pc/ros2_ws/install/examples_rclpy_minimal_client/lib/examples_rclpy_minimal_client
[3.768s] Installing client_async script to /home/vincent-pc/ros2_ws/install/examples_rclpy_minimal_client/lib/examples_rclpy_minimal_client
[3.769s] Installing client_async_callback script to /home/vincent-pc/ros2_ws/install/examples_rclpy_minimal_client/lib/examples_rclpy_minimal_client
[3.769s] Installing client_async_member_function script to /home/vincent-pc/ros2_ws/install/examples_rclpy_minimal_client/lib/examples_rclpy_minimal_client
[3.770s] 
[3.770s] Installed /home/vincent-pc/ros2_ws/build/examples_rclpy_minimal_client
[3.771s] running symlink_data
[3.771s] creating /home/vincent-pc/ros2_ws/install/examples_rclpy_minimal_client/share/ament_index
[3.771s] creating /home/vincent-pc/ros2_ws/install/examples_rclpy_minimal_client/share/ament_index/resource_index
[3.771s] creating /home/vincent-pc/ros2_ws/install/examples_rclpy_minimal_client/share/ament_index/resource_index/packages
[3.772s] symbolically linking /home/vincent-pc/ros2_ws/build/examples_rclpy_minimal_client/resource/examples_rclpy_minimal_client -> /home/vincent-pc/ros2_ws/install/examples_rclpy_minimal_client/share/ament_index/resource_index/packages
[3.772s] symbolically linking /home/vincent-pc/ros2_ws/build/examples_rclpy_minimal_client/package.xml -> /home/vincent-pc/ros2_ws/install/examples_rclpy_minimal_client/share/examples_rclpy_minimal_client
[3.838s] Invoked command in '/home/vincent-pc/ros2_ws/build/examples_rclpy_minimal_client' returned '0': PYTHONPATH=/home/vincent-pc/ros2_ws/build/examples_rclpy_minimal_client/prefix_override:/usr/lib/python3/dist-packages/colcon_core/task/python/colcon_distutils_commands:/home/vincent-pc/ros2_ws/install/examples_rclpy_minimal_client/lib/python3.8/site-packages:${PYTHONPATH} /usr/bin/python3 -W ignore:setup.py install is deprecated setup.py develop --editable --build-directory /home/vincent-pc/ros2_ws/build/examples_rclpy_minimal_client/build --no-deps symlink_data
