[1.840s] Invoking command in '/home/vincent-pc/ros2_ws/src/src/examples/rclpy/services/minimal_client': PYTHONPATH=/home/vincent-pc/ros2_ws/build/examples_rclpy_minimal_client/prefix_override:/usr/lib/python3/dist-packages/colcon_core/task/python/colcon_distutils_commands:/home/vincent-pc/ros2_ws/install/examples_rclpy_minimal_client/lib/python3.8/site-packages:${PYTHONPATH} /usr/bin/python3 -W ignore:setup.py install is deprecated setup.py egg_info --egg-base ../../../../../../build/examples_rclpy_minimal_client build --build-base /home/vincent-pc/ros2_ws/build/examples_rclpy_minimal_client/build install --record /home/vincent-pc/ros2_ws/build/examples_rclpy_minimal_client/install.log --install-scripts $base/lib/examples_rclpy_minimal_client --single-version-externally-managed install_data
[2.249s] running egg_info
[2.251s] writing ../../../../../../build/examples_rclpy_minimal_client/examples_rclpy_minimal_client.egg-info/PKG-INFO
[2.252s] writing dependency_links to ../../../../../../build/examples_rclpy_minimal_client/examples_rclpy_minimal_client.egg-info/dependency_links.txt
[2.252s] writing entry points to ../../../../../../build/examples_rclpy_minimal_client/examples_rclpy_minimal_client.egg-info/entry_points.txt
[2.252s] writing requirements to ../../../../../../build/examples_rclpy_minimal_client/examples_rclpy_minimal_client.egg-info/requires.txt
[2.252s] writing top-level names to ../../../../../../build/examples_rclpy_minimal_client/examples_rclpy_minimal_client.egg-info/top_level.txt
[2.313s] reading manifest file '../../../../../../build/examples_rclpy_minimal_client/examples_rclpy_minimal_client.egg-info/SOURCES.txt'
[2.315s] writing manifest file '../../../../../../build/examples_rclpy_minimal_client/examples_rclpy_minimal_client.egg-info/SOURCES.txt'
[2.315s] running build
[2.315s] running build_py
[2.316s] running install
[2.317s] running install_lib
[2.320s] running install_data
[2.321s] running install_egg_info
[2.325s] removing '/home/vincent-pc/ros2_ws/install/examples_rclpy_minimal_client/lib/python3.8/site-packages/examples_rclpy_minimal_client-0.9.4-py3.8.egg-info' (and everything under it)
[2.328s] Copying ../../../../../../build/examples_rclpy_minimal_client/examples_rclpy_minimal_client.egg-info to /home/vincent-pc/ros2_ws/install/examples_rclpy_minimal_client/lib/python3.8/site-packages/examples_rclpy_minimal_client-0.9.4-py3.8.egg-info
[2.332s] running install_scripts
[2.373s] Installing client script to /home/vincent-pc/ros2_ws/install/examples_rclpy_minimal_client/lib/examples_rclpy_minimal_client
[2.376s] Installing client_async script to /home/vincent-pc/ros2_ws/install/examples_rclpy_minimal_client/lib/examples_rclpy_minimal_client
[2.376s] Installing client_async_callback script to /home/vincent-pc/ros2_ws/install/examples_rclpy_minimal_client/lib/examples_rclpy_minimal_client
[2.376s] Installing client_async_member_function script to /home/vincent-pc/ros2_ws/install/examples_rclpy_minimal_client/lib/examples_rclpy_minimal_client
[2.377s] writing list of installed files to '/home/vincent-pc/ros2_ws/build/examples_rclpy_minimal_client/install.log'
[2.418s] Invoked command in '/home/vincent-pc/ros2_ws/src/src/examples/rclpy/services/minimal_client' returned '0': PYTHONPATH=/home/vincent-pc/ros2_ws/build/examples_rclpy_minimal_client/prefix_override:/usr/lib/python3/dist-packages/colcon_core/task/python/colcon_distutils_commands:/home/vincent-pc/ros2_ws/install/examples_rclpy_minimal_client/lib/python3.8/site-packages:${PYTHONPATH} /usr/bin/python3 -W ignore:setup.py install is deprecated setup.py egg_info --egg-base ../../../../../../build/examples_rclpy_minimal_client build --build-base /home/vincent-pc/ros2_ws/build/examples_rclpy_minimal_client/build install --record /home/vincent-pc/ros2_ws/build/examples_rclpy_minimal_client/install.log --install-scripts $base/lib/examples_rclpy_minimal_client --single-version-externally-managed install_data
