[0.013s] Invoking command in '/home/vincent-pc/ros2_ws/build/my_package': CMAKE_PREFIX_PATH=${CMAKE_PREFIX_PATH}:/home/vincent-pc/ros2_ws/install/my_package_Py:/home/vincent-pc/ros2_ws/install/examples_rclpy_minimal_subscriber:/home/vincent-pc/ros2_ws/install/examples_rclpy_minimal_service:/home/vincent-pc/ros2_ws/install/examples_rclpy_minimal_publisher:/home/vincent-pc/ros2_ws/install/examples_rclpy_minimal_client:/home/vincent-pc/ros2_ws/install/examples_rclpy_minimal_action_server:/home/vincent-pc/ros2_ws/install/examples_rclpy_minimal_action_client:/home/vincent-pc/ros2_ws/install/examples_rclpy_executors:/opt/ros/foxy /usr/bin/cmake --build /home/vincent-pc/ros2_ws/build/my_package -- -j8 -l8
[0.037s] -- Found ament_cmake: 0.9.12 (/opt/ros/foxy/share/ament_cmake/cmake)
[0.064s] -- Using PYTHON_EXECUTABLE: /usr/bin/python3
[0.222s] -- Found ament_lint_auto: 0.9.8 (/opt/ros/foxy/share/ament_lint_auto/cmake)
[0.279s] -- Added test 'copyright' to check source files copyright and LICENSE
[0.280s] -- Added test 'cppcheck' to perform static code analysis on C / C++ code
[0.280s] -- Configured cppcheck include dirs: $<BUILD_INTERFACE:/home/vincent-pc/ros2_ws/src/my_package/include>
[0.280s] -- Configured cppcheck exclude dirs and/or files: 
[0.281s] -- Added test 'cpplint' to check C / C++ code against the Google style
[0.281s] -- Configured cpplint exclude dirs and/or files: 
[0.281s] -- Added test 'lint_cmake' to check CMake code style
[0.282s] -- Added test 'uncrustify' to check C / C++ code style
[0.282s] -- Configured uncrustify additional arguments: 
[0.282s] -- Added test 'xmllint' to check XML markup files
[0.283s] -- Configuring done
[0.286s] -- Generating done
[0.287s] -- Build files have been written to: /home/vincent-pc/ros2_ws/build/my_package
[0.303s] [35m[1mScanning dependencies of target my_node[0m
[0.314s] [ 50%] [32mBuilding CXX object CMakeFiles/my_node.dir/src/my_node.cpp.o[0m
[0.345s] [100%] [32m[1mLinking CXX executable my_node[0m
[0.387s] [100%] Built target my_node
[0.397s] Invoked command in '/home/vincent-pc/ros2_ws/build/my_package' returned '0': CMAKE_PREFIX_PATH=${CMAKE_PREFIX_PATH}:/home/vincent-pc/ros2_ws/install/my_package_Py:/home/vincent-pc/ros2_ws/install/examples_rclpy_minimal_subscriber:/home/vincent-pc/ros2_ws/install/examples_rclpy_minimal_service:/home/vincent-pc/ros2_ws/install/examples_rclpy_minimal_publisher:/home/vincent-pc/ros2_ws/install/examples_rclpy_minimal_client:/home/vincent-pc/ros2_ws/install/examples_rclpy_minimal_action_server:/home/vincent-pc/ros2_ws/install/examples_rclpy_minimal_action_client:/home/vincent-pc/ros2_ws/install/examples_rclpy_executors:/opt/ros/foxy /usr/bin/cmake --build /home/vincent-pc/ros2_ws/build/my_package -- -j8 -l8
[0.428s] Invoking command in '/home/vincent-pc/ros2_ws/build/my_package': CMAKE_PREFIX_PATH=${CMAKE_PREFIX_PATH}:/home/vincent-pc/ros2_ws/install/my_package_Py:/home/vincent-pc/ros2_ws/install/examples_rclpy_minimal_subscriber:/home/vincent-pc/ros2_ws/install/examples_rclpy_minimal_service:/home/vincent-pc/ros2_ws/install/examples_rclpy_minimal_publisher:/home/vincent-pc/ros2_ws/install/examples_rclpy_minimal_client:/home/vincent-pc/ros2_ws/install/examples_rclpy_minimal_action_server:/home/vincent-pc/ros2_ws/install/examples_rclpy_minimal_action_client:/home/vincent-pc/ros2_ws/install/examples_rclpy_executors:/opt/ros/foxy /usr/bin/cmake --install /home/vincent-pc/ros2_ws/build/my_package
[0.437s] -- Install configuration: ""
[0.437s] -- Installing: /home/vincent-pc/ros2_ws/install/my_package/lib/my_package/my_node
[0.437s] -- Up-to-date: /home/vincent-pc/ros2_ws/install/my_package/share/ament_index/resource_index/package_run_dependencies/my_package
[0.437s] -- Installing: /home/vincent-pc/ros2_ws/install/my_package/share/ament_index/resource_index/parent_prefix_path/my_package
[0.437s] -- Up-to-date: /home/vincent-pc/ros2_ws/install/my_package/share/my_package/environment/ament_prefix_path.sh
[0.437s] -- Installing: /home/vincent-pc/ros2_ws/install/my_package/share/my_package/environment/ament_prefix_path.dsv
[0.437s] -- Up-to-date: /home/vincent-pc/ros2_ws/install/my_package/share/my_package/environment/path.sh
[0.438s] -- Installing: /home/vincent-pc/ros2_ws/install/my_package/share/my_package/environment/path.dsv
[0.438s] -- Up-to-date: /home/vincent-pc/ros2_ws/install/my_package/share/my_package/local_setup.bash
[0.438s] -- Up-to-date: /home/vincent-pc/ros2_ws/install/my_package/share/my_package/local_setup.sh
[0.438s] -- Up-to-date: /home/vincent-pc/ros2_ws/install/my_package/share/my_package/local_setup.zsh
[0.438s] -- Installing: /home/vincent-pc/ros2_ws/install/my_package/share/my_package/local_setup.dsv
[0.438s] -- Installing: /home/vincent-pc/ros2_ws/install/my_package/share/my_package/package.dsv
[0.438s] -- Up-to-date: /home/vincent-pc/ros2_ws/install/my_package/share/ament_index/resource_index/packages/my_package
[0.438s] -- Up-to-date: /home/vincent-pc/ros2_ws/install/my_package/share/my_package/cmake/my_packageConfig.cmake
[0.438s] -- Up-to-date: /home/vincent-pc/ros2_ws/install/my_package/share/my_package/cmake/my_packageConfig-version.cmake
[0.438s] -- Installing: /home/vincent-pc/ros2_ws/install/my_package/share/my_package/package.xml
[0.440s] Invoked command in '/home/vincent-pc/ros2_ws/build/my_package' returned '0': CMAKE_PREFIX_PATH=${CMAKE_PREFIX_PATH}:/home/vincent-pc/ros2_ws/install/my_package_Py:/home/vincent-pc/ros2_ws/install/examples_rclpy_minimal_subscriber:/home/vincent-pc/ros2_ws/install/examples_rclpy_minimal_service:/home/vincent-pc/ros2_ws/install/examples_rclpy_minimal_publisher:/home/vincent-pc/ros2_ws/install/examples_rclpy_minimal_client:/home/vincent-pc/ros2_ws/install/examples_rclpy_minimal_action_server:/home/vincent-pc/ros2_ws/install/examples_rclpy_minimal_action_client:/home/vincent-pc/ros2_ws/install/examples_rclpy_executors:/opt/ros/foxy /usr/bin/cmake --install /home/vincent-pc/ros2_ws/build/my_package
