[2.975s] Invoking command in '/home/vincent-pc/ros2_ws/build/examples_rclpy_minimal_action_client': PYTHONPATH=/home/vincent-pc/ros2_ws/build/examples_rclpy_minimal_action_client/prefix_override:/usr/lib/python3/dist-packages/colcon_core/task/python/colcon_distutils_commands:/home/vincent-pc/ros2_ws/install/examples_rclpy_minimal_action_client/lib/python3.8/site-packages:${PYTHONPATH} /usr/bin/python3 -W ignore:setup.py install is deprecated setup.py develop --editable --build-directory /home/vincent-pc/ros2_ws/build/examples_rclpy_minimal_action_client/build --no-deps symlink_data
[3.591s] running develop
[3.876s] running egg_info
[3.876s] creating examples_rclpy_minimal_action_client.egg-info
[3.876s] writing examples_rclpy_minimal_action_client.egg-info/PKG-INFO
[3.877s] writing dependency_links to examples_rclpy_minimal_action_client.egg-info/dependency_links.txt
[3.877s] writing entry points to examples_rclpy_minimal_action_client.egg-info/entry_points.txt
[3.877s] writing requirements to examples_rclpy_minimal_action_client.egg-info/requires.txt
[3.877s] writing top-level names to examples_rclpy_minimal_action_client.egg-info/top_level.txt
[3.879s] writing manifest file 'examples_rclpy_minimal_action_client.egg-info/SOURCES.txt'
[3.933s] reading manifest file 'examples_rclpy_minimal_action_client.egg-info/SOURCES.txt'
[3.934s] writing manifest file 'examples_rclpy_minimal_action_client.egg-info/SOURCES.txt'
[3.988s] running build_ext
[3.989s] Creating /home/vincent-pc/ros2_ws/install/examples_rclpy_minimal_action_client/lib/python3.8/site-packages/site.py
[3.992s] Creating /home/vincent-pc/ros2_ws/install/examples_rclpy_minimal_action_client/lib/python3.8/site-packages/examples-rclpy-minimal-action-client.egg-link (link to .)
[3.994s] Installing client script to /home/vincent-pc/ros2_ws/install/examples_rclpy_minimal_action_client/lib/examples_rclpy_minimal_action_client
[3.994s] Installing client_cancel script to /home/vincent-pc/ros2_ws/install/examples_rclpy_minimal_action_client/lib/examples_rclpy_minimal_action_client
[3.994s] Installing client_not_composable script to /home/vincent-pc/ros2_ws/install/examples_rclpy_minimal_action_client/lib/examples_rclpy_minimal_action_client
[3.994s] 
[3.995s] Installed /home/vincent-pc/ros2_ws/build/examples_rclpy_minimal_action_client
[3.995s] running symlink_data
[3.995s] creating /home/vincent-pc/ros2_ws/install/examples_rclpy_minimal_action_client/share/ament_index
[3.995s] creating /home/vincent-pc/ros2_ws/install/examples_rclpy_minimal_action_client/share/ament_index/resource_index
[3.995s] creating /home/vincent-pc/ros2_ws/install/examples_rclpy_minimal_action_client/share/ament_index/resource_index/packages
[3.995s] symbolically linking /home/vincent-pc/ros2_ws/build/examples_rclpy_minimal_action_client/resource/examples_rclpy_minimal_action_client -> /home/vincent-pc/ros2_ws/install/examples_rclpy_minimal_action_client/share/ament_index/resource_index/packages
[3.995s] symbolically linking /home/vincent-pc/ros2_ws/build/examples_rclpy_minimal_action_client/package.xml -> /home/vincent-pc/ros2_ws/install/examples_rclpy_minimal_action_client/share/examples_rclpy_minimal_action_client
[4.174s] Invoked command in '/home/vincent-pc/ros2_ws/build/examples_rclpy_minimal_action_client' returned '0': PYTHONPATH=/home/vincent-pc/ros2_ws/build/examples_rclpy_minimal_action_client/prefix_override:/usr/lib/python3/dist-packages/colcon_core/task/python/colcon_distutils_commands:/home/vincent-pc/ros2_ws/install/examples_rclpy_minimal_action_client/lib/python3.8/site-packages:${PYTHONPATH} /usr/bin/python3 -W ignore:setup.py install is deprecated setup.py develop --editable --build-directory /home/vincent-pc/ros2_ws/build/examples_rclpy_minimal_action_client/build --no-deps symlink_data
