[1.624s] Invoking command in '/home/vincent-pc/ros2_ws/build/examples_rclpy_minimal_client': PYTHONPATH=/home/vincent-pc/ros2_ws/build/examples_rclpy_minimal_client/prefix_override:/usr/lib/python3/dist-packages/colcon_core/task/python/colcon_distutils_commands:/home/vincent-pc/ros2_ws/install/examples_rclpy_minimal_client/lib/python3.8/site-packages:${PYTHONPATH} /usr/bin/python3 -W ignore:setup.py install is deprecated setup.py develop --uninstall --editable --build-directory /home/vincent-pc/ros2_ws/build/examples_rclpy_minimal_client/build
[2.027s] running develop
[2.258s] Removing /home/vincent-pc/ros2_ws/install/examples_rclpy_minimal_client/lib/python3.8/site-packages/examples-rclpy-minimal-client.egg-link (link to .)
[2.318s] Invoked command in '/home/vincent-pc/ros2_ws/build/examples_rclpy_minimal_client' returned '0': PYTHONPATH=/home/vincent-pc/ros2_ws/build/examples_rclpy_minimal_client/prefix_override:/usr/lib/python3/dist-packages/colcon_core/task/python/colcon_distutils_commands:/home/vincent-pc/ros2_ws/install/examples_rclpy_minimal_client/lib/python3.8/site-packages:${PYTHONPATH} /usr/bin/python3 -W ignore:setup.py install is deprecated setup.py develop --uninstall --editable --build-directory /home/vincent-pc/ros2_ws/build/examples_rclpy_minimal_client/build
[2.322s] Invoking command in '/home/vincent-pc/ros2_ws/src/src/examples/rclpy/services/minimal_client': PYTHONPATH=/home/vincent-pc/ros2_ws/build/examples_rclpy_minimal_client/prefix_override:/usr/lib/python3/dist-packages/colcon_core/task/python/colcon_distutils_commands:/home/vincent-pc/ros2_ws/install/examples_rclpy_minimal_client/lib/python3.8/site-packages:${PYTHONPATH} /usr/bin/python3 -W ignore:setup.py install is deprecated setup.py egg_info --egg-base ../../../../../../build/examples_rclpy_minimal_client build --build-base /home/vincent-pc/ros2_ws/build/examples_rclpy_minimal_client/build install --record /home/vincent-pc/ros2_ws/build/examples_rclpy_minimal_client/install.log --install-scripts $base/lib/examples_rclpy_minimal_client --single-version-externally-managed install_data --force
[2.691s] running egg_info
[2.692s] writing ../../../../../../build/examples_rclpy_minimal_client/examples_rclpy_minimal_client.egg-info/PKG-INFO
[2.692s] writing dependency_links to ../../../../../../build/examples_rclpy_minimal_client/examples_rclpy_minimal_client.egg-info/dependency_links.txt
[2.692s] writing entry points to ../../../../../../build/examples_rclpy_minimal_client/examples_rclpy_minimal_client.egg-info/entry_points.txt
[2.693s] writing requirements to ../../../../../../build/examples_rclpy_minimal_client/examples_rclpy_minimal_client.egg-info/requires.txt
[2.693s] writing top-level names to ../../../../../../build/examples_rclpy_minimal_client/examples_rclpy_minimal_client.egg-info/top_level.txt
[2.753s] reading manifest file '../../../../../../build/examples_rclpy_minimal_client/examples_rclpy_minimal_client.egg-info/SOURCES.txt'
[2.755s] writing manifest file '../../../../../../build/examples_rclpy_minimal_client/examples_rclpy_minimal_client.egg-info/SOURCES.txt'
[2.755s] running build
[2.755s] running build_py
[2.755s] creating /home/vincent-pc/ros2_ws/build/examples_rclpy_minimal_client/build
[2.756s] creating /home/vincent-pc/ros2_ws/build/examples_rclpy_minimal_client/build/lib
[2.757s] creating /home/vincent-pc/ros2_ws/build/examples_rclpy_minimal_client/build/lib/examples_rclpy_minimal_client
[2.757s] copying examples_rclpy_minimal_client/__init__.py -> /home/vincent-pc/ros2_ws/build/examples_rclpy_minimal_client/build/lib/examples_rclpy_minimal_client
[2.757s] copying examples_rclpy_minimal_client/client_async.py -> /home/vincent-pc/ros2_ws/build/examples_rclpy_minimal_client/build/lib/examples_rclpy_minimal_client
[2.758s] copying examples_rclpy_minimal_client/client_async_callback.py -> /home/vincent-pc/ros2_ws/build/examples_rclpy_minimal_client/build/lib/examples_rclpy_minimal_client
[2.758s] copying examples_rclpy_minimal_client/client_async_member_function.py -> /home/vincent-pc/ros2_ws/build/examples_rclpy_minimal_client/build/lib/examples_rclpy_minimal_client
[2.758s] copying examples_rclpy_minimal_client/client.py -> /home/vincent-pc/ros2_ws/build/examples_rclpy_minimal_client/build/lib/examples_rclpy_minimal_client
[2.758s] running install
[2.758s] running install_lib
[2.760s] creating /home/vincent-pc/ros2_ws/install/examples_rclpy_minimal_client/lib/python3.8/site-packages/examples_rclpy_minimal_client
[2.760s] copying /home/vincent-pc/ros2_ws/build/examples_rclpy_minimal_client/build/lib/examples_rclpy_minimal_client/__init__.py -> /home/vincent-pc/ros2_ws/install/examples_rclpy_minimal_client/lib/python3.8/site-packages/examples_rclpy_minimal_client
[2.760s] copying /home/vincent-pc/ros2_ws/build/examples_rclpy_minimal_client/build/lib/examples_rclpy_minimal_client/client_async.py -> /home/vincent-pc/ros2_ws/install/examples_rclpy_minimal_client/lib/python3.8/site-packages/examples_rclpy_minimal_client
[2.760s] copying /home/vincent-pc/ros2_ws/build/examples_rclpy_minimal_client/build/lib/examples_rclpy_minimal_client/client_async_callback.py -> /home/vincent-pc/ros2_ws/install/examples_rclpy_minimal_client/lib/python3.8/site-packages/examples_rclpy_minimal_client
[2.761s] copying /home/vincent-pc/ros2_ws/build/examples_rclpy_minimal_client/build/lib/examples_rclpy_minimal_client/client_async_member_function.py -> /home/vincent-pc/ros2_ws/install/examples_rclpy_minimal_client/lib/python3.8/site-packages/examples_rclpy_minimal_client
[2.761s] copying /home/vincent-pc/ros2_ws/build/examples_rclpy_minimal_client/build/lib/examples_rclpy_minimal_client/client.py -> /home/vincent-pc/ros2_ws/install/examples_rclpy_minimal_client/lib/python3.8/site-packages/examples_rclpy_minimal_client
[2.761s] byte-compiling /home/vincent-pc/ros2_ws/install/examples_rclpy_minimal_client/lib/python3.8/site-packages/examples_rclpy_minimal_client/__init__.py to __init__.cpython-38.pyc
[2.763s] byte-compiling /home/vincent-pc/ros2_ws/install/examples_rclpy_minimal_client/lib/python3.8/site-packages/examples_rclpy_minimal_client/client_async.py to client_async.cpython-38.pyc
[2.764s] byte-compiling /home/vincent-pc/ros2_ws/install/examples_rclpy_minimal_client/lib/python3.8/site-packages/examples_rclpy_minimal_client/client_async_callback.py to client_async_callback.cpython-38.pyc
[2.764s] byte-compiling /home/vincent-pc/ros2_ws/install/examples_rclpy_minimal_client/lib/python3.8/site-packages/examples_rclpy_minimal_client/client_async_member_function.py to client_async_member_function.cpython-38.pyc
[2.765s] byte-compiling /home/vincent-pc/ros2_ws/install/examples_rclpy_minimal_client/lib/python3.8/site-packages/examples_rclpy_minimal_client/client.py to client.cpython-38.pyc
[2.765s] running install_data
[2.766s] copying resource/examples_rclpy_minimal_client -> /home/vincent-pc/ros2_ws/install/examples_rclpy_minimal_client/share/ament_index/resource_index/packages
[2.766s] copying package.xml -> /home/vincent-pc/ros2_ws/install/examples_rclpy_minimal_client/share/examples_rclpy_minimal_client
[2.766s] running install_egg_info
[2.769s] Copying ../../../../../../build/examples_rclpy_minimal_client/examples_rclpy_minimal_client.egg-info to /home/vincent-pc/ros2_ws/install/examples_rclpy_minimal_client/lib/python3.8/site-packages/examples_rclpy_minimal_client-0.9.4-py3.8.egg-info
[2.770s] running install_scripts
[2.793s] Installing client script to /home/vincent-pc/ros2_ws/install/examples_rclpy_minimal_client/lib/examples_rclpy_minimal_client
[2.793s] Installing client_async script to /home/vincent-pc/ros2_ws/install/examples_rclpy_minimal_client/lib/examples_rclpy_minimal_client
[2.793s] Installing client_async_callback script to /home/vincent-pc/ros2_ws/install/examples_rclpy_minimal_client/lib/examples_rclpy_minimal_client
[2.793s] Installing client_async_member_function script to /home/vincent-pc/ros2_ws/install/examples_rclpy_minimal_client/lib/examples_rclpy_minimal_client
[2.794s] writing list of installed files to '/home/vincent-pc/ros2_ws/build/examples_rclpy_minimal_client/install.log'
[2.842s] Invoked command in '/home/vincent-pc/ros2_ws/src/src/examples/rclpy/services/minimal_client' returned '0': PYTHONPATH=/home/vincent-pc/ros2_ws/build/examples_rclpy_minimal_client/prefix_override:/usr/lib/python3/dist-packages/colcon_core/task/python/colcon_distutils_commands:/home/vincent-pc/ros2_ws/install/examples_rclpy_minimal_client/lib/python3.8/site-packages:${PYTHONPATH} /usr/bin/python3 -W ignore:setup.py install is deprecated setup.py egg_info --egg-base ../../../../../../build/examples_rclpy_minimal_client build --build-base /home/vincent-pc/ros2_ws/build/examples_rclpy_minimal_client/build install --record /home/vincent-pc/ros2_ws/build/examples_rclpy_minimal_client/install.log --install-scripts $base/lib/examples_rclpy_minimal_client --single-version-externally-managed install_data --force
