[0.010s] Invoking command in '/home/vincent-pc/ros2_ws/build/cpp_pubsub': CMAKE_PREFIX_PATH=/opt/ros/foxy /usr/bin/cmake /home/vincent-pc/ros2_ws/src/cpp_pubsub -DCMAKE_INSTALL_PREFIX=/home/vincent-pc/ros2_ws/install/cpp_pubsub
[0.123s] -- The C compiler identification is GNU 9.4.0
[0.225s] -- The CXX compiler identification is GNU 9.4.0
[0.232s] -- Check for working C compiler: /usr/bin/cc
[0.303s] -- Check for working C compiler: /usr/bin/cc -- works
[0.304s] -- Detecting C compiler ABI info
[0.366s] -- Detecting C compiler ABI info - done
[0.378s] -- Detecting C compile features
[0.379s] -- Detecting C compile features - done
[0.382s] -- Check for working CXX compiler: /usr/bin/c++
[0.453s] -- Check for working CXX compiler: /usr/bin/c++ -- works
[0.454s] -- Detecting CXX compiler ABI info
[0.545s] -- Detecting CXX compiler ABI info - done
[0.556s] -- Detecting CXX compile features
[0.557s] -- Detecting CXX compile features - done
[0.562s] -- Found ament_cmake: 0.9.12 (/opt/ros/foxy/share/ament_cmake/cmake)
[0.583s] -- Found PythonInterp: /usr/bin/python3 (found suitable version "3.8.10", minimum required is "3") 
[0.583s] -- Using PYTHON_EXECUTABLE: /usr/bin/python3
[0.763s] -- Found rclcpp: 2.4.3 (/opt/ros/foxy/share/rclcpp/cmake)
[0.808s] -- Using all available rosidl_typesupport_c: rosidl_typesupport_fastrtps_c;rosidl_typesupport_introspection_c
[0.814s] -- Found rosidl_adapter: 1.3.1 (/opt/ros/foxy/share/rosidl_adapter/cmake)
[0.890s] -- Found OpenSSL: /usr/lib/x86_64-linux-gnu/libcrypto.so (found version "1.1.1f")  
[0.909s] -- Found FastRTPS: /opt/ros/foxy/include  
[1.023s] -- Using all available rosidl_typesupport_cpp: rosidl_typesupport_fastrtps_cpp;rosidl_typesupport_introspection_cpp
[1.076s] -- Found rmw_implementation_cmake: 1.0.4 (/opt/ros/foxy/share/rmw_implementation_cmake/cmake)
[1.077s] -- Using RMW implementation 'rmw_fastrtps_cpp' as default
[1.079s] -- Looking for pthread.h
[1.164s] -- Looking for pthread.h - found
[1.164s] -- Performing Test CMAKE_HAVE_LIBC_PTHREAD
[1.232s] -- Performing Test CMAKE_HAVE_LIBC_PTHREAD - Failed
[1.232s] -- Looking for pthread_create in pthreads
[1.292s] -- Looking for pthread_create in pthreads - not found
[1.292s] -- Looking for pthread_create in pthread
[1.355s] -- Looking for pthread_create in pthread - found
[1.356s] -- Found Threads: TRUE  
[1.545s] -- Configuring done
[1.553s] -- Generating done
[1.554s] -- Build files have been written to: /home/vincent-pc/ros2_ws/build/cpp_pubsub
[1.559s] Invoked command in '/home/vincent-pc/ros2_ws/build/cpp_pubsub' returned '0': CMAKE_PREFIX_PATH=/opt/ros/foxy /usr/bin/cmake /home/vincent-pc/ros2_ws/src/cpp_pubsub -DCMAKE_INSTALL_PREFIX=/home/vincent-pc/ros2_ws/install/cpp_pubsub
[1.562s] Invoking command in '/home/vincent-pc/ros2_ws/build/cpp_pubsub': CMAKE_PREFIX_PATH=/opt/ros/foxy /usr/bin/cmake --build /home/vincent-pc/ros2_ws/build/cpp_pubsub -- -j8 -l8
[1.593s] [35m[1mScanning dependencies of target talker[0m
[1.593s] [35m[1mScanning dependencies of target listener[0m
[1.660s] [ 25%] [32mBuilding CXX object CMakeFiles/talker.dir/src/publisher_member_function.cpp.o[0m
[1.665s] [ 50%] [32mBuilding CXX object CMakeFiles/listener.dir/src/subscriber_member_function.cpp.o[0m
[4.442s] [ 75%] [32m[1mLinking CXX executable talker[0m
[4.606s] [ 75%] Built target talker
[6.100s] [100%] [32m[1mLinking CXX executable listener[0m
[6.314s] [100%] Built target listener
[6.323s] Invoked command in '/home/vincent-pc/ros2_ws/build/cpp_pubsub' returned '0': CMAKE_PREFIX_PATH=/opt/ros/foxy /usr/bin/cmake --build /home/vincent-pc/ros2_ws/build/cpp_pubsub -- -j8 -l8
[6.359s] Invoking command in '/home/vincent-pc/ros2_ws/build/cpp_pubsub': CMAKE_PREFIX_PATH=/opt/ros/foxy /usr/bin/cmake --install /home/vincent-pc/ros2_ws/build/cpp_pubsub
[6.368s] -- Install configuration: ""
[6.368s] -- Installing: /home/vincent-pc/ros2_ws/install/cpp_pubsub/lib/cpp_pubsub/talker
[6.368s] -- Set runtime path of "/home/vincent-pc/ros2_ws/install/cpp_pubsub/lib/cpp_pubsub/talker" to ""
[6.368s] -- Installing: /home/vincent-pc/ros2_ws/install/cpp_pubsub/lib/cpp_pubsub/listener
[6.370s] -- Set runtime path of "/home/vincent-pc/ros2_ws/install/cpp_pubsub/lib/cpp_pubsub/listener" to ""
[6.370s] -- Installing: /home/vincent-pc/ros2_ws/install/cpp_pubsub/share/ament_index/resource_index/package_run_dependencies/cpp_pubsub
[6.370s] -- Installing: /home/vincent-pc/ros2_ws/install/cpp_pubsub/share/ament_index/resource_index/parent_prefix_path/cpp_pubsub
[6.370s] -- Installing: /home/vincent-pc/ros2_ws/install/cpp_pubsub/share/cpp_pubsub/environment/ament_prefix_path.sh
[6.370s] -- Installing: /home/vincent-pc/ros2_ws/install/cpp_pubsub/share/cpp_pubsub/environment/ament_prefix_path.dsv
[6.370s] -- Installing: /home/vincent-pc/ros2_ws/install/cpp_pubsub/share/cpp_pubsub/environment/path.sh
[6.370s] -- Installing: /home/vincent-pc/ros2_ws/install/cpp_pubsub/share/cpp_pubsub/environment/path.dsv
[6.370s] -- Installing: /home/vincent-pc/ros2_ws/install/cpp_pubsub/share/cpp_pubsub/local_setup.bash
[6.371s] -- Installing: /home/vincent-pc/ros2_ws/install/cpp_pubsub/share/cpp_pubsub/local_setup.sh
[6.371s] -- Installing: /home/vincent-pc/ros2_ws/install/cpp_pubsub/share/cpp_pubsub/local_setup.zsh
[6.371s] -- Installing: /home/vincent-pc/ros2_ws/install/cpp_pubsub/share/cpp_pubsub/local_setup.dsv
[6.371s] -- Installing: /home/vincent-pc/ros2_ws/install/cpp_pubsub/share/cpp_pubsub/package.dsv
[6.371s] -- Installing: /home/vincent-pc/ros2_ws/install/cpp_pubsub/share/ament_index/resource_index/packages/cpp_pubsub
[6.371s] -- Installing: /home/vincent-pc/ros2_ws/install/cpp_pubsub/share/cpp_pubsub/cmake/cpp_pubsubConfig.cmake
[6.371s] -- Installing: /home/vincent-pc/ros2_ws/install/cpp_pubsub/share/cpp_pubsub/cmake/cpp_pubsubConfig-version.cmake
[6.371s] -- Installing: /home/vincent-pc/ros2_ws/install/cpp_pubsub/share/cpp_pubsub/package.xml
[6.373s] Invoked command in '/home/vincent-pc/ros2_ws/build/cpp_pubsub' returned '0': CMAKE_PREFIX_PATH=/opt/ros/foxy /usr/bin/cmake --install /home/vincent-pc/ros2_ws/build/cpp_pubsub
