running egg_info
creating ../../build/my_package_Py/my_package_Py.egg-info
writing ../../build/my_package_Py/my_package_Py.egg-info/PKG-INFO
writing dependency_links to ../../build/my_package_Py/my_package_Py.egg-info/dependency_links.txt
writing entry points to ../../build/my_package_Py/my_package_Py.egg-info/entry_points.txt
writing requirements to ../../build/my_package_Py/my_package_Py.egg-info/requires.txt
writing top-level names to ../../build/my_package_Py/my_package_Py.egg-info/top_level.txt
writing manifest file '../../build/my_package_Py/my_package_Py.egg-info/SOURCES.txt'
reading manifest file '../../build/my_package_Py/my_package_Py.egg-info/SOURCES.txt'
writing manifest file '../../build/my_package_Py/my_package_Py.egg-info/SOURCES.txt'
running build
running build_py
creating /home/vincent-pc/ros2_ws/build/my_package_Py/build
creating /home/vincent-pc/ros2_ws/build/my_package_Py/build/lib
creating /home/vincent-pc/ros2_ws/build/my_package_Py/build/lib/my_package_Py
copying my_package_Py/my_node.py -> /home/vincent-pc/ros2_ws/build/my_package_Py/build/lib/my_package_Py
copying my_package_Py/__init__.py -> /home/vincent-pc/ros2_ws/build/my_package_Py/build/lib/my_package_Py
running install
running install_lib
creating /home/vincent-pc/ros2_ws/install/my_package_Py/lib/python3.8/site-packages/my_package_Py
copying /home/vincent-pc/ros2_ws/build/my_package_Py/build/lib/my_package_Py/my_node.py -> /home/vincent-pc/ros2_ws/install/my_package_Py/lib/python3.8/site-packages/my_package_Py
copying /home/vincent-pc/ros2_ws/build/my_package_Py/build/lib/my_package_Py/__init__.py -> /home/vincent-pc/ros2_ws/install/my_package_Py/lib/python3.8/site-packages/my_package_Py
byte-compiling /home/vincent-pc/ros2_ws/install/my_package_Py/lib/python3.8/site-packages/my_package_Py/my_node.py to my_node.cpython-38.pyc
byte-compiling /home/vincent-pc/ros2_ws/install/my_package_Py/lib/python3.8/site-packages/my_package_Py/__init__.py to __init__.cpython-38.pyc
running install_data
creating /home/vincent-pc/ros2_ws/install/my_package_Py/share/ament_index
creating /home/vincent-pc/ros2_ws/install/my_package_Py/share/ament_index/resource_index
creating /home/vincent-pc/ros2_ws/install/my_package_Py/share/ament_index/resource_index/packages
copying resource/my_package_Py -> /home/vincent-pc/ros2_ws/install/my_package_Py/share/ament_index/resource_index/packages
copying package.xml -> /home/vincent-pc/ros2_ws/install/my_package_Py/share/my_package_Py
running install_egg_info
Copying ../../build/my_package_Py/my_package_Py.egg-info to /home/vincent-pc/ros2_ws/install/my_package_Py/lib/python3.8/site-packages/my_package_Py-0.0.0-py3.8.egg-info
running install_scripts
Installing my_node script to /home/vincent-pc/ros2_ws/install/my_package_Py/lib/my_package_Py
writing list of installed files to '/home/vincent-pc/ros2_ws/build/my_package_Py/install.log'
