[0.044s] Invoking command in '/home/vincent-pc/ros2_ws/build/examples_rclcpp_minimal_action_client': CMAKE_PREFIX_PATH=/opt/ros/foxy /usr/bin/cmake /home/vincent-pc/ros2_ws/src/src/examples/rclcpp/actions/minimal_action_client -DAMENT_CMAKE_SYMLINK_INSTALL=1 -DCMAKE_INSTALL_PREFIX=/home/vincent-pc/ros2_ws/install/examples_rclcpp_minimal_action_client
[0.231s] -- The C compiler identification is GNU 9.4.0
[0.363s] -- The CXX compiler identification is GNU 9.4.0
[0.375s] -- Check for working C compiler: /usr/bin/cc
[0.488s] -- Check for working C compiler: /usr/bin/cc -- works
[0.488s] -- Detecting C compiler ABI info
[0.595s] -- Detecting C compiler ABI info - done
[0.612s] -- Detecting C compile features
[0.612s] -- Detecting C compile features - done
[0.616s] -- Check for working CXX compiler: /usr/bin/c++
[0.747s] -- Check for working CXX compiler: /usr/bin/c++ -- works
[0.748s] -- Detecting CXX compiler ABI info
[0.870s] -- Detecting CXX compiler ABI info - done
[0.889s] -- Detecting CXX compile features
[0.890s] -- Detecting CXX compile features - done
[0.892s] -- Found ament_cmake: 0.9.12 (/opt/ros/foxy/share/ament_cmake/cmake)
[0.927s] -- Found PythonInterp: /usr/bin/python3 (found suitable version "3.8.10", minimum required is "3") 
[0.928s] -- Using PYTHON_EXECUTABLE: /usr/bin/python3
[1.253s] -- Override CMake install command with custom implementation using symlinks instead of copying resources
[1.288s] -- Found example_interfaces: 0.9.1 (/opt/ros/foxy/share/example_interfaces/cmake)
[1.329s] -- Using all available rosidl_typesupport_c: rosidl_typesupport_fastrtps_c;rosidl_typesupport_introspection_c
[1.340s] -- Found rosidl_adapter: 1.3.1 (/opt/ros/foxy/share/rosidl_adapter/cmake)
[1.456s] -- Found OpenSSL: /usr/lib/x86_64-linux-gnu/libcrypto.so (found version "1.1.1f")  
[1.490s] -- Found FastRTPS: /opt/ros/foxy/include  
[1.601s] -- Using all available rosidl_typesupport_cpp: rosidl_typesupport_fastrtps_cpp;rosidl_typesupport_introspection_cpp
[1.827s] -- Found rclcpp: 2.4.3 (/opt/ros/foxy/share/rclcpp/cmake)
[1.886s] -- Found rmw_implementation_cmake: 1.0.4 (/opt/ros/foxy/share/rmw_implementation_cmake/cmake)
[1.888s] -- Using RMW implementation 'rmw_fastrtps_cpp' as default
[1.890s] -- Looking for pthread.h
[2.012s] -- Looking for pthread.h - found
[2.014s] -- Performing Test CMAKE_HAVE_LIBC_PTHREAD
[2.133s] -- Performing Test CMAKE_HAVE_LIBC_PTHREAD - Failed
[2.134s] -- Looking for pthread_create in pthreads
[2.223s] -- Looking for pthread_create in pthreads - not found
[2.225s] -- Looking for pthread_create in pthread
[2.354s] -- Looking for pthread_create in pthread - found
[2.356s] -- Found Threads: TRUE  
[2.625s] -- Found rclcpp_action: 2.4.3 (/opt/ros/foxy/share/rclcpp_action/cmake)
[2.673s] -- Found ament_lint_auto: 0.9.8 (/opt/ros/foxy/share/ament_lint_auto/cmake)
[2.809s] -- Added test 'copyright' to check source files copyright and LICENSE
[2.810s] -- Added test 'cppcheck' to perform static code analysis on C / C++ code
[2.810s] -- Configured cppcheck include dirs: 
[2.810s] -- Configured cppcheck exclude dirs and/or files: 
[2.811s] -- Added test 'cpplint' to check C / C++ code against the Google style
[2.811s] -- Configured cpplint exclude dirs and/or files: 
[2.812s] -- Added test 'lint_cmake' to check CMake code style
[2.814s] -- Added test 'uncrustify' to check C / C++ code style
[2.814s] -- Configured uncrustify additional arguments: 
[2.814s] -- Added test 'xmllint' to check XML markup files
[2.819s] -- Configuring done
[2.855s] -- Generating done
[2.858s] -- Build files have been written to: /home/vincent-pc/ros2_ws/build/examples_rclcpp_minimal_action_client
[2.878s] Invoked command in '/home/vincent-pc/ros2_ws/build/examples_rclcpp_minimal_action_client' returned '0': CMAKE_PREFIX_PATH=/opt/ros/foxy /usr/bin/cmake /home/vincent-pc/ros2_ws/src/src/examples/rclcpp/actions/minimal_action_client -DAMENT_CMAKE_SYMLINK_INSTALL=1 -DCMAKE_INSTALL_PREFIX=/home/vincent-pc/ros2_ws/install/examples_rclcpp_minimal_action_client
[2.879s] Invoking command in '/home/vincent-pc/ros2_ws/build/examples_rclcpp_minimal_action_client': CMAKE_PREFIX_PATH=/opt/ros/foxy /usr/bin/cmake --build /home/vincent-pc/ros2_ws/build/examples_rclcpp_minimal_action_client -- -j8 -l8
[3.020s] [35m[1mScanning dependencies of target action_client_not_composable[0m
[3.029s] [35m[1mScanning dependencies of target action_client_not_composable_with_cancel[0m
[3.063s] [35m[1mScanning dependencies of target action_client_not_composable_with_feedback[0m
[3.106s] [35m[1mScanning dependencies of target action_client_member_functions[0m
[3.250s] [ 12%] [32mBuilding CXX object CMakeFiles/action_client_not_composable.dir/not_composable.cpp.o[0m
[3.267s] [ 25%] [32mBuilding CXX object CMakeFiles/action_client_not_composable_with_cancel.dir/not_composable_with_cancel.cpp.o[0m
[3.304s] [ 37%] [32mBuilding CXX object CMakeFiles/action_client_not_composable_with_feedback.dir/not_composable_with_feedback.cpp.o[0m
[3.327s] [ 50%] [32mBuilding CXX object CMakeFiles/action_client_member_functions.dir/member_functions.cpp.o[0m
[16.212s] [ 62%] [32m[1mLinking CXX executable action_client_not_composable_with_feedback[0m
[16.214s] [ 75%] [32m[1mLinking CXX executable action_client_not_composable[0m
[16.540s] [ 87%] [32m[1mLinking CXX executable action_client_member_functions[0m
[16.613s] [100%] [32m[1mLinking CXX executable action_client_not_composable_with_cancel[0m
[16.925s] [100%] Built target action_client_not_composable
[16.933s] [100%] Built target action_client_not_composable_with_feedback
[17.096s] [100%] Built target action_client_member_functions
[17.288s] [100%] Built target action_client_not_composable_with_cancel
[17.817s] Invoked command in '/home/vincent-pc/ros2_ws/build/examples_rclcpp_minimal_action_client' returned '0': CMAKE_PREFIX_PATH=/opt/ros/foxy /usr/bin/cmake --build /home/vincent-pc/ros2_ws/build/examples_rclcpp_minimal_action_client -- -j8 -l8
[18.181s] Invoking command in '/home/vincent-pc/ros2_ws/build/examples_rclcpp_minimal_action_client': CMAKE_PREFIX_PATH=/opt/ros/foxy /usr/bin/cmake --install /home/vincent-pc/ros2_ws/build/examples_rclcpp_minimal_action_client
[18.221s] -- Install configuration: ""
[18.228s] -- Execute custom install script
[18.230s] -- Symlinking: /home/vincent-pc/ros2_ws/install/examples_rclcpp_minimal_action_client/lib/examples_rclcpp_minimal_action_client/action_client_member_functions
[18.256s] -- Symlinking: /home/vincent-pc/ros2_ws/install/examples_rclcpp_minimal_action_client/lib/examples_rclcpp_minimal_action_client/action_client_not_composable
[18.294s] -- Symlinking: /home/vincent-pc/ros2_ws/install/examples_rclcpp_minimal_action_client/lib/examples_rclcpp_minimal_action_client/action_client_not_composable_with_cancel
[18.346s] -- Symlinking: /home/vincent-pc/ros2_ws/install/examples_rclcpp_minimal_action_client/lib/examples_rclcpp_minimal_action_client/action_client_not_composable_with_feedback
[18.368s] -- Symlinking: /home/vincent-pc/ros2_ws/install/examples_rclcpp_minimal_action_client/share/ament_index/resource_index/package_run_dependencies/examples_rclcpp_minimal_action_client
[18.402s] -- Symlinking: /home/vincent-pc/ros2_ws/install/examples_rclcpp_minimal_action_client/share/ament_index/resource_index/parent_prefix_path/examples_rclcpp_minimal_action_client
[18.442s] -- Symlinking: /home/vincent-pc/ros2_ws/install/examples_rclcpp_minimal_action_client/share/examples_rclcpp_minimal_action_client/environment/ament_prefix_path.sh
[18.480s] -- Symlinking: /home/vincent-pc/ros2_ws/install/examples_rclcpp_minimal_action_client/share/examples_rclcpp_minimal_action_client/environment/ament_prefix_path.dsv
[18.542s] -- Symlinking: /home/vincent-pc/ros2_ws/install/examples_rclcpp_minimal_action_client/share/examples_rclcpp_minimal_action_client/environment/path.sh
[18.568s] -- Symlinking: /home/vincent-pc/ros2_ws/install/examples_rclcpp_minimal_action_client/share/examples_rclcpp_minimal_action_client/environment/path.dsv
[18.600s] -- Symlinking: /home/vincent-pc/ros2_ws/install/examples_rclcpp_minimal_action_client/share/examples_rclcpp_minimal_action_client/local_setup.bash
[18.629s] -- Symlinking: /home/vincent-pc/ros2_ws/install/examples_rclcpp_minimal_action_client/share/examples_rclcpp_minimal_action_client/local_setup.sh
[18.651s] -- Symlinking: /home/vincent-pc/ros2_ws/install/examples_rclcpp_minimal_action_client/share/examples_rclcpp_minimal_action_client/local_setup.zsh
[18.672s] -- Symlinking: /home/vincent-pc/ros2_ws/install/examples_rclcpp_minimal_action_client/share/examples_rclcpp_minimal_action_client/local_setup.dsv
[18.693s] -- Symlinking: /home/vincent-pc/ros2_ws/install/examples_rclcpp_minimal_action_client/share/examples_rclcpp_minimal_action_client/package.dsv
[18.715s] -- Symlinking: /home/vincent-pc/ros2_ws/install/examples_rclcpp_minimal_action_client/share/ament_index/resource_index/packages/examples_rclcpp_minimal_action_client
[18.740s] -- Symlinking: /home/vincent-pc/ros2_ws/install/examples_rclcpp_minimal_action_client/share/examples_rclcpp_minimal_action_client/cmake/examples_rclcpp_minimal_action_clientConfig.cmake
[18.767s] -- Symlinking: /home/vincent-pc/ros2_ws/install/examples_rclcpp_minimal_action_client/share/examples_rclcpp_minimal_action_client/cmake/examples_rclcpp_minimal_action_clientConfig-version.cmake
[18.805s] -- Symlinking: /home/vincent-pc/ros2_ws/install/examples_rclcpp_minimal_action_client/share/examples_rclcpp_minimal_action_client/package.xml
[19.385s] Invoked command in '/home/vincent-pc/ros2_ws/build/examples_rclcpp_minimal_action_client' returned '0': CMAKE_PREFIX_PATH=/opt/ros/foxy /usr/bin/cmake --install /home/vincent-pc/ros2_ws/build/examples_rclcpp_minimal_action_client
