[0.023s] Invoking command in '/home/vincent-pc/ros2_ws/build/turtlesim': CMAKE_PREFIX_PATH=${CMAKE_PREFIX_PATH}:/home/vincent-pc/ros2_ws/install/examples_rclpy_minimal_subscriber:/home/vincent-pc/ros2_ws/install/examples_rclpy_minimal_service:/home/vincent-pc/ros2_ws/install/examples_rclpy_minimal_publisher:/home/vincent-pc/ros2_ws/install/examples_rclpy_minimal_client:/home/vincent-pc/ros2_ws/install/examples_rclpy_minimal_action_server:/home/vincent-pc/ros2_ws/install/examples_rclpy_minimal_action_client:/home/vincent-pc/ros2_ws/install/examples_rclpy_executors:/opt/ros/foxy /usr/bin/cmake --build /home/vincent-pc/ros2_ws/build/turtlesim -- -j8 -l8
[0.156s] [  1%] Built target turtlesim__cpp
[0.169s] [ 11%] Built target turtlesim__rosidl_generator_c
[0.249s] [ 21%] Built target turtlesim__rosidl_typesupport_cpp
[0.276s] [ 31%] Built target turtlesim__rosidl_typesupport_introspection_cpp
[0.296s] [ 41%] Built target turtlesim__rosidl_typesupport_fastrtps_cpp
[0.313s] [ 51%] Built target turtlesim__rosidl_typesupport_introspection_c
[0.375s] [ 61%] Built target turtlesim__rosidl_typesupport_c
[0.388s] [ 71%] Built target turtlesim__rosidl_typesupport_fastrtps_c
[0.424s] [ 71%] Built target turtlesim
[0.518s] [ 73%] Built target mimic
[0.526s] [ 75%] Built target draw_square
[0.536s] [ 76%] Built target turtlesim__py
[0.537s] [ 78%] Built target turtle_teleop_key
[0.542s] [ 84%] Built target turtlesim_node
[0.590s] [ 93%] Built target turtlesim__python
[0.648s] [ 95%] Built target turtlesim__rosidl_typesupport_introspection_c__pyext
[0.649s] [ 97%] Built target turtlesim__rosidl_typesupport_fastrtps_c__pyext
[0.651s] [100%] Built target turtlesim__rosidl_typesupport_c__pyext
[0.668s] Invoked command in '/home/vincent-pc/ros2_ws/build/turtlesim' returned '0': CMAKE_PREFIX_PATH=${CMAKE_PREFIX_PATH}:/home/vincent-pc/ros2_ws/install/examples_rclpy_minimal_subscriber:/home/vincent-pc/ros2_ws/install/examples_rclpy_minimal_service:/home/vincent-pc/ros2_ws/install/examples_rclpy_minimal_publisher:/home/vincent-pc/ros2_ws/install/examples_rclpy_minimal_client:/home/vincent-pc/ros2_ws/install/examples_rclpy_minimal_action_server:/home/vincent-pc/ros2_ws/install/examples_rclpy_minimal_action_client:/home/vincent-pc/ros2_ws/install/examples_rclpy_executors:/opt/ros/foxy /usr/bin/cmake --build /home/vincent-pc/ros2_ws/build/turtlesim -- -j8 -l8
[0.978s] Invoking command in '/home/vincent-pc/ros2_ws/build/turtlesim': CMAKE_PREFIX_PATH=${CMAKE_PREFIX_PATH}:/home/vincent-pc/ros2_ws/install/examples_rclpy_minimal_subscriber:/home/vincent-pc/ros2_ws/install/examples_rclpy_minimal_service:/home/vincent-pc/ros2_ws/install/examples_rclpy_minimal_publisher:/home/vincent-pc/ros2_ws/install/examples_rclpy_minimal_client:/home/vincent-pc/ros2_ws/install/examples_rclpy_minimal_action_server:/home/vincent-pc/ros2_ws/install/examples_rclpy_minimal_action_client:/home/vincent-pc/ros2_ws/install/examples_rclpy_executors:/opt/ros/foxy /usr/bin/cmake --install /home/vincent-pc/ros2_ws/build/turtlesim
[0.990s] -- Install configuration: ""
[0.990s] -- Up-to-date: /home/vincent-pc/ros2_ws/install/turtlesim/share/ament_index/resource_index/rosidl_interfaces/turtlesim
[0.990s] -- Up-to-date: /home/vincent-pc/ros2_ws/install/turtlesim/include/turtlesim
[0.991s] -- Up-to-date: /home/vincent-pc/ros2_ws/install/turtlesim/include/turtlesim/action
[0.991s] -- Up-to-date: /home/vincent-pc/ros2_ws/install/turtlesim/include/turtlesim/action/detail
[0.991s] -- Up-to-date: /home/vincent-pc/ros2_ws/install/turtlesim/include/turtlesim/action/detail/rotate_absolute__functions.c
[0.991s] -- Up-to-date: /home/vincent-pc/ros2_ws/install/turtlesim/include/turtlesim/action/detail/rotate_absolute__type_support.h
[0.991s] -- Up-to-date: /home/vincent-pc/ros2_ws/install/turtlesim/include/turtlesim/action/detail/rotate_absolute__struct.h
[0.991s] -- Up-to-date: /home/vincent-pc/ros2_ws/install/turtlesim/include/turtlesim/action/detail/rotate_absolute__functions.h
[0.991s] -- Up-to-date: /home/vincent-pc/ros2_ws/install/turtlesim/include/turtlesim/action/rotate_absolute.h
[0.992s] -- Up-to-date: /home/vincent-pc/ros2_ws/install/turtlesim/include/turtlesim/msg
[0.992s] -- Up-to-date: /home/vincent-pc/ros2_ws/install/turtlesim/include/turtlesim/msg/detail
[0.992s] -- Up-to-date: /home/vincent-pc/ros2_ws/install/turtlesim/include/turtlesim/msg/detail/color__struct.h
[0.992s] -- Up-to-date: /home/vincent-pc/ros2_ws/install/turtlesim/include/turtlesim/msg/detail/pose__type_support.h
[0.992s] -- Up-to-date: /home/vincent-pc/ros2_ws/install/turtlesim/include/turtlesim/msg/detail/color__functions.c
[0.992s] -- Up-to-date: /home/vincent-pc/ros2_ws/install/turtlesim/include/turtlesim/msg/detail/pose__functions.h
[0.992s] -- Up-to-date: /home/vincent-pc/ros2_ws/install/turtlesim/include/turtlesim/msg/detail/pose__struct.h
[0.992s] -- Up-to-date: /home/vincent-pc/ros2_ws/install/turtlesim/include/turtlesim/msg/detail/pose__functions.c
[0.993s] -- Up-to-date: /home/vincent-pc/ros2_ws/install/turtlesim/include/turtlesim/msg/detail/color__functions.h
[0.993s] -- Up-to-date: /home/vincent-pc/ros2_ws/install/turtlesim/include/turtlesim/msg/detail/color__type_support.h
[0.993s] -- Up-to-date: /home/vincent-pc/ros2_ws/install/turtlesim/include/turtlesim/msg/pose.h
[0.993s] -- Up-to-date: /home/vincent-pc/ros2_ws/install/turtlesim/include/turtlesim/msg/color.h
[0.993s] -- Up-to-date: /home/vincent-pc/ros2_ws/install/turtlesim/include/turtlesim/msg/rosidl_generator_c__visibility_control.h
[0.993s] -- Up-to-date: /home/vincent-pc/ros2_ws/install/turtlesim/include/turtlesim/srv
[0.993s] -- Up-to-date: /home/vincent-pc/ros2_ws/install/turtlesim/include/turtlesim/srv/detail
[0.993s] -- Up-to-date: /home/vincent-pc/ros2_ws/install/turtlesim/include/turtlesim/srv/detail/set_pen__type_support.h
[0.994s] -- Up-to-date: /home/vincent-pc/ros2_ws/install/turtlesim/include/turtlesim/srv/detail/spawn__struct.h
[0.994s] -- Up-to-date: /home/vincent-pc/ros2_ws/install/turtlesim/include/turtlesim/srv/detail/kill__functions.c
[0.994s] -- Up-to-date: /home/vincent-pc/ros2_ws/install/turtlesim/include/turtlesim/srv/detail/teleport_absolute__functions.h
[0.994s] -- Up-to-date: /home/vincent-pc/ros2_ws/install/turtlesim/include/turtlesim/srv/detail/kill__type_support.h
[0.994s] -- Up-to-date: /home/vincent-pc/ros2_ws/install/turtlesim/include/turtlesim/srv/detail/kill__struct.h
[0.994s] -- Up-to-date: /home/vincent-pc/ros2_ws/install/turtlesim/include/turtlesim/srv/detail/kill__functions.h
[0.994s] -- Up-to-date: /home/vincent-pc/ros2_ws/install/turtlesim/include/turtlesim/srv/detail/spawn__functions.c
[0.994s] -- Up-to-date: /home/vincent-pc/ros2_ws/install/turtlesim/include/turtlesim/srv/detail/teleport_relative__functions.c
[0.995s] -- Up-to-date: /home/vincent-pc/ros2_ws/install/turtlesim/include/turtlesim/srv/detail/teleport_relative__struct.h
[0.995s] -- Up-to-date: /home/vincent-pc/ros2_ws/install/turtlesim/include/turtlesim/srv/detail/set_pen__functions.h
[0.995s] -- Up-to-date: /home/vincent-pc/ros2_ws/install/turtlesim/include/turtlesim/srv/detail/teleport_absolute__type_support.h
[0.995s] -- Up-to-date: /home/vincent-pc/ros2_ws/install/turtlesim/include/turtlesim/srv/detail/teleport_absolute__functions.c
[0.995s] -- Up-to-date: /home/vincent-pc/ros2_ws/install/turtlesim/include/turtlesim/srv/detail/set_pen__struct.h
[0.995s] -- Up-to-date: /home/vincent-pc/ros2_ws/install/turtlesim/include/turtlesim/srv/detail/spawn__type_support.h
[0.995s] -- Up-to-date: /home/vincent-pc/ros2_ws/install/turtlesim/include/turtlesim/srv/detail/set_pen__functions.c
[0.995s] -- Up-to-date: /home/vincent-pc/ros2_ws/install/turtlesim/include/turtlesim/srv/detail/spawn__functions.h
[0.996s] -- Up-to-date: /home/vincent-pc/ros2_ws/install/turtlesim/include/turtlesim/srv/detail/teleport_relative__type_support.h
[0.996s] -- Up-to-date: /home/vincent-pc/ros2_ws/install/turtlesim/include/turtlesim/srv/detail/teleport_relative__functions.h
[0.996s] -- Up-to-date: /home/vincent-pc/ros2_ws/install/turtlesim/include/turtlesim/srv/detail/teleport_absolute__struct.h
[0.996s] -- Up-to-date: /home/vincent-pc/ros2_ws/install/turtlesim/include/turtlesim/srv/teleport_absolute.h
[0.997s] -- Up-to-date: /home/vincent-pc/ros2_ws/install/turtlesim/include/turtlesim/srv/teleport_relative.h
[0.998s] -- Up-to-date: /home/vincent-pc/ros2_ws/install/turtlesim/include/turtlesim/srv/kill.h
[0.999s] -- Up-to-date: /home/vincent-pc/ros2_ws/install/turtlesim/include/turtlesim/srv/set_pen.h
[0.999s] -- Up-to-date: /home/vincent-pc/ros2_ws/install/turtlesim/include/turtlesim/srv/spawn.h
[1.000s] -- Up-to-date: /home/vincent-pc/ros2_ws/install/turtlesim/share/turtlesim/environment/library_path.sh
[1.000s] -- Up-to-date: /home/vincent-pc/ros2_ws/install/turtlesim/share/turtlesim/environment/library_path.dsv
[1.000s] -- Up-to-date: /home/vincent-pc/ros2_ws/install/turtlesim/lib/libturtlesim__rosidl_generator_c.so
[1.000s] -- Up-to-date: /home/vincent-pc/ros2_ws/install/turtlesim/include/turtlesim
[1.000s] -- Up-to-date: /home/vincent-pc/ros2_ws/install/turtlesim/include/turtlesim/action
[1.000s] -- Up-to-date: /home/vincent-pc/ros2_ws/install/turtlesim/include/turtlesim/action/detail
[1.000s] -- Up-to-date: /home/vincent-pc/ros2_ws/install/turtlesim/include/turtlesim/action/detail/rotate_absolute__rosidl_typesupport_fastrtps_c.h
[1.000s] -- Up-to-date: /home/vincent-pc/ros2_ws/install/turtlesim/include/turtlesim/msg
[1.001s] -- Up-to-date: /home/vincent-pc/ros2_ws/install/turtlesim/include/turtlesim/msg/detail
[1.001s] -- Up-to-date: /home/vincent-pc/ros2_ws/install/turtlesim/include/turtlesim/msg/detail/pose__rosidl_typesupport_fastrtps_c.h
[1.001s] -- Up-to-date: /home/vincent-pc/ros2_ws/install/turtlesim/include/turtlesim/msg/detail/color__rosidl_typesupport_fastrtps_c.h
[1.001s] -- Up-to-date: /home/vincent-pc/ros2_ws/install/turtlesim/include/turtlesim/msg/rosidl_typesupport_fastrtps_c__visibility_control.h
[1.001s] -- Up-to-date: /home/vincent-pc/ros2_ws/install/turtlesim/include/turtlesim/srv
[1.001s] -- Up-to-date: /home/vincent-pc/ros2_ws/install/turtlesim/include/turtlesim/srv/detail
[1.001s] -- Up-to-date: /home/vincent-pc/ros2_ws/install/turtlesim/include/turtlesim/srv/detail/spawn__rosidl_typesupport_fastrtps_c.h
[1.001s] -- Up-to-date: /home/vincent-pc/ros2_ws/install/turtlesim/include/turtlesim/srv/detail/set_pen__rosidl_typesupport_fastrtps_c.h
[1.001s] -- Up-to-date: /home/vincent-pc/ros2_ws/install/turtlesim/include/turtlesim/srv/detail/kill__rosidl_typesupport_fastrtps_c.h
[1.002s] -- Up-to-date: /home/vincent-pc/ros2_ws/install/turtlesim/include/turtlesim/srv/detail/teleport_absolute__rosidl_typesupport_fastrtps_c.h
[1.002s] -- Up-to-date: /home/vincent-pc/ros2_ws/install/turtlesim/include/turtlesim/srv/detail/teleport_relative__rosidl_typesupport_fastrtps_c.h
[1.002s] -- Up-to-date: /home/vincent-pc/ros2_ws/install/turtlesim/lib/libturtlesim__rosidl_typesupport_fastrtps_c.so
[1.002s] -- Up-to-date: /home/vincent-pc/ros2_ws/install/turtlesim/include/turtlesim
[1.002s] -- Up-to-date: /home/vincent-pc/ros2_ws/install/turtlesim/include/turtlesim/action
[1.002s] -- Up-to-date: /home/vincent-pc/ros2_ws/install/turtlesim/include/turtlesim/action/detail
[1.002s] -- Up-to-date: /home/vincent-pc/ros2_ws/install/turtlesim/include/turtlesim/action/detail/rotate_absolute__rosidl_typesupport_fastrtps_cpp.hpp
[1.002s] -- Up-to-date: /home/vincent-pc/ros2_ws/install/turtlesim/include/turtlesim/action/detail/dds_fastrtps
[1.002s] -- Up-to-date: /home/vincent-pc/ros2_ws/install/turtlesim/include/turtlesim/msg
[1.002s] -- Up-to-date: /home/vincent-pc/ros2_ws/install/turtlesim/include/turtlesim/msg/detail
[1.003s] -- Up-to-date: /home/vincent-pc/ros2_ws/install/turtlesim/include/turtlesim/msg/detail/color__rosidl_typesupport_fastrtps_cpp.hpp
[1.003s] -- Up-to-date: /home/vincent-pc/ros2_ws/install/turtlesim/include/turtlesim/msg/detail/pose__rosidl_typesupport_fastrtps_cpp.hpp
[1.003s] -- Up-to-date: /home/vincent-pc/ros2_ws/install/turtlesim/include/turtlesim/msg/detail/dds_fastrtps
[1.003s] -- Up-to-date: /home/vincent-pc/ros2_ws/install/turtlesim/include/turtlesim/msg/rosidl_typesupport_fastrtps_cpp__visibility_control.h
[1.003s] -- Up-to-date: /home/vincent-pc/ros2_ws/install/turtlesim/include/turtlesim/srv
[1.003s] -- Up-to-date: /home/vincent-pc/ros2_ws/install/turtlesim/include/turtlesim/srv/detail
[1.003s] -- Up-to-date: /home/vincent-pc/ros2_ws/install/turtlesim/include/turtlesim/srv/detail/teleport_relative__rosidl_typesupport_fastrtps_cpp.hpp
[1.003s] -- Up-to-date: /home/vincent-pc/ros2_ws/install/turtlesim/include/turtlesim/srv/detail/kill__rosidl_typesupport_fastrtps_cpp.hpp
[1.003s] -- Up-to-date: /home/vincent-pc/ros2_ws/install/turtlesim/include/turtlesim/srv/detail/spawn__rosidl_typesupport_fastrtps_cpp.hpp
[1.004s] -- Up-to-date: /home/vincent-pc/ros2_ws/install/turtlesim/include/turtlesim/srv/detail/set_pen__rosidl_typesupport_fastrtps_cpp.hpp
[1.004s] -- Up-to-date: /home/vincent-pc/ros2_ws/install/turtlesim/include/turtlesim/srv/detail/dds_fastrtps
[1.004s] -- Up-to-date: /home/vincent-pc/ros2_ws/install/turtlesim/include/turtlesim/srv/detail/teleport_absolute__rosidl_typesupport_fastrtps_cpp.hpp
[1.004s] -- Up-to-date: /home/vincent-pc/ros2_ws/install/turtlesim/lib/libturtlesim__rosidl_typesupport_fastrtps_cpp.so
[1.004s] -- Up-to-date: /home/vincent-pc/ros2_ws/install/turtlesim/include/turtlesim
[1.004s] -- Up-to-date: /home/vincent-pc/ros2_ws/install/turtlesim/include/turtlesim/action
[1.004s] -- Up-to-date: /home/vincent-pc/ros2_ws/install/turtlesim/include/turtlesim/action/detail
[1.004s] -- Up-to-date: /home/vincent-pc/ros2_ws/install/turtlesim/include/turtlesim/action/detail/rotate_absolute__type_support.c
[1.005s] -- Up-to-date: /home/vincent-pc/ros2_ws/install/turtlesim/include/turtlesim/action/detail/rotate_absolute__rosidl_typesupport_introspection_c.h
[1.005s] -- Up-to-date: /home/vincent-pc/ros2_ws/install/turtlesim/include/turtlesim/msg
[1.005s] -- Up-to-date: /home/vincent-pc/ros2_ws/install/turtlesim/include/turtlesim/msg/detail
[1.005s] -- Up-to-date: /home/vincent-pc/ros2_ws/install/turtlesim/include/turtlesim/msg/detail/pose__type_support.c
[1.005s] -- Up-to-date: /home/vincent-pc/ros2_ws/install/turtlesim/include/turtlesim/msg/detail/color__rosidl_typesupport_introspection_c.h
[1.005s] -- Up-to-date: /home/vincent-pc/ros2_ws/install/turtlesim/include/turtlesim/msg/detail/pose__rosidl_typesupport_introspection_c.h
[1.005s] -- Up-to-date: /home/vincent-pc/ros2_ws/install/turtlesim/include/turtlesim/msg/detail/color__type_support.c
[1.005s] -- Up-to-date: /home/vincent-pc/ros2_ws/install/turtlesim/include/turtlesim/msg/rosidl_typesupport_introspection_c__visibility_control.h
[1.006s] -- Up-to-date: /home/vincent-pc/ros2_ws/install/turtlesim/include/turtlesim/srv
[1.006s] -- Up-to-date: /home/vincent-pc/ros2_ws/install/turtlesim/include/turtlesim/srv/detail
[1.006s] -- Up-to-date: /home/vincent-pc/ros2_ws/install/turtlesim/include/turtlesim/srv/detail/spawn__rosidl_typesupport_introspection_c.h
[1.006s] -- Up-to-date: /home/vincent-pc/ros2_ws/install/turtlesim/include/turtlesim/srv/detail/teleport_absolute__rosidl_typesupport_introspection_c.h
[1.006s] -- Up-to-date: /home/vincent-pc/ros2_ws/install/turtlesim/include/turtlesim/srv/detail/kill__type_support.c
[1.006s] -- Up-to-date: /home/vincent-pc/ros2_ws/install/turtlesim/include/turtlesim/srv/detail/set_pen__rosidl_typesupport_introspection_c.h
[1.006s] -- Up-to-date: /home/vincent-pc/ros2_ws/install/turtlesim/include/turtlesim/srv/detail/set_pen__type_support.c
[1.006s] -- Up-to-date: /home/vincent-pc/ros2_ws/install/turtlesim/include/turtlesim/srv/detail/teleport_relative__rosidl_typesupport_introspection_c.h
[1.007s] -- Up-to-date: /home/vincent-pc/ros2_ws/install/turtlesim/include/turtlesim/srv/detail/kill__rosidl_typesupport_introspection_c.h
[1.007s] -- Up-to-date: /home/vincent-pc/ros2_ws/install/turtlesim/include/turtlesim/srv/detail/spawn__type_support.c
[1.007s] -- Up-to-date: /home/vincent-pc/ros2_ws/install/turtlesim/include/turtlesim/srv/detail/teleport_absolute__type_support.c
[1.007s] -- Up-to-date: /home/vincent-pc/ros2_ws/install/turtlesim/include/turtlesim/srv/detail/teleport_relative__type_support.c
[1.007s] -- Up-to-date: /home/vincent-pc/ros2_ws/install/turtlesim/lib/libturtlesim__rosidl_typesupport_introspection_c.so
[1.008s] -- Up-to-date: /home/vincent-pc/ros2_ws/install/turtlesim/lib/libturtlesim__rosidl_typesupport_c.so
[1.008s] -- Up-to-date: /home/vincent-pc/ros2_ws/install/turtlesim/include/turtlesim
[1.008s] -- Up-to-date: /home/vincent-pc/ros2_ws/install/turtlesim/include/turtlesim/action
[1.008s] -- Up-to-date: /home/vincent-pc/ros2_ws/install/turtlesim/include/turtlesim/action/detail
[1.008s] -- Up-to-date: /home/vincent-pc/ros2_ws/install/turtlesim/include/turtlesim/action/detail/rotate_absolute__struct.hpp
[1.008s] -- Up-to-date: /home/vincent-pc/ros2_ws/install/turtlesim/include/turtlesim/action/detail/rotate_absolute__traits.hpp
[1.008s] -- Up-to-date: /home/vincent-pc/ros2_ws/install/turtlesim/include/turtlesim/action/detail/rotate_absolute__type_support.hpp
[1.008s] -- Up-to-date: /home/vincent-pc/ros2_ws/install/turtlesim/include/turtlesim/action/detail/rotate_absolute__builder.hpp
[1.009s] -- Up-to-date: /home/vincent-pc/ros2_ws/install/turtlesim/include/turtlesim/action/rotate_absolute.hpp
[1.009s] -- Up-to-date: /home/vincent-pc/ros2_ws/install/turtlesim/include/turtlesim/msg
[1.009s] -- Up-to-date: /home/vincent-pc/ros2_ws/install/turtlesim/include/turtlesim/msg/detail
[1.009s] -- Up-to-date: /home/vincent-pc/ros2_ws/install/turtlesim/include/turtlesim/msg/detail/color__struct.hpp
[1.009s] -- Up-to-date: /home/vincent-pc/ros2_ws/install/turtlesim/include/turtlesim/msg/detail/pose__builder.hpp
[1.009s] -- Up-to-date: /home/vincent-pc/ros2_ws/install/turtlesim/include/turtlesim/msg/detail/color__traits.hpp
[1.009s] -- Up-to-date: /home/vincent-pc/ros2_ws/install/turtlesim/include/turtlesim/msg/detail/color__type_support.hpp
[1.009s] -- Up-to-date: /home/vincent-pc/ros2_ws/install/turtlesim/include/turtlesim/msg/detail/pose__type_support.hpp
[1.009s] -- Up-to-date: /home/vincent-pc/ros2_ws/install/turtlesim/include/turtlesim/msg/detail/pose__struct.hpp
[1.009s] -- Up-to-date: /home/vincent-pc/ros2_ws/install/turtlesim/include/turtlesim/msg/detail/color__builder.hpp
[1.010s] -- Up-to-date: /home/vincent-pc/ros2_ws/install/turtlesim/include/turtlesim/msg/detail/pose__traits.hpp
[1.010s] -- Up-to-date: /home/vincent-pc/ros2_ws/install/turtlesim/include/turtlesim/msg/rosidl_generator_cpp__visibility_control.hpp
[1.010s] -- Up-to-date: /home/vincent-pc/ros2_ws/install/turtlesim/include/turtlesim/msg/color.hpp
[1.010s] -- Up-to-date: /home/vincent-pc/ros2_ws/install/turtlesim/include/turtlesim/msg/pose.hpp
[1.010s] -- Up-to-date: /home/vincent-pc/ros2_ws/install/turtlesim/include/turtlesim/srv
[1.010s] -- Up-to-date: /home/vincent-pc/ros2_ws/install/turtlesim/include/turtlesim/srv/spawn.hpp
[1.010s] -- Up-to-date: /home/vincent-pc/ros2_ws/install/turtlesim/include/turtlesim/srv/detail
[1.010s] -- Up-to-date: /home/vincent-pc/ros2_ws/install/turtlesim/include/turtlesim/srv/detail/kill__struct.hpp
[1.010s] -- Up-to-date: /home/vincent-pc/ros2_ws/install/turtlesim/include/turtlesim/srv/detail/spawn__builder.hpp
[1.011s] -- Up-to-date: /home/vincent-pc/ros2_ws/install/turtlesim/include/turtlesim/srv/detail/kill__traits.hpp
[1.011s] -- Up-to-date: /home/vincent-pc/ros2_ws/install/turtlesim/include/turtlesim/srv/detail/set_pen__type_support.hpp
[1.011s] -- Up-to-date: /home/vincent-pc/ros2_ws/install/turtlesim/include/turtlesim/srv/detail/set_pen__builder.hpp
[1.011s] -- Up-to-date: /home/vincent-pc/ros2_ws/install/turtlesim/include/turtlesim/srv/detail/kill__builder.hpp
[1.011s] -- Up-to-date: /home/vincent-pc/ros2_ws/install/turtlesim/include/turtlesim/srv/detail/spawn__traits.hpp
[1.011s] -- Up-to-date: /home/vincent-pc/ros2_ws/install/turtlesim/include/turtlesim/srv/detail/spawn__struct.hpp
[1.011s] -- Up-to-date: /home/vincent-pc/ros2_ws/install/turtlesim/include/turtlesim/srv/detail/kill__type_support.hpp
[1.011s] -- Up-to-date: /home/vincent-pc/ros2_ws/install/turtlesim/include/turtlesim/srv/detail/teleport_absolute__type_support.hpp
[1.011s] -- Up-to-date: /home/vincent-pc/ros2_ws/install/turtlesim/include/turtlesim/srv/detail/set_pen__struct.hpp
[1.011s] -- Up-to-date: /home/vincent-pc/ros2_ws/install/turtlesim/include/turtlesim/srv/detail/teleport_absolute__builder.hpp
[1.012s] -- Up-to-date: /home/vincent-pc/ros2_ws/install/turtlesim/include/turtlesim/srv/detail/teleport_absolute__traits.hpp
[1.012s] -- Up-to-date: /home/vincent-pc/ros2_ws/install/turtlesim/include/turtlesim/srv/detail/teleport_relative__builder.hpp
[1.012s] -- Up-to-date: /home/vincent-pc/ros2_ws/install/turtlesim/include/turtlesim/srv/detail/teleport_absolute__struct.hpp
[1.012s] -- Up-to-date: /home/vincent-pc/ros2_ws/install/turtlesim/include/turtlesim/srv/detail/teleport_relative__type_support.hpp
[1.012s] -- Up-to-date: /home/vincent-pc/ros2_ws/install/turtlesim/include/turtlesim/srv/detail/teleport_relative__traits.hpp
[1.012s] -- Up-to-date: /home/vincent-pc/ros2_ws/install/turtlesim/include/turtlesim/srv/detail/teleport_relative__struct.hpp
[1.012s] -- Up-to-date: /home/vincent-pc/ros2_ws/install/turtlesim/include/turtlesim/srv/detail/spawn__type_support.hpp
[1.012s] -- Up-to-date: /home/vincent-pc/ros2_ws/install/turtlesim/include/turtlesim/srv/detail/set_pen__traits.hpp
[1.013s] -- Up-to-date: /home/vincent-pc/ros2_ws/install/turtlesim/include/turtlesim/srv/teleport_relative.hpp
[1.013s] -- Up-to-date: /home/vincent-pc/ros2_ws/install/turtlesim/include/turtlesim/srv/kill.hpp
[1.013s] -- Up-to-date: /home/vincent-pc/ros2_ws/install/turtlesim/include/turtlesim/srv/set_pen.hpp
[1.013s] -- Up-to-date: /home/vincent-pc/ros2_ws/install/turtlesim/include/turtlesim/srv/teleport_absolute.hpp
[1.013s] -- Up-to-date: /home/vincent-pc/ros2_ws/install/turtlesim/include/turtlesim
[1.013s] -- Up-to-date: /home/vincent-pc/ros2_ws/install/turtlesim/include/turtlesim/action
[1.013s] -- Up-to-date: /home/vincent-pc/ros2_ws/install/turtlesim/include/turtlesim/action/detail
[1.013s] -- Up-to-date: /home/vincent-pc/ros2_ws/install/turtlesim/include/turtlesim/action/detail/rotate_absolute__rosidl_typesupport_introspection_cpp.hpp
[1.013s] -- Up-to-date: /home/vincent-pc/ros2_ws/install/turtlesim/include/turtlesim/action/detail/rotate_absolute__type_support.cpp
[1.014s] -- Up-to-date: /home/vincent-pc/ros2_ws/install/turtlesim/include/turtlesim/msg
[1.014s] -- Up-to-date: /home/vincent-pc/ros2_ws/install/turtlesim/include/turtlesim/msg/detail
[1.014s] -- Up-to-date: /home/vincent-pc/ros2_ws/install/turtlesim/include/turtlesim/msg/detail/color__type_support.cpp
[1.014s] -- Up-to-date: /home/vincent-pc/ros2_ws/install/turtlesim/include/turtlesim/msg/detail/color__rosidl_typesupport_introspection_cpp.hpp
[1.014s] -- Up-to-date: /home/vincent-pc/ros2_ws/install/turtlesim/include/turtlesim/msg/detail/pose__type_support.cpp
[1.014s] -- Up-to-date: /home/vincent-pc/ros2_ws/install/turtlesim/include/turtlesim/msg/detail/pose__rosidl_typesupport_introspection_cpp.hpp
[1.014s] -- Up-to-date: /home/vincent-pc/ros2_ws/install/turtlesim/include/turtlesim/srv
[1.014s] -- Up-to-date: /home/vincent-pc/ros2_ws/install/turtlesim/include/turtlesim/srv/detail
[1.015s] -- Up-to-date: /home/vincent-pc/ros2_ws/install/turtlesim/include/turtlesim/srv/detail/teleport_absolute__type_support.cpp
[1.015s] -- Up-to-date: /home/vincent-pc/ros2_ws/install/turtlesim/include/turtlesim/srv/detail/set_pen__rosidl_typesupport_introspection_cpp.hpp
[1.015s] -- Up-to-date: /home/vincent-pc/ros2_ws/install/turtlesim/include/turtlesim/srv/detail/set_pen__type_support.cpp
[1.015s] -- Up-to-date: /home/vincent-pc/ros2_ws/install/turtlesim/include/turtlesim/srv/detail/teleport_relative__type_support.cpp
[1.015s] -- Up-to-date: /home/vincent-pc/ros2_ws/install/turtlesim/include/turtlesim/srv/detail/kill__type_support.cpp
[1.015s] -- Up-to-date: /home/vincent-pc/ros2_ws/install/turtlesim/include/turtlesim/srv/detail/teleport_relative__rosidl_typesupport_introspection_cpp.hpp
[1.015s] -- Up-to-date: /home/vincent-pc/ros2_ws/install/turtlesim/include/turtlesim/srv/detail/kill__rosidl_typesupport_introspection_cpp.hpp
[1.015s] -- Up-to-date: /home/vincent-pc/ros2_ws/install/turtlesim/include/turtlesim/srv/detail/spawn__type_support.cpp
[1.016s] -- Up-to-date: /home/vincent-pc/ros2_ws/install/turtlesim/include/turtlesim/srv/detail/spawn__rosidl_typesupport_introspection_cpp.hpp
[1.016s] -- Up-to-date: /home/vincent-pc/ros2_ws/install/turtlesim/include/turtlesim/srv/detail/teleport_absolute__rosidl_typesupport_introspection_cpp.hpp
[1.016s] -- Up-to-date: /home/vincent-pc/ros2_ws/install/turtlesim/lib/libturtlesim__rosidl_typesupport_introspection_cpp.so
[1.016s] -- Up-to-date: /home/vincent-pc/ros2_ws/install/turtlesim/lib/libturtlesim__rosidl_typesupport_cpp.so
[1.016s] -- Up-to-date: /home/vincent-pc/ros2_ws/install/turtlesim/share/turtlesim/environment/pythonpath.sh
[1.016s] -- Up-to-date: /home/vincent-pc/ros2_ws/install/turtlesim/share/turtlesim/environment/pythonpath.dsv
[1.016s] -- Up-to-date: /home/vincent-pc/ros2_ws/install/turtlesim/lib/python3.8/site-packages/turtlesim/__init__.py
[1.040s] -- Up-to-date: /home/vincent-pc/ros2_ws/install/turtlesim/lib/python3.8/site-packages/turtlesim/action
[1.040s] -- Up-to-date: /home/vincent-pc/ros2_ws/install/turtlesim/lib/python3.8/site-packages/turtlesim/action/__init__.py
[1.041s] -- Up-to-date: /home/vincent-pc/ros2_ws/install/turtlesim/lib/python3.8/site-packages/turtlesim/action/_rotate_absolute.py
[1.041s] -- Up-to-date: /home/vincent-pc/ros2_ws/install/turtlesim/lib/python3.8/site-packages/turtlesim/action/_rotate_absolute_s.c
[1.041s] -- Up-to-date: /home/vincent-pc/ros2_ws/install/turtlesim/lib/python3.8/site-packages/turtlesim/msg
[1.041s] -- Up-to-date: /home/vincent-pc/ros2_ws/install/turtlesim/lib/python3.8/site-packages/turtlesim/msg/__init__.py
[1.041s] -- Up-to-date: /home/vincent-pc/ros2_ws/install/turtlesim/lib/python3.8/site-packages/turtlesim/msg/_pose_s.c
[1.041s] -- Up-to-date: /home/vincent-pc/ros2_ws/install/turtlesim/lib/python3.8/site-packages/turtlesim/msg/_pose.py
[1.041s] -- Up-to-date: /home/vincent-pc/ros2_ws/install/turtlesim/lib/python3.8/site-packages/turtlesim/msg/_color.py
[1.041s] -- Up-to-date: /home/vincent-pc/ros2_ws/install/turtlesim/lib/python3.8/site-packages/turtlesim/msg/_color_s.c
[1.041s] -- Up-to-date: /home/vincent-pc/ros2_ws/install/turtlesim/lib/python3.8/site-packages/turtlesim/srv
[1.042s] -- Up-to-date: /home/vincent-pc/ros2_ws/install/turtlesim/lib/python3.8/site-packages/turtlesim/srv/_spawn_s.c
[1.042s] -- Up-to-date: /home/vincent-pc/ros2_ws/install/turtlesim/lib/python3.8/site-packages/turtlesim/srv/_teleport_absolute.py
[1.042s] -- Up-to-date: /home/vincent-pc/ros2_ws/install/turtlesim/lib/python3.8/site-packages/turtlesim/srv/_set_pen.py
[1.042s] -- Up-to-date: /home/vincent-pc/ros2_ws/install/turtlesim/lib/python3.8/site-packages/turtlesim/srv/__init__.py
[1.042s] -- Up-to-date: /home/vincent-pc/ros2_ws/install/turtlesim/lib/python3.8/site-packages/turtlesim/srv/_kill_s.c
[1.042s] -- Up-to-date: /home/vincent-pc/ros2_ws/install/turtlesim/lib/python3.8/site-packages/turtlesim/srv/_set_pen_s.c
[1.042s] -- Up-to-date: /home/vincent-pc/ros2_ws/install/turtlesim/lib/python3.8/site-packages/turtlesim/srv/_teleport_relative.py
[1.042s] -- Up-to-date: /home/vincent-pc/ros2_ws/install/turtlesim/lib/python3.8/site-packages/turtlesim/srv/_spawn.py
[1.042s] -- Up-to-date: /home/vincent-pc/ros2_ws/install/turtlesim/lib/python3.8/site-packages/turtlesim/srv/_teleport_absolute_s.c
[1.042s] -- Up-to-date: /home/vincent-pc/ros2_ws/install/turtlesim/lib/python3.8/site-packages/turtlesim/srv/_kill.py
[1.043s] -- Up-to-date: /home/vincent-pc/ros2_ws/install/turtlesim/lib/python3.8/site-packages/turtlesim/srv/_teleport_relative_s.c
[1.043s] -- Up-to-date: /home/vincent-pc/ros2_ws/install/turtlesim/lib/python3.8/site-packages/turtlesim/turtlesim_s__rosidl_typesupport_fastrtps_c.cpython-38-x86_64-linux-gnu.so
[1.043s] -- Up-to-date: /home/vincent-pc/ros2_ws/install/turtlesim/lib/python3.8/site-packages/turtlesim/turtlesim_s__rosidl_typesupport_introspection_c.cpython-38-x86_64-linux-gnu.so
[1.043s] -- Up-to-date: /home/vincent-pc/ros2_ws/install/turtlesim/lib/python3.8/site-packages/turtlesim/turtlesim_s__rosidl_typesupport_c.cpython-38-x86_64-linux-gnu.so
[1.044s] -- Up-to-date: /home/vincent-pc/ros2_ws/install/turtlesim/lib/libturtlesim__python.so
[1.044s] -- Up-to-date: /home/vincent-pc/ros2_ws/install/turtlesim/share/turtlesim/action/RotateAbsolute.idl
[1.044s] -- Up-to-date: /home/vincent-pc/ros2_ws/install/turtlesim/share/turtlesim/msg/Color.idl
[1.044s] -- Up-to-date: /home/vincent-pc/ros2_ws/install/turtlesim/share/turtlesim/msg/Pose.idl
[1.044s] -- Up-to-date: /home/vincent-pc/ros2_ws/install/turtlesim/share/turtlesim/srv/Kill.idl
[1.044s] -- Up-to-date: /home/vincent-pc/ros2_ws/install/turtlesim/share/turtlesim/srv/SetPen.idl
[1.045s] -- Up-to-date: /home/vincent-pc/ros2_ws/install/turtlesim/share/turtlesim/srv/Spawn.idl
[1.045s] -- Up-to-date: /home/vincent-pc/ros2_ws/install/turtlesim/share/turtlesim/srv/TeleportAbsolute.idl
[1.045s] -- Up-to-date: /home/vincent-pc/ros2_ws/install/turtlesim/share/turtlesim/srv/TeleportRelative.idl
[1.045s] -- Up-to-date: /home/vincent-pc/ros2_ws/install/turtlesim/share/turtlesim/action/RotateAbsolute.action
[1.045s] -- Up-to-date: /home/vincent-pc/ros2_ws/install/turtlesim/share/turtlesim/msg/Color.msg
[1.045s] -- Up-to-date: /home/vincent-pc/ros2_ws/install/turtlesim/share/turtlesim/msg/Pose.msg
[1.045s] -- Up-to-date: /home/vincent-pc/ros2_ws/install/turtlesim/share/turtlesim/srv/Kill.srv
[1.045s] -- Up-to-date: /home/vincent-pc/ros2_ws/install/turtlesim/share/turtlesim/srv/Kill_Request.msg
[1.046s] -- Up-to-date: /home/vincent-pc/ros2_ws/install/turtlesim/share/turtlesim/srv/Kill_Response.msg
[1.046s] -- Up-to-date: /home/vincent-pc/ros2_ws/install/turtlesim/share/turtlesim/srv/SetPen.srv
[1.046s] -- Up-to-date: /home/vincent-pc/ros2_ws/install/turtlesim/share/turtlesim/srv/SetPen_Request.msg
[1.046s] -- Up-to-date: /home/vincent-pc/ros2_ws/install/turtlesim/share/turtlesim/srv/SetPen_Response.msg
[1.046s] -- Up-to-date: /home/vincent-pc/ros2_ws/install/turtlesim/share/turtlesim/srv/Spawn.srv
[1.046s] -- Up-to-date: /home/vincent-pc/ros2_ws/install/turtlesim/share/turtlesim/srv/Spawn_Request.msg
[1.046s] -- Up-to-date: /home/vincent-pc/ros2_ws/install/turtlesim/share/turtlesim/srv/Spawn_Response.msg
[1.047s] -- Up-to-date: /home/vincent-pc/ros2_ws/install/turtlesim/share/turtlesim/srv/TeleportAbsolute.srv
[1.047s] -- Up-to-date: /home/vincent-pc/ros2_ws/install/turtlesim/share/turtlesim/srv/TeleportAbsolute_Request.msg
[1.047s] -- Up-to-date: /home/vincent-pc/ros2_ws/install/turtlesim/share/turtlesim/srv/TeleportAbsolute_Response.msg
[1.047s] -- Up-to-date: /home/vincent-pc/ros2_ws/install/turtlesim/share/turtlesim/srv/TeleportRelative.srv
[1.047s] -- Up-to-date: /home/vincent-pc/ros2_ws/install/turtlesim/share/turtlesim/srv/TeleportRelative_Request.msg
[1.047s] -- Up-to-date: /home/vincent-pc/ros2_ws/install/turtlesim/share/turtlesim/srv/TeleportRelative_Response.msg
[1.047s] -- Up-to-date: /home/vincent-pc/ros2_ws/install/turtlesim/lib/turtlesim/turtlesim_node
[1.048s] -- Up-to-date: /home/vincent-pc/ros2_ws/install/turtlesim/lib/turtlesim/turtle_teleop_key
[1.048s] -- Up-to-date: /home/vincent-pc/ros2_ws/install/turtlesim/lib/turtlesim/draw_square
[1.048s] -- Up-to-date: /home/vincent-pc/ros2_ws/install/turtlesim/lib/turtlesim/mimic
[1.048s] -- Up-to-date: /home/vincent-pc/ros2_ws/install/turtlesim/share/turtlesim/images
[1.048s] -- Up-to-date: /home/vincent-pc/ros2_ws/install/turtlesim/share/turtlesim/images/dashing.png
[1.048s] -- Up-to-date: /home/vincent-pc/ros2_ws/install/turtlesim/share/turtlesim/images/eloquent.png
[1.048s] -- Up-to-date: /home/vincent-pc/ros2_ws/install/turtlesim/share/turtlesim/images/crystal.png
[1.048s] -- Up-to-date: /home/vincent-pc/ros2_ws/install/turtlesim/share/turtlesim/images/foxy.png
[1.048s] -- Up-to-date: /home/vincent-pc/ros2_ws/install/turtlesim/share/turtlesim/images/ardent.png
[1.049s] -- Up-to-date: /home/vincent-pc/ros2_ws/install/turtlesim/share/turtlesim/images/bouncy.png
[1.049s] -- Up-to-date: /home/vincent-pc/ros2_ws/install/turtlesim/share/turtlesim/launch
[1.049s] -- Up-to-date: /home/vincent-pc/ros2_ws/install/turtlesim/share/turtlesim/launch/multisim.launch.py
[1.049s] -- Up-to-date: /home/vincent-pc/ros2_ws/install/turtlesim/share/ament_index/resource_index/package_run_dependencies/turtlesim
[1.049s] -- Up-to-date: /home/vincent-pc/ros2_ws/install/turtlesim/share/ament_index/resource_index/parent_prefix_path/turtlesim
[1.049s] -- Up-to-date: /home/vincent-pc/ros2_ws/install/turtlesim/share/turtlesim/environment/ament_prefix_path.sh
[1.049s] -- Up-to-date: /home/vincent-pc/ros2_ws/install/turtlesim/share/turtlesim/environment/ament_prefix_path.dsv
[1.049s] -- Up-to-date: /home/vincent-pc/ros2_ws/install/turtlesim/share/turtlesim/environment/path.sh
[1.049s] -- Up-to-date: /home/vincent-pc/ros2_ws/install/turtlesim/share/turtlesim/environment/path.dsv
[1.050s] -- Up-to-date: /home/vincent-pc/ros2_ws/install/turtlesim/share/turtlesim/local_setup.bash
[1.050s] -- Up-to-date: /home/vincent-pc/ros2_ws/install/turtlesim/share/turtlesim/local_setup.sh
[1.050s] -- Up-to-date: /home/vincent-pc/ros2_ws/install/turtlesim/share/turtlesim/local_setup.zsh
[1.050s] -- Up-to-date: /home/vincent-pc/ros2_ws/install/turtlesim/share/turtlesim/local_setup.dsv
[1.052s] -- Installing: /home/vincent-pc/ros2_ws/install/turtlesim/share/turtlesim/package.dsv
[1.052s] -- Up-to-date: /home/vincent-pc/ros2_ws/install/turtlesim/share/ament_index/resource_index/packages/turtlesim
[1.052s] -- Up-to-date: /home/vincent-pc/ros2_ws/install/turtlesim/share/turtlesim/cmake/turtlesim__rosidl_generator_cExport.cmake
[1.052s] -- Up-to-date: /home/vincent-pc/ros2_ws/install/turtlesim/share/turtlesim/cmake/turtlesim__rosidl_generator_cExport-noconfig.cmake
[1.052s] -- Up-to-date: /home/vincent-pc/ros2_ws/install/turtlesim/share/turtlesim/cmake/turtlesim__rosidl_typesupport_introspection_cExport.cmake
[1.053s] -- Up-to-date: /home/vincent-pc/ros2_ws/install/turtlesim/share/turtlesim/cmake/turtlesim__rosidl_typesupport_introspection_cExport-noconfig.cmake
[1.053s] -- Up-to-date: /home/vincent-pc/ros2_ws/install/turtlesim/share/turtlesim/cmake/turtlesim__rosidl_typesupport_cExport.cmake
[1.053s] -- Up-to-date: /home/vincent-pc/ros2_ws/install/turtlesim/share/turtlesim/cmake/turtlesim__rosidl_typesupport_cExport-noconfig.cmake
[1.053s] -- Up-to-date: /home/vincent-pc/ros2_ws/install/turtlesim/share/turtlesim/cmake/turtlesim__rosidl_generator_cppExport.cmake
[1.053s] -- Up-to-date: /home/vincent-pc/ros2_ws/install/turtlesim/share/turtlesim/cmake/turtlesim__rosidl_typesupport_introspection_cppExport.cmake
[1.054s] -- Up-to-date: /home/vincent-pc/ros2_ws/install/turtlesim/share/turtlesim/cmake/turtlesim__rosidl_typesupport_introspection_cppExport-noconfig.cmake
[1.054s] -- Up-to-date: /home/vincent-pc/ros2_ws/install/turtlesim/share/turtlesim/cmake/turtlesim__rosidl_typesupport_cppExport.cmake
[1.054s] -- Up-to-date: /home/vincent-pc/ros2_ws/install/turtlesim/share/turtlesim/cmake/turtlesim__rosidl_typesupport_cppExport-noconfig.cmake
[1.054s] -- Up-to-date: /home/vincent-pc/ros2_ws/install/turtlesim/share/turtlesim/cmake/rosidl_cmake-extras.cmake
[1.054s] -- Up-to-date: /home/vincent-pc/ros2_ws/install/turtlesim/share/turtlesim/cmake/ament_cmake_export_dependencies-extras.cmake
[1.054s] -- Up-to-date: /home/vincent-pc/ros2_ws/install/turtlesim/share/turtlesim/cmake/ament_cmake_export_libraries-extras.cmake
[1.055s] -- Up-to-date: /home/vincent-pc/ros2_ws/install/turtlesim/share/turtlesim/cmake/ament_cmake_export_targets-extras.cmake
[1.055s] -- Up-to-date: /home/vincent-pc/ros2_ws/install/turtlesim/share/turtlesim/cmake/ament_cmake_export_include_directories-extras.cmake
[1.055s] -- Up-to-date: /home/vincent-pc/ros2_ws/install/turtlesim/share/turtlesim/cmake/rosidl_cmake_export_typesupport_libraries-extras.cmake
[1.055s] -- Up-to-date: /home/vincent-pc/ros2_ws/install/turtlesim/share/turtlesim/cmake/rosidl_cmake_export_typesupport_targets-extras.cmake
[1.055s] -- Up-to-date: /home/vincent-pc/ros2_ws/install/turtlesim/share/turtlesim/cmake/turtlesimConfig.cmake
[1.055s] -- Up-to-date: /home/vincent-pc/ros2_ws/install/turtlesim/share/turtlesim/cmake/turtlesimConfig-version.cmake
[1.055s] -- Up-to-date: /home/vincent-pc/ros2_ws/install/turtlesim/share/turtlesim/package.xml
[1.055s] Invoked command in '/home/vincent-pc/ros2_ws/build/turtlesim' returned '0': CMAKE_PREFIX_PATH=${CMAKE_PREFIX_PATH}:/home/vincent-pc/ros2_ws/install/examples_rclpy_minimal_subscriber:/home/vincent-pc/ros2_ws/install/examples_rclpy_minimal_service:/home/vincent-pc/ros2_ws/install/examples_rclpy_minimal_publisher:/home/vincent-pc/ros2_ws/install/examples_rclpy_minimal_client:/home/vincent-pc/ros2_ws/install/examples_rclpy_minimal_action_server:/home/vincent-pc/ros2_ws/install/examples_rclpy_minimal_action_client:/home/vincent-pc/ros2_ws/install/examples_rclpy_executors:/opt/ros/foxy /usr/bin/cmake --install /home/vincent-pc/ros2_ws/build/turtlesim
