[0.550s] Invoking command in '/home/vincent-pc/ros2_ws/src/py_srvcli': PYTHONPATH=/home/vincent-pc/ros2_ws/build/py_srvcli/prefix_override:/usr/lib/python3/dist-packages/colcon_core/task/python/colcon_distutils_commands:/home/vincent-pc/ros2_ws/install/py_srvcli/lib/python3.8/site-packages:${PYTHONPATH} /usr/bin/python3 -W ignore:setup.py install is deprecated -W ignore:easy_install command is deprecated setup.py egg_info --egg-base ../../build/py_srvcli build --build-base /home/vincent-pc/ros2_ws/build/py_srvcli/build install --record /home/vincent-pc/ros2_ws/build/py_srvcli/install.log --install-scripts $base/lib/py_srvcli --single-version-externally-managed install_data
[0.717s] running egg_info
[0.717s] creating ../../build/py_srvcli/py_srvcli.egg-info
[0.717s] writing ../../build/py_srvcli/py_srvcli.egg-info/PKG-INFO
[0.717s] writing dependency_links to ../../build/py_srvcli/py_srvcli.egg-info/dependency_links.txt
[0.717s] writing entry points to ../../build/py_srvcli/py_srvcli.egg-info/entry_points.txt
[0.717s] writing requirements to ../../build/py_srvcli/py_srvcli.egg-info/requires.txt
[0.718s] writing top-level names to ../../build/py_srvcli/py_srvcli.egg-info/top_level.txt
[0.720s] writing manifest file '../../build/py_srvcli/py_srvcli.egg-info/SOURCES.txt'
[0.747s] reading manifest file '../../build/py_srvcli/py_srvcli.egg-info/SOURCES.txt'
[0.748s] writing manifest file '../../build/py_srvcli/py_srvcli.egg-info/SOURCES.txt'
[0.748s] running build
[0.748s] running build_py
[0.748s] creating /home/vincent-pc/ros2_ws/build/py_srvcli/build
[0.749s] creating /home/vincent-pc/ros2_ws/build/py_srvcli/build/lib
[0.749s] creating /home/vincent-pc/ros2_ws/build/py_srvcli/build/lib/py_srvcli
[0.749s] copying py_srvcli/__init__.py -> /home/vincent-pc/ros2_ws/build/py_srvcli/build/lib/py_srvcli
[0.749s] copying py_srvcli/client_member_function.py -> /home/vincent-pc/ros2_ws/build/py_srvcli/build/lib/py_srvcli
[0.749s] copying py_srvcli/service_member_function.py -> /home/vincent-pc/ros2_ws/build/py_srvcli/build/lib/py_srvcli
[0.749s] running install
[0.749s] running install_lib
[0.750s] creating /home/vincent-pc/ros2_ws/install/py_srvcli/lib/python3.8/site-packages/py_srvcli
[0.750s] copying /home/vincent-pc/ros2_ws/build/py_srvcli/build/lib/py_srvcli/__init__.py -> /home/vincent-pc/ros2_ws/install/py_srvcli/lib/python3.8/site-packages/py_srvcli
[0.750s] copying /home/vincent-pc/ros2_ws/build/py_srvcli/build/lib/py_srvcli/client_member_function.py -> /home/vincent-pc/ros2_ws/install/py_srvcli/lib/python3.8/site-packages/py_srvcli
[0.750s] copying /home/vincent-pc/ros2_ws/build/py_srvcli/build/lib/py_srvcli/service_member_function.py -> /home/vincent-pc/ros2_ws/install/py_srvcli/lib/python3.8/site-packages/py_srvcli
[0.751s] byte-compiling /home/vincent-pc/ros2_ws/install/py_srvcli/lib/python3.8/site-packages/py_srvcli/__init__.py to __init__.cpython-38.pyc
[0.752s] byte-compiling /home/vincent-pc/ros2_ws/install/py_srvcli/lib/python3.8/site-packages/py_srvcli/client_member_function.py to client_member_function.cpython-38.pyc
[0.752s] byte-compiling /home/vincent-pc/ros2_ws/install/py_srvcli/lib/python3.8/site-packages/py_srvcli/service_member_function.py to service_member_function.cpython-38.pyc
[0.752s] running install_data
[0.753s] creating /home/vincent-pc/ros2_ws/install/py_srvcli/share/ament_index
[0.753s] creating /home/vincent-pc/ros2_ws/install/py_srvcli/share/ament_index/resource_index
[0.753s] creating /home/vincent-pc/ros2_ws/install/py_srvcli/share/ament_index/resource_index/packages
[0.753s] copying resource/py_srvcli -> /home/vincent-pc/ros2_ws/install/py_srvcli/share/ament_index/resource_index/packages
[0.753s] copying package.xml -> /home/vincent-pc/ros2_ws/install/py_srvcli/share/py_srvcli
[0.753s] running install_egg_info
[0.754s] Copying ../../build/py_srvcli/py_srvcli.egg-info to /home/vincent-pc/ros2_ws/install/py_srvcli/lib/python3.8/site-packages/py_srvcli-0.0.0-py3.8.egg-info
[0.755s] running install_scripts
[0.768s] Installing client script to /home/vincent-pc/ros2_ws/install/py_srvcli/lib/py_srvcli
[0.769s] Installing service script to /home/vincent-pc/ros2_ws/install/py_srvcli/lib/py_srvcli
[0.769s] writing list of installed files to '/home/vincent-pc/ros2_ws/build/py_srvcli/install.log'
[0.785s] Invoked command in '/home/vincent-pc/ros2_ws/src/py_srvcli' returned '0': PYTHONPATH=/home/vincent-pc/ros2_ws/build/py_srvcli/prefix_override:/usr/lib/python3/dist-packages/colcon_core/task/python/colcon_distutils_commands:/home/vincent-pc/ros2_ws/install/py_srvcli/lib/python3.8/site-packages:${PYTHONPATH} /usr/bin/python3 -W ignore:setup.py install is deprecated -W ignore:easy_install command is deprecated setup.py egg_info --egg-base ../../build/py_srvcli build --build-base /home/vincent-pc/ros2_ws/build/py_srvcli/build install --record /home/vincent-pc/ros2_ws/build/py_srvcli/install.log --install-scripts $base/lib/py_srvcli --single-version-externally-managed install_data
