[0.045s] Invoking command in '/home/vincent-pc/ros2_ws/build/examples_rclcpp_minimal_client': CMAKE_PREFIX_PATH=/opt/ros/foxy /usr/bin/cmake /home/vincent-pc/ros2_ws/src/src/examples/rclcpp/services/minimal_client -DAMENT_CMAKE_SYMLINK_INSTALL=1 -DCMAKE_INSTALL_PREFIX=/home/vincent-pc/ros2_ws/install/examples_rclcpp_minimal_client
[0.204s] -- The C compiler identification is GNU 9.4.0
[0.352s] -- The CXX compiler identification is GNU 9.4.0
[0.356s] -- Check for working C compiler: /usr/bin/cc
[0.465s] -- Check for working C compiler: /usr/bin/cc -- works
[0.467s] -- Detecting C compiler ABI info
[0.575s] -- Detecting C compiler ABI info - done
[0.596s] -- Detecting C compile features
[0.596s] -- Detecting C compile features - done
[0.599s] -- Check for working CXX compiler: /usr/bin/c++
[0.710s] -- Check for working CXX compiler: /usr/bin/c++ -- works
[0.712s] -- Detecting CXX compiler ABI info
[0.845s] -- Detecting CXX compiler ABI info - done
[0.865s] -- Detecting CXX compile features
[0.866s] -- Detecting CXX compile features - done
[0.875s] -- Found ament_cmake: 0.9.12 (/opt/ros/foxy/share/ament_cmake/cmake)
[0.925s] -- Found PythonInterp: /usr/bin/python3 (found suitable version "3.8.10", minimum required is "3") 
[0.926s] -- Using PYTHON_EXECUTABLE: /usr/bin/python3
[1.245s] -- Override CMake install command with custom implementation using symlinks instead of copying resources
[1.275s] -- Found example_interfaces: 0.9.1 (/opt/ros/foxy/share/example_interfaces/cmake)
[1.316s] -- Using all available rosidl_typesupport_c: rosidl_typesupport_fastrtps_c;rosidl_typesupport_introspection_c
[1.327s] -- Found rosidl_adapter: 1.3.1 (/opt/ros/foxy/share/rosidl_adapter/cmake)
[1.443s] -- Found OpenSSL: /usr/lib/x86_64-linux-gnu/libcrypto.so (found version "1.1.1f")  
[1.477s] -- Found FastRTPS: /opt/ros/foxy/include  
[1.588s] -- Using all available rosidl_typesupport_cpp: rosidl_typesupport_fastrtps_cpp;rosidl_typesupport_introspection_cpp
[1.825s] -- Found rclcpp: 2.4.3 (/opt/ros/foxy/share/rclcpp/cmake)
[1.895s] -- Found rmw_implementation_cmake: 1.0.4 (/opt/ros/foxy/share/rmw_implementation_cmake/cmake)
[1.897s] -- Using RMW implementation 'rmw_fastrtps_cpp' as default
[1.898s] -- Looking for pthread.h
[2.020s] -- Looking for pthread.h - found
[2.020s] -- Performing Test CMAKE_HAVE_LIBC_PTHREAD
[2.143s] -- Performing Test CMAKE_HAVE_LIBC_PTHREAD - Failed
[2.144s] -- Looking for pthread_create in pthreads
[2.255s] -- Looking for pthread_create in pthreads - not found
[2.261s] -- Looking for pthread_create in pthread
[2.380s] -- Looking for pthread_create in pthread - found
[2.381s] -- Found Threads: TRUE  
[2.662s] -- Found ament_lint_auto: 0.9.8 (/opt/ros/foxy/share/ament_lint_auto/cmake)
[2.818s] -- Added test 'copyright' to check source files copyright and LICENSE
[2.820s] -- Added test 'cppcheck' to perform static code analysis on C / C++ code
[2.820s] -- Configured cppcheck include dirs: 
[2.820s] -- Configured cppcheck exclude dirs and/or files: 
[2.821s] -- Added test 'cpplint' to check C / C++ code against the Google style
[2.821s] -- Configured cpplint exclude dirs and/or files: 
[2.822s] -- Added test 'lint_cmake' to check CMake code style
[2.823s] -- Added test 'uncrustify' to check C / C++ code style
[2.823s] -- Configured uncrustify additional arguments: 
[2.825s] -- Added test 'xmllint' to check XML markup files
[2.829s] -- Configuring done
[2.845s] -- Generating done
[2.849s] -- Build files have been written to: /home/vincent-pc/ros2_ws/build/examples_rclcpp_minimal_client
[2.878s] Invoked command in '/home/vincent-pc/ros2_ws/build/examples_rclcpp_minimal_client' returned '0': CMAKE_PREFIX_PATH=/opt/ros/foxy /usr/bin/cmake /home/vincent-pc/ros2_ws/src/src/examples/rclcpp/services/minimal_client -DAMENT_CMAKE_SYMLINK_INSTALL=1 -DCMAKE_INSTALL_PREFIX=/home/vincent-pc/ros2_ws/install/examples_rclcpp_minimal_client
[2.882s] Invoking command in '/home/vincent-pc/ros2_ws/build/examples_rclcpp_minimal_client': CMAKE_PREFIX_PATH=/opt/ros/foxy /usr/bin/cmake --build /home/vincent-pc/ros2_ws/build/examples_rclcpp_minimal_client -- -j8 -l8
[3.092s] [35m[1mScanning dependencies of target client_main[0m
[3.306s] [ 50%] [32mBuilding CXX object CMakeFiles/client_main.dir/main.cpp.o[0m
[12.881s] [100%] [32m[1mLinking CXX executable client_main[0m
[13.648s] [100%] Built target client_main
[13.701s] Invoked command in '/home/vincent-pc/ros2_ws/build/examples_rclcpp_minimal_client' returned '0': CMAKE_PREFIX_PATH=/opt/ros/foxy /usr/bin/cmake --build /home/vincent-pc/ros2_ws/build/examples_rclcpp_minimal_client -- -j8 -l8
[14.113s] Invoking command in '/home/vincent-pc/ros2_ws/build/examples_rclcpp_minimal_client': CMAKE_PREFIX_PATH=/opt/ros/foxy /usr/bin/cmake --install /home/vincent-pc/ros2_ws/build/examples_rclcpp_minimal_client
[15.012s] -- Install configuration: ""
[15.012s] -- Execute custom install script
[15.013s] -- Symlinking: /home/vincent-pc/ros2_ws/install/examples_rclcpp_minimal_client/lib/examples_rclcpp_minimal_client/client_main
[15.013s] -- Symlinking: /home/vincent-pc/ros2_ws/install/examples_rclcpp_minimal_client/share/ament_index/resource_index/package_run_dependencies/examples_rclcpp_minimal_client
[15.013s] -- Symlinking: /home/vincent-pc/ros2_ws/install/examples_rclcpp_minimal_client/share/ament_index/resource_index/parent_prefix_path/examples_rclcpp_minimal_client
[15.013s] -- Symlinking: /home/vincent-pc/ros2_ws/install/examples_rclcpp_minimal_client/share/examples_rclcpp_minimal_client/environment/ament_prefix_path.sh
[15.014s] -- Symlinking: /home/vincent-pc/ros2_ws/install/examples_rclcpp_minimal_client/share/examples_rclcpp_minimal_client/environment/ament_prefix_path.dsv
[15.014s] -- Symlinking: /home/vincent-pc/ros2_ws/install/examples_rclcpp_minimal_client/share/examples_rclcpp_minimal_client/environment/path.sh
[15.014s] -- Symlinking: /home/vincent-pc/ros2_ws/install/examples_rclcpp_minimal_client/share/examples_rclcpp_minimal_client/environment/path.dsv
[15.014s] -- Symlinking: /home/vincent-pc/ros2_ws/install/examples_rclcpp_minimal_client/share/examples_rclcpp_minimal_client/local_setup.bash
[15.015s] -- Symlinking: /home/vincent-pc/ros2_ws/install/examples_rclcpp_minimal_client/share/examples_rclcpp_minimal_client/local_setup.sh
[15.015s] -- Symlinking: /home/vincent-pc/ros2_ws/install/examples_rclcpp_minimal_client/share/examples_rclcpp_minimal_client/local_setup.zsh
[15.015s] -- Symlinking: /home/vincent-pc/ros2_ws/install/examples_rclcpp_minimal_client/share/examples_rclcpp_minimal_client/local_setup.dsv
[15.015s] -- Symlinking: /home/vincent-pc/ros2_ws/install/examples_rclcpp_minimal_client/share/examples_rclcpp_minimal_client/package.dsv
[15.015s] -- Symlinking: /home/vincent-pc/ros2_ws/install/examples_rclcpp_minimal_client/share/ament_index/resource_index/packages/examples_rclcpp_minimal_client
[15.016s] -- Symlinking: /home/vincent-pc/ros2_ws/install/examples_rclcpp_minimal_client/share/examples_rclcpp_minimal_client/cmake/examples_rclcpp_minimal_clientConfig.cmake
[15.022s] -- Symlinking: /home/vincent-pc/ros2_ws/install/examples_rclcpp_minimal_client/share/examples_rclcpp_minimal_client/cmake/examples_rclcpp_minimal_clientConfig-version.cmake
[15.095s] -- Symlinking: /home/vincent-pc/ros2_ws/install/examples_rclcpp_minimal_client/share/examples_rclcpp_minimal_client/package.xml
[15.151s] Invoked command in '/home/vincent-pc/ros2_ws/build/examples_rclcpp_minimal_client' returned '0': CMAKE_PREFIX_PATH=/opt/ros/foxy /usr/bin/cmake --install /home/vincent-pc/ros2_ws/build/examples_rclcpp_minimal_client
