[0.030s] Invoking command in '/home/vincent-pc/ros2_ws/build/turtlesim': CMAKE_PREFIX_PATH=${CMAKE_PREFIX_PATH}:/home/vincent-pc/ros2_ws/install/examples_rclpy_minimal_subscriber:/home/vincent-pc/ros2_ws/install/examples_rclpy_minimal_service:/home/vincent-pc/ros2_ws/install/examples_rclpy_minimal_publisher:/home/vincent-pc/ros2_ws/install/examples_rclpy_minimal_client:/home/vincent-pc/ros2_ws/install/examples_rclpy_minimal_action_server:/home/vincent-pc/ros2_ws/install/examples_rclpy_minimal_action_client:/home/vincent-pc/ros2_ws/install/examples_rclpy_executors:/opt/ros/foxy /usr/bin/cmake --build /home/vincent-pc/ros2_ws/build/turtlesim -- -j8 -l8
[0.146s] [  1%] Built target turtlesim__cpp
[0.169s] [ 11%] Built target turtlesim__rosidl_generator_c
[0.229s] [ 21%] Built target turtlesim__rosidl_typesupport_cpp
[0.283s] [ 31%] Built target turtlesim__rosidl_typesupport_introspection_cpp
[0.304s] [ 41%] Built target turtlesim__rosidl_typesupport_introspection_c
[0.322s] [ 51%] Built target turtlesim__rosidl_typesupport_fastrtps_cpp
[0.344s] [ 61%] Built target turtlesim__rosidl_typesupport_c
[0.404s] [ 71%] Built target turtlesim__rosidl_typesupport_fastrtps_c
[0.452s] [ 71%] Built target turtlesim
[0.540s] [35m[1mScanning dependencies of target turtlesim_node[0m
[0.548s] [ 73%] Built target turtle_teleop_key
[0.552s] [ 74%] Built target turtlesim__py
[0.569s] [ 76%] Built target draw_square
[0.576s] [ 78%] Built target mimic
[0.610s] [ 87%] Built target turtlesim__python
[0.649s] [ 88%] [32mBuilding CXX object CMakeFiles/turtlesim_node.dir/src/turtle_frame.cpp.o[0m
[0.666s] [ 90%] Built target turtlesim__rosidl_typesupport_introspection_c__pyext
[0.680s] [ 92%] Built target turtlesim__rosidl_typesupport_c__pyext
[0.691s] [ 94%] Built target turtlesim__rosidl_typesupport_fastrtps_c__pyext
[6.357s] [ 95%] [32m[1mLinking CXX executable turtlesim_node[0m
[7.665s] [100%] Built target turtlesim_node
[7.678s] Invoked command in '/home/vincent-pc/ros2_ws/build/turtlesim' returned '0': CMAKE_PREFIX_PATH=${CMAKE_PREFIX_PATH}:/home/vincent-pc/ros2_ws/install/examples_rclpy_minimal_subscriber:/home/vincent-pc/ros2_ws/install/examples_rclpy_minimal_service:/home/vincent-pc/ros2_ws/install/examples_rclpy_minimal_publisher:/home/vincent-pc/ros2_ws/install/examples_rclpy_minimal_client:/home/vincent-pc/ros2_ws/install/examples_rclpy_minimal_action_server:/home/vincent-pc/ros2_ws/install/examples_rclpy_minimal_action_client:/home/vincent-pc/ros2_ws/install/examples_rclpy_executors:/opt/ros/foxy /usr/bin/cmake --build /home/vincent-pc/ros2_ws/build/turtlesim -- -j8 -l8
[7.920s] Invoking command in '/home/vincent-pc/ros2_ws/build/turtlesim': CMAKE_PREFIX_PATH=${CMAKE_PREFIX_PATH}:/home/vincent-pc/ros2_ws/install/examples_rclpy_minimal_subscriber:/home/vincent-pc/ros2_ws/install/examples_rclpy_minimal_service:/home/vincent-pc/ros2_ws/install/examples_rclpy_minimal_publisher:/home/vincent-pc/ros2_ws/install/examples_rclpy_minimal_client:/home/vincent-pc/ros2_ws/install/examples_rclpy_minimal_action_server:/home/vincent-pc/ros2_ws/install/examples_rclpy_minimal_action_client:/home/vincent-pc/ros2_ws/install/examples_rclpy_executors:/opt/ros/foxy /usr/bin/cmake --install /home/vincent-pc/ros2_ws/build/turtlesim
[7.933s] -- Install configuration: ""
[7.934s] -- Up-to-date: /home/vincent-pc/ros2_ws/install/turtlesim/share/ament_index/resource_index/rosidl_interfaces/turtlesim
[7.934s] -- Up-to-date: /home/vincent-pc/ros2_ws/install/turtlesim/include/turtlesim
[7.934s] -- Up-to-date: /home/vincent-pc/ros2_ws/install/turtlesim/include/turtlesim/action
[7.934s] -- Up-to-date: /home/vincent-pc/ros2_ws/install/turtlesim/include/turtlesim/action/detail
[7.934s] -- Up-to-date: /home/vincent-pc/ros2_ws/install/turtlesim/include/turtlesim/action/detail/rotate_absolute__functions.c
[7.934s] -- Up-to-date: /home/vincent-pc/ros2_ws/install/turtlesim/include/turtlesim/action/detail/rotate_absolute__type_support.h
[7.934s] -- Up-to-date: /home/vincent-pc/ros2_ws/install/turtlesim/include/turtlesim/action/detail/rotate_absolute__struct.h
[7.934s] -- Up-to-date: /home/vincent-pc/ros2_ws/install/turtlesim/include/turtlesim/action/detail/rotate_absolute__functions.h
[7.935s] -- Up-to-date: /home/vincent-pc/ros2_ws/install/turtlesim/include/turtlesim/action/rotate_absolute.h
[7.935s] -- Up-to-date: /home/vincent-pc/ros2_ws/install/turtlesim/include/turtlesim/msg
[7.935s] -- Up-to-date: /home/vincent-pc/ros2_ws/install/turtlesim/include/turtlesim/msg/detail
[7.935s] -- Up-to-date: /home/vincent-pc/ros2_ws/install/turtlesim/include/turtlesim/msg/detail/color__struct.h
[7.935s] -- Up-to-date: /home/vincent-pc/ros2_ws/install/turtlesim/include/turtlesim/msg/detail/pose__type_support.h
[7.935s] -- Up-to-date: /home/vincent-pc/ros2_ws/install/turtlesim/include/turtlesim/msg/detail/color__functions.c
[7.935s] -- Up-to-date: /home/vincent-pc/ros2_ws/install/turtlesim/include/turtlesim/msg/detail/pose__functions.h
[7.935s] -- Up-to-date: /home/vincent-pc/ros2_ws/install/turtlesim/include/turtlesim/msg/detail/pose__struct.h
[7.935s] -- Up-to-date: /home/vincent-pc/ros2_ws/install/turtlesim/include/turtlesim/msg/detail/pose__functions.c
[7.935s] -- Up-to-date: /home/vincent-pc/ros2_ws/install/turtlesim/include/turtlesim/msg/detail/color__functions.h
[7.935s] -- Up-to-date: /home/vincent-pc/ros2_ws/install/turtlesim/include/turtlesim/msg/detail/color__type_support.h
[7.936s] -- Up-to-date: /home/vincent-pc/ros2_ws/install/turtlesim/include/turtlesim/msg/pose.h
[7.936s] -- Up-to-date: /home/vincent-pc/ros2_ws/install/turtlesim/include/turtlesim/msg/color.h
[7.936s] -- Up-to-date: /home/vincent-pc/ros2_ws/install/turtlesim/include/turtlesim/msg/rosidl_generator_c__visibility_control.h
[7.936s] -- Up-to-date: /home/vincent-pc/ros2_ws/install/turtlesim/include/turtlesim/srv
[7.936s] -- Up-to-date: /home/vincent-pc/ros2_ws/install/turtlesim/include/turtlesim/srv/detail
[7.936s] -- Up-to-date: /home/vincent-pc/ros2_ws/install/turtlesim/include/turtlesim/srv/detail/set_pen__type_support.h
[7.936s] -- Up-to-date: /home/vincent-pc/ros2_ws/install/turtlesim/include/turtlesim/srv/detail/spawn__struct.h
[7.936s] -- Up-to-date: /home/vincent-pc/ros2_ws/install/turtlesim/include/turtlesim/srv/detail/kill__functions.c
[7.936s] -- Up-to-date: /home/vincent-pc/ros2_ws/install/turtlesim/include/turtlesim/srv/detail/teleport_absolute__functions.h
[7.936s] -- Up-to-date: /home/vincent-pc/ros2_ws/install/turtlesim/include/turtlesim/srv/detail/kill__type_support.h
[7.936s] -- Up-to-date: /home/vincent-pc/ros2_ws/install/turtlesim/include/turtlesim/srv/detail/kill__struct.h
[7.936s] -- Up-to-date: /home/vincent-pc/ros2_ws/install/turtlesim/include/turtlesim/srv/detail/kill__functions.h
[7.937s] -- Up-to-date: /home/vincent-pc/ros2_ws/install/turtlesim/include/turtlesim/srv/detail/spawn__functions.c
[7.937s] -- Up-to-date: /home/vincent-pc/ros2_ws/install/turtlesim/include/turtlesim/srv/detail/teleport_relative__functions.c
[7.937s] -- Up-to-date: /home/vincent-pc/ros2_ws/install/turtlesim/include/turtlesim/srv/detail/teleport_relative__struct.h
[7.937s] -- Up-to-date: /home/vincent-pc/ros2_ws/install/turtlesim/include/turtlesim/srv/detail/set_pen__functions.h
[7.937s] -- Up-to-date: /home/vincent-pc/ros2_ws/install/turtlesim/include/turtlesim/srv/detail/teleport_absolute__type_support.h
[7.937s] -- Up-to-date: /home/vincent-pc/ros2_ws/install/turtlesim/include/turtlesim/srv/detail/teleport_absolute__functions.c
[7.937s] -- Up-to-date: /home/vincent-pc/ros2_ws/install/turtlesim/include/turtlesim/srv/detail/set_pen__struct.h
[7.937s] -- Up-to-date: /home/vincent-pc/ros2_ws/install/turtlesim/include/turtlesim/srv/detail/spawn__type_support.h
[7.937s] -- Up-to-date: /home/vincent-pc/ros2_ws/install/turtlesim/include/turtlesim/srv/detail/set_pen__functions.c
[7.937s] -- Up-to-date: /home/vincent-pc/ros2_ws/install/turtlesim/include/turtlesim/srv/detail/spawn__functions.h
[7.937s] -- Up-to-date: /home/vincent-pc/ros2_ws/install/turtlesim/include/turtlesim/srv/detail/teleport_relative__type_support.h
[7.937s] -- Up-to-date: /home/vincent-pc/ros2_ws/install/turtlesim/include/turtlesim/srv/detail/teleport_relative__functions.h
[7.937s] -- Up-to-date: /home/vincent-pc/ros2_ws/install/turtlesim/include/turtlesim/srv/detail/teleport_absolute__struct.h
[7.938s] -- Up-to-date: /home/vincent-pc/ros2_ws/install/turtlesim/include/turtlesim/srv/teleport_absolute.h
[7.938s] -- Up-to-date: /home/vincent-pc/ros2_ws/install/turtlesim/include/turtlesim/srv/teleport_relative.h
[7.938s] -- Up-to-date: /home/vincent-pc/ros2_ws/install/turtlesim/include/turtlesim/srv/kill.h
[7.938s] -- Up-to-date: /home/vincent-pc/ros2_ws/install/turtlesim/include/turtlesim/srv/set_pen.h
[7.938s] -- Up-to-date: /home/vincent-pc/ros2_ws/install/turtlesim/include/turtlesim/srv/spawn.h
[7.938s] -- Up-to-date: /home/vincent-pc/ros2_ws/install/turtlesim/share/turtlesim/environment/library_path.sh
[7.938s] -- Up-to-date: /home/vincent-pc/ros2_ws/install/turtlesim/share/turtlesim/environment/library_path.dsv
[7.938s] -- Up-to-date: /home/vincent-pc/ros2_ws/install/turtlesim/lib/libturtlesim__rosidl_generator_c.so
[7.938s] -- Up-to-date: /home/vincent-pc/ros2_ws/install/turtlesim/include/turtlesim
[7.938s] -- Up-to-date: /home/vincent-pc/ros2_ws/install/turtlesim/include/turtlesim/action
[7.938s] -- Up-to-date: /home/vincent-pc/ros2_ws/install/turtlesim/include/turtlesim/action/detail
[7.939s] -- Up-to-date: /home/vincent-pc/ros2_ws/install/turtlesim/include/turtlesim/action/detail/rotate_absolute__rosidl_typesupport_fastrtps_c.h
[7.939s] -- Up-to-date: /home/vincent-pc/ros2_ws/install/turtlesim/include/turtlesim/msg
[7.939s] -- Up-to-date: /home/vincent-pc/ros2_ws/install/turtlesim/include/turtlesim/msg/detail
[7.939s] -- Up-to-date: /home/vincent-pc/ros2_ws/install/turtlesim/include/turtlesim/msg/detail/pose__rosidl_typesupport_fastrtps_c.h
[7.939s] -- Up-to-date: /home/vincent-pc/ros2_ws/install/turtlesim/include/turtlesim/msg/detail/color__rosidl_typesupport_fastrtps_c.h
[7.939s] -- Up-to-date: /home/vincent-pc/ros2_ws/install/turtlesim/include/turtlesim/msg/rosidl_typesupport_fastrtps_c__visibility_control.h
[7.939s] -- Up-to-date: /home/vincent-pc/ros2_ws/install/turtlesim/include/turtlesim/srv
[7.939s] -- Up-to-date: /home/vincent-pc/ros2_ws/install/turtlesim/include/turtlesim/srv/detail
[7.939s] -- Up-to-date: /home/vincent-pc/ros2_ws/install/turtlesim/include/turtlesim/srv/detail/spawn__rosidl_typesupport_fastrtps_c.h
[7.939s] -- Up-to-date: /home/vincent-pc/ros2_ws/install/turtlesim/include/turtlesim/srv/detail/set_pen__rosidl_typesupport_fastrtps_c.h
[7.939s] -- Up-to-date: /home/vincent-pc/ros2_ws/install/turtlesim/include/turtlesim/srv/detail/kill__rosidl_typesupport_fastrtps_c.h
[7.939s] -- Up-to-date: /home/vincent-pc/ros2_ws/install/turtlesim/include/turtlesim/srv/detail/teleport_absolute__rosidl_typesupport_fastrtps_c.h
[7.939s] -- Up-to-date: /home/vincent-pc/ros2_ws/install/turtlesim/include/turtlesim/srv/detail/teleport_relative__rosidl_typesupport_fastrtps_c.h
[7.939s] -- Up-to-date: /home/vincent-pc/ros2_ws/install/turtlesim/lib/libturtlesim__rosidl_typesupport_fastrtps_c.so
[7.939s] -- Up-to-date: /home/vincent-pc/ros2_ws/install/turtlesim/include/turtlesim
[7.939s] -- Up-to-date: /home/vincent-pc/ros2_ws/install/turtlesim/include/turtlesim/action
[7.940s] -- Up-to-date: /home/vincent-pc/ros2_ws/install/turtlesim/include/turtlesim/action/detail
[7.940s] -- Up-to-date: /home/vincent-pc/ros2_ws/install/turtlesim/include/turtlesim/action/detail/rotate_absolute__rosidl_typesupport_fastrtps_cpp.hpp
[7.940s] -- Up-to-date: /home/vincent-pc/ros2_ws/install/turtlesim/include/turtlesim/action/detail/dds_fastrtps
[7.940s] -- Up-to-date: /home/vincent-pc/ros2_ws/install/turtlesim/include/turtlesim/msg
[7.940s] -- Up-to-date: /home/vincent-pc/ros2_ws/install/turtlesim/include/turtlesim/msg/detail
[7.940s] -- Up-to-date: /home/vincent-pc/ros2_ws/install/turtlesim/include/turtlesim/msg/detail/color__rosidl_typesupport_fastrtps_cpp.hpp
[7.940s] -- Up-to-date: /home/vincent-pc/ros2_ws/install/turtlesim/include/turtlesim/msg/detail/pose__rosidl_typesupport_fastrtps_cpp.hpp
[7.940s] -- Up-to-date: /home/vincent-pc/ros2_ws/install/turtlesim/include/turtlesim/msg/detail/dds_fastrtps
[7.940s] -- Up-to-date: /home/vincent-pc/ros2_ws/install/turtlesim/include/turtlesim/msg/rosidl_typesupport_fastrtps_cpp__visibility_control.h
[7.940s] -- Up-to-date: /home/vincent-pc/ros2_ws/install/turtlesim/include/turtlesim/srv
[7.940s] -- Up-to-date: /home/vincent-pc/ros2_ws/install/turtlesim/include/turtlesim/srv/detail
[7.940s] -- Up-to-date: /home/vincent-pc/ros2_ws/install/turtlesim/include/turtlesim/srv/detail/teleport_relative__rosidl_typesupport_fastrtps_cpp.hpp
[7.940s] -- Up-to-date: /home/vincent-pc/ros2_ws/install/turtlesim/include/turtlesim/srv/detail/kill__rosidl_typesupport_fastrtps_cpp.hpp
[7.940s] -- Up-to-date: /home/vincent-pc/ros2_ws/install/turtlesim/include/turtlesim/srv/detail/spawn__rosidl_typesupport_fastrtps_cpp.hpp
[7.940s] -- Up-to-date: /home/vincent-pc/ros2_ws/install/turtlesim/include/turtlesim/srv/detail/set_pen__rosidl_typesupport_fastrtps_cpp.hpp
[7.940s] -- Up-to-date: /home/vincent-pc/ros2_ws/install/turtlesim/include/turtlesim/srv/detail/dds_fastrtps
[7.940s] -- Up-to-date: /home/vincent-pc/ros2_ws/install/turtlesim/include/turtlesim/srv/detail/teleport_absolute__rosidl_typesupport_fastrtps_cpp.hpp
[7.940s] -- Up-to-date: /home/vincent-pc/ros2_ws/install/turtlesim/lib/libturtlesim__rosidl_typesupport_fastrtps_cpp.so
[7.940s] -- Up-to-date: /home/vincent-pc/ros2_ws/install/turtlesim/include/turtlesim
[7.941s] -- Up-to-date: /home/vincent-pc/ros2_ws/install/turtlesim/include/turtlesim/action
[7.941s] -- Up-to-date: /home/vincent-pc/ros2_ws/install/turtlesim/include/turtlesim/action/detail
[7.941s] -- Up-to-date: /home/vincent-pc/ros2_ws/install/turtlesim/include/turtlesim/action/detail/rotate_absolute__type_support.c
[7.941s] -- Up-to-date: /home/vincent-pc/ros2_ws/install/turtlesim/include/turtlesim/action/detail/rotate_absolute__rosidl_typesupport_introspection_c.h
[7.941s] -- Up-to-date: /home/vincent-pc/ros2_ws/install/turtlesim/include/turtlesim/msg
[7.941s] -- Up-to-date: /home/vincent-pc/ros2_ws/install/turtlesim/include/turtlesim/msg/detail
[7.941s] -- Up-to-date: /home/vincent-pc/ros2_ws/install/turtlesim/include/turtlesim/msg/detail/pose__type_support.c
[7.941s] -- Up-to-date: /home/vincent-pc/ros2_ws/install/turtlesim/include/turtlesim/msg/detail/color__rosidl_typesupport_introspection_c.h
[7.941s] -- Up-to-date: /home/vincent-pc/ros2_ws/install/turtlesim/include/turtlesim/msg/detail/pose__rosidl_typesupport_introspection_c.h
[7.941s] -- Up-to-date: /home/vincent-pc/ros2_ws/install/turtlesim/include/turtlesim/msg/detail/color__type_support.c
[7.941s] -- Up-to-date: /home/vincent-pc/ros2_ws/install/turtlesim/include/turtlesim/msg/rosidl_typesupport_introspection_c__visibility_control.h
[7.941s] -- Up-to-date: /home/vincent-pc/ros2_ws/install/turtlesim/include/turtlesim/srv
[7.941s] -- Up-to-date: /home/vincent-pc/ros2_ws/install/turtlesim/include/turtlesim/srv/detail
[7.941s] -- Up-to-date: /home/vincent-pc/ros2_ws/install/turtlesim/include/turtlesim/srv/detail/spawn__rosidl_typesupport_introspection_c.h
[7.941s] -- Up-to-date: /home/vincent-pc/ros2_ws/install/turtlesim/include/turtlesim/srv/detail/teleport_absolute__rosidl_typesupport_introspection_c.h
[7.941s] -- Up-to-date: /home/vincent-pc/ros2_ws/install/turtlesim/include/turtlesim/srv/detail/kill__type_support.c
[7.941s] -- Up-to-date: /home/vincent-pc/ros2_ws/install/turtlesim/include/turtlesim/srv/detail/set_pen__rosidl_typesupport_introspection_c.h
[7.941s] -- Up-to-date: /home/vincent-pc/ros2_ws/install/turtlesim/include/turtlesim/srv/detail/set_pen__type_support.c
[7.941s] -- Up-to-date: /home/vincent-pc/ros2_ws/install/turtlesim/include/turtlesim/srv/detail/teleport_relative__rosidl_typesupport_introspection_c.h
[7.941s] -- Up-to-date: /home/vincent-pc/ros2_ws/install/turtlesim/include/turtlesim/srv/detail/kill__rosidl_typesupport_introspection_c.h
[7.942s] -- Up-to-date: /home/vincent-pc/ros2_ws/install/turtlesim/include/turtlesim/srv/detail/spawn__type_support.c
[7.942s] -- Up-to-date: /home/vincent-pc/ros2_ws/install/turtlesim/include/turtlesim/srv/detail/teleport_absolute__type_support.c
[7.942s] -- Up-to-date: /home/vincent-pc/ros2_ws/install/turtlesim/include/turtlesim/srv/detail/teleport_relative__type_support.c
[7.942s] -- Up-to-date: /home/vincent-pc/ros2_ws/install/turtlesim/lib/libturtlesim__rosidl_typesupport_introspection_c.so
[7.942s] -- Up-to-date: /home/vincent-pc/ros2_ws/install/turtlesim/lib/libturtlesim__rosidl_typesupport_c.so
[7.942s] -- Up-to-date: /home/vincent-pc/ros2_ws/install/turtlesim/include/turtlesim
[7.942s] -- Up-to-date: /home/vincent-pc/ros2_ws/install/turtlesim/include/turtlesim/action
[7.942s] -- Up-to-date: /home/vincent-pc/ros2_ws/install/turtlesim/include/turtlesim/action/detail
[7.942s] -- Up-to-date: /home/vincent-pc/ros2_ws/install/turtlesim/include/turtlesim/action/detail/rotate_absolute__struct.hpp
[7.942s] -- Up-to-date: /home/vincent-pc/ros2_ws/install/turtlesim/include/turtlesim/action/detail/rotate_absolute__traits.hpp
[7.942s] -- Up-to-date: /home/vincent-pc/ros2_ws/install/turtlesim/include/turtlesim/action/detail/rotate_absolute__type_support.hpp
[7.942s] -- Up-to-date: /home/vincent-pc/ros2_ws/install/turtlesim/include/turtlesim/action/detail/rotate_absolute__builder.hpp
[7.942s] -- Up-to-date: /home/vincent-pc/ros2_ws/install/turtlesim/include/turtlesim/action/rotate_absolute.hpp
[7.942s] -- Up-to-date: /home/vincent-pc/ros2_ws/install/turtlesim/include/turtlesim/msg
[7.942s] -- Up-to-date: /home/vincent-pc/ros2_ws/install/turtlesim/include/turtlesim/msg/detail
[7.942s] -- Up-to-date: /home/vincent-pc/ros2_ws/install/turtlesim/include/turtlesim/msg/detail/color__struct.hpp
[7.942s] -- Up-to-date: /home/vincent-pc/ros2_ws/install/turtlesim/include/turtlesim/msg/detail/pose__builder.hpp
[7.942s] -- Up-to-date: /home/vincent-pc/ros2_ws/install/turtlesim/include/turtlesim/msg/detail/color__traits.hpp
[7.942s] -- Up-to-date: /home/vincent-pc/ros2_ws/install/turtlesim/include/turtlesim/msg/detail/color__type_support.hpp
[7.942s] -- Up-to-date: /home/vincent-pc/ros2_ws/install/turtlesim/include/turtlesim/msg/detail/pose__type_support.hpp
[7.943s] -- Up-to-date: /home/vincent-pc/ros2_ws/install/turtlesim/include/turtlesim/msg/detail/pose__struct.hpp
[7.943s] -- Up-to-date: /home/vincent-pc/ros2_ws/install/turtlesim/include/turtlesim/msg/detail/color__builder.hpp
[7.943s] -- Up-to-date: /home/vincent-pc/ros2_ws/install/turtlesim/include/turtlesim/msg/detail/pose__traits.hpp
[7.943s] -- Up-to-date: /home/vincent-pc/ros2_ws/install/turtlesim/include/turtlesim/msg/rosidl_generator_cpp__visibility_control.hpp
[7.943s] -- Up-to-date: /home/vincent-pc/ros2_ws/install/turtlesim/include/turtlesim/msg/color.hpp
[7.943s] -- Up-to-date: /home/vincent-pc/ros2_ws/install/turtlesim/include/turtlesim/msg/pose.hpp
[7.943s] -- Up-to-date: /home/vincent-pc/ros2_ws/install/turtlesim/include/turtlesim/srv
[7.943s] -- Up-to-date: /home/vincent-pc/ros2_ws/install/turtlesim/include/turtlesim/srv/spawn.hpp
[7.943s] -- Up-to-date: /home/vincent-pc/ros2_ws/install/turtlesim/include/turtlesim/srv/detail
[7.943s] -- Up-to-date: /home/vincent-pc/ros2_ws/install/turtlesim/include/turtlesim/srv/detail/kill__struct.hpp
[7.943s] -- Up-to-date: /home/vincent-pc/ros2_ws/install/turtlesim/include/turtlesim/srv/detail/spawn__builder.hpp
[7.943s] -- Up-to-date: /home/vincent-pc/ros2_ws/install/turtlesim/include/turtlesim/srv/detail/kill__traits.hpp
[7.943s] -- Up-to-date: /home/vincent-pc/ros2_ws/install/turtlesim/include/turtlesim/srv/detail/set_pen__type_support.hpp
[7.943s] -- Up-to-date: /home/vincent-pc/ros2_ws/install/turtlesim/include/turtlesim/srv/detail/set_pen__builder.hpp
[7.943s] -- Up-to-date: /home/vincent-pc/ros2_ws/install/turtlesim/include/turtlesim/srv/detail/kill__builder.hpp
[7.943s] -- Up-to-date: /home/vincent-pc/ros2_ws/install/turtlesim/include/turtlesim/srv/detail/spawn__traits.hpp
[7.943s] -- Up-to-date: /home/vincent-pc/ros2_ws/install/turtlesim/include/turtlesim/srv/detail/spawn__struct.hpp
[7.943s] -- Up-to-date: /home/vincent-pc/ros2_ws/install/turtlesim/include/turtlesim/srv/detail/kill__type_support.hpp
[7.943s] -- Up-to-date: /home/vincent-pc/ros2_ws/install/turtlesim/include/turtlesim/srv/detail/teleport_absolute__type_support.hpp
[7.943s] -- Up-to-date: /home/vincent-pc/ros2_ws/install/turtlesim/include/turtlesim/srv/detail/set_pen__struct.hpp
[7.944s] -- Up-to-date: /home/vincent-pc/ros2_ws/install/turtlesim/include/turtlesim/srv/detail/teleport_absolute__builder.hpp
[7.944s] -- Up-to-date: /home/vincent-pc/ros2_ws/install/turtlesim/include/turtlesim/srv/detail/teleport_absolute__traits.hpp
[7.944s] -- Up-to-date: /home/vincent-pc/ros2_ws/install/turtlesim/include/turtlesim/srv/detail/teleport_relative__builder.hpp
[7.944s] -- Up-to-date: /home/vincent-pc/ros2_ws/install/turtlesim/include/turtlesim/srv/detail/teleport_absolute__struct.hpp
[7.944s] -- Up-to-date: /home/vincent-pc/ros2_ws/install/turtlesim/include/turtlesim/srv/detail/teleport_relative__type_support.hpp
[7.944s] -- Up-to-date: /home/vincent-pc/ros2_ws/install/turtlesim/include/turtlesim/srv/detail/teleport_relative__traits.hpp
[7.944s] -- Up-to-date: /home/vincent-pc/ros2_ws/install/turtlesim/include/turtlesim/srv/detail/teleport_relative__struct.hpp
[7.944s] -- Up-to-date: /home/vincent-pc/ros2_ws/install/turtlesim/include/turtlesim/srv/detail/spawn__type_support.hpp
[7.944s] -- Up-to-date: /home/vincent-pc/ros2_ws/install/turtlesim/include/turtlesim/srv/detail/set_pen__traits.hpp
[7.944s] -- Up-to-date: /home/vincent-pc/ros2_ws/install/turtlesim/include/turtlesim/srv/teleport_relative.hpp
[7.944s] -- Up-to-date: /home/vincent-pc/ros2_ws/install/turtlesim/include/turtlesim/srv/kill.hpp
[7.944s] -- Up-to-date: /home/vincent-pc/ros2_ws/install/turtlesim/include/turtlesim/srv/set_pen.hpp
[7.944s] -- Up-to-date: /home/vincent-pc/ros2_ws/install/turtlesim/include/turtlesim/srv/teleport_absolute.hpp
[7.944s] -- Up-to-date: /home/vincent-pc/ros2_ws/install/turtlesim/include/turtlesim
[7.944s] -- Up-to-date: /home/vincent-pc/ros2_ws/install/turtlesim/include/turtlesim/action
[7.944s] -- Up-to-date: /home/vincent-pc/ros2_ws/install/turtlesim/include/turtlesim/action/detail
[7.944s] -- Up-to-date: /home/vincent-pc/ros2_ws/install/turtlesim/include/turtlesim/action/detail/rotate_absolute__rosidl_typesupport_introspection_cpp.hpp
[7.944s] -- Up-to-date: /home/vincent-pc/ros2_ws/install/turtlesim/include/turtlesim/action/detail/rotate_absolute__type_support.cpp
[7.944s] -- Up-to-date: /home/vincent-pc/ros2_ws/install/turtlesim/include/turtlesim/msg
[7.944s] -- Up-to-date: /home/vincent-pc/ros2_ws/install/turtlesim/include/turtlesim/msg/detail
[7.945s] -- Up-to-date: /home/vincent-pc/ros2_ws/install/turtlesim/include/turtlesim/msg/detail/color__type_support.cpp
[7.945s] -- Up-to-date: /home/vincent-pc/ros2_ws/install/turtlesim/include/turtlesim/msg/detail/color__rosidl_typesupport_introspection_cpp.hpp
[7.945s] -- Up-to-date: /home/vincent-pc/ros2_ws/install/turtlesim/include/turtlesim/msg/detail/pose__type_support.cpp
[7.945s] -- Up-to-date: /home/vincent-pc/ros2_ws/install/turtlesim/include/turtlesim/msg/detail/pose__rosidl_typesupport_introspection_cpp.hpp
[7.945s] -- Up-to-date: /home/vincent-pc/ros2_ws/install/turtlesim/include/turtlesim/srv
[7.945s] -- Up-to-date: /home/vincent-pc/ros2_ws/install/turtlesim/include/turtlesim/srv/detail
[7.945s] -- Up-to-date: /home/vincent-pc/ros2_ws/install/turtlesim/include/turtlesim/srv/detail/teleport_absolute__type_support.cpp
[7.945s] -- Up-to-date: /home/vincent-pc/ros2_ws/install/turtlesim/include/turtlesim/srv/detail/set_pen__rosidl_typesupport_introspection_cpp.hpp
[7.945s] -- Up-to-date: /home/vincent-pc/ros2_ws/install/turtlesim/include/turtlesim/srv/detail/set_pen__type_support.cpp
[7.945s] -- Up-to-date: /home/vincent-pc/ros2_ws/install/turtlesim/include/turtlesim/srv/detail/teleport_relative__type_support.cpp
[7.945s] -- Up-to-date: /home/vincent-pc/ros2_ws/install/turtlesim/include/turtlesim/srv/detail/kill__type_support.cpp
[7.945s] -- Up-to-date: /home/vincent-pc/ros2_ws/install/turtlesim/include/turtlesim/srv/detail/teleport_relative__rosidl_typesupport_introspection_cpp.hpp
[7.945s] -- Up-to-date: /home/vincent-pc/ros2_ws/install/turtlesim/include/turtlesim/srv/detail/kill__rosidl_typesupport_introspection_cpp.hpp
[7.945s] -- Up-to-date: /home/vincent-pc/ros2_ws/install/turtlesim/include/turtlesim/srv/detail/spawn__type_support.cpp
[7.945s] -- Up-to-date: /home/vincent-pc/ros2_ws/install/turtlesim/include/turtlesim/srv/detail/spawn__rosidl_typesupport_introspection_cpp.hpp
[7.945s] -- Up-to-date: /home/vincent-pc/ros2_ws/install/turtlesim/include/turtlesim/srv/detail/teleport_absolute__rosidl_typesupport_introspection_cpp.hpp
[7.945s] -- Up-to-date: /home/vincent-pc/ros2_ws/install/turtlesim/lib/libturtlesim__rosidl_typesupport_introspection_cpp.so
[7.945s] -- Up-to-date: /home/vincent-pc/ros2_ws/install/turtlesim/lib/libturtlesim__rosidl_typesupport_cpp.so
[7.945s] -- Up-to-date: /home/vincent-pc/ros2_ws/install/turtlesim/share/turtlesim/environment/pythonpath.sh
[7.945s] -- Up-to-date: /home/vincent-pc/ros2_ws/install/turtlesim/share/turtlesim/environment/pythonpath.dsv
[7.946s] -- Up-to-date: /home/vincent-pc/ros2_ws/install/turtlesim/lib/python3.8/site-packages/turtlesim/__init__.py
[7.978s] -- Up-to-date: /home/vincent-pc/ros2_ws/install/turtlesim/lib/python3.8/site-packages/turtlesim/action
[7.978s] -- Up-to-date: /home/vincent-pc/ros2_ws/install/turtlesim/lib/python3.8/site-packages/turtlesim/action/__init__.py
[7.978s] -- Up-to-date: /home/vincent-pc/ros2_ws/install/turtlesim/lib/python3.8/site-packages/turtlesim/action/_rotate_absolute.py
[7.978s] -- Up-to-date: /home/vincent-pc/ros2_ws/install/turtlesim/lib/python3.8/site-packages/turtlesim/action/_rotate_absolute_s.c
[7.979s] -- Up-to-date: /home/vincent-pc/ros2_ws/install/turtlesim/lib/python3.8/site-packages/turtlesim/msg
[7.979s] -- Up-to-date: /home/vincent-pc/ros2_ws/install/turtlesim/lib/python3.8/site-packages/turtlesim/msg/__init__.py
[7.979s] -- Up-to-date: /home/vincent-pc/ros2_ws/install/turtlesim/lib/python3.8/site-packages/turtlesim/msg/_pose_s.c
[7.979s] -- Up-to-date: /home/vincent-pc/ros2_ws/install/turtlesim/lib/python3.8/site-packages/turtlesim/msg/_pose.py
[7.979s] -- Up-to-date: /home/vincent-pc/ros2_ws/install/turtlesim/lib/python3.8/site-packages/turtlesim/msg/_color.py
[7.979s] -- Up-to-date: /home/vincent-pc/ros2_ws/install/turtlesim/lib/python3.8/site-packages/turtlesim/msg/_color_s.c
[7.979s] -- Up-to-date: /home/vincent-pc/ros2_ws/install/turtlesim/lib/python3.8/site-packages/turtlesim/srv
[7.979s] -- Up-to-date: /home/vincent-pc/ros2_ws/install/turtlesim/lib/python3.8/site-packages/turtlesim/srv/_spawn_s.c
[7.979s] -- Up-to-date: /home/vincent-pc/ros2_ws/install/turtlesim/lib/python3.8/site-packages/turtlesim/srv/_teleport_absolute.py
[7.979s] -- Up-to-date: /home/vincent-pc/ros2_ws/install/turtlesim/lib/python3.8/site-packages/turtlesim/srv/_set_pen.py
[7.979s] -- Up-to-date: /home/vincent-pc/ros2_ws/install/turtlesim/lib/python3.8/site-packages/turtlesim/srv/__init__.py
[7.979s] -- Up-to-date: /home/vincent-pc/ros2_ws/install/turtlesim/lib/python3.8/site-packages/turtlesim/srv/_kill_s.c
[7.980s] -- Up-to-date: /home/vincent-pc/ros2_ws/install/turtlesim/lib/python3.8/site-packages/turtlesim/srv/_set_pen_s.c
[7.980s] -- Up-to-date: /home/vincent-pc/ros2_ws/install/turtlesim/lib/python3.8/site-packages/turtlesim/srv/_teleport_relative.py
[7.980s] -- Up-to-date: /home/vincent-pc/ros2_ws/install/turtlesim/lib/python3.8/site-packages/turtlesim/srv/_spawn.py
[7.980s] -- Up-to-date: /home/vincent-pc/ros2_ws/install/turtlesim/lib/python3.8/site-packages/turtlesim/srv/_teleport_absolute_s.c
[7.980s] -- Up-to-date: /home/vincent-pc/ros2_ws/install/turtlesim/lib/python3.8/site-packages/turtlesim/srv/_kill.py
[7.980s] -- Up-to-date: /home/vincent-pc/ros2_ws/install/turtlesim/lib/python3.8/site-packages/turtlesim/srv/_teleport_relative_s.c
[7.980s] -- Up-to-date: /home/vincent-pc/ros2_ws/install/turtlesim/lib/python3.8/site-packages/turtlesim/turtlesim_s__rosidl_typesupport_fastrtps_c.cpython-38-x86_64-linux-gnu.so
[7.980s] -- Up-to-date: /home/vincent-pc/ros2_ws/install/turtlesim/lib/python3.8/site-packages/turtlesim/turtlesim_s__rosidl_typesupport_introspection_c.cpython-38-x86_64-linux-gnu.so
[7.980s] -- Up-to-date: /home/vincent-pc/ros2_ws/install/turtlesim/lib/python3.8/site-packages/turtlesim/turtlesim_s__rosidl_typesupport_c.cpython-38-x86_64-linux-gnu.so
[7.980s] -- Up-to-date: /home/vincent-pc/ros2_ws/install/turtlesim/lib/libturtlesim__python.so
[7.980s] -- Up-to-date: /home/vincent-pc/ros2_ws/install/turtlesim/share/turtlesim/action/RotateAbsolute.idl
[7.981s] -- Up-to-date: /home/vincent-pc/ros2_ws/install/turtlesim/share/turtlesim/msg/Color.idl
[7.981s] -- Up-to-date: /home/vincent-pc/ros2_ws/install/turtlesim/share/turtlesim/msg/Pose.idl
[7.981s] -- Up-to-date: /home/vincent-pc/ros2_ws/install/turtlesim/share/turtlesim/srv/Kill.idl
[7.981s] -- Up-to-date: /home/vincent-pc/ros2_ws/install/turtlesim/share/turtlesim/srv/SetPen.idl
[7.981s] -- Up-to-date: /home/vincent-pc/ros2_ws/install/turtlesim/share/turtlesim/srv/Spawn.idl
[7.981s] -- Up-to-date: /home/vincent-pc/ros2_ws/install/turtlesim/share/turtlesim/srv/TeleportAbsolute.idl
[7.981s] -- Up-to-date: /home/vincent-pc/ros2_ws/install/turtlesim/share/turtlesim/srv/TeleportRelative.idl
[7.981s] -- Up-to-date: /home/vincent-pc/ros2_ws/install/turtlesim/share/turtlesim/action/RotateAbsolute.action
[7.981s] -- Up-to-date: /home/vincent-pc/ros2_ws/install/turtlesim/share/turtlesim/msg/Color.msg
[7.981s] -- Up-to-date: /home/vincent-pc/ros2_ws/install/turtlesim/share/turtlesim/msg/Pose.msg
[7.981s] -- Up-to-date: /home/vincent-pc/ros2_ws/install/turtlesim/share/turtlesim/srv/Kill.srv
[7.981s] -- Up-to-date: /home/vincent-pc/ros2_ws/install/turtlesim/share/turtlesim/srv/Kill_Request.msg
[7.981s] -- Up-to-date: /home/vincent-pc/ros2_ws/install/turtlesim/share/turtlesim/srv/Kill_Response.msg
[7.981s] -- Up-to-date: /home/vincent-pc/ros2_ws/install/turtlesim/share/turtlesim/srv/SetPen.srv
[7.981s] -- Up-to-date: /home/vincent-pc/ros2_ws/install/turtlesim/share/turtlesim/srv/SetPen_Request.msg
[7.981s] -- Up-to-date: /home/vincent-pc/ros2_ws/install/turtlesim/share/turtlesim/srv/SetPen_Response.msg
[7.982s] -- Up-to-date: /home/vincent-pc/ros2_ws/install/turtlesim/share/turtlesim/srv/Spawn.srv
[7.982s] -- Up-to-date: /home/vincent-pc/ros2_ws/install/turtlesim/share/turtlesim/srv/Spawn_Request.msg
[7.982s] -- Up-to-date: /home/vincent-pc/ros2_ws/install/turtlesim/share/turtlesim/srv/Spawn_Response.msg
[7.982s] -- Up-to-date: /home/vincent-pc/ros2_ws/install/turtlesim/share/turtlesim/srv/TeleportAbsolute.srv
[7.982s] -- Up-to-date: /home/vincent-pc/ros2_ws/install/turtlesim/share/turtlesim/srv/TeleportAbsolute_Request.msg
[7.982s] -- Up-to-date: /home/vincent-pc/ros2_ws/install/turtlesim/share/turtlesim/srv/TeleportAbsolute_Response.msg
[7.982s] -- Up-to-date: /home/vincent-pc/ros2_ws/install/turtlesim/share/turtlesim/srv/TeleportRelative.srv
[7.982s] -- Up-to-date: /home/vincent-pc/ros2_ws/install/turtlesim/share/turtlesim/srv/TeleportRelative_Request.msg
[7.982s] -- Up-to-date: /home/vincent-pc/ros2_ws/install/turtlesim/share/turtlesim/srv/TeleportRelative_Response.msg
[7.982s] -- Installing: /home/vincent-pc/ros2_ws/install/turtlesim/lib/turtlesim/turtlesim_node
[7.985s] -- Set runtime path of "/home/vincent-pc/ros2_ws/install/turtlesim/lib/turtlesim/turtlesim_node" to ""
[7.985s] -- Up-to-date: /home/vincent-pc/ros2_ws/install/turtlesim/lib/turtlesim/turtle_teleop_key
[7.985s] -- Up-to-date: /home/vincent-pc/ros2_ws/install/turtlesim/lib/turtlesim/draw_square
[7.985s] -- Up-to-date: /home/vincent-pc/ros2_ws/install/turtlesim/lib/turtlesim/mimic
[7.986s] -- Up-to-date: /home/vincent-pc/ros2_ws/install/turtlesim/share/turtlesim/images
[7.986s] -- Up-to-date: /home/vincent-pc/ros2_ws/install/turtlesim/share/turtlesim/images/dashing.png
[7.986s] -- Up-to-date: /home/vincent-pc/ros2_ws/install/turtlesim/share/turtlesim/images/eloquent.png
[7.986s] -- Up-to-date: /home/vincent-pc/ros2_ws/install/turtlesim/share/turtlesim/images/crystal.png
[7.986s] -- Up-to-date: /home/vincent-pc/ros2_ws/install/turtlesim/share/turtlesim/images/foxy.png
[7.986s] -- Up-to-date: /home/vincent-pc/ros2_ws/install/turtlesim/share/turtlesim/images/ardent.png
[7.986s] -- Up-to-date: /home/vincent-pc/ros2_ws/install/turtlesim/share/turtlesim/images/bouncy.png
[7.986s] -- Up-to-date: /home/vincent-pc/ros2_ws/install/turtlesim/share/turtlesim/launch
[7.986s] -- Up-to-date: /home/vincent-pc/ros2_ws/install/turtlesim/share/turtlesim/launch/multisim.launch.py
[7.986s] -- Up-to-date: /home/vincent-pc/ros2_ws/install/turtlesim/share/ament_index/resource_index/package_run_dependencies/turtlesim
[7.986s] -- Up-to-date: /home/vincent-pc/ros2_ws/install/turtlesim/share/ament_index/resource_index/parent_prefix_path/turtlesim
[7.986s] -- Up-to-date: /home/vincent-pc/ros2_ws/install/turtlesim/share/turtlesim/environment/ament_prefix_path.sh
[7.986s] -- Up-to-date: /home/vincent-pc/ros2_ws/install/turtlesim/share/turtlesim/environment/ament_prefix_path.dsv
[7.986s] -- Up-to-date: /home/vincent-pc/ros2_ws/install/turtlesim/share/turtlesim/environment/path.sh
[7.987s] -- Up-to-date: /home/vincent-pc/ros2_ws/install/turtlesim/share/turtlesim/environment/path.dsv
[7.987s] -- Up-to-date: /home/vincent-pc/ros2_ws/install/turtlesim/share/turtlesim/local_setup.bash
[7.987s] -- Up-to-date: /home/vincent-pc/ros2_ws/install/turtlesim/share/turtlesim/local_setup.sh
[7.987s] -- Up-to-date: /home/vincent-pc/ros2_ws/install/turtlesim/share/turtlesim/local_setup.zsh
[7.987s] -- Up-to-date: /home/vincent-pc/ros2_ws/install/turtlesim/share/turtlesim/local_setup.dsv
[7.987s] -- Installing: /home/vincent-pc/ros2_ws/install/turtlesim/share/turtlesim/package.dsv
[7.987s] -- Up-to-date: /home/vincent-pc/ros2_ws/install/turtlesim/share/ament_index/resource_index/packages/turtlesim
[7.987s] -- Up-to-date: /home/vincent-pc/ros2_ws/install/turtlesim/share/turtlesim/cmake/turtlesim__rosidl_generator_cExport.cmake
[7.987s] -- Up-to-date: /home/vincent-pc/ros2_ws/install/turtlesim/share/turtlesim/cmake/turtlesim__rosidl_generator_cExport-noconfig.cmake
[7.987s] -- Up-to-date: /home/vincent-pc/ros2_ws/install/turtlesim/share/turtlesim/cmake/turtlesim__rosidl_typesupport_introspection_cExport.cmake
[7.987s] -- Up-to-date: /home/vincent-pc/ros2_ws/install/turtlesim/share/turtlesim/cmake/turtlesim__rosidl_typesupport_introspection_cExport-noconfig.cmake
[7.987s] -- Up-to-date: /home/vincent-pc/ros2_ws/install/turtlesim/share/turtlesim/cmake/turtlesim__rosidl_typesupport_cExport.cmake
[7.987s] -- Up-to-date: /home/vincent-pc/ros2_ws/install/turtlesim/share/turtlesim/cmake/turtlesim__rosidl_typesupport_cExport-noconfig.cmake
[7.987s] -- Up-to-date: /home/vincent-pc/ros2_ws/install/turtlesim/share/turtlesim/cmake/turtlesim__rosidl_generator_cppExport.cmake
[7.987s] -- Up-to-date: /home/vincent-pc/ros2_ws/install/turtlesim/share/turtlesim/cmake/turtlesim__rosidl_typesupport_introspection_cppExport.cmake
[7.988s] -- Up-to-date: /home/vincent-pc/ros2_ws/install/turtlesim/share/turtlesim/cmake/turtlesim__rosidl_typesupport_introspection_cppExport-noconfig.cmake
[7.988s] -- Up-to-date: /home/vincent-pc/ros2_ws/install/turtlesim/share/turtlesim/cmake/turtlesim__rosidl_typesupport_cppExport.cmake
[7.988s] -- Up-to-date: /home/vincent-pc/ros2_ws/install/turtlesim/share/turtlesim/cmake/turtlesim__rosidl_typesupport_cppExport-noconfig.cmake
[7.988s] -- Up-to-date: /home/vincent-pc/ros2_ws/install/turtlesim/share/turtlesim/cmake/rosidl_cmake-extras.cmake
[7.988s] -- Up-to-date: /home/vincent-pc/ros2_ws/install/turtlesim/share/turtlesim/cmake/ament_cmake_export_dependencies-extras.cmake
[7.988s] -- Up-to-date: /home/vincent-pc/ros2_ws/install/turtlesim/share/turtlesim/cmake/ament_cmake_export_libraries-extras.cmake
[7.988s] -- Up-to-date: /home/vincent-pc/ros2_ws/install/turtlesim/share/turtlesim/cmake/ament_cmake_export_targets-extras.cmake
[7.988s] -- Up-to-date: /home/vincent-pc/ros2_ws/install/turtlesim/share/turtlesim/cmake/ament_cmake_export_include_directories-extras.cmake
[7.988s] -- Up-to-date: /home/vincent-pc/ros2_ws/install/turtlesim/share/turtlesim/cmake/rosidl_cmake_export_typesupport_libraries-extras.cmake
[7.988s] -- Up-to-date: /home/vincent-pc/ros2_ws/install/turtlesim/share/turtlesim/cmake/rosidl_cmake_export_typesupport_targets-extras.cmake
[7.988s] -- Up-to-date: /home/vincent-pc/ros2_ws/install/turtlesim/share/turtlesim/cmake/turtlesimConfig.cmake
[7.988s] -- Up-to-date: /home/vincent-pc/ros2_ws/install/turtlesim/share/turtlesim/cmake/turtlesimConfig-version.cmake
[7.988s] -- Up-to-date: /home/vincent-pc/ros2_ws/install/turtlesim/share/turtlesim/package.xml
[7.991s] Invoked command in '/home/vincent-pc/ros2_ws/build/turtlesim' returned '0': CMAKE_PREFIX_PATH=${CMAKE_PREFIX_PATH}:/home/vincent-pc/ros2_ws/install/examples_rclpy_minimal_subscriber:/home/vincent-pc/ros2_ws/install/examples_rclpy_minimal_service:/home/vincent-pc/ros2_ws/install/examples_rclpy_minimal_publisher:/home/vincent-pc/ros2_ws/install/examples_rclpy_minimal_client:/home/vincent-pc/ros2_ws/install/examples_rclpy_minimal_action_server:/home/vincent-pc/ros2_ws/install/examples_rclpy_minimal_action_client:/home/vincent-pc/ros2_ws/install/examples_rclpy_executors:/opt/ros/foxy /usr/bin/cmake --install /home/vincent-pc/ros2_ws/build/turtlesim
