running egg_info
writing ../../build/my_package_Py/my_package_Py.egg-info/PKG-INFO
writing dependency_links to ../../build/my_package_Py/my_package_Py.egg-info/dependency_links.txt
writing entry points to ../../build/my_package_Py/my_package_Py.egg-info/entry_points.txt
writing requirements to ../../build/my_package_Py/my_package_Py.egg-info/requires.txt
writing top-level names to ../../build/my_package_Py/my_package_Py.egg-info/top_level.txt
reading manifest file '../../build/my_package_Py/my_package_Py.egg-info/SOURCES.txt'
writing manifest file '../../build/my_package_Py/my_package_Py.egg-info/SOURCES.txt'
running build
running build_py
copying my_package_Py/my_node.py -> /home/vincent-pc/ros2_ws/build/my_package_Py/build/lib/my_package_Py
running install
running install_lib
copying /home/vincent-pc/ros2_ws/build/my_package_Py/build/lib/my_package_Py/my_node.py -> /home/vincent-pc/ros2_ws/install/my_package_Py/lib/python3.8/site-packages/my_package_Py
byte-compiling /home/vincent-pc/ros2_ws/install/my_package_Py/lib/python3.8/site-packages/my_package_Py/my_node.py to my_node.cpython-38.pyc
running install_data
copying package.xml -> /home/vincent-pc/ros2_ws/install/my_package_Py/share/my_package_Py
running install_egg_info
removing '/home/vincent-pc/ros2_ws/install/my_package_Py/lib/python3.8/site-packages/my_package_Py-0.0.0-py3.8.egg-info' (and everything under it)
Copying ../../build/my_package_Py/my_package_Py.egg-info to /home/vincent-pc/ros2_ws/install/my_package_Py/lib/python3.8/site-packages/my_package_Py-0.0.0-py3.8.egg-info
running install_scripts
Installing my_node script to /home/vincent-pc/ros2_ws/install/my_package_Py/lib/my_package_Py
writing list of installed files to '/home/vincent-pc/ros2_ws/build/my_package_Py/install.log'
