[0.529s] Invoking command in '/home/vincent-pc/ros2_ws/src/my_package_Py': PYTHONPATH=/home/vincent-pc/ros2_ws/build/my_package_Py/prefix_override:/usr/lib/python3/dist-packages/colcon_core/task/python/colcon_distutils_commands:/home/vincent-pc/ros2_ws/install/my_package_Py/lib/python3.8/site-packages:${PYTHONPATH} /usr/bin/python3 -W ignore:setup.py install is deprecated setup.py egg_info --egg-base ../../build/my_package_Py build --build-base /home/vincent-pc/ros2_ws/build/my_package_Py/build install --record /home/vincent-pc/ros2_ws/build/my_package_Py/install.log --install-scripts $base/lib/my_package_Py --single-version-externally-managed install_data
[0.705s] running egg_info
[0.705s] writing ../../build/my_package_Py/my_package_Py.egg-info/PKG-INFO
[0.706s] writing dependency_links to ../../build/my_package_Py/my_package_Py.egg-info/dependency_links.txt
[0.706s] writing entry points to ../../build/my_package_Py/my_package_Py.egg-info/entry_points.txt
[0.706s] writing requirements to ../../build/my_package_Py/my_package_Py.egg-info/requires.txt
[0.706s] writing top-level names to ../../build/my_package_Py/my_package_Py.egg-info/top_level.txt
[0.734s] reading manifest file '../../build/my_package_Py/my_package_Py.egg-info/SOURCES.txt'
[0.735s] writing manifest file '../../build/my_package_Py/my_package_Py.egg-info/SOURCES.txt'
[0.735s] running build
[0.735s] running build_py
[0.736s] copying my_package_Py/my_node.py -> /home/vincent-pc/ros2_ws/build/my_package_Py/build/lib/my_package_Py
[0.736s] running install
[0.737s] running install_lib
[0.737s] copying /home/vincent-pc/ros2_ws/build/my_package_Py/build/lib/my_package_Py/my_node.py -> /home/vincent-pc/ros2_ws/install/my_package_Py/lib/python3.8/site-packages/my_package_Py
[0.738s] byte-compiling /home/vincent-pc/ros2_ws/install/my_package_Py/lib/python3.8/site-packages/my_package_Py/my_node.py to my_node.cpython-38.pyc
[0.739s] running install_data
[0.739s] copying package.xml -> /home/vincent-pc/ros2_ws/install/my_package_Py/share/my_package_Py
[0.740s] running install_egg_info
[0.741s] removing '/home/vincent-pc/ros2_ws/install/my_package_Py/lib/python3.8/site-packages/my_package_Py-0.0.0-py3.8.egg-info' (and everything under it)
[0.741s] Copying ../../build/my_package_Py/my_package_Py.egg-info to /home/vincent-pc/ros2_ws/install/my_package_Py/lib/python3.8/site-packages/my_package_Py-0.0.0-py3.8.egg-info
[0.742s] running install_scripts
[0.756s] Installing my_node script to /home/vincent-pc/ros2_ws/install/my_package_Py/lib/my_package_Py
[0.756s] writing list of installed files to '/home/vincent-pc/ros2_ws/build/my_package_Py/install.log'
[0.777s] Invoked command in '/home/vincent-pc/ros2_ws/src/my_package_Py' returned '0': PYTHONPATH=/home/vincent-pc/ros2_ws/build/my_package_Py/prefix_override:/usr/lib/python3/dist-packages/colcon_core/task/python/colcon_distutils_commands:/home/vincent-pc/ros2_ws/install/my_package_Py/lib/python3.8/site-packages:${PYTHONPATH} /usr/bin/python3 -W ignore:setup.py install is deprecated setup.py egg_info --egg-base ../../build/my_package_Py build --build-base /home/vincent-pc/ros2_ws/build/my_package_Py/build install --record /home/vincent-pc/ros2_ws/build/my_package_Py/install.log --install-scripts $base/lib/my_package_Py --single-version-externally-managed install_data
