[0.047s] Invoking command in '/home/vincent-pc/ros2_ws/build/examples_rclcpp_minimal_publisher': CMAKE_PREFIX_PATH=/opt/ros/foxy /usr/bin/cmake --build /home/vincent-pc/ros2_ws/build/examples_rclcpp_minimal_publisher -- -j8 -l8
[0.165s] [ 33%] Built target publisher_member_function
[0.180s] [ 66%] Built target publisher_not_composable
[0.182s] [100%] Built target publisher_lambda
[0.197s] Invoked command in '/home/vincent-pc/ros2_ws/build/examples_rclcpp_minimal_publisher' returned '0': CMAKE_PREFIX_PATH=/opt/ros/foxy /usr/bin/cmake --build /home/vincent-pc/ros2_ws/build/examples_rclcpp_minimal_publisher -- -j8 -l8
[0.290s] Invoking command in '/home/vincent-pc/ros2_ws/build/examples_rclcpp_minimal_publisher': CMAKE_PREFIX_PATH=/opt/ros/foxy /usr/bin/cmake --install /home/vincent-pc/ros2_ws/build/examples_rclcpp_minimal_publisher
[0.309s] -- Install configuration: ""
[0.309s] -- Execute custom install script
[0.310s] -- Up-to-date symlink: /home/vincent-pc/ros2_ws/install/examples_rclcpp_minimal_publisher/lib/examples_rclcpp_minimal_publisher/publisher_lambda
[0.310s] -- Up-to-date symlink: /home/vincent-pc/ros2_ws/install/examples_rclcpp_minimal_publisher/lib/examples_rclcpp_minimal_publisher/publisher_member_function
[0.311s] -- Up-to-date symlink: /home/vincent-pc/ros2_ws/install/examples_rclcpp_minimal_publisher/lib/examples_rclcpp_minimal_publisher/publisher_not_composable
[0.311s] -- Up-to-date symlink: /home/vincent-pc/ros2_ws/install/examples_rclcpp_minimal_publisher/share/ament_index/resource_index/package_run_dependencies/examples_rclcpp_minimal_publisher
[0.311s] -- Up-to-date symlink: /home/vincent-pc/ros2_ws/install/examples_rclcpp_minimal_publisher/share/ament_index/resource_index/parent_prefix_path/examples_rclcpp_minimal_publisher
[0.311s] -- Up-to-date symlink: /home/vincent-pc/ros2_ws/install/examples_rclcpp_minimal_publisher/share/examples_rclcpp_minimal_publisher/environment/ament_prefix_path.sh
[0.312s] -- Up-to-date symlink: /home/vincent-pc/ros2_ws/install/examples_rclcpp_minimal_publisher/share/examples_rclcpp_minimal_publisher/environment/ament_prefix_path.dsv
[0.313s] -- Up-to-date symlink: /home/vincent-pc/ros2_ws/install/examples_rclcpp_minimal_publisher/share/examples_rclcpp_minimal_publisher/environment/path.sh
[0.313s] -- Up-to-date symlink: /home/vincent-pc/ros2_ws/install/examples_rclcpp_minimal_publisher/share/examples_rclcpp_minimal_publisher/environment/path.dsv
[0.313s] -- Up-to-date symlink: /home/vincent-pc/ros2_ws/install/examples_rclcpp_minimal_publisher/share/examples_rclcpp_minimal_publisher/local_setup.bash
[0.322s] -- Up-to-date symlink: /home/vincent-pc/ros2_ws/install/examples_rclcpp_minimal_publisher/share/examples_rclcpp_minimal_publisher/local_setup.sh
[0.322s] -- Up-to-date symlink: /home/vincent-pc/ros2_ws/install/examples_rclcpp_minimal_publisher/share/examples_rclcpp_minimal_publisher/local_setup.zsh
[0.325s] -- Up-to-date symlink: /home/vincent-pc/ros2_ws/install/examples_rclcpp_minimal_publisher/share/examples_rclcpp_minimal_publisher/local_setup.dsv
[0.325s] -- Symlinking: /home/vincent-pc/ros2_ws/install/examples_rclcpp_minimal_publisher/share/examples_rclcpp_minimal_publisher/package.dsv
[0.330s] -- Up-to-date symlink: /home/vincent-pc/ros2_ws/install/examples_rclcpp_minimal_publisher/share/ament_index/resource_index/packages/examples_rclcpp_minimal_publisher
[0.331s] -- Up-to-date symlink: /home/vincent-pc/ros2_ws/install/examples_rclcpp_minimal_publisher/share/examples_rclcpp_minimal_publisher/cmake/examples_rclcpp_minimal_publisherConfig.cmake
[0.332s] -- Up-to-date symlink: /home/vincent-pc/ros2_ws/install/examples_rclcpp_minimal_publisher/share/examples_rclcpp_minimal_publisher/cmake/examples_rclcpp_minimal_publisherConfig-version.cmake
[0.332s] -- Up-to-date symlink: /home/vincent-pc/ros2_ws/install/examples_rclcpp_minimal_publisher/share/examples_rclcpp_minimal_publisher/package.xml
[0.401s] Invoked command in '/home/vincent-pc/ros2_ws/build/examples_rclcpp_minimal_publisher' returned '0': CMAKE_PREFIX_PATH=/opt/ros/foxy /usr/bin/cmake --install /home/vincent-pc/ros2_ws/build/examples_rclcpp_minimal_publisher
